[0.099s] DEBUG:colcon:Command line arguments: ['/usr/bin/colcon', 'build', '--symlink-install']
[0.099s] DEBUG:colcon:Parsed command line arguments: Namespace(log_base=None, log_level=None, verb_name='build', build_base='build', install_base='install', merge_install=False, symlink_install=True, test_result_base=None, continue_on_error=False, executor='parallel', parallel_workers=16, event_handlers=None, ignore_user_meta=False, metas=['./colcon.meta'], base_paths=['.'], packages_ignore=None, packages_ignore_regex=None, paths=None, packages_up_to=None, packages_up_to_regex=None, packages_above=None, packages_above_and_dependencies=None, packages_above_depth=None, packages_select_by_dep=None, packages_skip_by_dep=None, packages_skip_up_to=None, packages_select_build_failed=False, packages_skip_build_finished=False, packages_select_test_failures=False, packages_skip_test_passed=False, packages_select=None, packages_skip=None, packages_select_regex=None, packages_skip_regex=None, packages_start=None, packages_end=None, allow_overriding=[], cmake_args=None, cmake_target=None, cmake_target_skip_unavailable=False, cmake_clean_cache=False, cmake_clean_first=False, cmake_force_configure=False, ament_cmake_args=None, catkin_cmake_args=None, catkin_skip_building_tests=False, mixin_files=None, mixin=None, verb_parser=<colcon_mixin.mixin.mixin_argument.MixinArgumentDecorator object at 0x70bc29f49f00>, verb_extension=<colcon_core.verb.build.BuildVerb object at 0x70bc2a09e350>, main=<bound method BuildVerb.main of <colcon_core.verb.build.BuildVerb object at 0x70bc2a09e350>>, mixin_verb=('build',))
[0.320s] Level 1:colcon.colcon_core.package_discovery:discover_packages(colcon_meta) check parameters
[0.320s] Level 1:colcon.colcon_core.package_discovery:discover_packages(recursive) check parameters
[0.320s] Level 1:colcon.colcon_core.package_discovery:discover_packages(ignore) check parameters
[0.320s] Level 1:colcon.colcon_core.package_discovery:discover_packages(path) check parameters
[0.320s] Level 1:colcon.colcon_core.package_discovery:discover_packages(colcon_meta) discover
[0.320s] Level 1:colcon.colcon_core.package_discovery:discover_packages(recursive) discover
[0.320s] INFO:colcon.colcon_core.package_discovery:Crawling recursively for packages in '/home/mir/VM2_holistic_system'
[0.320s] Level 1:colcon.colcon_core.package_identification:_identify(.) by extensions ['ignore', 'ignore_ament_install']
[0.320s] Level 1:colcon.colcon_core.package_identification:_identify(.) by extension 'ignore'
[0.320s] Level 1:colcon.colcon_core.package_identification:_identify(.) by extension 'ignore_ament_install'
[0.320s] Level 1:colcon.colcon_core.package_identification:_identify(.) by extensions ['colcon_pkg']
[0.320s] Level 1:colcon.colcon_core.package_identification:_identify(.) by extension 'colcon_pkg'
[0.321s] Level 1:colcon.colcon_core.package_identification:_identify(.) by extensions ['colcon_meta']
[0.321s] Level 1:colcon.colcon_core.package_identification:_identify(.) by extension 'colcon_meta'
[0.321s] Level 1:colcon.colcon_core.package_identification:_identify(.) by extensions ['ros']
[0.321s] Level 1:colcon.colcon_core.package_identification:_identify(.) by extension 'ros'
[0.330s] Level 1:colcon.colcon_core.package_identification:_identify(.) by extensions ['cmake', 'python']
[0.330s] Level 1:colcon.colcon_core.package_identification:_identify(.) by extension 'cmake'
[0.330s] Level 1:colcon.colcon_core.package_identification:_identify(.) by extension 'python'
[0.330s] Level 1:colcon.colcon_core.package_identification:_identify(.) by extensions ['python_setup_py']
[0.330s] Level 1:colcon.colcon_core.package_identification:_identify(.) by extension 'python_setup_py'
[0.330s] Level 1:colcon.colcon_core.package_identification:_identify(build) by extensions ['ignore', 'ignore_ament_install']
[0.331s] Level 1:colcon.colcon_core.package_identification:_identify(build) by extension 'ignore'
[0.331s] Level 1:colcon.colcon_core.package_identification:_identify(build) ignored
[0.331s] Level 1:colcon.colcon_core.package_identification:_identify(files) by extensions ['ignore', 'ignore_ament_install']
[0.331s] Level 1:colcon.colcon_core.package_identification:_identify(files) by extension 'ignore'
[0.331s] Level 1:colcon.colcon_core.package_identification:_identify(files) by extension 'ignore_ament_install'
[0.331s] Level 1:colcon.colcon_core.package_identification:_identify(files) by extensions ['colcon_pkg']
[0.331s] Level 1:colcon.colcon_core.package_identification:_identify(files) by extension 'colcon_pkg'
[0.331s] Level 1:colcon.colcon_core.package_identification:_identify(files) by extensions ['colcon_meta']
[0.331s] Level 1:colcon.colcon_core.package_identification:_identify(files) by extension 'colcon_meta'
[0.331s] Level 1:colcon.colcon_core.package_identification:_identify(files) by extensions ['ros']
[0.331s] Level 1:colcon.colcon_core.package_identification:_identify(files) by extension 'ros'
[0.331s] Level 1:colcon.colcon_core.package_identification:_identify(files) by extensions ['cmake', 'python']
[0.331s] Level 1:colcon.colcon_core.package_identification:_identify(files) by extension 'cmake'
[0.331s] Level 1:colcon.colcon_core.package_identification:_identify(files) by extension 'python'
[0.331s] Level 1:colcon.colcon_core.package_identification:_identify(files) by extensions ['python_setup_py']
[0.331s] Level 1:colcon.colcon_core.package_identification:_identify(files) by extension 'python_setup_py'
[0.331s] Level 1:colcon.colcon_core.package_identification:_identify(install) by extensions ['ignore', 'ignore_ament_install']
[0.331s] Level 1:colcon.colcon_core.package_identification:_identify(install) by extension 'ignore'
[0.331s] Level 1:colcon.colcon_core.package_identification:_identify(install) ignored
[0.331s] Level 1:colcon.colcon_core.package_identification:_identify(log) by extensions ['ignore', 'ignore_ament_install']
[0.331s] Level 1:colcon.colcon_core.package_identification:_identify(log) by extension 'ignore'
[0.331s] Level 1:colcon.colcon_core.package_identification:_identify(log) ignored
[0.331s] Level 1:colcon.colcon_core.package_identification:_identify(src) by extensions ['ignore', 'ignore_ament_install']
[0.331s] Level 1:colcon.colcon_core.package_identification:_identify(src) by extension 'ignore'
[0.332s] Level 1:colcon.colcon_core.package_identification:_identify(src) by extension 'ignore_ament_install'
[0.332s] Level 1:colcon.colcon_core.package_identification:_identify(src) by extensions ['colcon_pkg']
[0.332s] Level 1:colcon.colcon_core.package_identification:_identify(src) by extension 'colcon_pkg'
[0.332s] Level 1:colcon.colcon_core.package_identification:_identify(src) by extensions ['colcon_meta']
[0.332s] Level 1:colcon.colcon_core.package_identification:_identify(src) by extension 'colcon_meta'
[0.332s] Level 1:colcon.colcon_core.package_identification:_identify(src) by extensions ['ros']
[0.332s] Level 1:colcon.colcon_core.package_identification:_identify(src) by extension 'ros'
[0.332s] Level 1:colcon.colcon_core.package_identification:_identify(src) by extensions ['cmake', 'python']
[0.332s] Level 1:colcon.colcon_core.package_identification:_identify(src) by extension 'cmake'
[0.332s] Level 1:colcon.colcon_core.package_identification:_identify(src) by extension 'python'
[0.332s] Level 1:colcon.colcon_core.package_identification:_identify(src) by extensions ['python_setup_py']
[0.332s] Level 1:colcon.colcon_core.package_identification:_identify(src) by extension 'python_setup_py'
[0.332s] Level 1:colcon.colcon_core.package_identification:_identify(src/Universal_Robots_ROS2_Gazebo_Simulation) by extensions ['ignore', 'ignore_ament_install']
[0.332s] Level 1:colcon.colcon_core.package_identification:_identify(src/Universal_Robots_ROS2_Gazebo_Simulation) by extension 'ignore'
[0.332s] Level 1:colcon.colcon_core.package_identification:_identify(src/Universal_Robots_ROS2_Gazebo_Simulation) by extension 'ignore_ament_install'
[0.332s] Level 1:colcon.colcon_core.package_identification:_identify(src/Universal_Robots_ROS2_Gazebo_Simulation) by extensions ['colcon_pkg']
[0.332s] Level 1:colcon.colcon_core.package_identification:_identify(src/Universal_Robots_ROS2_Gazebo_Simulation) by extension 'colcon_pkg'
[0.332s] Level 1:colcon.colcon_core.package_identification:_identify(src/Universal_Robots_ROS2_Gazebo_Simulation) by extensions ['colcon_meta']
[0.332s] Level 1:colcon.colcon_core.package_identification:_identify(src/Universal_Robots_ROS2_Gazebo_Simulation) by extension 'colcon_meta'
[0.332s] Level 1:colcon.colcon_core.package_identification:_identify(src/Universal_Robots_ROS2_Gazebo_Simulation) by extensions ['ros']
[0.332s] Level 1:colcon.colcon_core.package_identification:_identify(src/Universal_Robots_ROS2_Gazebo_Simulation) by extension 'ros'
[0.332s] Level 1:colcon.colcon_core.package_identification:_identify(src/Universal_Robots_ROS2_Gazebo_Simulation) by extensions ['cmake', 'python']
[0.332s] Level 1:colcon.colcon_core.package_identification:_identify(src/Universal_Robots_ROS2_Gazebo_Simulation) by extension 'cmake'
[0.332s] Level 1:colcon.colcon_core.package_identification:_identify(src/Universal_Robots_ROS2_Gazebo_Simulation) by extension 'python'
[0.332s] Level 1:colcon.colcon_core.package_identification:_identify(src/Universal_Robots_ROS2_Gazebo_Simulation) by extensions ['python_setup_py']
[0.332s] Level 1:colcon.colcon_core.package_identification:_identify(src/Universal_Robots_ROS2_Gazebo_Simulation) by extension 'python_setup_py'
[0.332s] Level 1:colcon.colcon_core.package_identification:_identify(src/Universal_Robots_ROS2_Gazebo_Simulation/ur_simulation_gazebo) by extensions ['ignore', 'ignore_ament_install']
[0.332s] Level 1:colcon.colcon_core.package_identification:_identify(src/Universal_Robots_ROS2_Gazebo_Simulation/ur_simulation_gazebo) by extension 'ignore'
[0.332s] Level 1:colcon.colcon_core.package_identification:_identify(src/Universal_Robots_ROS2_Gazebo_Simulation/ur_simulation_gazebo) by extension 'ignore_ament_install'
[0.332s] Level 1:colcon.colcon_core.package_identification:_identify(src/Universal_Robots_ROS2_Gazebo_Simulation/ur_simulation_gazebo) by extensions ['colcon_pkg']
[0.332s] Level 1:colcon.colcon_core.package_identification:_identify(src/Universal_Robots_ROS2_Gazebo_Simulation/ur_simulation_gazebo) by extension 'colcon_pkg'
[0.332s] Level 1:colcon.colcon_core.package_identification:_identify(src/Universal_Robots_ROS2_Gazebo_Simulation/ur_simulation_gazebo) by extensions ['colcon_meta']
[0.332s] Level 1:colcon.colcon_core.package_identification:_identify(src/Universal_Robots_ROS2_Gazebo_Simulation/ur_simulation_gazebo) by extension 'colcon_meta'
[0.332s] Level 1:colcon.colcon_core.package_identification:_identify(src/Universal_Robots_ROS2_Gazebo_Simulation/ur_simulation_gazebo) by extensions ['ros']
[0.332s] Level 1:colcon.colcon_core.package_identification:_identify(src/Universal_Robots_ROS2_Gazebo_Simulation/ur_simulation_gazebo) by extension 'ros'
[0.336s] DEBUG:colcon.colcon_core.package_identification:Package 'src/Universal_Robots_ROS2_Gazebo_Simulation/ur_simulation_gazebo' with type 'ros.ament_cmake' and name 'ur_simulation_gazebo'
[0.336s] Level 1:colcon.colcon_core.package_identification:_identify(src/gripper_force_feedback) by extensions ['ignore', 'ignore_ament_install']
[0.337s] Level 1:colcon.colcon_core.package_identification:_identify(src/gripper_force_feedback) by extension 'ignore'
[0.337s] Level 1:colcon.colcon_core.package_identification:_identify(src/gripper_force_feedback) by extension 'ignore_ament_install'
[0.337s] Level 1:colcon.colcon_core.package_identification:_identify(src/gripper_force_feedback) by extensions ['colcon_pkg']
[0.337s] Level 1:colcon.colcon_core.package_identification:_identify(src/gripper_force_feedback) by extension 'colcon_pkg'
[0.337s] Level 1:colcon.colcon_core.package_identification:_identify(src/gripper_force_feedback) by extensions ['colcon_meta']
[0.337s] Level 1:colcon.colcon_core.package_identification:_identify(src/gripper_force_feedback) by extension 'colcon_meta'
[0.337s] Level 1:colcon.colcon_core.package_identification:_identify(src/gripper_force_feedback) by extensions ['ros']
[0.337s] Level 1:colcon.colcon_core.package_identification:_identify(src/gripper_force_feedback) by extension 'ros'
[0.338s] DEBUG:colcon.colcon_core.package_identification:Package 'src/gripper_force_feedback' with type 'ros.ament_cmake' and name 'gripper_force_feedback'
[0.338s] Level 1:colcon.colcon_core.package_identification:_identify(src/tracking_pkg) by extensions ['ignore', 'ignore_ament_install']
[0.338s] Level 1:colcon.colcon_core.package_identification:_identify(src/tracking_pkg) by extension 'ignore'
[0.338s] Level 1:colcon.colcon_core.package_identification:_identify(src/tracking_pkg) by extension 'ignore_ament_install'
[0.338s] Level 1:colcon.colcon_core.package_identification:_identify(src/tracking_pkg) by extensions ['colcon_pkg']
[0.338s] Level 1:colcon.colcon_core.package_identification:_identify(src/tracking_pkg) by extension 'colcon_pkg'
[0.338s] Level 1:colcon.colcon_core.package_identification:_identify(src/tracking_pkg) by extensions ['colcon_meta']
[0.338s] Level 1:colcon.colcon_core.package_identification:_identify(src/tracking_pkg) by extension 'colcon_meta'
[0.338s] Level 1:colcon.colcon_core.package_identification:_identify(src/tracking_pkg) by extensions ['ros']
[0.338s] Level 1:colcon.colcon_core.package_identification:_identify(src/tracking_pkg) by extension 'ros'
[0.339s] DEBUG:colcon.colcon_core.package_identification:Package 'src/tracking_pkg' with type 'ros.ament_cmake' and name 'tracking_pkg'
[0.339s] Level 1:colcon.colcon_core.package_discovery:discover_packages(recursive) using defaults
[0.339s] Level 1:colcon.colcon_core.package_discovery:discover_packages(ignore) discover
[0.339s] Level 1:colcon.colcon_core.package_discovery:discover_packages(ignore) using defaults
[0.339s] Level 1:colcon.colcon_core.package_discovery:discover_packages(path) discover
[0.339s] Level 1:colcon.colcon_core.package_discovery:discover_packages(path) using defaults
[0.356s] Level 1:colcon.colcon_core.package_discovery:discover_packages(prefix_path) check parameters
[0.356s] Level 1:colcon.colcon_core.package_discovery:discover_packages(prefix_path) discover
[0.357s] WARNING:colcon.colcon_ros.prefix_path.ament:The path '/home/mir/VM2_holistic_system/install/ur_simulation_gazebo' in the environment variable AMENT_PREFIX_PATH doesn't exist
[0.357s] WARNING:colcon.colcon_ros.prefix_path.ament:The path '/home/mir/VM2_holistic_system/install/tracking_pkg' in the environment variable AMENT_PREFIX_PATH doesn't exist
[0.357s] WARNING:colcon.colcon_ros.prefix_path.ament:The path '/home/mir/VM2_holistic_system/install/gripper_force_feedback' in the environment variable AMENT_PREFIX_PATH doesn't exist
[0.358s] WARNING:colcon.colcon_ros.prefix_path.catkin:The path '/home/mir/VM2_holistic_system/install/ur_simulation_gazebo' in the environment variable CMAKE_PREFIX_PATH doesn't exist
[0.358s] WARNING:colcon.colcon_ros.prefix_path.catkin:The path '/home/mir/VM2_holistic_system/install/tracking_pkg' in the environment variable CMAKE_PREFIX_PATH doesn't exist
[0.358s] WARNING:colcon.colcon_ros.prefix_path.catkin:The path '/home/mir/VM2_holistic_system/install/gripper_force_feedback' in the environment variable CMAKE_PREFIX_PATH doesn't exist
[0.359s] DEBUG:colcon.colcon_installed_package_information.package_discovery:Found 0 installed packages in /home/mir/VM2_holistic_system/install
[0.360s] DEBUG:colcon.colcon_installed_package_information.package_discovery:Found 82 installed packages in /home/mir/ros2_ws/install
[0.362s] DEBUG:colcon.colcon_installed_package_information.package_discovery:Found 353 installed packages in /opt/ros/humble
[0.364s] Level 1:colcon.colcon_core.package_discovery:discover_packages(prefix_path) using defaults
[0.406s] Level 5:colcon.colcon_core.verb:set package 'gripper_force_feedback' build argument 'cmake_args' from command line to 'None'
[0.406s] Level 5:colcon.colcon_core.verb:set package 'gripper_force_feedback' build argument 'cmake_target' from command line to 'None'
[0.406s] Level 5:colcon.colcon_core.verb:set package 'gripper_force_feedback' build argument 'cmake_target_skip_unavailable' from command line to 'False'
[0.407s] Level 5:colcon.colcon_core.verb:set package 'gripper_force_feedback' build argument 'cmake_clean_cache' from command line to 'False'
[0.407s] Level 5:colcon.colcon_core.verb:set package 'gripper_force_feedback' build argument 'cmake_clean_first' from command line to 'False'
[0.407s] Level 5:colcon.colcon_core.verb:set package 'gripper_force_feedback' build argument 'cmake_force_configure' from command line to 'False'
[0.407s] Level 5:colcon.colcon_core.verb:set package 'gripper_force_feedback' build argument 'ament_cmake_args' from command line to 'None'
[0.407s] Level 5:colcon.colcon_core.verb:set package 'gripper_force_feedback' build argument 'catkin_cmake_args' from command line to 'None'
[0.407s] Level 5:colcon.colcon_core.verb:set package 'gripper_force_feedback' build argument 'catkin_skip_building_tests' from command line to 'False'
[0.407s] DEBUG:colcon.colcon_core.verb:Building package 'gripper_force_feedback' with the following arguments: {'ament_cmake_args': None, 'build_base': '/home/mir/VM2_holistic_system/build/gripper_force_feedback', 'catkin_cmake_args': None, 'catkin_skip_building_tests': False, 'cmake_args': None, 'cmake_clean_cache': False, 'cmake_clean_first': False, 'cmake_force_configure': False, 'cmake_target': None, 'cmake_target_skip_unavailable': False, 'install_base': '/home/mir/VM2_holistic_system/install/gripper_force_feedback', 'merge_install': False, 'path': '/home/mir/VM2_holistic_system/src/gripper_force_feedback', 'symlink_install': True, 'test_result_base': None}
[0.407s] Level 5:colcon.colcon_core.verb:set package 'tracking_pkg' build argument 'cmake_args' from command line to 'None'
[0.407s] Level 5:colcon.colcon_core.verb:set package 'tracking_pkg' build argument 'cmake_target' from command line to 'None'
[0.407s] Level 5:colcon.colcon_core.verb:set package 'tracking_pkg' build argument 'cmake_target_skip_unavailable' from command line to 'False'
[0.407s] Level 5:colcon.colcon_core.verb:set package 'tracking_pkg' build argument 'cmake_clean_cache' from command line to 'False'
[0.407s] Level 5:colcon.colcon_core.verb:set package 'tracking_pkg' build argument 'cmake_clean_first' from command line to 'False'
[0.407s] Level 5:colcon.colcon_core.verb:set package 'tracking_pkg' build argument 'cmake_force_configure' from command line to 'False'
[0.407s] Level 5:colcon.colcon_core.verb:set package 'tracking_pkg' build argument 'ament_cmake_args' from command line to 'None'
[0.407s] Level 5:colcon.colcon_core.verb:set package 'tracking_pkg' build argument 'catkin_cmake_args' from command line to 'None'
[0.407s] Level 5:colcon.colcon_core.verb:set package 'tracking_pkg' build argument 'catkin_skip_building_tests' from command line to 'False'
[0.407s] DEBUG:colcon.colcon_core.verb:Building package 'tracking_pkg' with the following arguments: {'ament_cmake_args': None, 'build_base': '/home/mir/VM2_holistic_system/build/tracking_pkg', 'catkin_cmake_args': None, 'catkin_skip_building_tests': False, 'cmake_args': None, 'cmake_clean_cache': False, 'cmake_clean_first': False, 'cmake_force_configure': False, 'cmake_target': None, 'cmake_target_skip_unavailable': False, 'install_base': '/home/mir/VM2_holistic_system/install/tracking_pkg', 'merge_install': False, 'path': '/home/mir/VM2_holistic_system/src/tracking_pkg', 'symlink_install': True, 'test_result_base': None}
[0.408s] Level 5:colcon.colcon_core.verb:set package 'ur_simulation_gazebo' build argument 'cmake_args' from command line to 'None'
[0.408s] Level 5:colcon.colcon_core.verb:set package 'ur_simulation_gazebo' build argument 'cmake_target' from command line to 'None'
[0.408s] Level 5:colcon.colcon_core.verb:set package 'ur_simulation_gazebo' build argument 'cmake_target_skip_unavailable' from command line to 'False'
[0.408s] Level 5:colcon.colcon_core.verb:set package 'ur_simulation_gazebo' build argument 'cmake_clean_cache' from command line to 'False'
[0.408s] Level 5:colcon.colcon_core.verb:set package 'ur_simulation_gazebo' build argument 'cmake_clean_first' from command line to 'False'
[0.408s] Level 5:colcon.colcon_core.verb:set package 'ur_simulation_gazebo' build argument 'cmake_force_configure' from command line to 'False'
[0.408s] Level 5:colcon.colcon_core.verb:set package 'ur_simulation_gazebo' build argument 'ament_cmake_args' from command line to 'None'
[0.408s] Level 5:colcon.colcon_core.verb:set package 'ur_simulation_gazebo' build argument 'catkin_cmake_args' from command line to 'None'
[0.408s] Level 5:colcon.colcon_core.verb:set package 'ur_simulation_gazebo' build argument 'catkin_skip_building_tests' from command line to 'False'
[0.408s] DEBUG:colcon.colcon_core.verb:Building package 'ur_simulation_gazebo' with the following arguments: {'ament_cmake_args': None, 'build_base': '/home/mir/VM2_holistic_system/build/ur_simulation_gazebo', 'catkin_cmake_args': None, 'catkin_skip_building_tests': False, 'cmake_args': None, 'cmake_clean_cache': False, 'cmake_clean_first': False, 'cmake_force_configure': False, 'cmake_target': None, 'cmake_target_skip_unavailable': False, 'install_base': '/home/mir/VM2_holistic_system/install/ur_simulation_gazebo', 'merge_install': False, 'path': '/home/mir/VM2_holistic_system/src/Universal_Robots_ROS2_Gazebo_Simulation/ur_simulation_gazebo', 'symlink_install': True, 'test_result_base': None}
[0.408s] INFO:colcon.colcon_core.executor:Executing jobs using 'parallel' executor
[0.409s] DEBUG:colcon.colcon_parallel_executor.executor.parallel:run_until_complete
[0.409s] INFO:colcon.colcon_ros.task.ament_cmake.build:Building ROS package in '/home/mir/VM2_holistic_system/src/gripper_force_feedback' with build type 'ament_cmake'
[0.409s] INFO:colcon.colcon_cmake.task.cmake.build:Building CMake package in '/home/mir/VM2_holistic_system/src/gripper_force_feedback'
[0.411s] INFO:colcon.colcon_core.plugin_system:Skipping extension 'colcon_core.shell.bat': Not used on non-Windows systems
[0.411s] INFO:colcon.colcon_core.shell:Skip shell extension 'powershell' for command environment: Not usable outside of PowerShell
[0.411s] DEBUG:colcon.colcon_core.shell:Skip shell extension 'dsv' for command environment
[0.418s] INFO:colcon.colcon_ros.task.ament_cmake.build:Building ROS package in '/home/mir/VM2_holistic_system/src/tracking_pkg' with build type 'ament_cmake'
[0.418s] INFO:colcon.colcon_cmake.task.cmake.build:Building CMake package in '/home/mir/VM2_holistic_system/src/tracking_pkg'
[0.418s] INFO:colcon.colcon_core.shell:Skip shell extension 'powershell' for command environment: Not usable outside of PowerShell
[0.419s] DEBUG:colcon.colcon_core.shell:Skip shell extension 'dsv' for command environment
[0.425s] INFO:colcon.colcon_ros.task.ament_cmake.build:Building ROS package in '/home/mir/VM2_holistic_system/src/Universal_Robots_ROS2_Gazebo_Simulation/ur_simulation_gazebo' with build type 'ament_cmake'
[0.425s] INFO:colcon.colcon_cmake.task.cmake.build:Building CMake package in '/home/mir/VM2_holistic_system/src/Universal_Robots_ROS2_Gazebo_Simulation/ur_simulation_gazebo'
[0.425s] INFO:colcon.colcon_core.shell:Skip shell extension 'powershell' for command environment: Not usable outside of PowerShell
[0.425s] DEBUG:colcon.colcon_core.shell:Skip shell extension 'dsv' for command environment
[0.436s] DEBUG:colcon.colcon_core.event_handler.log_command:Invoking command in '/home/mir/VM2_holistic_system/build/gripper_force_feedback': CMAKE_PREFIX_PATH=${CMAKE_PREFIX_PATH}:/home/mir/ros2_ws/install/moveit_configs_utils:/home/mir/ros2_ws/install/launch_testing_examples:/home/mir/ros2_ws/install/launch_param_builder:/home/mir/ros2_ws/install/examples_rclpy_pointcloud_publisher:/home/mir/ros2_ws/install/examples_rclpy_minimal_subscriber:/home/mir/ros2_ws/install/examples_rclpy_minimal_service:/home/mir/ros2_ws/install/examples_rclpy_minimal_publisher:/home/mir/ros2_ws/install/examples_rclpy_minimal_client:/home/mir/ros2_ws/install/examples_rclpy_minimal_action_server:/home/mir/ros2_ws/install/examples_rclpy_minimal_action_client:/home/mir/ros2_ws/install/examples_rclpy_guard_conditions:/home/mir/ros2_ws/install/examples_rclpy_executors:/opt/ros/humble /usr/bin/cmake /home/mir/VM2_holistic_system/src/gripper_force_feedback -DAMENT_CMAKE_SYMLINK_INSTALL=1 -DCMAKE_INSTALL_PREFIX=/home/mir/VM2_holistic_system/install/gripper_force_feedback
[0.440s] DEBUG:colcon.colcon_core.event_handler.log_command:Invoking command in '/home/mir/VM2_holistic_system/build/tracking_pkg': CMAKE_PREFIX_PATH=${CMAKE_PREFIX_PATH}:/home/mir/ros2_ws/install/moveit_configs_utils:/home/mir/ros2_ws/install/launch_testing_examples:/home/mir/ros2_ws/install/launch_param_builder:/home/mir/ros2_ws/install/examples_rclpy_pointcloud_publisher:/home/mir/ros2_ws/install/examples_rclpy_minimal_subscriber:/home/mir/ros2_ws/install/examples_rclpy_minimal_service:/home/mir/ros2_ws/install/examples_rclpy_minimal_publisher:/home/mir/ros2_ws/install/examples_rclpy_minimal_client:/home/mir/ros2_ws/install/examples_rclpy_minimal_action_server:/home/mir/ros2_ws/install/examples_rclpy_minimal_action_client:/home/mir/ros2_ws/install/examples_rclpy_guard_conditions:/home/mir/ros2_ws/install/examples_rclpy_executors:/opt/ros/humble /usr/bin/cmake /home/mir/VM2_holistic_system/src/tracking_pkg -DAMENT_CMAKE_SYMLINK_INSTALL=1 -DCMAKE_INSTALL_PREFIX=/home/mir/VM2_holistic_system/install/tracking_pkg
[0.444s] DEBUG:colcon.colcon_core.event_handler.log_command:Invoking command in '/home/mir/VM2_holistic_system/build/ur_simulation_gazebo': CMAKE_PREFIX_PATH=${CMAKE_PREFIX_PATH}:/home/mir/ros2_ws/install/moveit_configs_utils:/home/mir/ros2_ws/install/launch_testing_examples:/home/mir/ros2_ws/install/launch_param_builder:/home/mir/ros2_ws/install/examples_rclpy_pointcloud_publisher:/home/mir/ros2_ws/install/examples_rclpy_minimal_subscriber:/home/mir/ros2_ws/install/examples_rclpy_minimal_service:/home/mir/ros2_ws/install/examples_rclpy_minimal_publisher:/home/mir/ros2_ws/install/examples_rclpy_minimal_client:/home/mir/ros2_ws/install/examples_rclpy_minimal_action_server:/home/mir/ros2_ws/install/examples_rclpy_minimal_action_client:/home/mir/ros2_ws/install/examples_rclpy_guard_conditions:/home/mir/ros2_ws/install/examples_rclpy_executors:/opt/ros/humble /usr/bin/cmake /home/mir/VM2_holistic_system/src/Universal_Robots_ROS2_Gazebo_Simulation/ur_simulation_gazebo -DAMENT_CMAKE_SYMLINK_INSTALL=1 -DCMAKE_INSTALL_PREFIX=/home/mir/VM2_holistic_system/install/ur_simulation_gazebo
[2.086s] DEBUG:colcon.colcon_core.event_handler.log_command:Invoked command in '/home/mir/VM2_holistic_system/build/ur_simulation_gazebo' returned '0': CMAKE_PREFIX_PATH=${CMAKE_PREFIX_PATH}:/home/mir/ros2_ws/install/moveit_configs_utils:/home/mir/ros2_ws/install/launch_testing_examples:/home/mir/ros2_ws/install/launch_param_builder:/home/mir/ros2_ws/install/examples_rclpy_pointcloud_publisher:/home/mir/ros2_ws/install/examples_rclpy_minimal_subscriber:/home/mir/ros2_ws/install/examples_rclpy_minimal_service:/home/mir/ros2_ws/install/examples_rclpy_minimal_publisher:/home/mir/ros2_ws/install/examples_rclpy_minimal_client:/home/mir/ros2_ws/install/examples_rclpy_minimal_action_server:/home/mir/ros2_ws/install/examples_rclpy_minimal_action_client:/home/mir/ros2_ws/install/examples_rclpy_guard_conditions:/home/mir/ros2_ws/install/examples_rclpy_executors:/opt/ros/humble /usr/bin/cmake /home/mir/VM2_holistic_system/src/Universal_Robots_ROS2_Gazebo_Simulation/ur_simulation_gazebo -DAMENT_CMAKE_SYMLINK_INSTALL=1 -DCMAKE_INSTALL_PREFIX=/home/mir/VM2_holistic_system/install/ur_simulation_gazebo
[2.088s] DEBUG:colcon.colcon_core.event_handler.log_command:Invoking command in '/home/mir/VM2_holistic_system/build/ur_simulation_gazebo': CMAKE_PREFIX_PATH=${CMAKE_PREFIX_PATH}:/home/mir/ros2_ws/install/moveit_configs_utils:/home/mir/ros2_ws/install/launch_testing_examples:/home/mir/ros2_ws/install/launch_param_builder:/home/mir/ros2_ws/install/examples_rclpy_pointcloud_publisher:/home/mir/ros2_ws/install/examples_rclpy_minimal_subscriber:/home/mir/ros2_ws/install/examples_rclpy_minimal_service:/home/mir/ros2_ws/install/examples_rclpy_minimal_publisher:/home/mir/ros2_ws/install/examples_rclpy_minimal_client:/home/mir/ros2_ws/install/examples_rclpy_minimal_action_server:/home/mir/ros2_ws/install/examples_rclpy_minimal_action_client:/home/mir/ros2_ws/install/examples_rclpy_guard_conditions:/home/mir/ros2_ws/install/examples_rclpy_executors:/opt/ros/humble /usr/bin/cmake --build /home/mir/VM2_holistic_system/build/ur_simulation_gazebo -- -j16 -l16
[2.156s] DEBUG:colcon.colcon_core.event_handler.log_command:Invoked command in '/home/mir/VM2_holistic_system/build/ur_simulation_gazebo' returned '0': CMAKE_PREFIX_PATH=${CMAKE_PREFIX_PATH}:/home/mir/ros2_ws/install/moveit_configs_utils:/home/mir/ros2_ws/install/launch_testing_examples:/home/mir/ros2_ws/install/launch_param_builder:/home/mir/ros2_ws/install/examples_rclpy_pointcloud_publisher:/home/mir/ros2_ws/install/examples_rclpy_minimal_subscriber:/home/mir/ros2_ws/install/examples_rclpy_minimal_service:/home/mir/ros2_ws/install/examples_rclpy_minimal_publisher:/home/mir/ros2_ws/install/examples_rclpy_minimal_client:/home/mir/ros2_ws/install/examples_rclpy_minimal_action_server:/home/mir/ros2_ws/install/examples_rclpy_minimal_action_client:/home/mir/ros2_ws/install/examples_rclpy_guard_conditions:/home/mir/ros2_ws/install/examples_rclpy_executors:/opt/ros/humble /usr/bin/cmake --build /home/mir/VM2_holistic_system/build/ur_simulation_gazebo -- -j16 -l16
[2.171s] DEBUG:colcon.colcon_core.event_handler.log_command:Invoking command in '/home/mir/VM2_holistic_system/build/ur_simulation_gazebo': CMAKE_PREFIX_PATH=${CMAKE_PREFIX_PATH}:/home/mir/ros2_ws/install/moveit_configs_utils:/home/mir/ros2_ws/install/launch_testing_examples:/home/mir/ros2_ws/install/launch_param_builder:/home/mir/ros2_ws/install/examples_rclpy_pointcloud_publisher:/home/mir/ros2_ws/install/examples_rclpy_minimal_subscriber:/home/mir/ros2_ws/install/examples_rclpy_minimal_service:/home/mir/ros2_ws/install/examples_rclpy_minimal_publisher:/home/mir/ros2_ws/install/examples_rclpy_minimal_client:/home/mir/ros2_ws/install/examples_rclpy_minimal_action_server:/home/mir/ros2_ws/install/examples_rclpy_minimal_action_client:/home/mir/ros2_ws/install/examples_rclpy_guard_conditions:/home/mir/ros2_ws/install/examples_rclpy_executors:/opt/ros/humble /usr/bin/cmake --install /home/mir/VM2_holistic_system/build/ur_simulation_gazebo
[2.452s] Level 1:colcon.colcon_core.environment:create_environment_scripts_only(ur_simulation_gazebo)
[2.452s] DEBUG:colcon.colcon_core.event_handler.log_command:Invoked command in '/home/mir/VM2_holistic_system/build/ur_simulation_gazebo' returned '0': CMAKE_PREFIX_PATH=${CMAKE_PREFIX_PATH}:/home/mir/ros2_ws/install/moveit_configs_utils:/home/mir/ros2_ws/install/launch_testing_examples:/home/mir/ros2_ws/install/launch_param_builder:/home/mir/ros2_ws/install/examples_rclpy_pointcloud_publisher:/home/mir/ros2_ws/install/examples_rclpy_minimal_subscriber:/home/mir/ros2_ws/install/examples_rclpy_minimal_service:/home/mir/ros2_ws/install/examples_rclpy_minimal_publisher:/home/mir/ros2_ws/install/examples_rclpy_minimal_client:/home/mir/ros2_ws/install/examples_rclpy_minimal_action_server:/home/mir/ros2_ws/install/examples_rclpy_minimal_action_client:/home/mir/ros2_ws/install/examples_rclpy_guard_conditions:/home/mir/ros2_ws/install/examples_rclpy_executors:/opt/ros/humble /usr/bin/cmake --install /home/mir/VM2_holistic_system/build/ur_simulation_gazebo
[2.455s] Level 1:colcon.colcon_core.environment:checking '/home/mir/VM2_holistic_system/install/ur_simulation_gazebo' for CMake module files
[2.456s] Level 1:colcon.colcon_core.environment:checking '/home/mir/VM2_holistic_system/install/ur_simulation_gazebo' for CMake config files
[2.456s] Level 1:colcon.colcon_core.shell:create_environment_hook('ur_simulation_gazebo', 'cmake_prefix_path')
[2.456s] INFO:colcon.colcon_core.shell:Creating environment hook '/home/mir/VM2_holistic_system/install/ur_simulation_gazebo/share/ur_simulation_gazebo/hook/cmake_prefix_path.ps1'
[2.457s] INFO:colcon.colcon_core.shell:Creating environment descriptor '/home/mir/VM2_holistic_system/install/ur_simulation_gazebo/share/ur_simulation_gazebo/hook/cmake_prefix_path.dsv'
[2.457s] INFO:colcon.colcon_core.shell:Creating environment hook '/home/mir/VM2_holistic_system/install/ur_simulation_gazebo/share/ur_simulation_gazebo/hook/cmake_prefix_path.sh'
[2.458s] Level 1:colcon.colcon_core.environment:checking '/home/mir/VM2_holistic_system/install/ur_simulation_gazebo/bin'
[2.458s] Level 1:colcon.colcon_core.environment:checking '/home/mir/VM2_holistic_system/install/ur_simulation_gazebo/lib/pkgconfig/ur_simulation_gazebo.pc'
[2.458s] Level 1:colcon.colcon_core.environment:checking '/home/mir/VM2_holistic_system/install/ur_simulation_gazebo/lib/python3.10/site-packages'
[2.458s] Level 1:colcon.colcon_core.environment:checking '/home/mir/VM2_holistic_system/install/ur_simulation_gazebo/bin'
[2.458s] INFO:colcon.colcon_core.shell:Creating package script '/home/mir/VM2_holistic_system/install/ur_simulation_gazebo/share/ur_simulation_gazebo/package.ps1'
[2.459s] INFO:colcon.colcon_core.shell:Creating package descriptor '/home/mir/VM2_holistic_system/install/ur_simulation_gazebo/share/ur_simulation_gazebo/package.dsv'
[2.459s] INFO:colcon.colcon_core.shell:Creating package script '/home/mir/VM2_holistic_system/install/ur_simulation_gazebo/share/ur_simulation_gazebo/package.sh'
[2.460s] INFO:colcon.colcon_core.shell:Creating package script '/home/mir/VM2_holistic_system/install/ur_simulation_gazebo/share/ur_simulation_gazebo/package.bash'
[2.460s] INFO:colcon.colcon_core.shell:Creating package script '/home/mir/VM2_holistic_system/install/ur_simulation_gazebo/share/ur_simulation_gazebo/package.zsh'
[2.461s] Level 1:colcon.colcon_core.environment:create_file_with_runtime_dependencies(/home/mir/VM2_holistic_system/install/ur_simulation_gazebo/share/colcon-core/packages/ur_simulation_gazebo)
[2.461s] Level 1:colcon.colcon_core.environment:create_environment_scripts_only(ur_simulation_gazebo)
[2.461s] Level 1:colcon.colcon_core.environment:checking '/home/mir/VM2_holistic_system/install/ur_simulation_gazebo' for CMake module files
[2.462s] Level 1:colcon.colcon_core.environment:checking '/home/mir/VM2_holistic_system/install/ur_simulation_gazebo' for CMake config files
[2.462s] Level 1:colcon.colcon_core.shell:create_environment_hook('ur_simulation_gazebo', 'cmake_prefix_path')
[2.462s] INFO:colcon.colcon_core.shell:Creating environment hook '/home/mir/VM2_holistic_system/install/ur_simulation_gazebo/share/ur_simulation_gazebo/hook/cmake_prefix_path.ps1'
[2.462s] INFO:colcon.colcon_core.shell:Creating environment descriptor '/home/mir/VM2_holistic_system/install/ur_simulation_gazebo/share/ur_simulation_gazebo/hook/cmake_prefix_path.dsv'
[2.462s] INFO:colcon.colcon_core.shell:Creating environment hook '/home/mir/VM2_holistic_system/install/ur_simulation_gazebo/share/ur_simulation_gazebo/hook/cmake_prefix_path.sh'
[2.463s] Level 1:colcon.colcon_core.environment:checking '/home/mir/VM2_holistic_system/install/ur_simulation_gazebo/bin'
[2.463s] Level 1:colcon.colcon_core.environment:checking '/home/mir/VM2_holistic_system/install/ur_simulation_gazebo/lib/pkgconfig/ur_simulation_gazebo.pc'
[2.463s] Level 1:colcon.colcon_core.environment:checking '/home/mir/VM2_holistic_system/install/ur_simulation_gazebo/lib/python3.10/site-packages'
[2.463s] Level 1:colcon.colcon_core.environment:checking '/home/mir/VM2_holistic_system/install/ur_simulation_gazebo/bin'
[2.463s] INFO:colcon.colcon_core.shell:Creating package script '/home/mir/VM2_holistic_system/install/ur_simulation_gazebo/share/ur_simulation_gazebo/package.ps1'
[2.464s] INFO:colcon.colcon_core.shell:Creating package descriptor '/home/mir/VM2_holistic_system/install/ur_simulation_gazebo/share/ur_simulation_gazebo/package.dsv'
[2.464s] INFO:colcon.colcon_core.shell:Creating package script '/home/mir/VM2_holistic_system/install/ur_simulation_gazebo/share/ur_simulation_gazebo/package.sh'
[2.464s] INFO:colcon.colcon_core.shell:Creating package script '/home/mir/VM2_holistic_system/install/ur_simulation_gazebo/share/ur_simulation_gazebo/package.bash'
[2.464s] INFO:colcon.colcon_core.shell:Creating package script '/home/mir/VM2_holistic_system/install/ur_simulation_gazebo/share/ur_simulation_gazebo/package.zsh'
[2.465s] Level 1:colcon.colcon_core.environment:create_file_with_runtime_dependencies(/home/mir/VM2_holistic_system/install/ur_simulation_gazebo/share/colcon-core/packages/ur_simulation_gazebo)
[3.755s] DEBUG:colcon.colcon_core.event_handler.log_command:Invoked command in '/home/mir/VM2_holistic_system/build/gripper_force_feedback' returned '0': CMAKE_PREFIX_PATH=${CMAKE_PREFIX_PATH}:/home/mir/ros2_ws/install/moveit_configs_utils:/home/mir/ros2_ws/install/launch_testing_examples:/home/mir/ros2_ws/install/launch_param_builder:/home/mir/ros2_ws/install/examples_rclpy_pointcloud_publisher:/home/mir/ros2_ws/install/examples_rclpy_minimal_subscriber:/home/mir/ros2_ws/install/examples_rclpy_minimal_service:/home/mir/ros2_ws/install/examples_rclpy_minimal_publisher:/home/mir/ros2_ws/install/examples_rclpy_minimal_client:/home/mir/ros2_ws/install/examples_rclpy_minimal_action_server:/home/mir/ros2_ws/install/examples_rclpy_minimal_action_client:/home/mir/ros2_ws/install/examples_rclpy_guard_conditions:/home/mir/ros2_ws/install/examples_rclpy_executors:/opt/ros/humble /usr/bin/cmake /home/mir/VM2_holistic_system/src/gripper_force_feedback -DAMENT_CMAKE_SYMLINK_INSTALL=1 -DCMAKE_INSTALL_PREFIX=/home/mir/VM2_holistic_system/install/gripper_force_feedback
[3.755s] DEBUG:colcon.colcon_core.event_handler.log_command:Invoking command in '/home/mir/VM2_holistic_system/build/gripper_force_feedback': CMAKE_PREFIX_PATH=${CMAKE_PREFIX_PATH}:/home/mir/ros2_ws/install/moveit_configs_utils:/home/mir/ros2_ws/install/launch_testing_examples:/home/mir/ros2_ws/install/launch_param_builder:/home/mir/ros2_ws/install/examples_rclpy_pointcloud_publisher:/home/mir/ros2_ws/install/examples_rclpy_minimal_subscriber:/home/mir/ros2_ws/install/examples_rclpy_minimal_service:/home/mir/ros2_ws/install/examples_rclpy_minimal_publisher:/home/mir/ros2_ws/install/examples_rclpy_minimal_client:/home/mir/ros2_ws/install/examples_rclpy_minimal_action_server:/home/mir/ros2_ws/install/examples_rclpy_minimal_action_client:/home/mir/ros2_ws/install/examples_rclpy_guard_conditions:/home/mir/ros2_ws/install/examples_rclpy_executors:/opt/ros/humble /usr/bin/cmake --build /home/mir/VM2_holistic_system/build/gripper_force_feedback -- -j16 -l16
[3.811s] DEBUG:colcon.colcon_core.event_handler.log_command:Invoked command in '/home/mir/VM2_holistic_system/build/gripper_force_feedback' returned '0': CMAKE_PREFIX_PATH=${CMAKE_PREFIX_PATH}:/home/mir/ros2_ws/install/moveit_configs_utils:/home/mir/ros2_ws/install/launch_testing_examples:/home/mir/ros2_ws/install/launch_param_builder:/home/mir/ros2_ws/install/examples_rclpy_pointcloud_publisher:/home/mir/ros2_ws/install/examples_rclpy_minimal_subscriber:/home/mir/ros2_ws/install/examples_rclpy_minimal_service:/home/mir/ros2_ws/install/examples_rclpy_minimal_publisher:/home/mir/ros2_ws/install/examples_rclpy_minimal_client:/home/mir/ros2_ws/install/examples_rclpy_minimal_action_server:/home/mir/ros2_ws/install/examples_rclpy_minimal_action_client:/home/mir/ros2_ws/install/examples_rclpy_guard_conditions:/home/mir/ros2_ws/install/examples_rclpy_executors:/opt/ros/humble /usr/bin/cmake --build /home/mir/VM2_holistic_system/build/gripper_force_feedback -- -j16 -l16
[3.813s] DEBUG:colcon.colcon_core.event_handler.log_command:Invoking command in '/home/mir/VM2_holistic_system/build/gripper_force_feedback': CMAKE_PREFIX_PATH=${CMAKE_PREFIX_PATH}:/home/mir/ros2_ws/install/moveit_configs_utils:/home/mir/ros2_ws/install/launch_testing_examples:/home/mir/ros2_ws/install/launch_param_builder:/home/mir/ros2_ws/install/examples_rclpy_pointcloud_publisher:/home/mir/ros2_ws/install/examples_rclpy_minimal_subscriber:/home/mir/ros2_ws/install/examples_rclpy_minimal_service:/home/mir/ros2_ws/install/examples_rclpy_minimal_publisher:/home/mir/ros2_ws/install/examples_rclpy_minimal_client:/home/mir/ros2_ws/install/examples_rclpy_minimal_action_server:/home/mir/ros2_ws/install/examples_rclpy_minimal_action_client:/home/mir/ros2_ws/install/examples_rclpy_guard_conditions:/home/mir/ros2_ws/install/examples_rclpy_executors:/opt/ros/humble /usr/bin/cmake --install /home/mir/VM2_holistic_system/build/gripper_force_feedback
[3.938s] DEBUG:colcon.colcon_core.event_handler.log_command:Invoked command in '/home/mir/VM2_holistic_system/build/tracking_pkg' returned '0': CMAKE_PREFIX_PATH=${CMAKE_PREFIX_PATH}:/home/mir/ros2_ws/install/moveit_configs_utils:/home/mir/ros2_ws/install/launch_testing_examples:/home/mir/ros2_ws/install/launch_param_builder:/home/mir/ros2_ws/install/examples_rclpy_pointcloud_publisher:/home/mir/ros2_ws/install/examples_rclpy_minimal_subscriber:/home/mir/ros2_ws/install/examples_rclpy_minimal_service:/home/mir/ros2_ws/install/examples_rclpy_minimal_publisher:/home/mir/ros2_ws/install/examples_rclpy_minimal_client:/home/mir/ros2_ws/install/examples_rclpy_minimal_action_server:/home/mir/ros2_ws/install/examples_rclpy_minimal_action_client:/home/mir/ros2_ws/install/examples_rclpy_guard_conditions:/home/mir/ros2_ws/install/examples_rclpy_executors:/opt/ros/humble /usr/bin/cmake /home/mir/VM2_holistic_system/src/tracking_pkg -DAMENT_CMAKE_SYMLINK_INSTALL=1 -DCMAKE_INSTALL_PREFIX=/home/mir/VM2_holistic_system/install/tracking_pkg
[3.940s] DEBUG:colcon.colcon_core.event_handler.log_command:Invoking command in '/home/mir/VM2_holistic_system/build/tracking_pkg': CMAKE_PREFIX_PATH=${CMAKE_PREFIX_PATH}:/home/mir/ros2_ws/install/moveit_configs_utils:/home/mir/ros2_ws/install/launch_testing_examples:/home/mir/ros2_ws/install/launch_param_builder:/home/mir/ros2_ws/install/examples_rclpy_pointcloud_publisher:/home/mir/ros2_ws/install/examples_rclpy_minimal_subscriber:/home/mir/ros2_ws/install/examples_rclpy_minimal_service:/home/mir/ros2_ws/install/examples_rclpy_minimal_publisher:/home/mir/ros2_ws/install/examples_rclpy_minimal_client:/home/mir/ros2_ws/install/examples_rclpy_minimal_action_server:/home/mir/ros2_ws/install/examples_rclpy_minimal_action_client:/home/mir/ros2_ws/install/examples_rclpy_guard_conditions:/home/mir/ros2_ws/install/examples_rclpy_executors:/opt/ros/humble /usr/bin/cmake --build /home/mir/VM2_holistic_system/build/tracking_pkg -- -j16 -l16
[4.046s] Level 1:colcon.colcon_core.environment:create_environment_scripts_only(gripper_force_feedback)
[4.047s] Level 1:colcon.colcon_core.environment:checking '/home/mir/VM2_holistic_system/install/gripper_force_feedback' for CMake module files
[4.047s] DEBUG:colcon.colcon_core.event_handler.log_command:Invoked command in '/home/mir/VM2_holistic_system/build/gripper_force_feedback' returned '0': CMAKE_PREFIX_PATH=${CMAKE_PREFIX_PATH}:/home/mir/ros2_ws/install/moveit_configs_utils:/home/mir/ros2_ws/install/launch_testing_examples:/home/mir/ros2_ws/install/launch_param_builder:/home/mir/ros2_ws/install/examples_rclpy_pointcloud_publisher:/home/mir/ros2_ws/install/examples_rclpy_minimal_subscriber:/home/mir/ros2_ws/install/examples_rclpy_minimal_service:/home/mir/ros2_ws/install/examples_rclpy_minimal_publisher:/home/mir/ros2_ws/install/examples_rclpy_minimal_client:/home/mir/ros2_ws/install/examples_rclpy_minimal_action_server:/home/mir/ros2_ws/install/examples_rclpy_minimal_action_client:/home/mir/ros2_ws/install/examples_rclpy_guard_conditions:/home/mir/ros2_ws/install/examples_rclpy_executors:/opt/ros/humble /usr/bin/cmake --install /home/mir/VM2_holistic_system/build/gripper_force_feedback
[4.048s] Level 1:colcon.colcon_core.environment:checking '/home/mir/VM2_holistic_system/install/gripper_force_feedback' for CMake config files
[4.048s] Level 1:colcon.colcon_core.shell:create_environment_hook('gripper_force_feedback', 'cmake_prefix_path')
[4.049s] INFO:colcon.colcon_core.shell:Creating environment hook '/home/mir/VM2_holistic_system/install/gripper_force_feedback/share/gripper_force_feedback/hook/cmake_prefix_path.ps1'
[4.050s] INFO:colcon.colcon_core.shell:Creating environment descriptor '/home/mir/VM2_holistic_system/install/gripper_force_feedback/share/gripper_force_feedback/hook/cmake_prefix_path.dsv'
[4.050s] INFO:colcon.colcon_core.shell:Creating environment hook '/home/mir/VM2_holistic_system/install/gripper_force_feedback/share/gripper_force_feedback/hook/cmake_prefix_path.sh'
[4.052s] Level 1:colcon.colcon_core.environment:checking '/home/mir/VM2_holistic_system/install/gripper_force_feedback/lib'
[4.052s] Level 1:colcon.colcon_core.environment:checking '/home/mir/VM2_holistic_system/install/gripper_force_feedback/bin'
[4.052s] Level 1:colcon.colcon_core.environment:checking '/home/mir/VM2_holistic_system/install/gripper_force_feedback/lib/pkgconfig/gripper_force_feedback.pc'
[4.052s] Level 1:colcon.colcon_core.environment:checking '/home/mir/VM2_holistic_system/install/gripper_force_feedback/lib/python3.10/site-packages'
[4.053s] Level 1:colcon.colcon_core.environment:checking '/home/mir/VM2_holistic_system/install/gripper_force_feedback/bin'
[4.054s] INFO:colcon.colcon_core.shell:Creating package script '/home/mir/VM2_holistic_system/install/gripper_force_feedback/share/gripper_force_feedback/package.ps1'
[4.054s] INFO:colcon.colcon_core.shell:Creating package descriptor '/home/mir/VM2_holistic_system/install/gripper_force_feedback/share/gripper_force_feedback/package.dsv'
[4.055s] INFO:colcon.colcon_core.shell:Creating package script '/home/mir/VM2_holistic_system/install/gripper_force_feedback/share/gripper_force_feedback/package.sh'
[4.056s] INFO:colcon.colcon_core.shell:Creating package script '/home/mir/VM2_holistic_system/install/gripper_force_feedback/share/gripper_force_feedback/package.bash'
[4.056s] INFO:colcon.colcon_core.shell:Creating package script '/home/mir/VM2_holistic_system/install/gripper_force_feedback/share/gripper_force_feedback/package.zsh'
[4.056s] Level 1:colcon.colcon_core.environment:create_file_with_runtime_dependencies(/home/mir/VM2_holistic_system/install/gripper_force_feedback/share/colcon-core/packages/gripper_force_feedback)
[4.057s] Level 1:colcon.colcon_core.environment:create_environment_scripts_only(gripper_force_feedback)
[4.058s] Level 1:colcon.colcon_core.environment:checking '/home/mir/VM2_holistic_system/install/gripper_force_feedback' for CMake module files
[4.058s] Level 1:colcon.colcon_core.environment:checking '/home/mir/VM2_holistic_system/install/gripper_force_feedback' for CMake config files
[4.058s] Level 1:colcon.colcon_core.shell:create_environment_hook('gripper_force_feedback', 'cmake_prefix_path')
[4.058s] INFO:colcon.colcon_core.shell:Creating environment hook '/home/mir/VM2_holistic_system/install/gripper_force_feedback/share/gripper_force_feedback/hook/cmake_prefix_path.ps1'
[4.059s] INFO:colcon.colcon_core.shell:Creating environment descriptor '/home/mir/VM2_holistic_system/install/gripper_force_feedback/share/gripper_force_feedback/hook/cmake_prefix_path.dsv'
[4.059s] INFO:colcon.colcon_core.shell:Creating environment hook '/home/mir/VM2_holistic_system/install/gripper_force_feedback/share/gripper_force_feedback/hook/cmake_prefix_path.sh'
[4.060s] Level 1:colcon.colcon_core.environment:checking '/home/mir/VM2_holistic_system/install/gripper_force_feedback/lib'
[4.060s] Level 1:colcon.colcon_core.environment:checking '/home/mir/VM2_holistic_system/install/gripper_force_feedback/bin'
[4.060s] Level 1:colcon.colcon_core.environment:checking '/home/mir/VM2_holistic_system/install/gripper_force_feedback/lib/pkgconfig/gripper_force_feedback.pc'
[4.060s] Level 1:colcon.colcon_core.environment:checking '/home/mir/VM2_holistic_system/install/gripper_force_feedback/lib/python3.10/site-packages'
[4.061s] Level 1:colcon.colcon_core.environment:checking '/home/mir/VM2_holistic_system/install/gripper_force_feedback/bin'
[4.061s] INFO:colcon.colcon_core.shell:Creating package script '/home/mir/VM2_holistic_system/install/gripper_force_feedback/share/gripper_force_feedback/package.ps1'
[4.062s] INFO:colcon.colcon_core.shell:Creating package descriptor '/home/mir/VM2_holistic_system/install/gripper_force_feedback/share/gripper_force_feedback/package.dsv'
[4.062s] INFO:colcon.colcon_core.shell:Creating package script '/home/mir/VM2_holistic_system/install/gripper_force_feedback/share/gripper_force_feedback/package.sh'
[4.063s] INFO:colcon.colcon_core.shell:Creating package script '/home/mir/VM2_holistic_system/install/gripper_force_feedback/share/gripper_force_feedback/package.bash'
[4.063s] INFO:colcon.colcon_core.shell:Creating package script '/home/mir/VM2_holistic_system/install/gripper_force_feedback/share/gripper_force_feedback/package.zsh'
[4.063s] Level 1:colcon.colcon_core.environment:create_file_with_runtime_dependencies(/home/mir/VM2_holistic_system/install/gripper_force_feedback/share/colcon-core/packages/gripper_force_feedback)
[21.544s] DEBUG:colcon.colcon_core.event_handler.log_command:Invoked command in '/home/mir/VM2_holistic_system/build/tracking_pkg' returned '0': CMAKE_PREFIX_PATH=${CMAKE_PREFIX_PATH}:/home/mir/ros2_ws/install/moveit_configs_utils:/home/mir/ros2_ws/install/launch_testing_examples:/home/mir/ros2_ws/install/launch_param_builder:/home/mir/ros2_ws/install/examples_rclpy_pointcloud_publisher:/home/mir/ros2_ws/install/examples_rclpy_minimal_subscriber:/home/mir/ros2_ws/install/examples_rclpy_minimal_service:/home/mir/ros2_ws/install/examples_rclpy_minimal_publisher:/home/mir/ros2_ws/install/examples_rclpy_minimal_client:/home/mir/ros2_ws/install/examples_rclpy_minimal_action_server:/home/mir/ros2_ws/install/examples_rclpy_minimal_action_client:/home/mir/ros2_ws/install/examples_rclpy_guard_conditions:/home/mir/ros2_ws/install/examples_rclpy_executors:/opt/ros/humble /usr/bin/cmake --build /home/mir/VM2_holistic_system/build/tracking_pkg -- -j16 -l16
[21.545s] DEBUG:colcon.colcon_core.event_handler.log_command:Invoking command in '/home/mir/VM2_holistic_system/build/tracking_pkg': CMAKE_PREFIX_PATH=${CMAKE_PREFIX_PATH}:/home/mir/ros2_ws/install/moveit_configs_utils:/home/mir/ros2_ws/install/launch_testing_examples:/home/mir/ros2_ws/install/launch_param_builder:/home/mir/ros2_ws/install/examples_rclpy_pointcloud_publisher:/home/mir/ros2_ws/install/examples_rclpy_minimal_subscriber:/home/mir/ros2_ws/install/examples_rclpy_minimal_service:/home/mir/ros2_ws/install/examples_rclpy_minimal_publisher:/home/mir/ros2_ws/install/examples_rclpy_minimal_client:/home/mir/ros2_ws/install/examples_rclpy_minimal_action_server:/home/mir/ros2_ws/install/examples_rclpy_minimal_action_client:/home/mir/ros2_ws/install/examples_rclpy_guard_conditions:/home/mir/ros2_ws/install/examples_rclpy_executors:/opt/ros/humble /usr/bin/cmake --install /home/mir/VM2_holistic_system/build/tracking_pkg
[21.844s] Level 1:colcon.colcon_core.environment:create_environment_scripts_only(tracking_pkg)
[21.844s] Level 1:colcon.colcon_core.environment:checking '/home/mir/VM2_holistic_system/install/tracking_pkg' for CMake module files
[21.845s] DEBUG:colcon.colcon_core.event_handler.log_command:Invoked command in '/home/mir/VM2_holistic_system/build/tracking_pkg' returned '0': CMAKE_PREFIX_PATH=${CMAKE_PREFIX_PATH}:/home/mir/ros2_ws/install/moveit_configs_utils:/home/mir/ros2_ws/install/launch_testing_examples:/home/mir/ros2_ws/install/launch_param_builder:/home/mir/ros2_ws/install/examples_rclpy_pointcloud_publisher:/home/mir/ros2_ws/install/examples_rclpy_minimal_subscriber:/home/mir/ros2_ws/install/examples_rclpy_minimal_service:/home/mir/ros2_ws/install/examples_rclpy_minimal_publisher:/home/mir/ros2_ws/install/examples_rclpy_minimal_client:/home/mir/ros2_ws/install/examples_rclpy_minimal_action_server:/home/mir/ros2_ws/install/examples_rclpy_minimal_action_client:/home/mir/ros2_ws/install/examples_rclpy_guard_conditions:/home/mir/ros2_ws/install/examples_rclpy_executors:/opt/ros/humble /usr/bin/cmake --install /home/mir/VM2_holistic_system/build/tracking_pkg
[21.845s] Level 1:colcon.colcon_core.environment:checking '/home/mir/VM2_holistic_system/install/tracking_pkg' for CMake config files
[21.846s] Level 1:colcon.colcon_core.shell:create_environment_hook('tracking_pkg', 'cmake_prefix_path')
[21.846s] INFO:colcon.colcon_core.shell:Creating environment hook '/home/mir/VM2_holistic_system/install/tracking_pkg/share/tracking_pkg/hook/cmake_prefix_path.ps1'
[21.846s] INFO:colcon.colcon_core.shell:Creating environment descriptor '/home/mir/VM2_holistic_system/install/tracking_pkg/share/tracking_pkg/hook/cmake_prefix_path.dsv'
[21.846s] INFO:colcon.colcon_core.shell:Creating environment hook '/home/mir/VM2_holistic_system/install/tracking_pkg/share/tracking_pkg/hook/cmake_prefix_path.sh'
[21.847s] Level 1:colcon.colcon_core.environment:checking '/home/mir/VM2_holistic_system/install/tracking_pkg/lib'
[21.847s] Level 1:colcon.colcon_core.environment:checking '/home/mir/VM2_holistic_system/install/tracking_pkg/bin'
[21.847s] Level 1:colcon.colcon_core.environment:checking '/home/mir/VM2_holistic_system/install/tracking_pkg/lib/pkgconfig/tracking_pkg.pc'
[21.847s] Level 1:colcon.colcon_core.environment:checking '/home/mir/VM2_holistic_system/install/tracking_pkg/lib/python3.10/site-packages'
[21.848s] Level 1:colcon.colcon_core.environment:checking '/home/mir/VM2_holistic_system/install/tracking_pkg/bin'
[21.848s] INFO:colcon.colcon_core.shell:Creating package script '/home/mir/VM2_holistic_system/install/tracking_pkg/share/tracking_pkg/package.ps1'
[21.848s] INFO:colcon.colcon_core.shell:Creating package descriptor '/home/mir/VM2_holistic_system/install/tracking_pkg/share/tracking_pkg/package.dsv'
[21.848s] INFO:colcon.colcon_core.shell:Creating package script '/home/mir/VM2_holistic_system/install/tracking_pkg/share/tracking_pkg/package.sh'
[21.849s] INFO:colcon.colcon_core.shell:Creating package script '/home/mir/VM2_holistic_system/install/tracking_pkg/share/tracking_pkg/package.bash'
[21.849s] INFO:colcon.colcon_core.shell:Creating package script '/home/mir/VM2_holistic_system/install/tracking_pkg/share/tracking_pkg/package.zsh'
[21.849s] Level 1:colcon.colcon_core.environment:create_file_with_runtime_dependencies(/home/mir/VM2_holistic_system/install/tracking_pkg/share/colcon-core/packages/tracking_pkg)
[21.850s] Level 1:colcon.colcon_core.environment:create_environment_scripts_only(tracking_pkg)
[21.850s] Level 1:colcon.colcon_core.environment:checking '/home/mir/VM2_holistic_system/install/tracking_pkg' for CMake module files
[21.850s] Level 1:colcon.colcon_core.environment:checking '/home/mir/VM2_holistic_system/install/tracking_pkg' for CMake config files
[21.850s] Level 1:colcon.colcon_core.shell:create_environment_hook('tracking_pkg', 'cmake_prefix_path')
[21.851s] INFO:colcon.colcon_core.shell:Creating environment hook '/home/mir/VM2_holistic_system/install/tracking_pkg/share/tracking_pkg/hook/cmake_prefix_path.ps1'
[21.851s] INFO:colcon.colcon_core.shell:Creating environment descriptor '/home/mir/VM2_holistic_system/install/tracking_pkg/share/tracking_pkg/hook/cmake_prefix_path.dsv'
[21.851s] INFO:colcon.colcon_core.shell:Creating environment hook '/home/mir/VM2_holistic_system/install/tracking_pkg/share/tracking_pkg/hook/cmake_prefix_path.sh'
[21.851s] Level 1:colcon.colcon_core.environment:checking '/home/mir/VM2_holistic_system/install/tracking_pkg/lib'
[21.851s] Level 1:colcon.colcon_core.environment:checking '/home/mir/VM2_holistic_system/install/tracking_pkg/bin'
[21.851s] Level 1:colcon.colcon_core.environment:checking '/home/mir/VM2_holistic_system/install/tracking_pkg/lib/pkgconfig/tracking_pkg.pc'
[21.852s] Level 1:colcon.colcon_core.environment:checking '/home/mir/VM2_holistic_system/install/tracking_pkg/lib/python3.10/site-packages'
[21.852s] Level 1:colcon.colcon_core.environment:checking '/home/mir/VM2_holistic_system/install/tracking_pkg/bin'
[21.852s] INFO:colcon.colcon_core.shell:Creating package script '/home/mir/VM2_holistic_system/install/tracking_pkg/share/tracking_pkg/package.ps1'
[21.852s] INFO:colcon.colcon_core.shell:Creating package descriptor '/home/mir/VM2_holistic_system/install/tracking_pkg/share/tracking_pkg/package.dsv'
[21.852s] INFO:colcon.colcon_core.shell:Creating package script '/home/mir/VM2_holistic_system/install/tracking_pkg/share/tracking_pkg/package.sh'
[21.853s] INFO:colcon.colcon_core.shell:Creating package script '/home/mir/VM2_holistic_system/install/tracking_pkg/share/tracking_pkg/package.bash'
[21.853s] INFO:colcon.colcon_core.shell:Creating package script '/home/mir/VM2_holistic_system/install/tracking_pkg/share/tracking_pkg/package.zsh'
[21.853s] Level 1:colcon.colcon_core.environment:create_file_with_runtime_dependencies(/home/mir/VM2_holistic_system/install/tracking_pkg/share/colcon-core/packages/tracking_pkg)
[21.853s] DEBUG:colcon.colcon_parallel_executor.executor.parallel:closing loop
[21.854s] DEBUG:colcon.colcon_parallel_executor.executor.parallel:loop closed
[21.854s] DEBUG:colcon.colcon_parallel_executor.executor.parallel:run_until_complete finished with '0'
[21.854s] DEBUG:colcon.colcon_core.event_reactor:joining thread
[21.858s] INFO:colcon.colcon_core.plugin_system:Skipping extension 'colcon_notification.desktop_notification.terminal_notifier': Not used on non-Darwin systems
[21.858s] INFO:colcon.colcon_core.plugin_system:Skipping extension 'colcon_notification.desktop_notification.win32': Not used on non-Windows systems
[21.858s] INFO:colcon.colcon_notification.desktop_notification:Sending desktop notification using 'notify2'
[21.870s] DEBUG:colcon.colcon_core.event_reactor:joined thread
[21.870s] INFO:colcon.colcon_core.shell:Creating prefix script '/home/mir/VM2_holistic_system/install/local_setup.ps1'
[21.871s] INFO:colcon.colcon_core.shell:Creating prefix util module '/home/mir/VM2_holistic_system/install/_local_setup_util_ps1.py'
[21.872s] INFO:colcon.colcon_core.shell:Creating prefix chain script '/home/mir/VM2_holistic_system/install/setup.ps1'
[21.876s] INFO:colcon.colcon_core.shell:Creating prefix script '/home/mir/VM2_holistic_system/install/local_setup.sh'
[21.876s] INFO:colcon.colcon_core.shell:Creating prefix util module '/home/mir/VM2_holistic_system/install/_local_setup_util_sh.py'
[21.876s] INFO:colcon.colcon_core.shell:Creating prefix chain script '/home/mir/VM2_holistic_system/install/setup.sh'
[21.879s] INFO:colcon.colcon_core.shell:Creating prefix script '/home/mir/VM2_holistic_system/install/local_setup.bash'
[21.880s] INFO:colcon.colcon_core.shell:Creating prefix chain script '/home/mir/VM2_holistic_system/install/setup.bash'
[21.882s] INFO:colcon.colcon_core.shell:Creating prefix script '/home/mir/VM2_holistic_system/install/local_setup.zsh'
[21.883s] INFO:colcon.colcon_core.shell:Creating prefix chain script '/home/mir/VM2_holistic_system/install/setup.zsh'
