[0.066s] Invoking command in '/home/daniel/vm2_holistic_system_ws/build/tracking_pkg': CMAKE_PREFIX_PATH=${CMAKE_PREFIX_PATH}:/opt/ros/humble /usr/bin/cmake --build /home/daniel/vm2_holistic_system_ws/build/tracking_pkg -- -j8 -l8
[0.382s] [ 50%] Built target moveit_mover
[0.481s] [35m[1mConsolidate compiler generated dependencies of target loop_mover[0m
[0.678s] [100%] Built target loop_mover
[0.760s] Invoked command in '/home/daniel/vm2_holistic_system_ws/build/tracking_pkg' returned '0': CMAKE_PREFIX_PATH=${CMAKE_PREFIX_PATH}:/opt/ros/humble /usr/bin/cmake --build /home/daniel/vm2_holistic_system_ws/build/tracking_pkg -- -j8 -l8
[0.777s] Invoking command in '/home/daniel/vm2_holistic_system_ws/build/tracking_pkg': CMAKE_PREFIX_PATH=${CMAKE_PREFIX_PATH}:/opt/ros/humble /usr/bin/cmake --install /home/daniel/vm2_holistic_system_ws/build/tracking_pkg
[0.826s] -- Install configuration: ""
[0.828s] -- Execute custom install script
[0.829s] -- Up-to-date symlink: /home/daniel/vm2_holistic_system_ws/install/tracking_pkg/lib/tracking_pkg/hand_tracker.py
[0.830s] -- Up-to-date symlink: /home/daniel/vm2_holistic_system_ws/install/tracking_pkg/lib/tracking_pkg/camera_publisher.py
[0.831s] -- Up-to-date symlink: /home/daniel/vm2_holistic_system_ws/install/tracking_pkg/lib/tracking_pkg/frame_publisher.py
[0.832s] -- Up-to-date symlink: /home/daniel/vm2_holistic_system_ws/install/tracking_pkg/lib/tracking_pkg/gesture_pose_publisher.py
[0.833s] -- Up-to-date symlink: /home/daniel/vm2_holistic_system_ws/install/tracking_pkg/lib/tracking_pkg/box_publisher.py
[0.834s] -- Up-to-date symlink: /home/daniel/vm2_holistic_system_ws/install/tracking_pkg/lib/tracking_pkg/socket_mover.py
[0.834s] -- Up-to-date symlink: /home/daniel/vm2_holistic_system_ws/install/tracking_pkg/lib/tracking_pkg/gripper_mover.py
[0.835s] -- Up-to-date symlink: /home/daniel/vm2_holistic_system_ws/install/tracking_pkg/lib/tracking_pkg/gripper_opener_with_zeroer.py
[0.836s] -- Up-to-date symlink: /home/daniel/vm2_holistic_system_ws/install/tracking_pkg/share/tracking_pkg/launch/loop_launch.py
[0.837s] -- Up-to-date symlink: /home/daniel/vm2_holistic_system_ws/install/tracking_pkg/share/tracking_pkg/launch/moveit_launch.py
[0.837s] -- Up-to-date symlink: /home/daniel/vm2_holistic_system_ws/install/tracking_pkg/share/tracking_pkg/launch/web_socket_launch.py
[0.839s] -- Up-to-date symlink: /home/daniel/vm2_holistic_system_ws/install/tracking_pkg/lib/tracking_pkg/moveit_mover
[0.839s] -- Up-to-date symlink: /home/daniel/vm2_holistic_system_ws/install/tracking_pkg/lib/tracking_pkg/loop_mover
[0.840s] -- Up-to-date symlink: /home/daniel/vm2_holistic_system_ws/install/tracking_pkg/share/ament_index/resource_index/package_run_dependencies/tracking_pkg
[0.841s] -- Up-to-date symlink: /home/daniel/vm2_holistic_system_ws/install/tracking_pkg/share/ament_index/resource_index/parent_prefix_path/tracking_pkg
[0.841s] -- Up-to-date symlink: /home/daniel/vm2_holistic_system_ws/install/tracking_pkg/share/tracking_pkg/environment/ament_prefix_path.sh
[0.842s] -- Up-to-date symlink: /home/daniel/vm2_holistic_system_ws/install/tracking_pkg/share/tracking_pkg/environment/ament_prefix_path.dsv
[0.843s] -- Up-to-date symlink: /home/daniel/vm2_holistic_system_ws/install/tracking_pkg/share/tracking_pkg/environment/path.sh
[0.844s] -- Up-to-date symlink: /home/daniel/vm2_holistic_system_ws/install/tracking_pkg/share/tracking_pkg/environment/path.dsv
[0.845s] -- Up-to-date symlink: /home/daniel/vm2_holistic_system_ws/install/tracking_pkg/share/tracking_pkg/local_setup.bash
[0.846s] -- Up-to-date symlink: /home/daniel/vm2_holistic_system_ws/install/tracking_pkg/share/tracking_pkg/local_setup.sh
[0.846s] -- Up-to-date symlink: /home/daniel/vm2_holistic_system_ws/install/tracking_pkg/share/tracking_pkg/local_setup.zsh
[0.847s] -- Up-to-date symlink: /home/daniel/vm2_holistic_system_ws/install/tracking_pkg/share/tracking_pkg/local_setup.dsv
[0.847s] -- Symlinking: /home/daniel/vm2_holistic_system_ws/install/tracking_pkg/share/tracking_pkg/package.dsv
[0.872s] -- Up-to-date symlink: /home/daniel/vm2_holistic_system_ws/install/tracking_pkg/share/ament_index/resource_index/packages/tracking_pkg
[0.873s] -- Up-to-date symlink: /home/daniel/vm2_holistic_system_ws/install/tracking_pkg/share/tracking_pkg/cmake/tracking_pkgConfig.cmake
[0.873s] -- Up-to-date symlink: /home/daniel/vm2_holistic_system_ws/install/tracking_pkg/share/tracking_pkg/cmake/tracking_pkgConfig-version.cmake
[0.873s] -- Up-to-date symlink: /home/daniel/vm2_holistic_system_ws/install/tracking_pkg/share/tracking_pkg/package.xml
[0.881s] Invoked command in '/home/daniel/vm2_holistic_system_ws/build/tracking_pkg' returned '0': CMAKE_PREFIX_PATH=${CMAKE_PREFIX_PATH}:/opt/ros/humble /usr/bin/cmake --install /home/daniel/vm2_holistic_system_ws/build/tracking_pkg
