-- Found ament_cmake: 1.3.11 (/opt/ros/humble/share/ament_cmake/cmake)
-- Override CMake install command with custom implementation using symlinks instead of copying resources
-- Found rclcpp: 16.0.11 (/opt/ros/humble/share/rclcpp/cmake)
-- Found rosidl_generator_c: 3.1.6 (/opt/ros/humble/share/rosidl_generator_c/cmake)
-- Found rosidl_adapter: 3.1.6 (/opt/ros/humble/share/rosidl_adapter/cmake)
-- Found rosidl_generator_cpp: 3.1.6 (/opt/ros/humble/share/rosidl_generator_cpp/cmake)
-- Using all available rosidl_typesupport_c: rosidl_typesupport_fastrtps_c;rosidl_typesupport_introspection_c
-- Using all available rosidl_typesupport_cpp: rosidl_typesupport_fastrtps_cpp;rosidl_typesupport_introspection_cpp
-- Found rmw_implementation_cmake: 6.1.2 (/opt/ros/humble/share/rmw_implementation_cmake/cmake)
-- Found rmw_cyclonedds_cpp: 1.3.4 (/opt/ros/humble/share/rmw_cyclonedds_cpp/cmake)
-- Using RMW implementation 'rmw_cyclonedds_cpp' as default
-- Found geometry_msgs: 4.2.4 (/opt/ros/humble/share/geometry_msgs/cmake)
-- Found moveit_ros_planning_interface: 2.5.8 (/opt/ros/humble/share/moveit_ros_planning_interface/cmake)
-- Found Boost: /usr/lib/x86_64-linux-gnu/cmake/Boost-1.74.0/BoostConfig.cmake (found version "1.74.0") found components: date_time filesystem program_options system thread 
-- Found Boost: /usr/lib/x86_64-linux-gnu/cmake/Boost-1.74.0/BoostConfig.cmake (found version "1.74.0") found components: chrono date_time filesystem iostreams program_options regex serialization system thread 
-- Found parameter_traits: 0.4.0 (/opt/ros/humble/share/parameter_traits/cmake)
-- Found rclcpp_lifecycle: 16.0.11 (/opt/ros/humble/share/rclcpp_lifecycle/cmake)
-- Found Boost: /usr/lib/x86_64-linux-gnu/cmake/Boost-1.74.0/BoostConfig.cmake (found version "1.74.0") found components: filesystem 
-- library: /usr/lib/x86_64-linux-gnu/libcurl.so
-- Ensuring Eigen3 include directory is part of orocos-kdl CMake target
-- Found Boost: /usr/lib/x86_64-linux-gnu/cmake/Boost-1.74.0/BoostConfig.cmake (found version "1.74.0") found components: system filesystem date_time program_options thread chrono 
-- Found Boost: /usr/lib/x86_64-linux-gnu/cmake/Boost-1.74.0/BoostConfig.cmake (found version "1.74.0") found components: thread system filesystem regex date_time program_options 
-- Found Boost: /usr/lib/x86_64-linux-gnu/cmake/Boost-1.74.0/BoostConfig.cmake (found version "1.74.0") found components: system filesystem date_time program_options thread 
-- Found ament_lint_auto: 0.12.11 (/opt/ros/humble/share/ament_lint_auto/cmake)
-- Added test 'cppcheck' to perform static code analysis on C / C++ code
-- Configured cppcheck include dirs: 
-- Configured cppcheck exclude dirs and/or files: 
-- Added test 'flake8' to check Python code syntax and style conventions
-- Added test 'lint_cmake' to check CMake code style
-- Added test 'pep257' to check Python code against some of the docstring style conventions in PEP 257
-- Added test 'uncrustify' to check C / C++ code style
-- Configured uncrustify additional arguments: 
-- Added test 'xmllint' to check XML markup files
-- Configuring done
-- Generating done
-- Build files have been written to: /home/daniel/vm2_holistic_system_ws/build/tracking_pkg
[35m[1mConsolidate compiler generated dependencies of target moveit_mover[0m
[ 50%] Built target moveit_mover
[35m[1mConsolidate compiler generated dependencies of target loop_mover[0m
[100%] Built target loop_mover
-- Install configuration: ""
-- Execute custom install script
-- Up-to-date symlink: /home/daniel/vm2_holistic_system_ws/install/tracking_pkg/lib/tracking_pkg/hand_tracker.py
-- Up-to-date symlink: /home/daniel/vm2_holistic_system_ws/install/tracking_pkg/lib/tracking_pkg/camera_publisher.py
-- Up-to-date symlink: /home/daniel/vm2_holistic_system_ws/install/tracking_pkg/lib/tracking_pkg/frame_publisher.py
-- Up-to-date symlink: /home/daniel/vm2_holistic_system_ws/install/tracking_pkg/lib/tracking_pkg/gesture_pose_publisher.py
-- Up-to-date symlink: /home/daniel/vm2_holistic_system_ws/install/tracking_pkg/lib/tracking_pkg/box_publisher.py
-- Up-to-date symlink: /home/daniel/vm2_holistic_system_ws/install/tracking_pkg/lib/tracking_pkg/socket_mover.py
-- Up-to-date symlink: /home/daniel/vm2_holistic_system_ws/install/tracking_pkg/lib/tracking_pkg/gripper_mover.py
-- Symlinking: /home/daniel/vm2_holistic_system_ws/install/tracking_pkg/lib/tracking_pkg/gripper_opener_with_zeroer.py
-- Up-to-date symlink: /home/daniel/vm2_holistic_system_ws/install/tracking_pkg/share/tracking_pkg/launch/loop_launch.py
-- Up-to-date symlink: /home/daniel/vm2_holistic_system_ws/install/tracking_pkg/share/tracking_pkg/launch/moveit_launch.py
-- Up-to-date symlink: /home/daniel/vm2_holistic_system_ws/install/tracking_pkg/share/tracking_pkg/launch/web_socket_launch.py
-- Up-to-date symlink: /home/daniel/vm2_holistic_system_ws/install/tracking_pkg/lib/tracking_pkg/moveit_mover
-- Up-to-date symlink: /home/daniel/vm2_holistic_system_ws/install/tracking_pkg/lib/tracking_pkg/loop_mover
-- Up-to-date symlink: /home/daniel/vm2_holistic_system_ws/install/tracking_pkg/share/ament_index/resource_index/package_run_dependencies/tracking_pkg
-- Up-to-date symlink: /home/daniel/vm2_holistic_system_ws/install/tracking_pkg/share/ament_index/resource_index/parent_prefix_path/tracking_pkg
-- Up-to-date symlink: /home/daniel/vm2_holistic_system_ws/install/tracking_pkg/share/tracking_pkg/environment/ament_prefix_path.sh
-- Up-to-date symlink: /home/daniel/vm2_holistic_system_ws/install/tracking_pkg/share/tracking_pkg/environment/ament_prefix_path.dsv
-- Up-to-date symlink: /home/daniel/vm2_holistic_system_ws/install/tracking_pkg/share/tracking_pkg/environment/path.sh
-- Up-to-date symlink: /home/daniel/vm2_holistic_system_ws/install/tracking_pkg/share/tracking_pkg/environment/path.dsv
-- Up-to-date symlink: /home/daniel/vm2_holistic_system_ws/install/tracking_pkg/share/tracking_pkg/local_setup.bash
-- Up-to-date symlink: /home/daniel/vm2_holistic_system_ws/install/tracking_pkg/share/tracking_pkg/local_setup.sh
-- Up-to-date symlink: /home/daniel/vm2_holistic_system_ws/install/tracking_pkg/share/tracking_pkg/local_setup.zsh
-- Up-to-date symlink: /home/daniel/vm2_holistic_system_ws/install/tracking_pkg/share/tracking_pkg/local_setup.dsv
-- Symlinking: /home/daniel/vm2_holistic_system_ws/install/tracking_pkg/share/tracking_pkg/package.dsv
-- Up-to-date symlink: /home/daniel/vm2_holistic_system_ws/install/tracking_pkg/share/ament_index/resource_index/packages/tracking_pkg
-- Up-to-date symlink: /home/daniel/vm2_holistic_system_ws/install/tracking_pkg/share/tracking_pkg/cmake/tracking_pkgConfig.cmake
-- Up-to-date symlink: /home/daniel/vm2_holistic_system_ws/install/tracking_pkg/share/tracking_pkg/cmake/tracking_pkgConfig-version.cmake
-- Up-to-date symlink: /home/daniel/vm2_holistic_system_ws/install/tracking_pkg/share/tracking_pkg/package.xml
