[0.399s] DEBUG:colcon:Command line arguments: ['/usr/bin/colcon', 'build', '--symlink-install']
[0.399s] DEBUG:colcon:Parsed command line arguments: Namespace(log_base=None, log_level=None, verb_name='build', build_base='build', install_base='install', merge_install=False, symlink_install=True, test_result_base=None, continue_on_error=False, executor='parallel', parallel_workers=8, event_handlers=None, ignore_user_meta=False, metas=['./colcon.meta'], base_paths=['.'], packages_ignore=None, packages_ignore_regex=None, paths=None, packages_up_to=None, packages_up_to_regex=None, packages_above=None, packages_above_and_dependencies=None, packages_above_depth=None, packages_select_by_dep=None, packages_skip_by_dep=None, packages_skip_up_to=None, packages_select_build_failed=False, packages_skip_build_finished=False, packages_select_test_failures=False, packages_skip_test_passed=False, packages_select=None, packages_skip=None, packages_select_regex=None, packages_skip_regex=None, packages_start=None, packages_end=None, allow_overriding=[], cmake_args=None, cmake_target=None, cmake_target_skip_unavailable=False, cmake_clean_cache=False, cmake_clean_first=False, cmake_force_configure=False, ament_cmake_args=None, catkin_cmake_args=None, catkin_skip_building_tests=False, mixin_files=None, mixin=None, verb_parser=<colcon_mixin.mixin.mixin_argument.MixinArgumentDecorator object at 0x7a4873d23d60>, verb_extension=<colcon_core.verb.build.BuildVerb object at 0x7a4873d23880>, main=<bound method BuildVerb.main of <colcon_core.verb.build.BuildVerb object at 0x7a4873d23880>>, mixin_verb=('build',))
[0.491s] Level 1:colcon.colcon_core.package_discovery:discover_packages(colcon_meta) check parameters
[0.492s] Level 1:colcon.colcon_core.package_discovery:discover_packages(recursive) check parameters
[0.492s] Level 1:colcon.colcon_core.package_discovery:discover_packages(ignore) check parameters
[0.492s] Level 1:colcon.colcon_core.package_discovery:discover_packages(path) check parameters
[0.492s] Level 1:colcon.colcon_core.package_discovery:discover_packages(colcon_meta) discover
[0.493s] Level 1:colcon.colcon_core.package_discovery:discover_packages(recursive) discover
[0.493s] INFO:colcon.colcon_core.package_discovery:Crawling recursively for packages in '/home/daniel/vm2_holistic_system_ws'
[0.493s] Level 1:colcon.colcon_core.package_identification:_identify(.) by extensions ['ignore', 'ignore_ament_install']
[0.494s] Level 1:colcon.colcon_core.package_identification:_identify(.) by extension 'ignore'
[0.494s] Level 1:colcon.colcon_core.package_identification:_identify(.) by extension 'ignore_ament_install'
[0.494s] Level 1:colcon.colcon_core.package_identification:_identify(.) by extensions ['colcon_pkg']
[0.494s] Level 1:colcon.colcon_core.package_identification:_identify(.) by extension 'colcon_pkg'
[0.494s] Level 1:colcon.colcon_core.package_identification:_identify(.) by extensions ['colcon_meta']
[0.494s] Level 1:colcon.colcon_core.package_identification:_identify(.) by extension 'colcon_meta'
[0.495s] Level 1:colcon.colcon_core.package_identification:_identify(.) by extensions ['ros']
[0.495s] Level 1:colcon.colcon_core.package_identification:_identify(.) by extension 'ros'
[0.542s] Level 1:colcon.colcon_core.package_identification:_identify(.) by extensions ['cmake', 'python']
[0.542s] Level 1:colcon.colcon_core.package_identification:_identify(.) by extension 'cmake'
[0.542s] Level 1:colcon.colcon_core.package_identification:_identify(.) by extension 'python'
[0.542s] Level 1:colcon.colcon_core.package_identification:_identify(.) by extensions ['python_setup_py']
[0.542s] Level 1:colcon.colcon_core.package_identification:_identify(.) by extension 'python_setup_py'
[0.542s] Level 1:colcon.colcon_core.package_identification:_identify(build) by extensions ['ignore', 'ignore_ament_install']
[0.543s] Level 1:colcon.colcon_core.package_identification:_identify(build) by extension 'ignore'
[0.543s] Level 1:colcon.colcon_core.package_identification:_identify(build) ignored
[0.543s] Level 1:colcon.colcon_core.package_identification:_identify(files) by extensions ['ignore', 'ignore_ament_install']
[0.543s] Level 1:colcon.colcon_core.package_identification:_identify(files) by extension 'ignore'
[0.544s] Level 1:colcon.colcon_core.package_identification:_identify(files) by extension 'ignore_ament_install'
[0.544s] Level 1:colcon.colcon_core.package_identification:_identify(files) by extensions ['colcon_pkg']
[0.544s] Level 1:colcon.colcon_core.package_identification:_identify(files) by extension 'colcon_pkg'
[0.544s] Level 1:colcon.colcon_core.package_identification:_identify(files) by extensions ['colcon_meta']
[0.544s] Level 1:colcon.colcon_core.package_identification:_identify(files) by extension 'colcon_meta'
[0.544s] Level 1:colcon.colcon_core.package_identification:_identify(files) by extensions ['ros']
[0.544s] Level 1:colcon.colcon_core.package_identification:_identify(files) by extension 'ros'
[0.545s] Level 1:colcon.colcon_core.package_identification:_identify(files) by extensions ['cmake', 'python']
[0.545s] Level 1:colcon.colcon_core.package_identification:_identify(files) by extension 'cmake'
[0.545s] Level 1:colcon.colcon_core.package_identification:_identify(files) by extension 'python'
[0.545s] Level 1:colcon.colcon_core.package_identification:_identify(files) by extensions ['python_setup_py']
[0.545s] Level 1:colcon.colcon_core.package_identification:_identify(files) by extension 'python_setup_py'
[0.545s] Level 1:colcon.colcon_core.package_identification:_identify(install) by extensions ['ignore', 'ignore_ament_install']
[0.546s] Level 1:colcon.colcon_core.package_identification:_identify(install) by extension 'ignore'
[0.546s] Level 1:colcon.colcon_core.package_identification:_identify(install) ignored
[0.546s] Level 1:colcon.colcon_core.package_identification:_identify(log) by extensions ['ignore', 'ignore_ament_install']
[0.546s] Level 1:colcon.colcon_core.package_identification:_identify(log) by extension 'ignore'
[0.546s] Level 1:colcon.colcon_core.package_identification:_identify(log) ignored
[0.547s] Level 1:colcon.colcon_core.package_identification:_identify(src) by extensions ['ignore', 'ignore_ament_install']
[0.547s] Level 1:colcon.colcon_core.package_identification:_identify(src) by extension 'ignore'
[0.547s] Level 1:colcon.colcon_core.package_identification:_identify(src) by extension 'ignore_ament_install'
[0.547s] Level 1:colcon.colcon_core.package_identification:_identify(src) by extensions ['colcon_pkg']
[0.547s] Level 1:colcon.colcon_core.package_identification:_identify(src) by extension 'colcon_pkg'
[0.547s] Level 1:colcon.colcon_core.package_identification:_identify(src) by extensions ['colcon_meta']
[0.547s] Level 1:colcon.colcon_core.package_identification:_identify(src) by extension 'colcon_meta'
[0.547s] Level 1:colcon.colcon_core.package_identification:_identify(src) by extensions ['ros']
[0.547s] Level 1:colcon.colcon_core.package_identification:_identify(src) by extension 'ros'
[0.548s] Level 1:colcon.colcon_core.package_identification:_identify(src) by extensions ['cmake', 'python']
[0.548s] Level 1:colcon.colcon_core.package_identification:_identify(src) by extension 'cmake'
[0.548s] Level 1:colcon.colcon_core.package_identification:_identify(src) by extension 'python'
[0.548s] Level 1:colcon.colcon_core.package_identification:_identify(src) by extensions ['python_setup_py']
[0.548s] Level 1:colcon.colcon_core.package_identification:_identify(src) by extension 'python_setup_py'
[0.548s] Level 1:colcon.colcon_core.package_identification:_identify(src/Universal_Robots_ROS2_Gazebo_Simulation) by extensions ['ignore', 'ignore_ament_install']
[0.549s] Level 1:colcon.colcon_core.package_identification:_identify(src/Universal_Robots_ROS2_Gazebo_Simulation) by extension 'ignore'
[0.549s] Level 1:colcon.colcon_core.package_identification:_identify(src/Universal_Robots_ROS2_Gazebo_Simulation) by extension 'ignore_ament_install'
[0.549s] Level 1:colcon.colcon_core.package_identification:_identify(src/Universal_Robots_ROS2_Gazebo_Simulation) by extensions ['colcon_pkg']
[0.549s] Level 1:colcon.colcon_core.package_identification:_identify(src/Universal_Robots_ROS2_Gazebo_Simulation) by extension 'colcon_pkg'
[0.549s] Level 1:colcon.colcon_core.package_identification:_identify(src/Universal_Robots_ROS2_Gazebo_Simulation) by extensions ['colcon_meta']
[0.549s] Level 1:colcon.colcon_core.package_identification:_identify(src/Universal_Robots_ROS2_Gazebo_Simulation) by extension 'colcon_meta'
[0.550s] Level 1:colcon.colcon_core.package_identification:_identify(src/Universal_Robots_ROS2_Gazebo_Simulation) by extensions ['ros']
[0.550s] Level 1:colcon.colcon_core.package_identification:_identify(src/Universal_Robots_ROS2_Gazebo_Simulation) by extension 'ros'
[0.550s] Level 1:colcon.colcon_core.package_identification:_identify(src/Universal_Robots_ROS2_Gazebo_Simulation) by extensions ['cmake', 'python']
[0.550s] Level 1:colcon.colcon_core.package_identification:_identify(src/Universal_Robots_ROS2_Gazebo_Simulation) by extension 'cmake'
[0.550s] Level 1:colcon.colcon_core.package_identification:_identify(src/Universal_Robots_ROS2_Gazebo_Simulation) by extension 'python'
[0.550s] Level 1:colcon.colcon_core.package_identification:_identify(src/Universal_Robots_ROS2_Gazebo_Simulation) by extensions ['python_setup_py']
[0.551s] Level 1:colcon.colcon_core.package_identification:_identify(src/Universal_Robots_ROS2_Gazebo_Simulation) by extension 'python_setup_py'
[0.551s] Level 1:colcon.colcon_core.package_identification:_identify(src/Universal_Robots_ROS2_Gazebo_Simulation/ur_simulation_gazebo) by extensions ['ignore', 'ignore_ament_install']
[0.551s] Level 1:colcon.colcon_core.package_identification:_identify(src/Universal_Robots_ROS2_Gazebo_Simulation/ur_simulation_gazebo) by extension 'ignore'
[0.551s] Level 1:colcon.colcon_core.package_identification:_identify(src/Universal_Robots_ROS2_Gazebo_Simulation/ur_simulation_gazebo) by extension 'ignore_ament_install'
[0.552s] Level 1:colcon.colcon_core.package_identification:_identify(src/Universal_Robots_ROS2_Gazebo_Simulation/ur_simulation_gazebo) by extensions ['colcon_pkg']
[0.552s] Level 1:colcon.colcon_core.package_identification:_identify(src/Universal_Robots_ROS2_Gazebo_Simulation/ur_simulation_gazebo) by extension 'colcon_pkg'
[0.552s] Level 1:colcon.colcon_core.package_identification:_identify(src/Universal_Robots_ROS2_Gazebo_Simulation/ur_simulation_gazebo) by extensions ['colcon_meta']
[0.552s] Level 1:colcon.colcon_core.package_identification:_identify(src/Universal_Robots_ROS2_Gazebo_Simulation/ur_simulation_gazebo) by extension 'colcon_meta'
[0.552s] Level 1:colcon.colcon_core.package_identification:_identify(src/Universal_Robots_ROS2_Gazebo_Simulation/ur_simulation_gazebo) by extensions ['ros']
[0.552s] Level 1:colcon.colcon_core.package_identification:_identify(src/Universal_Robots_ROS2_Gazebo_Simulation/ur_simulation_gazebo) by extension 'ros'
[0.564s] DEBUG:colcon.colcon_core.package_identification:Package 'src/Universal_Robots_ROS2_Gazebo_Simulation/ur_simulation_gazebo' with type 'ros.ament_cmake' and name 'ur_simulation_gazebo'
[0.564s] Level 1:colcon.colcon_core.package_identification:_identify(src/gripper_force_feedback) by extensions ['ignore', 'ignore_ament_install']
[0.565s] Level 1:colcon.colcon_core.package_identification:_identify(src/gripper_force_feedback) by extension 'ignore'
[0.565s] Level 1:colcon.colcon_core.package_identification:_identify(src/gripper_force_feedback) by extension 'ignore_ament_install'
[0.565s] Level 1:colcon.colcon_core.package_identification:_identify(src/gripper_force_feedback) by extensions ['colcon_pkg']
[0.565s] Level 1:colcon.colcon_core.package_identification:_identify(src/gripper_force_feedback) by extension 'colcon_pkg'
[0.565s] Level 1:colcon.colcon_core.package_identification:_identify(src/gripper_force_feedback) by extensions ['colcon_meta']
[0.565s] Level 1:colcon.colcon_core.package_identification:_identify(src/gripper_force_feedback) by extension 'colcon_meta'
[0.565s] Level 1:colcon.colcon_core.package_identification:_identify(src/gripper_force_feedback) by extensions ['ros']
[0.566s] Level 1:colcon.colcon_core.package_identification:_identify(src/gripper_force_feedback) by extension 'ros'
[0.567s] DEBUG:colcon.colcon_core.package_identification:Package 'src/gripper_force_feedback' with type 'ros.ament_cmake' and name 'gripper_force_feedback'
[0.568s] Level 1:colcon.colcon_core.package_identification:_identify(src/tracking_pkg) by extensions ['ignore', 'ignore_ament_install']
[0.568s] Level 1:colcon.colcon_core.package_identification:_identify(src/tracking_pkg) by extension 'ignore'
[0.568s] Level 1:colcon.colcon_core.package_identification:_identify(src/tracking_pkg) by extension 'ignore_ament_install'
[0.569s] Level 1:colcon.colcon_core.package_identification:_identify(src/tracking_pkg) by extensions ['colcon_pkg']
[0.569s] Level 1:colcon.colcon_core.package_identification:_identify(src/tracking_pkg) by extension 'colcon_pkg'
[0.569s] Level 1:colcon.colcon_core.package_identification:_identify(src/tracking_pkg) by extensions ['colcon_meta']
[0.569s] Level 1:colcon.colcon_core.package_identification:_identify(src/tracking_pkg) by extension 'colcon_meta'
[0.569s] Level 1:colcon.colcon_core.package_identification:_identify(src/tracking_pkg) by extensions ['ros']
[0.569s] Level 1:colcon.colcon_core.package_identification:_identify(src/tracking_pkg) by extension 'ros'
[0.571s] DEBUG:colcon.colcon_core.package_identification:Package 'src/tracking_pkg' with type 'ros.ament_cmake' and name 'tracking_pkg'
[0.571s] Level 1:colcon.colcon_core.package_discovery:discover_packages(recursive) using defaults
[0.572s] Level 1:colcon.colcon_core.package_discovery:discover_packages(ignore) discover
[0.572s] Level 1:colcon.colcon_core.package_discovery:discover_packages(ignore) using defaults
[0.572s] Level 1:colcon.colcon_core.package_discovery:discover_packages(path) discover
[0.572s] Level 1:colcon.colcon_core.package_discovery:discover_packages(path) using defaults
[0.632s] Level 1:colcon.colcon_core.package_discovery:discover_packages(prefix_path) check parameters
[0.632s] Level 1:colcon.colcon_core.package_discovery:discover_packages(prefix_path) discover
[0.634s] WARNING:colcon.colcon_ros.prefix_path.ament:The path '/home/daniel/vm2_holistic_system_ws/install/ur_simulation_gazebo' in the environment variable AMENT_PREFIX_PATH doesn't exist
[0.634s] WARNING:colcon.colcon_ros.prefix_path.ament:The path '/home/daniel/vm2_holistic_system_ws/install/tracking_pkg' in the environment variable AMENT_PREFIX_PATH doesn't exist
[0.634s] WARNING:colcon.colcon_ros.prefix_path.ament:The path '/home/daniel/vm2_holistic_system_ws/install/gripper_force_feedback' in the environment variable AMENT_PREFIX_PATH doesn't exist
[0.635s] WARNING:colcon.colcon_ros.prefix_path.catkin:The path '/home/daniel/vm2_holistic_system_ws/install/ur_simulation_gazebo' in the environment variable CMAKE_PREFIX_PATH doesn't exist
[0.635s] WARNING:colcon.colcon_ros.prefix_path.catkin:The path '/home/daniel/vm2_holistic_system_ws/install/tracking_pkg' in the environment variable CMAKE_PREFIX_PATH doesn't exist
[0.635s] WARNING:colcon.colcon_ros.prefix_path.catkin:The path '/home/daniel/vm2_holistic_system_ws/install/gripper_force_feedback' in the environment variable CMAKE_PREFIX_PATH doesn't exist
[0.636s] DEBUG:colcon.colcon_installed_package_information.package_discovery:Found 0 installed packages in /home/daniel/vm2_holistic_system_ws/install
[0.640s] DEBUG:colcon.colcon_installed_package_information.package_discovery:Found 338 installed packages in /opt/ros/humble
[0.645s] Level 1:colcon.colcon_core.package_discovery:discover_packages(prefix_path) using defaults
[0.798s] Level 5:colcon.colcon_core.verb:set package 'gripper_force_feedback' build argument 'cmake_args' from command line to 'None'
[0.798s] Level 5:colcon.colcon_core.verb:set package 'gripper_force_feedback' build argument 'cmake_target' from command line to 'None'
[0.798s] Level 5:colcon.colcon_core.verb:set package 'gripper_force_feedback' build argument 'cmake_target_skip_unavailable' from command line to 'False'
[0.799s] Level 5:colcon.colcon_core.verb:set package 'gripper_force_feedback' build argument 'cmake_clean_cache' from command line to 'False'
[0.799s] Level 5:colcon.colcon_core.verb:set package 'gripper_force_feedback' build argument 'cmake_clean_first' from command line to 'False'
[0.799s] Level 5:colcon.colcon_core.verb:set package 'gripper_force_feedback' build argument 'cmake_force_configure' from command line to 'False'
[0.799s] Level 5:colcon.colcon_core.verb:set package 'gripper_force_feedback' build argument 'ament_cmake_args' from command line to 'None'
[0.799s] Level 5:colcon.colcon_core.verb:set package 'gripper_force_feedback' build argument 'catkin_cmake_args' from command line to 'None'
[0.799s] Level 5:colcon.colcon_core.verb:set package 'gripper_force_feedback' build argument 'catkin_skip_building_tests' from command line to 'False'
[0.799s] DEBUG:colcon.colcon_core.verb:Building package 'gripper_force_feedback' with the following arguments: {'ament_cmake_args': None, 'build_base': '/home/daniel/vm2_holistic_system_ws/build/gripper_force_feedback', 'catkin_cmake_args': None, 'catkin_skip_building_tests': False, 'cmake_args': None, 'cmake_clean_cache': False, 'cmake_clean_first': False, 'cmake_force_configure': False, 'cmake_target': None, 'cmake_target_skip_unavailable': False, 'install_base': '/home/daniel/vm2_holistic_system_ws/install/gripper_force_feedback', 'merge_install': False, 'path': '/home/daniel/vm2_holistic_system_ws/src/gripper_force_feedback', 'symlink_install': True, 'test_result_base': None}
[0.800s] Level 5:colcon.colcon_core.verb:set package 'tracking_pkg' build argument 'cmake_args' from command line to 'None'
[0.800s] Level 5:colcon.colcon_core.verb:set package 'tracking_pkg' build argument 'cmake_target' from command line to 'None'
[0.800s] Level 5:colcon.colcon_core.verb:set package 'tracking_pkg' build argument 'cmake_target_skip_unavailable' from command line to 'False'
[0.800s] Level 5:colcon.colcon_core.verb:set package 'tracking_pkg' build argument 'cmake_clean_cache' from command line to 'False'
[0.800s] Level 5:colcon.colcon_core.verb:set package 'tracking_pkg' build argument 'cmake_clean_first' from command line to 'False'
[0.801s] Level 5:colcon.colcon_core.verb:set package 'tracking_pkg' build argument 'cmake_force_configure' from command line to 'False'
[0.801s] Level 5:colcon.colcon_core.verb:set package 'tracking_pkg' build argument 'ament_cmake_args' from command line to 'None'
[0.801s] Level 5:colcon.colcon_core.verb:set package 'tracking_pkg' build argument 'catkin_cmake_args' from command line to 'None'
[0.801s] Level 5:colcon.colcon_core.verb:set package 'tracking_pkg' build argument 'catkin_skip_building_tests' from command line to 'False'
[0.801s] DEBUG:colcon.colcon_core.verb:Building package 'tracking_pkg' with the following arguments: {'ament_cmake_args': None, 'build_base': '/home/daniel/vm2_holistic_system_ws/build/tracking_pkg', 'catkin_cmake_args': None, 'catkin_skip_building_tests': False, 'cmake_args': None, 'cmake_clean_cache': False, 'cmake_clean_first': False, 'cmake_force_configure': False, 'cmake_target': None, 'cmake_target_skip_unavailable': False, 'install_base': '/home/daniel/vm2_holistic_system_ws/install/tracking_pkg', 'merge_install': False, 'path': '/home/daniel/vm2_holistic_system_ws/src/tracking_pkg', 'symlink_install': True, 'test_result_base': None}
[0.802s] Level 5:colcon.colcon_core.verb:set package 'ur_simulation_gazebo' build argument 'cmake_args' from command line to 'None'
[0.802s] Level 5:colcon.colcon_core.verb:set package 'ur_simulation_gazebo' build argument 'cmake_target' from command line to 'None'
[0.802s] Level 5:colcon.colcon_core.verb:set package 'ur_simulation_gazebo' build argument 'cmake_target_skip_unavailable' from command line to 'False'
[0.802s] Level 5:colcon.colcon_core.verb:set package 'ur_simulation_gazebo' build argument 'cmake_clean_cache' from command line to 'False'
[0.802s] Level 5:colcon.colcon_core.verb:set package 'ur_simulation_gazebo' build argument 'cmake_clean_first' from command line to 'False'
[0.802s] Level 5:colcon.colcon_core.verb:set package 'ur_simulation_gazebo' build argument 'cmake_force_configure' from command line to 'False'
[0.802s] Level 5:colcon.colcon_core.verb:set package 'ur_simulation_gazebo' build argument 'ament_cmake_args' from command line to 'None'
[0.803s] Level 5:colcon.colcon_core.verb:set package 'ur_simulation_gazebo' build argument 'catkin_cmake_args' from command line to 'None'
[0.803s] Level 5:colcon.colcon_core.verb:set package 'ur_simulation_gazebo' build argument 'catkin_skip_building_tests' from command line to 'False'
[0.803s] DEBUG:colcon.colcon_core.verb:Building package 'ur_simulation_gazebo' with the following arguments: {'ament_cmake_args': None, 'build_base': '/home/daniel/vm2_holistic_system_ws/build/ur_simulation_gazebo', 'catkin_cmake_args': None, 'catkin_skip_building_tests': False, 'cmake_args': None, 'cmake_clean_cache': False, 'cmake_clean_first': False, 'cmake_force_configure': False, 'cmake_target': None, 'cmake_target_skip_unavailable': False, 'install_base': '/home/daniel/vm2_holistic_system_ws/install/ur_simulation_gazebo', 'merge_install': False, 'path': '/home/daniel/vm2_holistic_system_ws/src/Universal_Robots_ROS2_Gazebo_Simulation/ur_simulation_gazebo', 'symlink_install': True, 'test_result_base': None}
[0.803s] INFO:colcon.colcon_core.executor:Executing jobs using 'parallel' executor
[0.805s] DEBUG:colcon.colcon_parallel_executor.executor.parallel:run_until_complete
[0.806s] INFO:colcon.colcon_ros.task.ament_cmake.build:Building ROS package in '/home/daniel/vm2_holistic_system_ws/src/gripper_force_feedback' with build type 'ament_cmake'
[0.807s] INFO:colcon.colcon_cmake.task.cmake.build:Building CMake package in '/home/daniel/vm2_holistic_system_ws/src/gripper_force_feedback'
[0.817s] INFO:colcon.colcon_core.plugin_system:Skipping extension 'colcon_core.shell.bat': Not used on non-Windows systems
[0.818s] INFO:colcon.colcon_core.shell:Skip shell extension 'powershell' for command environment: Not usable outside of PowerShell
[0.818s] DEBUG:colcon.colcon_core.shell:Skip shell extension 'dsv' for command environment
[0.830s] INFO:colcon.colcon_ros.task.ament_cmake.build:Building ROS package in '/home/daniel/vm2_holistic_system_ws/src/tracking_pkg' with build type 'ament_cmake'
[0.831s] INFO:colcon.colcon_cmake.task.cmake.build:Building CMake package in '/home/daniel/vm2_holistic_system_ws/src/tracking_pkg'
[0.832s] INFO:colcon.colcon_core.shell:Skip shell extension 'powershell' for command environment: Not usable outside of PowerShell
[0.832s] DEBUG:colcon.colcon_core.shell:Skip shell extension 'dsv' for command environment
[0.846s] INFO:colcon.colcon_ros.task.ament_cmake.build:Building ROS package in '/home/daniel/vm2_holistic_system_ws/src/Universal_Robots_ROS2_Gazebo_Simulation/ur_simulation_gazebo' with build type 'ament_cmake'
[0.847s] INFO:colcon.colcon_cmake.task.cmake.build:Building CMake package in '/home/daniel/vm2_holistic_system_ws/src/Universal_Robots_ROS2_Gazebo_Simulation/ur_simulation_gazebo'
[0.849s] INFO:colcon.colcon_core.shell:Skip shell extension 'powershell' for command environment: Not usable outside of PowerShell
[0.849s] DEBUG:colcon.colcon_core.shell:Skip shell extension 'dsv' for command environment
[0.877s] DEBUG:colcon.colcon_core.event_handler.log_command:Invoking command in '/home/daniel/vm2_holistic_system_ws/build/gripper_force_feedback': CMAKE_PREFIX_PATH=${CMAKE_PREFIX_PATH}:/opt/ros/humble /usr/bin/cmake /home/daniel/vm2_holistic_system_ws/src/gripper_force_feedback -DAMENT_CMAKE_SYMLINK_INSTALL=1 -DCMAKE_INSTALL_PREFIX=/home/daniel/vm2_holistic_system_ws/install/gripper_force_feedback
[0.910s] DEBUG:colcon.colcon_core.event_handler.log_command:Invoking command in '/home/daniel/vm2_holistic_system_ws/build/tracking_pkg': CMAKE_PREFIX_PATH=${CMAKE_PREFIX_PATH}:/opt/ros/humble /usr/bin/cmake /home/daniel/vm2_holistic_system_ws/src/tracking_pkg -DAMENT_CMAKE_SYMLINK_INSTALL=1 -DCMAKE_INSTALL_PREFIX=/home/daniel/vm2_holistic_system_ws/install/tracking_pkg
[0.939s] DEBUG:colcon.colcon_core.event_handler.log_command:Invoking command in '/home/daniel/vm2_holistic_system_ws/build/ur_simulation_gazebo': CMAKE_PREFIX_PATH=${CMAKE_PREFIX_PATH}:/opt/ros/humble /usr/bin/cmake /home/daniel/vm2_holistic_system_ws/src/Universal_Robots_ROS2_Gazebo_Simulation/ur_simulation_gazebo -DAMENT_CMAKE_SYMLINK_INSTALL=1 -DCMAKE_INSTALL_PREFIX=/home/daniel/vm2_holistic_system_ws/install/ur_simulation_gazebo
[6.145s] DEBUG:colcon.colcon_core.event_handler.log_command:Invoked command in '/home/daniel/vm2_holistic_system_ws/build/ur_simulation_gazebo' returned '0': CMAKE_PREFIX_PATH=${CMAKE_PREFIX_PATH}:/opt/ros/humble /usr/bin/cmake /home/daniel/vm2_holistic_system_ws/src/Universal_Robots_ROS2_Gazebo_Simulation/ur_simulation_gazebo -DAMENT_CMAKE_SYMLINK_INSTALL=1 -DCMAKE_INSTALL_PREFIX=/home/daniel/vm2_holistic_system_ws/install/ur_simulation_gazebo
[6.148s] DEBUG:colcon.colcon_core.event_handler.log_command:Invoking command in '/home/daniel/vm2_holistic_system_ws/build/ur_simulation_gazebo': CMAKE_PREFIX_PATH=${CMAKE_PREFIX_PATH}:/opt/ros/humble /usr/bin/cmake --build /home/daniel/vm2_holistic_system_ws/build/ur_simulation_gazebo -- -j8 -l8
[6.367s] DEBUG:colcon.colcon_core.event_handler.log_command:Invoked command in '/home/daniel/vm2_holistic_system_ws/build/ur_simulation_gazebo' returned '0': CMAKE_PREFIX_PATH=${CMAKE_PREFIX_PATH}:/opt/ros/humble /usr/bin/cmake --build /home/daniel/vm2_holistic_system_ws/build/ur_simulation_gazebo -- -j8 -l8
[6.433s] DEBUG:colcon.colcon_core.event_handler.log_command:Invoking command in '/home/daniel/vm2_holistic_system_ws/build/ur_simulation_gazebo': CMAKE_PREFIX_PATH=${CMAKE_PREFIX_PATH}:/opt/ros/humble /usr/bin/cmake --install /home/daniel/vm2_holistic_system_ws/build/ur_simulation_gazebo
[7.513s] Level 1:colcon.colcon_core.environment:create_environment_scripts_only(ur_simulation_gazebo)
[7.517s] DEBUG:colcon.colcon_core.event_handler.log_command:Invoked command in '/home/daniel/vm2_holistic_system_ws/build/ur_simulation_gazebo' returned '0': CMAKE_PREFIX_PATH=${CMAKE_PREFIX_PATH}:/opt/ros/humble /usr/bin/cmake --install /home/daniel/vm2_holistic_system_ws/build/ur_simulation_gazebo
[7.527s] Level 1:colcon.colcon_core.environment:checking '/home/daniel/vm2_holistic_system_ws/install/ur_simulation_gazebo' for CMake module files
[7.529s] Level 1:colcon.colcon_core.environment:checking '/home/daniel/vm2_holistic_system_ws/install/ur_simulation_gazebo' for CMake config files
[7.531s] Level 1:colcon.colcon_core.shell:create_environment_hook('ur_simulation_gazebo', 'cmake_prefix_path')
[7.532s] INFO:colcon.colcon_core.shell:Creating environment hook '/home/daniel/vm2_holistic_system_ws/install/ur_simulation_gazebo/share/ur_simulation_gazebo/hook/cmake_prefix_path.ps1'
[7.536s] INFO:colcon.colcon_core.shell:Creating environment descriptor '/home/daniel/vm2_holistic_system_ws/install/ur_simulation_gazebo/share/ur_simulation_gazebo/hook/cmake_prefix_path.dsv'
[7.538s] INFO:colcon.colcon_core.shell:Creating environment hook '/home/daniel/vm2_holistic_system_ws/install/ur_simulation_gazebo/share/ur_simulation_gazebo/hook/cmake_prefix_path.sh'
[7.542s] Level 1:colcon.colcon_core.environment:checking '/home/daniel/vm2_holistic_system_ws/install/ur_simulation_gazebo/bin'
[7.542s] Level 1:colcon.colcon_core.environment:checking '/home/daniel/vm2_holistic_system_ws/install/ur_simulation_gazebo/lib/pkgconfig/ur_simulation_gazebo.pc'
[7.543s] Level 1:colcon.colcon_core.environment:checking '/home/daniel/vm2_holistic_system_ws/install/ur_simulation_gazebo/lib/python3.10/site-packages'
[7.544s] Level 1:colcon.colcon_core.environment:checking '/home/daniel/vm2_holistic_system_ws/install/ur_simulation_gazebo/bin'
[7.546s] INFO:colcon.colcon_core.shell:Creating package script '/home/daniel/vm2_holistic_system_ws/install/ur_simulation_gazebo/share/ur_simulation_gazebo/package.ps1'
[7.552s] INFO:colcon.colcon_core.shell:Creating package descriptor '/home/daniel/vm2_holistic_system_ws/install/ur_simulation_gazebo/share/ur_simulation_gazebo/package.dsv'
[7.555s] INFO:colcon.colcon_core.shell:Creating package script '/home/daniel/vm2_holistic_system_ws/install/ur_simulation_gazebo/share/ur_simulation_gazebo/package.sh'
[7.558s] INFO:colcon.colcon_core.shell:Creating package script '/home/daniel/vm2_holistic_system_ws/install/ur_simulation_gazebo/share/ur_simulation_gazebo/package.bash'
[7.562s] INFO:colcon.colcon_core.shell:Creating package script '/home/daniel/vm2_holistic_system_ws/install/ur_simulation_gazebo/share/ur_simulation_gazebo/package.zsh'
[7.567s] Level 1:colcon.colcon_core.environment:create_file_with_runtime_dependencies(/home/daniel/vm2_holistic_system_ws/install/ur_simulation_gazebo/share/colcon-core/packages/ur_simulation_gazebo)
[7.570s] Level 1:colcon.colcon_core.environment:create_environment_scripts_only(ur_simulation_gazebo)
[7.571s] Level 1:colcon.colcon_core.environment:checking '/home/daniel/vm2_holistic_system_ws/install/ur_simulation_gazebo' for CMake module files
[7.573s] Level 1:colcon.colcon_core.environment:checking '/home/daniel/vm2_holistic_system_ws/install/ur_simulation_gazebo' for CMake config files
[7.574s] Level 1:colcon.colcon_core.shell:create_environment_hook('ur_simulation_gazebo', 'cmake_prefix_path')
[7.575s] INFO:colcon.colcon_core.shell:Creating environment hook '/home/daniel/vm2_holistic_system_ws/install/ur_simulation_gazebo/share/ur_simulation_gazebo/hook/cmake_prefix_path.ps1'
[7.578s] INFO:colcon.colcon_core.shell:Creating environment descriptor '/home/daniel/vm2_holistic_system_ws/install/ur_simulation_gazebo/share/ur_simulation_gazebo/hook/cmake_prefix_path.dsv'
[7.580s] INFO:colcon.colcon_core.shell:Creating environment hook '/home/daniel/vm2_holistic_system_ws/install/ur_simulation_gazebo/share/ur_simulation_gazebo/hook/cmake_prefix_path.sh'
[7.583s] Level 1:colcon.colcon_core.environment:checking '/home/daniel/vm2_holistic_system_ws/install/ur_simulation_gazebo/bin'
[7.584s] Level 1:colcon.colcon_core.environment:checking '/home/daniel/vm2_holistic_system_ws/install/ur_simulation_gazebo/lib/pkgconfig/ur_simulation_gazebo.pc'
[7.586s] Level 1:colcon.colcon_core.environment:checking '/home/daniel/vm2_holistic_system_ws/install/ur_simulation_gazebo/lib/python3.10/site-packages'
[7.587s] Level 1:colcon.colcon_core.environment:checking '/home/daniel/vm2_holistic_system_ws/install/ur_simulation_gazebo/bin'
[7.589s] INFO:colcon.colcon_core.shell:Creating package script '/home/daniel/vm2_holistic_system_ws/install/ur_simulation_gazebo/share/ur_simulation_gazebo/package.ps1'
[7.593s] INFO:colcon.colcon_core.shell:Creating package descriptor '/home/daniel/vm2_holistic_system_ws/install/ur_simulation_gazebo/share/ur_simulation_gazebo/package.dsv'
[7.595s] INFO:colcon.colcon_core.shell:Creating package script '/home/daniel/vm2_holistic_system_ws/install/ur_simulation_gazebo/share/ur_simulation_gazebo/package.sh'
[7.602s] INFO:colcon.colcon_core.shell:Creating package script '/home/daniel/vm2_holistic_system_ws/install/ur_simulation_gazebo/share/ur_simulation_gazebo/package.bash'
[7.607s] INFO:colcon.colcon_core.shell:Creating package script '/home/daniel/vm2_holistic_system_ws/install/ur_simulation_gazebo/share/ur_simulation_gazebo/package.zsh'
[7.610s] Level 1:colcon.colcon_core.environment:create_file_with_runtime_dependencies(/home/daniel/vm2_holistic_system_ws/install/ur_simulation_gazebo/share/colcon-core/packages/ur_simulation_gazebo)
[11.045s] DEBUG:colcon.colcon_core.event_handler.log_command:Invoked command in '/home/daniel/vm2_holistic_system_ws/build/gripper_force_feedback' returned '0': CMAKE_PREFIX_PATH=${CMAKE_PREFIX_PATH}:/opt/ros/humble /usr/bin/cmake /home/daniel/vm2_holistic_system_ws/src/gripper_force_feedback -DAMENT_CMAKE_SYMLINK_INSTALL=1 -DCMAKE_INSTALL_PREFIX=/home/daniel/vm2_holistic_system_ws/install/gripper_force_feedback
[11.048s] DEBUG:colcon.colcon_core.event_handler.log_command:Invoking command in '/home/daniel/vm2_holistic_system_ws/build/gripper_force_feedback': CMAKE_PREFIX_PATH=${CMAKE_PREFIX_PATH}:/opt/ros/humble /usr/bin/cmake --build /home/daniel/vm2_holistic_system_ws/build/gripper_force_feedback -- -j8 -l8
[11.204s] DEBUG:colcon.colcon_core.event_handler.log_command:Invoked command in '/home/daniel/vm2_holistic_system_ws/build/gripper_force_feedback' returned '0': CMAKE_PREFIX_PATH=${CMAKE_PREFIX_PATH}:/opt/ros/humble /usr/bin/cmake --build /home/daniel/vm2_holistic_system_ws/build/gripper_force_feedback -- -j8 -l8
[11.218s] DEBUG:colcon.colcon_core.event_handler.log_command:Invoking command in '/home/daniel/vm2_holistic_system_ws/build/gripper_force_feedback': CMAKE_PREFIX_PATH=${CMAKE_PREFIX_PATH}:/opt/ros/humble /usr/bin/cmake --install /home/daniel/vm2_holistic_system_ws/build/gripper_force_feedback
[11.394s] DEBUG:colcon.colcon_core.event_handler.log_command:Invoked command in '/home/daniel/vm2_holistic_system_ws/build/tracking_pkg' returned '0': CMAKE_PREFIX_PATH=${CMAKE_PREFIX_PATH}:/opt/ros/humble /usr/bin/cmake /home/daniel/vm2_holistic_system_ws/src/tracking_pkg -DAMENT_CMAKE_SYMLINK_INSTALL=1 -DCMAKE_INSTALL_PREFIX=/home/daniel/vm2_holistic_system_ws/install/tracking_pkg
[11.400s] DEBUG:colcon.colcon_core.event_handler.log_command:Invoking command in '/home/daniel/vm2_holistic_system_ws/build/tracking_pkg': CMAKE_PREFIX_PATH=${CMAKE_PREFIX_PATH}:/opt/ros/humble /usr/bin/cmake --build /home/daniel/vm2_holistic_system_ws/build/tracking_pkg -- -j8 -l8
[11.796s] Level 1:colcon.colcon_core.environment:create_environment_scripts_only(gripper_force_feedback)
[11.797s] Level 1:colcon.colcon_core.environment:checking '/home/daniel/vm2_holistic_system_ws/install/gripper_force_feedback' for CMake module files
[11.801s] DEBUG:colcon.colcon_core.event_handler.log_command:Invoked command in '/home/daniel/vm2_holistic_system_ws/build/gripper_force_feedback' returned '0': CMAKE_PREFIX_PATH=${CMAKE_PREFIX_PATH}:/opt/ros/humble /usr/bin/cmake --install /home/daniel/vm2_holistic_system_ws/build/gripper_force_feedback
[11.802s] Level 1:colcon.colcon_core.environment:checking '/home/daniel/vm2_holistic_system_ws/install/gripper_force_feedback' for CMake config files
[11.803s] Level 1:colcon.colcon_core.shell:create_environment_hook('gripper_force_feedback', 'cmake_prefix_path')
[11.804s] INFO:colcon.colcon_core.shell:Creating environment hook '/home/daniel/vm2_holistic_system_ws/install/gripper_force_feedback/share/gripper_force_feedback/hook/cmake_prefix_path.ps1'
[11.806s] INFO:colcon.colcon_core.shell:Creating environment descriptor '/home/daniel/vm2_holistic_system_ws/install/gripper_force_feedback/share/gripper_force_feedback/hook/cmake_prefix_path.dsv'
[11.807s] INFO:colcon.colcon_core.shell:Creating environment hook '/home/daniel/vm2_holistic_system_ws/install/gripper_force_feedback/share/gripper_force_feedback/hook/cmake_prefix_path.sh'
[11.810s] Level 1:colcon.colcon_core.environment:checking '/home/daniel/vm2_holistic_system_ws/install/gripper_force_feedback/lib'
[11.811s] Level 1:colcon.colcon_core.environment:checking '/home/daniel/vm2_holistic_system_ws/install/gripper_force_feedback/bin'
[11.812s] Level 1:colcon.colcon_core.environment:checking '/home/daniel/vm2_holistic_system_ws/install/gripper_force_feedback/lib/pkgconfig/gripper_force_feedback.pc'
[11.813s] Level 1:colcon.colcon_core.environment:checking '/home/daniel/vm2_holistic_system_ws/install/gripper_force_feedback/lib/python3.10/site-packages'
[11.814s] Level 1:colcon.colcon_core.environment:checking '/home/daniel/vm2_holistic_system_ws/install/gripper_force_feedback/bin'
[11.815s] INFO:colcon.colcon_core.shell:Creating package script '/home/daniel/vm2_holistic_system_ws/install/gripper_force_feedback/share/gripper_force_feedback/package.ps1'
[11.817s] INFO:colcon.colcon_core.shell:Creating package descriptor '/home/daniel/vm2_holistic_system_ws/install/gripper_force_feedback/share/gripper_force_feedback/package.dsv'
[11.819s] INFO:colcon.colcon_core.shell:Creating package script '/home/daniel/vm2_holistic_system_ws/install/gripper_force_feedback/share/gripper_force_feedback/package.sh'
[11.820s] INFO:colcon.colcon_core.shell:Creating package script '/home/daniel/vm2_holistic_system_ws/install/gripper_force_feedback/share/gripper_force_feedback/package.bash'
[11.822s] INFO:colcon.colcon_core.shell:Creating package script '/home/daniel/vm2_holistic_system_ws/install/gripper_force_feedback/share/gripper_force_feedback/package.zsh'
[11.824s] Level 1:colcon.colcon_core.environment:create_file_with_runtime_dependencies(/home/daniel/vm2_holistic_system_ws/install/gripper_force_feedback/share/colcon-core/packages/gripper_force_feedback)
[11.828s] Level 1:colcon.colcon_core.environment:create_environment_scripts_only(gripper_force_feedback)
[11.829s] Level 1:colcon.colcon_core.environment:checking '/home/daniel/vm2_holistic_system_ws/install/gripper_force_feedback' for CMake module files
[11.832s] Level 1:colcon.colcon_core.environment:checking '/home/daniel/vm2_holistic_system_ws/install/gripper_force_feedback' for CMake config files
[11.833s] Level 1:colcon.colcon_core.shell:create_environment_hook('gripper_force_feedback', 'cmake_prefix_path')
[11.835s] INFO:colcon.colcon_core.shell:Creating environment hook '/home/daniel/vm2_holistic_system_ws/install/gripper_force_feedback/share/gripper_force_feedback/hook/cmake_prefix_path.ps1'
[11.837s] INFO:colcon.colcon_core.shell:Creating environment descriptor '/home/daniel/vm2_holistic_system_ws/install/gripper_force_feedback/share/gripper_force_feedback/hook/cmake_prefix_path.dsv'
[11.839s] INFO:colcon.colcon_core.shell:Creating environment hook '/home/daniel/vm2_holistic_system_ws/install/gripper_force_feedback/share/gripper_force_feedback/hook/cmake_prefix_path.sh'
[11.841s] Level 1:colcon.colcon_core.environment:checking '/home/daniel/vm2_holistic_system_ws/install/gripper_force_feedback/lib'
[11.842s] Level 1:colcon.colcon_core.environment:checking '/home/daniel/vm2_holistic_system_ws/install/gripper_force_feedback/bin'
[11.842s] Level 1:colcon.colcon_core.environment:checking '/home/daniel/vm2_holistic_system_ws/install/gripper_force_feedback/lib/pkgconfig/gripper_force_feedback.pc'
[11.844s] Level 1:colcon.colcon_core.environment:checking '/home/daniel/vm2_holistic_system_ws/install/gripper_force_feedback/lib/python3.10/site-packages'
[11.845s] Level 1:colcon.colcon_core.environment:checking '/home/daniel/vm2_holistic_system_ws/install/gripper_force_feedback/bin'
[11.847s] INFO:colcon.colcon_core.shell:Creating package script '/home/daniel/vm2_holistic_system_ws/install/gripper_force_feedback/share/gripper_force_feedback/package.ps1'
[11.849s] INFO:colcon.colcon_core.shell:Creating package descriptor '/home/daniel/vm2_holistic_system_ws/install/gripper_force_feedback/share/gripper_force_feedback/package.dsv'
[11.851s] INFO:colcon.colcon_core.shell:Creating package script '/home/daniel/vm2_holistic_system_ws/install/gripper_force_feedback/share/gripper_force_feedback/package.sh'
[11.853s] INFO:colcon.colcon_core.shell:Creating package script '/home/daniel/vm2_holistic_system_ws/install/gripper_force_feedback/share/gripper_force_feedback/package.bash'
[11.858s] INFO:colcon.colcon_core.shell:Creating package script '/home/daniel/vm2_holistic_system_ws/install/gripper_force_feedback/share/gripper_force_feedback/package.zsh'
[11.865s] Level 1:colcon.colcon_core.environment:create_file_with_runtime_dependencies(/home/daniel/vm2_holistic_system_ws/install/gripper_force_feedback/share/colcon-core/packages/gripper_force_feedback)
[65.379s] DEBUG:colcon.colcon_core.event_handler.log_command:Invoked command in '/home/daniel/vm2_holistic_system_ws/build/tracking_pkg' returned '0': CMAKE_PREFIX_PATH=${CMAKE_PREFIX_PATH}:/opt/ros/humble /usr/bin/cmake --build /home/daniel/vm2_holistic_system_ws/build/tracking_pkg -- -j8 -l8
[65.381s] DEBUG:colcon.colcon_core.event_handler.log_command:Invoking command in '/home/daniel/vm2_holistic_system_ws/build/tracking_pkg': CMAKE_PREFIX_PATH=${CMAKE_PREFIX_PATH}:/opt/ros/humble /usr/bin/cmake --install /home/daniel/vm2_holistic_system_ws/build/tracking_pkg
[66.214s] Level 1:colcon.colcon_core.environment:create_environment_scripts_only(tracking_pkg)
[66.215s] Level 1:colcon.colcon_core.environment:checking '/home/daniel/vm2_holistic_system_ws/install/tracking_pkg' for CMake module files
[66.217s] DEBUG:colcon.colcon_core.event_handler.log_command:Invoked command in '/home/daniel/vm2_holistic_system_ws/build/tracking_pkg' returned '0': CMAKE_PREFIX_PATH=${CMAKE_PREFIX_PATH}:/opt/ros/humble /usr/bin/cmake --install /home/daniel/vm2_holistic_system_ws/build/tracking_pkg
[66.219s] Level 1:colcon.colcon_core.environment:checking '/home/daniel/vm2_holistic_system_ws/install/tracking_pkg' for CMake config files
[66.222s] Level 1:colcon.colcon_core.shell:create_environment_hook('tracking_pkg', 'cmake_prefix_path')
[66.222s] INFO:colcon.colcon_core.shell:Creating environment hook '/home/daniel/vm2_holistic_system_ws/install/tracking_pkg/share/tracking_pkg/hook/cmake_prefix_path.ps1'
[66.224s] INFO:colcon.colcon_core.shell:Creating environment descriptor '/home/daniel/vm2_holistic_system_ws/install/tracking_pkg/share/tracking_pkg/hook/cmake_prefix_path.dsv'
[66.225s] INFO:colcon.colcon_core.shell:Creating environment hook '/home/daniel/vm2_holistic_system_ws/install/tracking_pkg/share/tracking_pkg/hook/cmake_prefix_path.sh'
[66.226s] Level 1:colcon.colcon_core.environment:checking '/home/daniel/vm2_holistic_system_ws/install/tracking_pkg/lib'
[66.226s] Level 1:colcon.colcon_core.environment:checking '/home/daniel/vm2_holistic_system_ws/install/tracking_pkg/bin'
[66.227s] Level 1:colcon.colcon_core.environment:checking '/home/daniel/vm2_holistic_system_ws/install/tracking_pkg/lib/pkgconfig/tracking_pkg.pc'
[66.227s] Level 1:colcon.colcon_core.environment:checking '/home/daniel/vm2_holistic_system_ws/install/tracking_pkg/lib/python3.10/site-packages'
[66.228s] Level 1:colcon.colcon_core.environment:checking '/home/daniel/vm2_holistic_system_ws/install/tracking_pkg/bin'
[66.229s] INFO:colcon.colcon_core.shell:Creating package script '/home/daniel/vm2_holistic_system_ws/install/tracking_pkg/share/tracking_pkg/package.ps1'
[66.230s] INFO:colcon.colcon_core.shell:Creating package descriptor '/home/daniel/vm2_holistic_system_ws/install/tracking_pkg/share/tracking_pkg/package.dsv'
[66.232s] INFO:colcon.colcon_core.shell:Creating package script '/home/daniel/vm2_holistic_system_ws/install/tracking_pkg/share/tracking_pkg/package.sh'
[66.233s] INFO:colcon.colcon_core.shell:Creating package script '/home/daniel/vm2_holistic_system_ws/install/tracking_pkg/share/tracking_pkg/package.bash'
[66.233s] INFO:colcon.colcon_core.shell:Creating package script '/home/daniel/vm2_holistic_system_ws/install/tracking_pkg/share/tracking_pkg/package.zsh'
[66.234s] Level 1:colcon.colcon_core.environment:create_file_with_runtime_dependencies(/home/daniel/vm2_holistic_system_ws/install/tracking_pkg/share/colcon-core/packages/tracking_pkg)
[66.236s] Level 1:colcon.colcon_core.environment:create_environment_scripts_only(tracking_pkg)
[66.236s] Level 1:colcon.colcon_core.environment:checking '/home/daniel/vm2_holistic_system_ws/install/tracking_pkg' for CMake module files
[66.237s] Level 1:colcon.colcon_core.environment:checking '/home/daniel/vm2_holistic_system_ws/install/tracking_pkg' for CMake config files
[66.238s] Level 1:colcon.colcon_core.shell:create_environment_hook('tracking_pkg', 'cmake_prefix_path')
[66.239s] INFO:colcon.colcon_core.shell:Creating environment hook '/home/daniel/vm2_holistic_system_ws/install/tracking_pkg/share/tracking_pkg/hook/cmake_prefix_path.ps1'
[66.240s] INFO:colcon.colcon_core.shell:Creating environment descriptor '/home/daniel/vm2_holistic_system_ws/install/tracking_pkg/share/tracking_pkg/hook/cmake_prefix_path.dsv'
[66.241s] INFO:colcon.colcon_core.shell:Creating environment hook '/home/daniel/vm2_holistic_system_ws/install/tracking_pkg/share/tracking_pkg/hook/cmake_prefix_path.sh'
[66.242s] Level 1:colcon.colcon_core.environment:checking '/home/daniel/vm2_holistic_system_ws/install/tracking_pkg/lib'
[66.242s] Level 1:colcon.colcon_core.environment:checking '/home/daniel/vm2_holistic_system_ws/install/tracking_pkg/bin'
[66.242s] Level 1:colcon.colcon_core.environment:checking '/home/daniel/vm2_holistic_system_ws/install/tracking_pkg/lib/pkgconfig/tracking_pkg.pc'
[66.243s] Level 1:colcon.colcon_core.environment:checking '/home/daniel/vm2_holistic_system_ws/install/tracking_pkg/lib/python3.10/site-packages'
[66.243s] Level 1:colcon.colcon_core.environment:checking '/home/daniel/vm2_holistic_system_ws/install/tracking_pkg/bin'
[66.244s] INFO:colcon.colcon_core.shell:Creating package script '/home/daniel/vm2_holistic_system_ws/install/tracking_pkg/share/tracking_pkg/package.ps1'
[66.245s] INFO:colcon.colcon_core.shell:Creating package descriptor '/home/daniel/vm2_holistic_system_ws/install/tracking_pkg/share/tracking_pkg/package.dsv'
[66.247s] INFO:colcon.colcon_core.shell:Creating package script '/home/daniel/vm2_holistic_system_ws/install/tracking_pkg/share/tracking_pkg/package.sh'
[66.250s] INFO:colcon.colcon_core.shell:Creating package script '/home/daniel/vm2_holistic_system_ws/install/tracking_pkg/share/tracking_pkg/package.bash'
[66.253s] INFO:colcon.colcon_core.shell:Creating package script '/home/daniel/vm2_holistic_system_ws/install/tracking_pkg/share/tracking_pkg/package.zsh'
[66.256s] Level 1:colcon.colcon_core.environment:create_file_with_runtime_dependencies(/home/daniel/vm2_holistic_system_ws/install/tracking_pkg/share/colcon-core/packages/tracking_pkg)
[66.257s] DEBUG:colcon.colcon_parallel_executor.executor.parallel:closing loop
[66.257s] DEBUG:colcon.colcon_parallel_executor.executor.parallel:loop closed
[66.259s] DEBUG:colcon.colcon_parallel_executor.executor.parallel:run_until_complete finished with '0'
[66.262s] DEBUG:colcon.colcon_core.event_reactor:joining thread
[66.301s] INFO:colcon.colcon_core.plugin_system:Skipping extension 'colcon_notification.desktop_notification.terminal_notifier': Not used on non-Darwin systems
[66.302s] INFO:colcon.colcon_core.plugin_system:Skipping extension 'colcon_notification.desktop_notification.win32': Not used on non-Windows systems
[66.303s] INFO:colcon.colcon_notification.desktop_notification:Sending desktop notification using 'notify2'
[66.369s] DEBUG:colcon.colcon_core.event_reactor:joined thread
[66.370s] INFO:colcon.colcon_core.shell:Creating prefix script '/home/daniel/vm2_holistic_system_ws/install/local_setup.ps1'
[66.374s] INFO:colcon.colcon_core.shell:Creating prefix util module '/home/daniel/vm2_holistic_system_ws/install/_local_setup_util_ps1.py'
[66.382s] INFO:colcon.colcon_core.shell:Creating prefix chain script '/home/daniel/vm2_holistic_system_ws/install/setup.ps1'
[66.388s] INFO:colcon.colcon_core.shell:Creating prefix script '/home/daniel/vm2_holistic_system_ws/install/local_setup.sh'
[66.390s] INFO:colcon.colcon_core.shell:Creating prefix util module '/home/daniel/vm2_holistic_system_ws/install/_local_setup_util_sh.py'
[66.393s] INFO:colcon.colcon_core.shell:Creating prefix chain script '/home/daniel/vm2_holistic_system_ws/install/setup.sh'
[66.398s] INFO:colcon.colcon_core.shell:Creating prefix script '/home/daniel/vm2_holistic_system_ws/install/local_setup.bash'
[66.401s] INFO:colcon.colcon_core.shell:Creating prefix chain script '/home/daniel/vm2_holistic_system_ws/install/setup.bash'
[66.409s] INFO:colcon.colcon_core.shell:Creating prefix script '/home/daniel/vm2_holistic_system_ws/install/local_setup.zsh'
[66.413s] INFO:colcon.colcon_core.shell:Creating prefix chain script '/home/daniel/vm2_holistic_system_ws/install/setup.zsh'
