[0.208s] Invoking command in '/home/daniel/vm2_holistic_system_ws/build/tracking_pkg': CMAKE_PREFIX_PATH=${CMAKE_PREFIX_PATH}:/opt/ros/humble /usr/bin/cmake --build /home/daniel/vm2_holistic_system_ws/build/tracking_pkg -- -j8 -l8
[0.569s] [35m[1mConsolidate compiler generated dependencies of target moveit_mover[0m
[0.813s] [ 50%] [32mBuilding CXX object CMakeFiles/moveit_mover.dir/src/moveit_mover/moveit_mover.cpp.o[0m
[42.849s] [100%] [32m[1mLinking CXX executable moveit_mover[0m
[46.076s] [100%] Built target moveit_mover
[46.103s] Invoked command in '/home/daniel/vm2_holistic_system_ws/build/tracking_pkg' returned '0': CMAKE_PREFIX_PATH=${CMAKE_PREFIX_PATH}:/opt/ros/humble /usr/bin/cmake --build /home/daniel/vm2_holistic_system_ws/build/tracking_pkg -- -j8 -l8
[46.112s] Invoking command in '/home/daniel/vm2_holistic_system_ws/build/tracking_pkg': CMAKE_PREFIX_PATH=${CMAKE_PREFIX_PATH}:/opt/ros/humble /usr/bin/cmake --install /home/daniel/vm2_holistic_system_ws/build/tracking_pkg
[46.153s] -- Install configuration: ""
[46.157s] -- Execute custom install script
[46.160s] -- Up-to-date symlink: /home/daniel/vm2_holistic_system_ws/install/tracking_pkg/lib/tracking_pkg/hand_tracker.py
[46.161s] -- Up-to-date symlink: /home/daniel/vm2_holistic_system_ws/install/tracking_pkg/lib/tracking_pkg/camera_publisher.py
[46.161s] -- Up-to-date symlink: /home/daniel/vm2_holistic_system_ws/install/tracking_pkg/lib/tracking_pkg/frame_publisher.py
[46.162s] -- Up-to-date symlink: /home/daniel/vm2_holistic_system_ws/install/tracking_pkg/lib/tracking_pkg/gesture_pose_publisher.py
[46.163s] -- Up-to-date symlink: /home/daniel/vm2_holistic_system_ws/install/tracking_pkg/lib/tracking_pkg/box_publisher.py
[46.163s] -- Up-to-date symlink: /home/daniel/vm2_holistic_system_ws/install/tracking_pkg/lib/tracking_pkg/socket_mover.py
[46.165s] -- Up-to-date symlink: /home/daniel/vm2_holistic_system_ws/install/tracking_pkg/lib/tracking_pkg/gripper_mover.py
[46.165s] -- Up-to-date symlink: /home/daniel/vm2_holistic_system_ws/install/tracking_pkg/share/tracking_pkg/launch/moveit_launch.py
[46.166s] -- Up-to-date symlink: /home/daniel/vm2_holistic_system_ws/install/tracking_pkg/share/tracking_pkg/launch/web_socket_launch.py
[46.166s] -- Up-to-date symlink: /home/daniel/vm2_holistic_system_ws/install/tracking_pkg/lib/tracking_pkg/moveit_mover
[46.167s] -- Up-to-date symlink: /home/daniel/vm2_holistic_system_ws/install/tracking_pkg/share/ament_index/resource_index/package_run_dependencies/tracking_pkg
[46.167s] -- Up-to-date symlink: /home/daniel/vm2_holistic_system_ws/install/tracking_pkg/share/ament_index/resource_index/parent_prefix_path/tracking_pkg
[46.168s] -- Up-to-date symlink: /home/daniel/vm2_holistic_system_ws/install/tracking_pkg/share/tracking_pkg/environment/ament_prefix_path.sh
[46.171s] -- Up-to-date symlink: /home/daniel/vm2_holistic_system_ws/install/tracking_pkg/share/tracking_pkg/environment/ament_prefix_path.dsv
[46.172s] -- Up-to-date symlink: /home/daniel/vm2_holistic_system_ws/install/tracking_pkg/share/tracking_pkg/environment/path.sh
[46.174s] -- Up-to-date symlink: /home/daniel/vm2_holistic_system_ws/install/tracking_pkg/share/tracking_pkg/environment/path.dsv
[46.174s] -- Up-to-date symlink: /home/daniel/vm2_holistic_system_ws/install/tracking_pkg/share/tracking_pkg/local_setup.bash
[46.175s] -- Up-to-date symlink: /home/daniel/vm2_holistic_system_ws/install/tracking_pkg/share/tracking_pkg/local_setup.sh
[46.175s] -- Up-to-date symlink: /home/daniel/vm2_holistic_system_ws/install/tracking_pkg/share/tracking_pkg/local_setup.zsh
[46.176s] -- Up-to-date symlink: /home/daniel/vm2_holistic_system_ws/install/tracking_pkg/share/tracking_pkg/local_setup.dsv
[46.177s] -- Symlinking: /home/daniel/vm2_holistic_system_ws/install/tracking_pkg/share/tracking_pkg/package.dsv
[46.203s] -- Up-to-date symlink: /home/daniel/vm2_holistic_system_ws/install/tracking_pkg/share/ament_index/resource_index/packages/tracking_pkg
[46.203s] -- Up-to-date symlink: /home/daniel/vm2_holistic_system_ws/install/tracking_pkg/share/tracking_pkg/cmake/tracking_pkgConfig.cmake
[46.203s] -- Up-to-date symlink: /home/daniel/vm2_holistic_system_ws/install/tracking_pkg/share/tracking_pkg/cmake/tracking_pkgConfig-version.cmake
[46.204s] -- Up-to-date symlink: /home/daniel/vm2_holistic_system_ws/install/tracking_pkg/share/tracking_pkg/package.xml
[46.210s] Invoked command in '/home/daniel/vm2_holistic_system_ws/build/tracking_pkg' returned '0': CMAKE_PREFIX_PATH=${CMAKE_PREFIX_PATH}:/opt/ros/humble /usr/bin/cmake --install /home/daniel/vm2_holistic_system_ws/build/tracking_pkg
