[0.289s] DEBUG:colcon:Command line arguments: ['/usr/bin/colcon', 'build', '--symlink-install']
[0.290s] DEBUG:colcon:Parsed command line arguments: Namespace(log_base=None, log_level=None, verb_name='build', build_base='build', install_base='install', merge_install=False, symlink_install=True, test_result_base=None, continue_on_error=False, executor='parallel', parallel_workers=8, event_handlers=None, ignore_user_meta=False, metas=['./colcon.meta'], base_paths=['.'], packages_ignore=None, packages_ignore_regex=None, paths=None, packages_up_to=None, packages_up_to_regex=None, packages_above=None, packages_above_and_dependencies=None, packages_above_depth=None, packages_select_by_dep=None, packages_skip_by_dep=None, packages_skip_up_to=None, packages_select_build_failed=False, packages_skip_build_finished=False, packages_select_test_failures=False, packages_skip_test_passed=False, packages_select=None, packages_skip=None, packages_select_regex=None, packages_skip_regex=None, packages_start=None, packages_end=None, allow_overriding=[], cmake_args=None, cmake_target=None, cmake_target_skip_unavailable=False, cmake_clean_cache=False, cmake_clean_first=False, cmake_force_configure=False, ament_cmake_args=None, catkin_cmake_args=None, catkin_skip_building_tests=False, mixin_files=None, mixin=None, verb_parser=<colcon_mixin.mixin.mixin_argument.MixinArgumentDecorator object at 0x71df2d173d90>, verb_extension=<colcon_core.verb.build.BuildVerb object at 0x71df2d1738b0>, main=<bound method BuildVerb.main of <colcon_core.verb.build.BuildVerb object at 0x71df2d1738b0>>, mixin_verb=('build',))
[0.380s] Level 1:colcon.colcon_core.package_discovery:discover_packages(colcon_meta) check parameters
[0.380s] Level 1:colcon.colcon_core.package_discovery:discover_packages(recursive) check parameters
[0.380s] Level 1:colcon.colcon_core.package_discovery:discover_packages(ignore) check parameters
[0.380s] Level 1:colcon.colcon_core.package_discovery:discover_packages(path) check parameters
[0.380s] Level 1:colcon.colcon_core.package_discovery:discover_packages(colcon_meta) discover
[0.381s] Level 1:colcon.colcon_core.package_discovery:discover_packages(recursive) discover
[0.381s] INFO:colcon.colcon_core.package_discovery:Crawling recursively for packages in '/home/daniel/vm2_holistic_system_ws'
[0.382s] Level 1:colcon.colcon_core.package_identification:_identify(.) by extensions ['ignore', 'ignore_ament_install']
[0.382s] Level 1:colcon.colcon_core.package_identification:_identify(.) by extension 'ignore'
[0.383s] Level 1:colcon.colcon_core.package_identification:_identify(.) by extension 'ignore_ament_install'
[0.383s] Level 1:colcon.colcon_core.package_identification:_identify(.) by extensions ['colcon_pkg']
[0.383s] Level 1:colcon.colcon_core.package_identification:_identify(.) by extension 'colcon_pkg'
[0.383s] Level 1:colcon.colcon_core.package_identification:_identify(.) by extensions ['colcon_meta']
[0.383s] Level 1:colcon.colcon_core.package_identification:_identify(.) by extension 'colcon_meta'
[0.383s] Level 1:colcon.colcon_core.package_identification:_identify(.) by extensions ['ros']
[0.383s] Level 1:colcon.colcon_core.package_identification:_identify(.) by extension 'ros'
[0.421s] Level 1:colcon.colcon_core.package_identification:_identify(.) by extensions ['cmake', 'python']
[0.422s] Level 1:colcon.colcon_core.package_identification:_identify(.) by extension 'cmake'
[0.422s] Level 1:colcon.colcon_core.package_identification:_identify(.) by extension 'python'
[0.422s] Level 1:colcon.colcon_core.package_identification:_identify(.) by extensions ['python_setup_py']
[0.422s] Level 1:colcon.colcon_core.package_identification:_identify(.) by extension 'python_setup_py'
[0.422s] Level 1:colcon.colcon_core.package_identification:_identify(build) by extensions ['ignore', 'ignore_ament_install']
[0.422s] Level 1:colcon.colcon_core.package_identification:_identify(build) by extension 'ignore'
[0.423s] Level 1:colcon.colcon_core.package_identification:_identify(build) ignored
[0.423s] Level 1:colcon.colcon_core.package_identification:_identify(files) by extensions ['ignore', 'ignore_ament_install']
[0.423s] Level 1:colcon.colcon_core.package_identification:_identify(files) by extension 'ignore'
[0.423s] Level 1:colcon.colcon_core.package_identification:_identify(files) by extension 'ignore_ament_install'
[0.423s] Level 1:colcon.colcon_core.package_identification:_identify(files) by extensions ['colcon_pkg']
[0.423s] Level 1:colcon.colcon_core.package_identification:_identify(files) by extension 'colcon_pkg'
[0.423s] Level 1:colcon.colcon_core.package_identification:_identify(files) by extensions ['colcon_meta']
[0.423s] Level 1:colcon.colcon_core.package_identification:_identify(files) by extension 'colcon_meta'
[0.424s] Level 1:colcon.colcon_core.package_identification:_identify(files) by extensions ['ros']
[0.424s] Level 1:colcon.colcon_core.package_identification:_identify(files) by extension 'ros'
[0.424s] Level 1:colcon.colcon_core.package_identification:_identify(files) by extensions ['cmake', 'python']
[0.424s] Level 1:colcon.colcon_core.package_identification:_identify(files) by extension 'cmake'
[0.424s] Level 1:colcon.colcon_core.package_identification:_identify(files) by extension 'python'
[0.424s] Level 1:colcon.colcon_core.package_identification:_identify(files) by extensions ['python_setup_py']
[0.424s] Level 1:colcon.colcon_core.package_identification:_identify(files) by extension 'python_setup_py'
[0.424s] Level 1:colcon.colcon_core.package_identification:_identify(install) by extensions ['ignore', 'ignore_ament_install']
[0.424s] Level 1:colcon.colcon_core.package_identification:_identify(install) by extension 'ignore'
[0.424s] Level 1:colcon.colcon_core.package_identification:_identify(install) ignored
[0.425s] Level 1:colcon.colcon_core.package_identification:_identify(log) by extensions ['ignore', 'ignore_ament_install']
[0.425s] Level 1:colcon.colcon_core.package_identification:_identify(log) by extension 'ignore'
[0.425s] Level 1:colcon.colcon_core.package_identification:_identify(log) ignored
[0.425s] Level 1:colcon.colcon_core.package_identification:_identify(src) by extensions ['ignore', 'ignore_ament_install']
[0.425s] Level 1:colcon.colcon_core.package_identification:_identify(src) by extension 'ignore'
[0.425s] Level 1:colcon.colcon_core.package_identification:_identify(src) by extension 'ignore_ament_install'
[0.425s] Level 1:colcon.colcon_core.package_identification:_identify(src) by extensions ['colcon_pkg']
[0.425s] Level 1:colcon.colcon_core.package_identification:_identify(src) by extension 'colcon_pkg'
[0.426s] Level 1:colcon.colcon_core.package_identification:_identify(src) by extensions ['colcon_meta']
[0.426s] Level 1:colcon.colcon_core.package_identification:_identify(src) by extension 'colcon_meta'
[0.426s] Level 1:colcon.colcon_core.package_identification:_identify(src) by extensions ['ros']
[0.426s] Level 1:colcon.colcon_core.package_identification:_identify(src) by extension 'ros'
[0.426s] Level 1:colcon.colcon_core.package_identification:_identify(src) by extensions ['cmake', 'python']
[0.426s] Level 1:colcon.colcon_core.package_identification:_identify(src) by extension 'cmake'
[0.426s] Level 1:colcon.colcon_core.package_identification:_identify(src) by extension 'python'
[0.426s] Level 1:colcon.colcon_core.package_identification:_identify(src) by extensions ['python_setup_py']
[0.426s] Level 1:colcon.colcon_core.package_identification:_identify(src) by extension 'python_setup_py'
[0.426s] Level 1:colcon.colcon_core.package_identification:_identify(src/Universal_Robots_ROS2_Gazebo_Simulation) by extensions ['ignore', 'ignore_ament_install']
[0.427s] Level 1:colcon.colcon_core.package_identification:_identify(src/Universal_Robots_ROS2_Gazebo_Simulation) by extension 'ignore'
[0.427s] Level 1:colcon.colcon_core.package_identification:_identify(src/Universal_Robots_ROS2_Gazebo_Simulation) by extension 'ignore_ament_install'
[0.427s] Level 1:colcon.colcon_core.package_identification:_identify(src/Universal_Robots_ROS2_Gazebo_Simulation) by extensions ['colcon_pkg']
[0.427s] Level 1:colcon.colcon_core.package_identification:_identify(src/Universal_Robots_ROS2_Gazebo_Simulation) by extension 'colcon_pkg'
[0.427s] Level 1:colcon.colcon_core.package_identification:_identify(src/Universal_Robots_ROS2_Gazebo_Simulation) by extensions ['colcon_meta']
[0.427s] Level 1:colcon.colcon_core.package_identification:_identify(src/Universal_Robots_ROS2_Gazebo_Simulation) by extension 'colcon_meta'
[0.427s] Level 1:colcon.colcon_core.package_identification:_identify(src/Universal_Robots_ROS2_Gazebo_Simulation) by extensions ['ros']
[0.427s] Level 1:colcon.colcon_core.package_identification:_identify(src/Universal_Robots_ROS2_Gazebo_Simulation) by extension 'ros'
[0.427s] Level 1:colcon.colcon_core.package_identification:_identify(src/Universal_Robots_ROS2_Gazebo_Simulation) by extensions ['cmake', 'python']
[0.427s] Level 1:colcon.colcon_core.package_identification:_identify(src/Universal_Robots_ROS2_Gazebo_Simulation) by extension 'cmake'
[0.427s] Level 1:colcon.colcon_core.package_identification:_identify(src/Universal_Robots_ROS2_Gazebo_Simulation) by extension 'python'
[0.427s] Level 1:colcon.colcon_core.package_identification:_identify(src/Universal_Robots_ROS2_Gazebo_Simulation) by extensions ['python_setup_py']
[0.427s] Level 1:colcon.colcon_core.package_identification:_identify(src/Universal_Robots_ROS2_Gazebo_Simulation) by extension 'python_setup_py'
[0.428s] Level 1:colcon.colcon_core.package_identification:_identify(src/Universal_Robots_ROS2_Gazebo_Simulation/ur_simulation_gazebo) by extensions ['ignore', 'ignore_ament_install']
[0.428s] Level 1:colcon.colcon_core.package_identification:_identify(src/Universal_Robots_ROS2_Gazebo_Simulation/ur_simulation_gazebo) by extension 'ignore'
[0.428s] Level 1:colcon.colcon_core.package_identification:_identify(src/Universal_Robots_ROS2_Gazebo_Simulation/ur_simulation_gazebo) by extension 'ignore_ament_install'
[0.428s] Level 1:colcon.colcon_core.package_identification:_identify(src/Universal_Robots_ROS2_Gazebo_Simulation/ur_simulation_gazebo) by extensions ['colcon_pkg']
[0.428s] Level 1:colcon.colcon_core.package_identification:_identify(src/Universal_Robots_ROS2_Gazebo_Simulation/ur_simulation_gazebo) by extension 'colcon_pkg'
[0.428s] Level 1:colcon.colcon_core.package_identification:_identify(src/Universal_Robots_ROS2_Gazebo_Simulation/ur_simulation_gazebo) by extensions ['colcon_meta']
[0.429s] Level 1:colcon.colcon_core.package_identification:_identify(src/Universal_Robots_ROS2_Gazebo_Simulation/ur_simulation_gazebo) by extension 'colcon_meta'
[0.429s] Level 1:colcon.colcon_core.package_identification:_identify(src/Universal_Robots_ROS2_Gazebo_Simulation/ur_simulation_gazebo) by extensions ['ros']
[0.429s] Level 1:colcon.colcon_core.package_identification:_identify(src/Universal_Robots_ROS2_Gazebo_Simulation/ur_simulation_gazebo) by extension 'ros'
[0.438s] DEBUG:colcon.colcon_core.package_identification:Package 'src/Universal_Robots_ROS2_Gazebo_Simulation/ur_simulation_gazebo' with type 'ros.ament_cmake' and name 'ur_simulation_gazebo'
[0.438s] Level 1:colcon.colcon_core.package_identification:_identify(src/gripper_force_feedback) by extensions ['ignore', 'ignore_ament_install']
[0.438s] Level 1:colcon.colcon_core.package_identification:_identify(src/gripper_force_feedback) by extension 'ignore'
[0.438s] Level 1:colcon.colcon_core.package_identification:_identify(src/gripper_force_feedback) by extension 'ignore_ament_install'
[0.439s] Level 1:colcon.colcon_core.package_identification:_identify(src/gripper_force_feedback) by extensions ['colcon_pkg']
[0.439s] Level 1:colcon.colcon_core.package_identification:_identify(src/gripper_force_feedback) by extension 'colcon_pkg'
[0.439s] Level 1:colcon.colcon_core.package_identification:_identify(src/gripper_force_feedback) by extensions ['colcon_meta']
[0.439s] Level 1:colcon.colcon_core.package_identification:_identify(src/gripper_force_feedback) by extension 'colcon_meta'
[0.439s] Level 1:colcon.colcon_core.package_identification:_identify(src/gripper_force_feedback) by extensions ['ros']
[0.439s] Level 1:colcon.colcon_core.package_identification:_identify(src/gripper_force_feedback) by extension 'ros'
[0.440s] DEBUG:colcon.colcon_core.package_identification:Package 'src/gripper_force_feedback' with type 'ros.ament_cmake' and name 'gripper_force_feedback'
[0.440s] Level 1:colcon.colcon_core.package_identification:_identify(src/tracking_pkg) by extensions ['ignore', 'ignore_ament_install']
[0.440s] Level 1:colcon.colcon_core.package_identification:_identify(src/tracking_pkg) by extension 'ignore'
[0.440s] Level 1:colcon.colcon_core.package_identification:_identify(src/tracking_pkg) by extension 'ignore_ament_install'
[0.440s] Level 1:colcon.colcon_core.package_identification:_identify(src/tracking_pkg) by extensions ['colcon_pkg']
[0.441s] Level 1:colcon.colcon_core.package_identification:_identify(src/tracking_pkg) by extension 'colcon_pkg'
[0.441s] Level 1:colcon.colcon_core.package_identification:_identify(src/tracking_pkg) by extensions ['colcon_meta']
[0.441s] Level 1:colcon.colcon_core.package_identification:_identify(src/tracking_pkg) by extension 'colcon_meta'
[0.441s] Level 1:colcon.colcon_core.package_identification:_identify(src/tracking_pkg) by extensions ['ros']
[0.441s] Level 1:colcon.colcon_core.package_identification:_identify(src/tracking_pkg) by extension 'ros'
[0.443s] DEBUG:colcon.colcon_core.package_identification:Package 'src/tracking_pkg' with type 'ros.ament_cmake' and name 'tracking_pkg'
[0.443s] Level 1:colcon.colcon_core.package_discovery:discover_packages(recursive) using defaults
[0.443s] Level 1:colcon.colcon_core.package_discovery:discover_packages(ignore) discover
[0.443s] Level 1:colcon.colcon_core.package_discovery:discover_packages(ignore) using defaults
[0.443s] Level 1:colcon.colcon_core.package_discovery:discover_packages(path) discover
[0.443s] Level 1:colcon.colcon_core.package_discovery:discover_packages(path) using defaults
[0.531s] Level 1:colcon.colcon_core.package_discovery:discover_packages(prefix_path) check parameters
[0.532s] Level 1:colcon.colcon_core.package_discovery:discover_packages(prefix_path) discover
[0.537s] WARNING:colcon.colcon_ros.prefix_path.ament:The path '/home/daniel/vm2_holistic_system_ws/install/ur_simulation_gazebo' in the environment variable AMENT_PREFIX_PATH doesn't exist
[0.538s] WARNING:colcon.colcon_ros.prefix_path.ament:The path '/home/daniel/vm2_holistic_system_ws/install/tracking_pkg' in the environment variable AMENT_PREFIX_PATH doesn't exist
[0.538s] WARNING:colcon.colcon_ros.prefix_path.ament:The path '/home/daniel/vm2_holistic_system_ws/install/gripper_force_feedback' in the environment variable AMENT_PREFIX_PATH doesn't exist
[0.538s] WARNING:colcon.colcon_ros.prefix_path.catkin:The path '/home/daniel/vm2_holistic_system_ws/install/ur_simulation_gazebo' in the environment variable CMAKE_PREFIX_PATH doesn't exist
[0.538s] WARNING:colcon.colcon_ros.prefix_path.catkin:The path '/home/daniel/vm2_holistic_system_ws/install/tracking_pkg' in the environment variable CMAKE_PREFIX_PATH doesn't exist
[0.538s] WARNING:colcon.colcon_ros.prefix_path.catkin:The path '/home/daniel/vm2_holistic_system_ws/install/gripper_force_feedback' in the environment variable CMAKE_PREFIX_PATH doesn't exist
[0.541s] DEBUG:colcon.colcon_installed_package_information.package_discovery:Found 0 installed packages in /home/daniel/vm2_holistic_system_ws/install
[0.546s] DEBUG:colcon.colcon_installed_package_information.package_discovery:Found 338 installed packages in /opt/ros/humble
[0.550s] Level 1:colcon.colcon_core.package_discovery:discover_packages(prefix_path) using defaults
[0.735s] Level 5:colcon.colcon_core.verb:set package 'gripper_force_feedback' build argument 'cmake_args' from command line to 'None'
[0.735s] Level 5:colcon.colcon_core.verb:set package 'gripper_force_feedback' build argument 'cmake_target' from command line to 'None'
[0.735s] Level 5:colcon.colcon_core.verb:set package 'gripper_force_feedback' build argument 'cmake_target_skip_unavailable' from command line to 'False'
[0.736s] Level 5:colcon.colcon_core.verb:set package 'gripper_force_feedback' build argument 'cmake_clean_cache' from command line to 'False'
[0.736s] Level 5:colcon.colcon_core.verb:set package 'gripper_force_feedback' build argument 'cmake_clean_first' from command line to 'False'
[0.736s] Level 5:colcon.colcon_core.verb:set package 'gripper_force_feedback' build argument 'cmake_force_configure' from command line to 'False'
[0.736s] Level 5:colcon.colcon_core.verb:set package 'gripper_force_feedback' build argument 'ament_cmake_args' from command line to 'None'
[0.736s] Level 5:colcon.colcon_core.verb:set package 'gripper_force_feedback' build argument 'catkin_cmake_args' from command line to 'None'
[0.736s] Level 5:colcon.colcon_core.verb:set package 'gripper_force_feedback' build argument 'catkin_skip_building_tests' from command line to 'False'
[0.736s] DEBUG:colcon.colcon_core.verb:Building package 'gripper_force_feedback' with the following arguments: {'ament_cmake_args': None, 'build_base': '/home/daniel/vm2_holistic_system_ws/build/gripper_force_feedback', 'catkin_cmake_args': None, 'catkin_skip_building_tests': False, 'cmake_args': None, 'cmake_clean_cache': False, 'cmake_clean_first': False, 'cmake_force_configure': False, 'cmake_target': None, 'cmake_target_skip_unavailable': False, 'install_base': '/home/daniel/vm2_holistic_system_ws/install/gripper_force_feedback', 'merge_install': False, 'path': '/home/daniel/vm2_holistic_system_ws/src/gripper_force_feedback', 'symlink_install': True, 'test_result_base': None}
[0.737s] Level 5:colcon.colcon_core.verb:set package 'tracking_pkg' build argument 'cmake_args' from command line to 'None'
[0.737s] Level 5:colcon.colcon_core.verb:set package 'tracking_pkg' build argument 'cmake_target' from command line to 'None'
[0.737s] Level 5:colcon.colcon_core.verb:set package 'tracking_pkg' build argument 'cmake_target_skip_unavailable' from command line to 'False'
[0.737s] Level 5:colcon.colcon_core.verb:set package 'tracking_pkg' build argument 'cmake_clean_cache' from command line to 'False'
[0.737s] Level 5:colcon.colcon_core.verb:set package 'tracking_pkg' build argument 'cmake_clean_first' from command line to 'False'
[0.737s] Level 5:colcon.colcon_core.verb:set package 'tracking_pkg' build argument 'cmake_force_configure' from command line to 'False'
[0.737s] Level 5:colcon.colcon_core.verb:set package 'tracking_pkg' build argument 'ament_cmake_args' from command line to 'None'
[0.737s] Level 5:colcon.colcon_core.verb:set package 'tracking_pkg' build argument 'catkin_cmake_args' from command line to 'None'
[0.737s] Level 5:colcon.colcon_core.verb:set package 'tracking_pkg' build argument 'catkin_skip_building_tests' from command line to 'False'
[0.737s] DEBUG:colcon.colcon_core.verb:Building package 'tracking_pkg' with the following arguments: {'ament_cmake_args': None, 'build_base': '/home/daniel/vm2_holistic_system_ws/build/tracking_pkg', 'catkin_cmake_args': None, 'catkin_skip_building_tests': False, 'cmake_args': None, 'cmake_clean_cache': False, 'cmake_clean_first': False, 'cmake_force_configure': False, 'cmake_target': None, 'cmake_target_skip_unavailable': False, 'install_base': '/home/daniel/vm2_holistic_system_ws/install/tracking_pkg', 'merge_install': False, 'path': '/home/daniel/vm2_holistic_system_ws/src/tracking_pkg', 'symlink_install': True, 'test_result_base': None}
[0.738s] Level 5:colcon.colcon_core.verb:set package 'ur_simulation_gazebo' build argument 'cmake_args' from command line to 'None'
[0.738s] Level 5:colcon.colcon_core.verb:set package 'ur_simulation_gazebo' build argument 'cmake_target' from command line to 'None'
[0.738s] Level 5:colcon.colcon_core.verb:set package 'ur_simulation_gazebo' build argument 'cmake_target_skip_unavailable' from command line to 'False'
[0.738s] Level 5:colcon.colcon_core.verb:set package 'ur_simulation_gazebo' build argument 'cmake_clean_cache' from command line to 'False'
[0.738s] Level 5:colcon.colcon_core.verb:set package 'ur_simulation_gazebo' build argument 'cmake_clean_first' from command line to 'False'
[0.738s] Level 5:colcon.colcon_core.verb:set package 'ur_simulation_gazebo' build argument 'cmake_force_configure' from command line to 'False'
[0.738s] Level 5:colcon.colcon_core.verb:set package 'ur_simulation_gazebo' build argument 'ament_cmake_args' from command line to 'None'
[0.738s] Level 5:colcon.colcon_core.verb:set package 'ur_simulation_gazebo' build argument 'catkin_cmake_args' from command line to 'None'
[0.739s] Level 5:colcon.colcon_core.verb:set package 'ur_simulation_gazebo' build argument 'catkin_skip_building_tests' from command line to 'False'
[0.739s] DEBUG:colcon.colcon_core.verb:Building package 'ur_simulation_gazebo' with the following arguments: {'ament_cmake_args': None, 'build_base': '/home/daniel/vm2_holistic_system_ws/build/ur_simulation_gazebo', 'catkin_cmake_args': None, 'catkin_skip_building_tests': False, 'cmake_args': None, 'cmake_clean_cache': False, 'cmake_clean_first': False, 'cmake_force_configure': False, 'cmake_target': None, 'cmake_target_skip_unavailable': False, 'install_base': '/home/daniel/vm2_holistic_system_ws/install/ur_simulation_gazebo', 'merge_install': False, 'path': '/home/daniel/vm2_holistic_system_ws/src/Universal_Robots_ROS2_Gazebo_Simulation/ur_simulation_gazebo', 'symlink_install': True, 'test_result_base': None}
[0.739s] INFO:colcon.colcon_core.executor:Executing jobs using 'parallel' executor
[0.741s] DEBUG:colcon.colcon_parallel_executor.executor.parallel:run_until_complete
[0.741s] INFO:colcon.colcon_ros.task.ament_cmake.build:Building ROS package in '/home/daniel/vm2_holistic_system_ws/src/gripper_force_feedback' with build type 'ament_cmake'
[0.741s] INFO:colcon.colcon_cmake.task.cmake.build:Building CMake package in '/home/daniel/vm2_holistic_system_ws/src/gripper_force_feedback'
[0.760s] INFO:colcon.colcon_core.plugin_system:Skipping extension 'colcon_core.shell.bat': Not used on non-Windows systems
[0.761s] INFO:colcon.colcon_core.shell:Skip shell extension 'powershell' for command environment: Not usable outside of PowerShell
[0.761s] DEBUG:colcon.colcon_core.shell:Skip shell extension 'dsv' for command environment
[0.772s] INFO:colcon.colcon_ros.task.ament_cmake.build:Building ROS package in '/home/daniel/vm2_holistic_system_ws/src/tracking_pkg' with build type 'ament_cmake'
[0.773s] INFO:colcon.colcon_cmake.task.cmake.build:Building CMake package in '/home/daniel/vm2_holistic_system_ws/src/tracking_pkg'
[0.775s] INFO:colcon.colcon_core.shell:Skip shell extension 'powershell' for command environment: Not usable outside of PowerShell
[0.775s] DEBUG:colcon.colcon_core.shell:Skip shell extension 'dsv' for command environment
[0.788s] INFO:colcon.colcon_ros.task.ament_cmake.build:Building ROS package in '/home/daniel/vm2_holistic_system_ws/src/Universal_Robots_ROS2_Gazebo_Simulation/ur_simulation_gazebo' with build type 'ament_cmake'
[0.789s] INFO:colcon.colcon_cmake.task.cmake.build:Building CMake package in '/home/daniel/vm2_holistic_system_ws/src/Universal_Robots_ROS2_Gazebo_Simulation/ur_simulation_gazebo'
[0.790s] INFO:colcon.colcon_core.shell:Skip shell extension 'powershell' for command environment: Not usable outside of PowerShell
[0.791s] DEBUG:colcon.colcon_core.shell:Skip shell extension 'dsv' for command environment
[0.841s] DEBUG:colcon.colcon_core.event_handler.log_command:Invoking command in '/home/daniel/vm2_holistic_system_ws/build/gripper_force_feedback': CMAKE_PREFIX_PATH=${CMAKE_PREFIX_PATH}:/opt/ros/humble /usr/bin/cmake /home/daniel/vm2_holistic_system_ws/src/gripper_force_feedback -DAMENT_CMAKE_SYMLINK_INSTALL=1 -DCMAKE_INSTALL_PREFIX=/home/daniel/vm2_holistic_system_ws/install/gripper_force_feedback
[0.852s] DEBUG:colcon.colcon_core.event_handler.log_command:Invoking command in '/home/daniel/vm2_holistic_system_ws/build/tracking_pkg': CMAKE_PREFIX_PATH=${CMAKE_PREFIX_PATH}:/opt/ros/humble /usr/bin/cmake /home/daniel/vm2_holistic_system_ws/src/tracking_pkg -DAMENT_CMAKE_SYMLINK_INSTALL=1 -DCMAKE_INSTALL_PREFIX=/home/daniel/vm2_holistic_system_ws/install/tracking_pkg
[0.872s] DEBUG:colcon.colcon_core.event_handler.log_command:Invoking command in '/home/daniel/vm2_holistic_system_ws/build/ur_simulation_gazebo': CMAKE_PREFIX_PATH=${CMAKE_PREFIX_PATH}:/opt/ros/humble /usr/bin/cmake /home/daniel/vm2_holistic_system_ws/src/Universal_Robots_ROS2_Gazebo_Simulation/ur_simulation_gazebo -DAMENT_CMAKE_SYMLINK_INSTALL=1 -DCMAKE_INSTALL_PREFIX=/home/daniel/vm2_holistic_system_ws/install/ur_simulation_gazebo
[6.236s] DEBUG:colcon.colcon_core.event_handler.log_command:Invoked command in '/home/daniel/vm2_holistic_system_ws/build/ur_simulation_gazebo' returned '0': CMAKE_PREFIX_PATH=${CMAKE_PREFIX_PATH}:/opt/ros/humble /usr/bin/cmake /home/daniel/vm2_holistic_system_ws/src/Universal_Robots_ROS2_Gazebo_Simulation/ur_simulation_gazebo -DAMENT_CMAKE_SYMLINK_INSTALL=1 -DCMAKE_INSTALL_PREFIX=/home/daniel/vm2_holistic_system_ws/install/ur_simulation_gazebo
[6.249s] DEBUG:colcon.colcon_core.event_handler.log_command:Invoking command in '/home/daniel/vm2_holistic_system_ws/build/ur_simulation_gazebo': CMAKE_PREFIX_PATH=${CMAKE_PREFIX_PATH}:/opt/ros/humble /usr/bin/cmake --build /home/daniel/vm2_holistic_system_ws/build/ur_simulation_gazebo -- -j8 -l8
[6.477s] DEBUG:colcon.colcon_core.event_handler.log_command:Invoked command in '/home/daniel/vm2_holistic_system_ws/build/ur_simulation_gazebo' returned '0': CMAKE_PREFIX_PATH=${CMAKE_PREFIX_PATH}:/opt/ros/humble /usr/bin/cmake --build /home/daniel/vm2_holistic_system_ws/build/ur_simulation_gazebo -- -j8 -l8
[6.527s] DEBUG:colcon.colcon_core.event_handler.log_command:Invoking command in '/home/daniel/vm2_holistic_system_ws/build/ur_simulation_gazebo': CMAKE_PREFIX_PATH=${CMAKE_PREFIX_PATH}:/opt/ros/humble /usr/bin/cmake --install /home/daniel/vm2_holistic_system_ws/build/ur_simulation_gazebo
[7.474s] Level 1:colcon.colcon_core.environment:create_environment_scripts_only(ur_simulation_gazebo)
[7.478s] DEBUG:colcon.colcon_core.event_handler.log_command:Invoked command in '/home/daniel/vm2_holistic_system_ws/build/ur_simulation_gazebo' returned '0': CMAKE_PREFIX_PATH=${CMAKE_PREFIX_PATH}:/opt/ros/humble /usr/bin/cmake --install /home/daniel/vm2_holistic_system_ws/build/ur_simulation_gazebo
[7.528s] Level 1:colcon.colcon_core.environment:checking '/home/daniel/vm2_holistic_system_ws/install/ur_simulation_gazebo' for CMake module files
[7.535s] Level 1:colcon.colcon_core.environment:checking '/home/daniel/vm2_holistic_system_ws/install/ur_simulation_gazebo' for CMake config files
[7.536s] Level 1:colcon.colcon_core.shell:create_environment_hook('ur_simulation_gazebo', 'cmake_prefix_path')
[7.539s] INFO:colcon.colcon_core.shell:Creating environment hook '/home/daniel/vm2_holistic_system_ws/install/ur_simulation_gazebo/share/ur_simulation_gazebo/hook/cmake_prefix_path.ps1'
[7.560s] INFO:colcon.colcon_core.shell:Creating environment descriptor '/home/daniel/vm2_holistic_system_ws/install/ur_simulation_gazebo/share/ur_simulation_gazebo/hook/cmake_prefix_path.dsv'
[7.577s] INFO:colcon.colcon_core.shell:Creating environment hook '/home/daniel/vm2_holistic_system_ws/install/ur_simulation_gazebo/share/ur_simulation_gazebo/hook/cmake_prefix_path.sh'
[7.602s] Level 1:colcon.colcon_core.environment:checking '/home/daniel/vm2_holistic_system_ws/install/ur_simulation_gazebo/bin'
[7.604s] Level 1:colcon.colcon_core.environment:checking '/home/daniel/vm2_holistic_system_ws/install/ur_simulation_gazebo/lib/pkgconfig/ur_simulation_gazebo.pc'
[7.608s] Level 1:colcon.colcon_core.environment:checking '/home/daniel/vm2_holistic_system_ws/install/ur_simulation_gazebo/lib/python3.10/site-packages'
[7.617s] Level 1:colcon.colcon_core.environment:checking '/home/daniel/vm2_holistic_system_ws/install/ur_simulation_gazebo/bin'
[7.628s] INFO:colcon.colcon_core.shell:Creating package script '/home/daniel/vm2_holistic_system_ws/install/ur_simulation_gazebo/share/ur_simulation_gazebo/package.ps1'
[7.637s] INFO:colcon.colcon_core.shell:Creating package descriptor '/home/daniel/vm2_holistic_system_ws/install/ur_simulation_gazebo/share/ur_simulation_gazebo/package.dsv'
[7.642s] INFO:colcon.colcon_core.shell:Creating package script '/home/daniel/vm2_holistic_system_ws/install/ur_simulation_gazebo/share/ur_simulation_gazebo/package.sh'
[7.650s] INFO:colcon.colcon_core.shell:Creating package script '/home/daniel/vm2_holistic_system_ws/install/ur_simulation_gazebo/share/ur_simulation_gazebo/package.bash'
[7.658s] INFO:colcon.colcon_core.shell:Creating package script '/home/daniel/vm2_holistic_system_ws/install/ur_simulation_gazebo/share/ur_simulation_gazebo/package.zsh'
[7.667s] Level 1:colcon.colcon_core.environment:create_file_with_runtime_dependencies(/home/daniel/vm2_holistic_system_ws/install/ur_simulation_gazebo/share/colcon-core/packages/ur_simulation_gazebo)
[7.671s] Level 1:colcon.colcon_core.environment:create_environment_scripts_only(ur_simulation_gazebo)
[7.672s] Level 1:colcon.colcon_core.environment:checking '/home/daniel/vm2_holistic_system_ws/install/ur_simulation_gazebo' for CMake module files
[7.684s] Level 1:colcon.colcon_core.environment:checking '/home/daniel/vm2_holistic_system_ws/install/ur_simulation_gazebo' for CMake config files
[7.691s] Level 1:colcon.colcon_core.shell:create_environment_hook('ur_simulation_gazebo', 'cmake_prefix_path')
[7.693s] INFO:colcon.colcon_core.shell:Creating environment hook '/home/daniel/vm2_holistic_system_ws/install/ur_simulation_gazebo/share/ur_simulation_gazebo/hook/cmake_prefix_path.ps1'
[7.700s] INFO:colcon.colcon_core.shell:Creating environment descriptor '/home/daniel/vm2_holistic_system_ws/install/ur_simulation_gazebo/share/ur_simulation_gazebo/hook/cmake_prefix_path.dsv'
[7.705s] INFO:colcon.colcon_core.shell:Creating environment hook '/home/daniel/vm2_holistic_system_ws/install/ur_simulation_gazebo/share/ur_simulation_gazebo/hook/cmake_prefix_path.sh'
[7.719s] Level 1:colcon.colcon_core.environment:checking '/home/daniel/vm2_holistic_system_ws/install/ur_simulation_gazebo/bin'
[7.723s] Level 1:colcon.colcon_core.environment:checking '/home/daniel/vm2_holistic_system_ws/install/ur_simulation_gazebo/lib/pkgconfig/ur_simulation_gazebo.pc'
[7.725s] Level 1:colcon.colcon_core.environment:checking '/home/daniel/vm2_holistic_system_ws/install/ur_simulation_gazebo/lib/python3.10/site-packages'
[7.730s] Level 1:colcon.colcon_core.environment:checking '/home/daniel/vm2_holistic_system_ws/install/ur_simulation_gazebo/bin'
[7.738s] INFO:colcon.colcon_core.shell:Creating package script '/home/daniel/vm2_holistic_system_ws/install/ur_simulation_gazebo/share/ur_simulation_gazebo/package.ps1'
[7.744s] INFO:colcon.colcon_core.shell:Creating package descriptor '/home/daniel/vm2_holistic_system_ws/install/ur_simulation_gazebo/share/ur_simulation_gazebo/package.dsv'
[7.754s] INFO:colcon.colcon_core.shell:Creating package script '/home/daniel/vm2_holistic_system_ws/install/ur_simulation_gazebo/share/ur_simulation_gazebo/package.sh'
[7.758s] INFO:colcon.colcon_core.shell:Creating package script '/home/daniel/vm2_holistic_system_ws/install/ur_simulation_gazebo/share/ur_simulation_gazebo/package.bash'
[7.767s] INFO:colcon.colcon_core.shell:Creating package script '/home/daniel/vm2_holistic_system_ws/install/ur_simulation_gazebo/share/ur_simulation_gazebo/package.zsh'
[7.771s] Level 1:colcon.colcon_core.environment:create_file_with_runtime_dependencies(/home/daniel/vm2_holistic_system_ws/install/ur_simulation_gazebo/share/colcon-core/packages/ur_simulation_gazebo)
[13.385s] DEBUG:colcon.colcon_core.event_handler.log_command:Invoked command in '/home/daniel/vm2_holistic_system_ws/build/gripper_force_feedback' returned '0': CMAKE_PREFIX_PATH=${CMAKE_PREFIX_PATH}:/opt/ros/humble /usr/bin/cmake /home/daniel/vm2_holistic_system_ws/src/gripper_force_feedback -DAMENT_CMAKE_SYMLINK_INSTALL=1 -DCMAKE_INSTALL_PREFIX=/home/daniel/vm2_holistic_system_ws/install/gripper_force_feedback
[13.388s] DEBUG:colcon.colcon_core.event_handler.log_command:Invoking command in '/home/daniel/vm2_holistic_system_ws/build/gripper_force_feedback': CMAKE_PREFIX_PATH=${CMAKE_PREFIX_PATH}:/opt/ros/humble /usr/bin/cmake --build /home/daniel/vm2_holistic_system_ws/build/gripper_force_feedback -- -j8 -l8
[13.568s] DEBUG:colcon.colcon_core.event_handler.log_command:Invoked command in '/home/daniel/vm2_holistic_system_ws/build/gripper_force_feedback' returned '0': CMAKE_PREFIX_PATH=${CMAKE_PREFIX_PATH}:/opt/ros/humble /usr/bin/cmake --build /home/daniel/vm2_holistic_system_ws/build/gripper_force_feedback -- -j8 -l8
[13.583s] DEBUG:colcon.colcon_core.event_handler.log_command:Invoking command in '/home/daniel/vm2_holistic_system_ws/build/gripper_force_feedback': CMAKE_PREFIX_PATH=${CMAKE_PREFIX_PATH}:/opt/ros/humble /usr/bin/cmake --install /home/daniel/vm2_holistic_system_ws/build/gripper_force_feedback
[13.738s] DEBUG:colcon.colcon_core.event_handler.log_command:Invoked command in '/home/daniel/vm2_holistic_system_ws/build/tracking_pkg' returned '0': CMAKE_PREFIX_PATH=${CMAKE_PREFIX_PATH}:/opt/ros/humble /usr/bin/cmake /home/daniel/vm2_holistic_system_ws/src/tracking_pkg -DAMENT_CMAKE_SYMLINK_INSTALL=1 -DCMAKE_INSTALL_PREFIX=/home/daniel/vm2_holistic_system_ws/install/tracking_pkg
[13.740s] DEBUG:colcon.colcon_core.event_handler.log_command:Invoking command in '/home/daniel/vm2_holistic_system_ws/build/tracking_pkg': CMAKE_PREFIX_PATH=${CMAKE_PREFIX_PATH}:/opt/ros/humble /usr/bin/cmake --build /home/daniel/vm2_holistic_system_ws/build/tracking_pkg -- -j8 -l8
[14.240s] Level 1:colcon.colcon_core.environment:create_environment_scripts_only(gripper_force_feedback)
[14.241s] Level 1:colcon.colcon_core.environment:checking '/home/daniel/vm2_holistic_system_ws/install/gripper_force_feedback' for CMake module files
[14.246s] DEBUG:colcon.colcon_core.event_handler.log_command:Invoked command in '/home/daniel/vm2_holistic_system_ws/build/gripper_force_feedback' returned '0': CMAKE_PREFIX_PATH=${CMAKE_PREFIX_PATH}:/opt/ros/humble /usr/bin/cmake --install /home/daniel/vm2_holistic_system_ws/build/gripper_force_feedback
[14.248s] Level 1:colcon.colcon_core.environment:checking '/home/daniel/vm2_holistic_system_ws/install/gripper_force_feedback' for CMake config files
[14.250s] Level 1:colcon.colcon_core.shell:create_environment_hook('gripper_force_feedback', 'cmake_prefix_path')
[14.251s] INFO:colcon.colcon_core.shell:Creating environment hook '/home/daniel/vm2_holistic_system_ws/install/gripper_force_feedback/share/gripper_force_feedback/hook/cmake_prefix_path.ps1'
[14.253s] INFO:colcon.colcon_core.shell:Creating environment descriptor '/home/daniel/vm2_holistic_system_ws/install/gripper_force_feedback/share/gripper_force_feedback/hook/cmake_prefix_path.dsv'
[14.255s] INFO:colcon.colcon_core.shell:Creating environment hook '/home/daniel/vm2_holistic_system_ws/install/gripper_force_feedback/share/gripper_force_feedback/hook/cmake_prefix_path.sh'
[14.268s] Level 1:colcon.colcon_core.environment:checking '/home/daniel/vm2_holistic_system_ws/install/gripper_force_feedback/lib'
[14.270s] Level 1:colcon.colcon_core.environment:checking '/home/daniel/vm2_holistic_system_ws/install/gripper_force_feedback/bin'
[14.270s] Level 1:colcon.colcon_core.environment:checking '/home/daniel/vm2_holistic_system_ws/install/gripper_force_feedback/lib/pkgconfig/gripper_force_feedback.pc'
[14.272s] Level 1:colcon.colcon_core.environment:checking '/home/daniel/vm2_holistic_system_ws/install/gripper_force_feedback/lib/python3.10/site-packages'
[14.273s] Level 1:colcon.colcon_core.environment:checking '/home/daniel/vm2_holistic_system_ws/install/gripper_force_feedback/bin'
[14.275s] INFO:colcon.colcon_core.shell:Creating package script '/home/daniel/vm2_holistic_system_ws/install/gripper_force_feedback/share/gripper_force_feedback/package.ps1'
[14.278s] INFO:colcon.colcon_core.shell:Creating package descriptor '/home/daniel/vm2_holistic_system_ws/install/gripper_force_feedback/share/gripper_force_feedback/package.dsv'
[14.280s] INFO:colcon.colcon_core.shell:Creating package script '/home/daniel/vm2_holistic_system_ws/install/gripper_force_feedback/share/gripper_force_feedback/package.sh'
[14.282s] INFO:colcon.colcon_core.shell:Creating package script '/home/daniel/vm2_holistic_system_ws/install/gripper_force_feedback/share/gripper_force_feedback/package.bash'
[14.283s] INFO:colcon.colcon_core.shell:Creating package script '/home/daniel/vm2_holistic_system_ws/install/gripper_force_feedback/share/gripper_force_feedback/package.zsh'
[14.284s] Level 1:colcon.colcon_core.environment:create_file_with_runtime_dependencies(/home/daniel/vm2_holistic_system_ws/install/gripper_force_feedback/share/colcon-core/packages/gripper_force_feedback)
[14.286s] Level 1:colcon.colcon_core.environment:create_environment_scripts_only(gripper_force_feedback)
[14.287s] Level 1:colcon.colcon_core.environment:checking '/home/daniel/vm2_holistic_system_ws/install/gripper_force_feedback' for CMake module files
[14.289s] Level 1:colcon.colcon_core.environment:checking '/home/daniel/vm2_holistic_system_ws/install/gripper_force_feedback' for CMake config files
[14.290s] Level 1:colcon.colcon_core.shell:create_environment_hook('gripper_force_feedback', 'cmake_prefix_path')
[14.292s] INFO:colcon.colcon_core.shell:Creating environment hook '/home/daniel/vm2_holistic_system_ws/install/gripper_force_feedback/share/gripper_force_feedback/hook/cmake_prefix_path.ps1'
[14.302s] INFO:colcon.colcon_core.shell:Creating environment descriptor '/home/daniel/vm2_holistic_system_ws/install/gripper_force_feedback/share/gripper_force_feedback/hook/cmake_prefix_path.dsv'
[14.304s] INFO:colcon.colcon_core.shell:Creating environment hook '/home/daniel/vm2_holistic_system_ws/install/gripper_force_feedback/share/gripper_force_feedback/hook/cmake_prefix_path.sh'
[14.306s] Level 1:colcon.colcon_core.environment:checking '/home/daniel/vm2_holistic_system_ws/install/gripper_force_feedback/lib'
[14.306s] Level 1:colcon.colcon_core.environment:checking '/home/daniel/vm2_holistic_system_ws/install/gripper_force_feedback/bin'
[14.307s] Level 1:colcon.colcon_core.environment:checking '/home/daniel/vm2_holistic_system_ws/install/gripper_force_feedback/lib/pkgconfig/gripper_force_feedback.pc'
[14.307s] Level 1:colcon.colcon_core.environment:checking '/home/daniel/vm2_holistic_system_ws/install/gripper_force_feedback/lib/python3.10/site-packages'
[14.308s] Level 1:colcon.colcon_core.environment:checking '/home/daniel/vm2_holistic_system_ws/install/gripper_force_feedback/bin'
[14.311s] INFO:colcon.colcon_core.shell:Creating package script '/home/daniel/vm2_holistic_system_ws/install/gripper_force_feedback/share/gripper_force_feedback/package.ps1'
[14.314s] INFO:colcon.colcon_core.shell:Creating package descriptor '/home/daniel/vm2_holistic_system_ws/install/gripper_force_feedback/share/gripper_force_feedback/package.dsv'
[14.317s] INFO:colcon.colcon_core.shell:Creating package script '/home/daniel/vm2_holistic_system_ws/install/gripper_force_feedback/share/gripper_force_feedback/package.sh'
[14.318s] INFO:colcon.colcon_core.shell:Creating package script '/home/daniel/vm2_holistic_system_ws/install/gripper_force_feedback/share/gripper_force_feedback/package.bash'
[14.320s] INFO:colcon.colcon_core.shell:Creating package script '/home/daniel/vm2_holistic_system_ws/install/gripper_force_feedback/share/gripper_force_feedback/package.zsh'
[14.323s] Level 1:colcon.colcon_core.environment:create_file_with_runtime_dependencies(/home/daniel/vm2_holistic_system_ws/install/gripper_force_feedback/share/colcon-core/packages/gripper_force_feedback)
[73.225s] DEBUG:colcon.colcon_core.event_handler.log_command:Invoked command in '/home/daniel/vm2_holistic_system_ws/build/tracking_pkg' returned '0': CMAKE_PREFIX_PATH=${CMAKE_PREFIX_PATH}:/opt/ros/humble /usr/bin/cmake --build /home/daniel/vm2_holistic_system_ws/build/tracking_pkg -- -j8 -l8
[73.231s] DEBUG:colcon.colcon_core.event_handler.log_command:Invoking command in '/home/daniel/vm2_holistic_system_ws/build/tracking_pkg': CMAKE_PREFIX_PATH=${CMAKE_PREFIX_PATH}:/opt/ros/humble /usr/bin/cmake --install /home/daniel/vm2_holistic_system_ws/build/tracking_pkg
[73.997s] Level 1:colcon.colcon_core.environment:create_environment_scripts_only(tracking_pkg)
[73.998s] Level 1:colcon.colcon_core.environment:checking '/home/daniel/vm2_holistic_system_ws/install/tracking_pkg' for CMake module files
[73.999s] DEBUG:colcon.colcon_core.event_handler.log_command:Invoked command in '/home/daniel/vm2_holistic_system_ws/build/tracking_pkg' returned '0': CMAKE_PREFIX_PATH=${CMAKE_PREFIX_PATH}:/opt/ros/humble /usr/bin/cmake --install /home/daniel/vm2_holistic_system_ws/build/tracking_pkg
[74.000s] Level 1:colcon.colcon_core.environment:checking '/home/daniel/vm2_holistic_system_ws/install/tracking_pkg' for CMake config files
[74.001s] Level 1:colcon.colcon_core.shell:create_environment_hook('tracking_pkg', 'cmake_prefix_path')
[74.002s] INFO:colcon.colcon_core.shell:Creating environment hook '/home/daniel/vm2_holistic_system_ws/install/tracking_pkg/share/tracking_pkg/hook/cmake_prefix_path.ps1'
[74.003s] INFO:colcon.colcon_core.shell:Creating environment descriptor '/home/daniel/vm2_holistic_system_ws/install/tracking_pkg/share/tracking_pkg/hook/cmake_prefix_path.dsv'
[74.005s] INFO:colcon.colcon_core.shell:Creating environment hook '/home/daniel/vm2_holistic_system_ws/install/tracking_pkg/share/tracking_pkg/hook/cmake_prefix_path.sh'
[74.006s] Level 1:colcon.colcon_core.environment:checking '/home/daniel/vm2_holistic_system_ws/install/tracking_pkg/lib'
[74.006s] Level 1:colcon.colcon_core.environment:checking '/home/daniel/vm2_holistic_system_ws/install/tracking_pkg/bin'
[74.007s] Level 1:colcon.colcon_core.environment:checking '/home/daniel/vm2_holistic_system_ws/install/tracking_pkg/lib/pkgconfig/tracking_pkg.pc'
[74.008s] Level 1:colcon.colcon_core.environment:checking '/home/daniel/vm2_holistic_system_ws/install/tracking_pkg/lib/python3.10/site-packages'
[74.009s] Level 1:colcon.colcon_core.environment:checking '/home/daniel/vm2_holistic_system_ws/install/tracking_pkg/bin'
[74.011s] INFO:colcon.colcon_core.shell:Creating package script '/home/daniel/vm2_holistic_system_ws/install/tracking_pkg/share/tracking_pkg/package.ps1'
[74.013s] INFO:colcon.colcon_core.shell:Creating package descriptor '/home/daniel/vm2_holistic_system_ws/install/tracking_pkg/share/tracking_pkg/package.dsv'
[74.014s] INFO:colcon.colcon_core.shell:Creating package script '/home/daniel/vm2_holistic_system_ws/install/tracking_pkg/share/tracking_pkg/package.sh'
[74.015s] INFO:colcon.colcon_core.shell:Creating package script '/home/daniel/vm2_holistic_system_ws/install/tracking_pkg/share/tracking_pkg/package.bash'
[74.016s] INFO:colcon.colcon_core.shell:Creating package script '/home/daniel/vm2_holistic_system_ws/install/tracking_pkg/share/tracking_pkg/package.zsh'
[74.017s] Level 1:colcon.colcon_core.environment:create_file_with_runtime_dependencies(/home/daniel/vm2_holistic_system_ws/install/tracking_pkg/share/colcon-core/packages/tracking_pkg)
[74.018s] Level 1:colcon.colcon_core.environment:create_environment_scripts_only(tracking_pkg)
[74.019s] Level 1:colcon.colcon_core.environment:checking '/home/daniel/vm2_holistic_system_ws/install/tracking_pkg' for CMake module files
[74.020s] Level 1:colcon.colcon_core.environment:checking '/home/daniel/vm2_holistic_system_ws/install/tracking_pkg' for CMake config files
[74.021s] Level 1:colcon.colcon_core.shell:create_environment_hook('tracking_pkg', 'cmake_prefix_path')
[74.021s] INFO:colcon.colcon_core.shell:Creating environment hook '/home/daniel/vm2_holistic_system_ws/install/tracking_pkg/share/tracking_pkg/hook/cmake_prefix_path.ps1'
[74.022s] INFO:colcon.colcon_core.shell:Creating environment descriptor '/home/daniel/vm2_holistic_system_ws/install/tracking_pkg/share/tracking_pkg/hook/cmake_prefix_path.dsv'
[74.023s] INFO:colcon.colcon_core.shell:Creating environment hook '/home/daniel/vm2_holistic_system_ws/install/tracking_pkg/share/tracking_pkg/hook/cmake_prefix_path.sh'
[74.025s] Level 1:colcon.colcon_core.environment:checking '/home/daniel/vm2_holistic_system_ws/install/tracking_pkg/lib'
[74.025s] Level 1:colcon.colcon_core.environment:checking '/home/daniel/vm2_holistic_system_ws/install/tracking_pkg/bin'
[74.025s] Level 1:colcon.colcon_core.environment:checking '/home/daniel/vm2_holistic_system_ws/install/tracking_pkg/lib/pkgconfig/tracking_pkg.pc'
[74.026s] Level 1:colcon.colcon_core.environment:checking '/home/daniel/vm2_holistic_system_ws/install/tracking_pkg/lib/python3.10/site-packages'
[74.026s] Level 1:colcon.colcon_core.environment:checking '/home/daniel/vm2_holistic_system_ws/install/tracking_pkg/bin'
[74.027s] INFO:colcon.colcon_core.shell:Creating package script '/home/daniel/vm2_holistic_system_ws/install/tracking_pkg/share/tracking_pkg/package.ps1'
[74.028s] INFO:colcon.colcon_core.shell:Creating package descriptor '/home/daniel/vm2_holistic_system_ws/install/tracking_pkg/share/tracking_pkg/package.dsv'
[74.029s] INFO:colcon.colcon_core.shell:Creating package script '/home/daniel/vm2_holistic_system_ws/install/tracking_pkg/share/tracking_pkg/package.sh'
[74.031s] INFO:colcon.colcon_core.shell:Creating package script '/home/daniel/vm2_holistic_system_ws/install/tracking_pkg/share/tracking_pkg/package.bash'
[74.032s] INFO:colcon.colcon_core.shell:Creating package script '/home/daniel/vm2_holistic_system_ws/install/tracking_pkg/share/tracking_pkg/package.zsh'
[74.034s] Level 1:colcon.colcon_core.environment:create_file_with_runtime_dependencies(/home/daniel/vm2_holistic_system_ws/install/tracking_pkg/share/colcon-core/packages/tracking_pkg)
[74.035s] DEBUG:colcon.colcon_parallel_executor.executor.parallel:closing loop
[74.037s] DEBUG:colcon.colcon_parallel_executor.executor.parallel:loop closed
[74.038s] DEBUG:colcon.colcon_parallel_executor.executor.parallel:run_until_complete finished with '0'
[74.039s] DEBUG:colcon.colcon_core.event_reactor:joining thread
[74.063s] INFO:colcon.colcon_core.plugin_system:Skipping extension 'colcon_notification.desktop_notification.terminal_notifier': Not used on non-Darwin systems
[74.063s] INFO:colcon.colcon_core.plugin_system:Skipping extension 'colcon_notification.desktop_notification.win32': Not used on non-Windows systems
[74.064s] INFO:colcon.colcon_notification.desktop_notification:Sending desktop notification using 'notify2'
[74.150s] DEBUG:colcon.colcon_core.event_reactor:joined thread
[74.151s] INFO:colcon.colcon_core.shell:Creating prefix script '/home/daniel/vm2_holistic_system_ws/install/local_setup.ps1'
[74.155s] INFO:colcon.colcon_core.shell:Creating prefix util module '/home/daniel/vm2_holistic_system_ws/install/_local_setup_util_ps1.py'
[74.161s] INFO:colcon.colcon_core.shell:Creating prefix chain script '/home/daniel/vm2_holistic_system_ws/install/setup.ps1'
[74.171s] INFO:colcon.colcon_core.shell:Creating prefix script '/home/daniel/vm2_holistic_system_ws/install/local_setup.sh'
[74.174s] INFO:colcon.colcon_core.shell:Creating prefix util module '/home/daniel/vm2_holistic_system_ws/install/_local_setup_util_sh.py'
[74.178s] INFO:colcon.colcon_core.shell:Creating prefix chain script '/home/daniel/vm2_holistic_system_ws/install/setup.sh'
[74.183s] INFO:colcon.colcon_core.shell:Creating prefix script '/home/daniel/vm2_holistic_system_ws/install/local_setup.bash'
[74.185s] INFO:colcon.colcon_core.shell:Creating prefix chain script '/home/daniel/vm2_holistic_system_ws/install/setup.bash'
[74.192s] INFO:colcon.colcon_core.shell:Creating prefix script '/home/daniel/vm2_holistic_system_ws/install/local_setup.zsh'
[74.195s] INFO:colcon.colcon_core.shell:Creating prefix chain script '/home/daniel/vm2_holistic_system_ws/install/setup.zsh'
