[0.106s] Invoking command in '/home/daniel/vm2_holistic_system_ws/build/gripper_force_feedback': CMAKE_PREFIX_PATH=${CMAKE_PREFIX_PATH}:/opt/ros/humble /usr/bin/cmake --build /home/daniel/vm2_holistic_system_ws/build/gripper_force_feedback -- -j8 -l8
[0.265s] -- Found ament_cmake: 1.3.11 (/opt/ros/humble/share/ament_cmake/cmake)
[1.057s] -- Override CMake install command with custom implementation using symlinks instead of copying resources
[1.189s] -- Found rclcpp: 16.0.11 (/opt/ros/humble/share/rclcpp/cmake)
[1.373s] -- Found rosidl_generator_c: 3.1.6 (/opt/ros/humble/share/rosidl_generator_c/cmake)
[1.389s] -- Found rosidl_adapter: 3.1.6 (/opt/ros/humble/share/rosidl_adapter/cmake)
[1.413s] -- Found rosidl_generator_cpp: 3.1.6 (/opt/ros/humble/share/rosidl_generator_cpp/cmake)
[1.445s] -- Using all available rosidl_typesupport_c: rosidl_typesupport_fastrtps_c;rosidl_typesupport_introspection_c
[1.497s] -- Using all available rosidl_typesupport_cpp: rosidl_typesupport_fastrtps_cpp;rosidl_typesupport_introspection_cpp
[1.605s] -- Found rmw_implementation_cmake: 6.1.2 (/opt/ros/humble/share/rmw_implementation_cmake/cmake)
[1.609s] -- Found rmw_cyclonedds_cpp: 1.3.4 (/opt/ros/humble/share/rmw_cyclonedds_cpp/cmake)
[1.674s] -- Using RMW implementation 'rmw_cyclonedds_cpp' as default
[1.864s] -- Found geometry_msgs: 4.2.4 (/opt/ros/humble/share/geometry_msgs/cmake)
[1.910s] -- Found moveit_ros_planning_interface: 2.5.8 (/opt/ros/humble/share/moveit_ros_planning_interface/cmake)
[1.928s] -- Found Boost: /usr/lib/x86_64-linux-gnu/cmake/Boost-1.74.0/BoostConfig.cmake (found version "1.74.0") found components: date_time filesystem program_options system thread 
[2.215s] -- Found Boost: /usr/lib/x86_64-linux-gnu/cmake/Boost-1.74.0/BoostConfig.cmake (found version "1.74.0") found components: chrono date_time filesystem iostreams program_options regex serialization system thread 
[2.266s] -- Found parameter_traits: 0.4.0 (/opt/ros/humble/share/parameter_traits/cmake)
[2.284s] -- Found rclcpp_lifecycle: 16.0.11 (/opt/ros/humble/share/rclcpp_lifecycle/cmake)
[2.329s] -- Found Boost: /usr/lib/x86_64-linux-gnu/cmake/Boost-1.74.0/BoostConfig.cmake (found version "1.74.0") found components: filesystem 
[2.380s] -- library: /usr/lib/x86_64-linux-gnu/libcurl.so
[2.430s] -- Ensuring Eigen3 include directory is part of orocos-kdl CMake target
[2.645s] -- Found Boost: /usr/lib/x86_64-linux-gnu/cmake/Boost-1.74.0/BoostConfig.cmake (found version "1.74.0") found components: system filesystem date_time program_options thread chrono 
[2.706s] -- Found Boost: /usr/lib/x86_64-linux-gnu/cmake/Boost-1.74.0/BoostConfig.cmake (found version "1.74.0") found components: thread system filesystem regex date_time program_options 
[2.754s] -- Found Boost: /usr/lib/x86_64-linux-gnu/cmake/Boost-1.74.0/BoostConfig.cmake (found version "1.74.0") found components: system filesystem date_time program_options thread 
[2.812s] -- Found ament_lint_auto: 0.12.11 (/opt/ros/humble/share/ament_lint_auto/cmake)
[2.966s] -- Added test 'flake8' to check Python code syntax and style conventions
[2.969s] -- Added test 'lint_cmake' to check CMake code style
[2.971s] -- Added test 'pep257' to check Python code against some of the docstring style conventions in PEP 257
[2.976s] -- Added test 'xmllint' to check XML markup files
[2.982s] -- Configuring done
[3.005s] -- Generating done
[3.015s] -- Build files have been written to: /home/daniel/vm2_holistic_system_ws/build/gripper_force_feedback
[3.097s] Invoked command in '/home/daniel/vm2_holistic_system_ws/build/gripper_force_feedback' returned '0': CMAKE_PREFIX_PATH=${CMAKE_PREFIX_PATH}:/opt/ros/humble /usr/bin/cmake --build /home/daniel/vm2_holistic_system_ws/build/gripper_force_feedback -- -j8 -l8
[3.101s] Invoking command in '/home/daniel/vm2_holistic_system_ws/build/gripper_force_feedback': CMAKE_PREFIX_PATH=${CMAKE_PREFIX_PATH}:/opt/ros/humble /usr/bin/cmake --install /home/daniel/vm2_holistic_system_ws/build/gripper_force_feedback
[3.111s] -- Install configuration: ""
[3.112s] -- Execute custom install script
[3.112s] -- Symlinking: /home/daniel/vm2_holistic_system_ws/install/gripper_force_feedback/lib/gripper_force_feedback/gripper_opener_with_zeroer.py
[3.130s] -- Up-to-date symlink: /home/daniel/vm2_holistic_system_ws/install/gripper_force_feedback/share/ament_index/resource_index/package_run_dependencies/gripper_force_feedback
[3.130s] -- Up-to-date symlink: /home/daniel/vm2_holistic_system_ws/install/gripper_force_feedback/share/ament_index/resource_index/parent_prefix_path/gripper_force_feedback
[3.130s] -- Up-to-date symlink: /home/daniel/vm2_holistic_system_ws/install/gripper_force_feedback/share/gripper_force_feedback/environment/ament_prefix_path.sh
[3.130s] -- Up-to-date symlink: /home/daniel/vm2_holistic_system_ws/install/gripper_force_feedback/share/gripper_force_feedback/environment/ament_prefix_path.dsv
[3.131s] -- Up-to-date symlink: /home/daniel/vm2_holistic_system_ws/install/gripper_force_feedback/share/gripper_force_feedback/environment/path.sh
[3.131s] -- Up-to-date symlink: /home/daniel/vm2_holistic_system_ws/install/gripper_force_feedback/share/gripper_force_feedback/environment/path.dsv
[3.132s] -- Up-to-date symlink: /home/daniel/vm2_holistic_system_ws/install/gripper_force_feedback/share/gripper_force_feedback/local_setup.bash
[3.132s] -- Up-to-date symlink: /home/daniel/vm2_holistic_system_ws/install/gripper_force_feedback/share/gripper_force_feedback/local_setup.sh
[3.132s] -- Up-to-date symlink: /home/daniel/vm2_holistic_system_ws/install/gripper_force_feedback/share/gripper_force_feedback/local_setup.zsh
[3.133s] -- Up-to-date symlink: /home/daniel/vm2_holistic_system_ws/install/gripper_force_feedback/share/gripper_force_feedback/local_setup.dsv
[3.133s] -- Symlinking: /home/daniel/vm2_holistic_system_ws/install/gripper_force_feedback/share/gripper_force_feedback/package.dsv
[3.147s] -- Up-to-date symlink: /home/daniel/vm2_holistic_system_ws/install/gripper_force_feedback/share/ament_index/resource_index/packages/gripper_force_feedback
[3.147s] -- Up-to-date symlink: /home/daniel/vm2_holistic_system_ws/install/gripper_force_feedback/share/gripper_force_feedback/cmake/gripper_force_feedbackConfig.cmake
[3.148s] -- Up-to-date symlink: /home/daniel/vm2_holistic_system_ws/install/gripper_force_feedback/share/gripper_force_feedback/cmake/gripper_force_feedbackConfig-version.cmake
[3.148s] -- Up-to-date symlink: /home/daniel/vm2_holistic_system_ws/install/gripper_force_feedback/share/gripper_force_feedback/package.xml
[3.156s] Invoked command in '/home/daniel/vm2_holistic_system_ws/build/gripper_force_feedback' returned '0': CMAKE_PREFIX_PATH=${CMAKE_PREFIX_PATH}:/opt/ros/humble /usr/bin/cmake --install /home/daniel/vm2_holistic_system_ws/build/gripper_force_feedback
