[0.063s] Invoking command in '/home/daniel/vm2_holistic_system_ws/build/tracking_pkg': CMAKE_PREFIX_PATH=${CMAKE_PREFIX_PATH}:/opt/ros/humble /usr/bin/cmake /home/daniel/vm2_holistic_system_ws/src/tracking_pkg -DAMENT_CMAKE_SYMLINK_INSTALL=1 -DCMAKE_INSTALL_PREFIX=/home/daniel/vm2_holistic_system_ws/install/tracking_pkg
[0.444s] -- The C compiler identification is GNU 11.4.0
[0.890s] -- The CXX compiler identification is GNU 11.4.0
[0.991s] -- Detecting C compiler ABI info
[1.547s] -- Detecting C compiler ABI info - done
[1.617s] -- Check for working C compiler: /usr/bin/cc - skipped
[1.619s] -- Detecting C compile features
[1.623s] -- Detecting C compile features - done
[1.642s] -- Detecting CXX compiler ABI info
[2.109s] -- Detecting CXX compiler ABI info - done
[2.153s] -- Check for working CXX compiler: /usr/bin/c++ - skipped
[2.154s] -- Detecting CXX compile features
[2.157s] -- Detecting CXX compile features - done
[2.168s] -- Found ament_cmake: 1.3.11 (/opt/ros/humble/share/ament_cmake/cmake)
[4.072s] -- Found Python3: /usr/bin/python3 (found version "3.10.12") found components: Interpreter 
[4.406s] -- Override CMake install command with custom implementation using symlinks instead of copying resources
[4.569s] -- Found rclcpp: 16.0.11 (/opt/ros/humble/share/rclcpp/cmake)
[4.769s] -- Found rosidl_generator_c: 3.1.6 (/opt/ros/humble/share/rosidl_generator_c/cmake)
[4.791s] -- Found rosidl_adapter: 3.1.6 (/opt/ros/humble/share/rosidl_adapter/cmake)
[4.839s] -- Found rosidl_generator_cpp: 3.1.6 (/opt/ros/humble/share/rosidl_generator_cpp/cmake)
[4.901s] -- Using all available rosidl_typesupport_c: rosidl_typesupport_fastrtps_c;rosidl_typesupport_introspection_c
[4.982s] -- Using all available rosidl_typesupport_cpp: rosidl_typesupport_fastrtps_cpp;rosidl_typesupport_introspection_cpp
[5.239s] -- Found rmw_implementation_cmake: 6.1.2 (/opt/ros/humble/share/rmw_implementation_cmake/cmake)
[5.251s] -- Found rmw_cyclonedds_cpp: 1.3.4 (/opt/ros/humble/share/rmw_cyclonedds_cpp/cmake)
[5.367s] -- Using RMW implementation 'rmw_cyclonedds_cpp' as default
[5.409s] -- Looking for pthread.h
[5.866s] -- Looking for pthread.h - found
[5.869s] -- Performing Test CMAKE_HAVE_LIBC_PTHREAD
[6.563s] -- Performing Test CMAKE_HAVE_LIBC_PTHREAD - Success
[6.575s] -- Found Threads: TRUE  
[6.972s] -- Found geometry_msgs: 4.2.4 (/opt/ros/humble/share/geometry_msgs/cmake)
[7.053s] -- Found moveit_ros_planning_interface: 2.5.8 (/opt/ros/humble/share/moveit_ros_planning_interface/cmake)
[7.161s] -- Found Boost: /usr/lib/x86_64-linux-gnu/cmake/Boost-1.74.0/BoostConfig.cmake (found version "1.74.0") found components: date_time filesystem program_options system thread 
[7.833s] -- Found Boost: /usr/lib/x86_64-linux-gnu/cmake/Boost-1.74.0/BoostConfig.cmake (found version "1.74.0") found components: chrono date_time filesystem iostreams program_options regex serialization system thread 
[8.017s] -- Found parameter_traits: 0.4.0 (/opt/ros/humble/share/parameter_traits/cmake)
[8.058s] -- Found Eigen3: TRUE (found version "3.4.0") 
[8.068s] -- Found rclcpp_lifecycle: 16.0.11 (/opt/ros/humble/share/rclcpp_lifecycle/cmake)
[8.211s] -- Found Boost: /usr/lib/x86_64-linux-gnu/cmake/Boost-1.74.0/BoostConfig.cmake (found version "1.74.0") found components: filesystem 
[8.542s] -- library: /usr/lib/x86_64-linux-gnu/libcurl.so
[8.700s] -- Ensuring Eigen3 include directory is part of orocos-kdl CMake target
[9.295s] -- Found Boost: /usr/lib/x86_64-linux-gnu/cmake/Boost-1.74.0/BoostConfig.cmake (found version "1.74.0") found components: system filesystem date_time program_options thread chrono 
[9.443s] -- Found Boost: /usr/lib/x86_64-linux-gnu/cmake/Boost-1.74.0/BoostConfig.cmake (found version "1.74.0") found components: thread system filesystem regex date_time program_options 
[9.746s] -- Found Boost: /usr/lib/x86_64-linux-gnu/cmake/Boost-1.74.0/BoostConfig.cmake (found version "1.74.0") found components: system filesystem date_time program_options thread 
[9.897s] -- Found ament_lint_auto: 0.12.11 (/opt/ros/humble/share/ament_lint_auto/cmake)
[10.233s] -- Added test 'cppcheck' to perform static code analysis on C / C++ code
[10.235s] -- Configured cppcheck include dirs: 
[10.235s] -- Configured cppcheck exclude dirs and/or files: 
[10.236s] -- Added test 'flake8' to check Python code syntax and style conventions
[10.239s] -- Added test 'lint_cmake' to check CMake code style
[10.243s] -- Added test 'pep257' to check Python code against some of the docstring style conventions in PEP 257
[10.254s] -- Added test 'uncrustify' to check C / C++ code style
[10.255s] -- Configured uncrustify additional arguments: 
[10.258s] -- Added test 'xmllint' to check XML markup files
[10.263s] -- Configuring done
[10.453s] -- Generating done
[10.492s] -- Build files have been written to: /home/daniel/vm2_holistic_system_ws/build/tracking_pkg
[10.565s] Invoked command in '/home/daniel/vm2_holistic_system_ws/build/tracking_pkg' returned '0': CMAKE_PREFIX_PATH=${CMAKE_PREFIX_PATH}:/opt/ros/humble /usr/bin/cmake /home/daniel/vm2_holistic_system_ws/src/tracking_pkg -DAMENT_CMAKE_SYMLINK_INSTALL=1 -DCMAKE_INSTALL_PREFIX=/home/daniel/vm2_holistic_system_ws/install/tracking_pkg
[10.596s] Invoking command in '/home/daniel/vm2_holistic_system_ws/build/tracking_pkg': CMAKE_PREFIX_PATH=${CMAKE_PREFIX_PATH}:/opt/ros/humble /usr/bin/cmake --build /home/daniel/vm2_holistic_system_ws/build/tracking_pkg -- -j8 -l8
[10.911s] [ 50%] [32mBuilding CXX object CMakeFiles/moveit_mover.dir/src/moveit_mover/moveit_mover.cpp.o[0m
[45.465s] [100%] [32m[1mLinking CXX executable moveit_mover[0m
[47.644s] [100%] Built target moveit_mover
[47.675s] Invoked command in '/home/daniel/vm2_holistic_system_ws/build/tracking_pkg' returned '0': CMAKE_PREFIX_PATH=${CMAKE_PREFIX_PATH}:/opt/ros/humble /usr/bin/cmake --build /home/daniel/vm2_holistic_system_ws/build/tracking_pkg -- -j8 -l8
[47.683s] Invoking command in '/home/daniel/vm2_holistic_system_ws/build/tracking_pkg': CMAKE_PREFIX_PATH=${CMAKE_PREFIX_PATH}:/opt/ros/humble /usr/bin/cmake --install /home/daniel/vm2_holistic_system_ws/build/tracking_pkg
[47.717s] -- Install configuration: ""
[47.719s] -- Execute custom install script
[47.720s] -- Symlinking: /home/daniel/vm2_holistic_system_ws/install/tracking_pkg/lib/tracking_pkg/hand_tracker.py
[47.748s] -- Symlinking: /home/daniel/vm2_holistic_system_ws/install/tracking_pkg/lib/tracking_pkg/camera_publisher.py
[47.770s] -- Symlinking: /home/daniel/vm2_holistic_system_ws/install/tracking_pkg/lib/tracking_pkg/frame_publisher.py
[47.795s] -- Symlinking: /home/daniel/vm2_holistic_system_ws/install/tracking_pkg/lib/tracking_pkg/gesture_pose_publisher.py
[47.816s] -- Symlinking: /home/daniel/vm2_holistic_system_ws/install/tracking_pkg/lib/tracking_pkg/box_publisher.py
[47.838s] -- Symlinking: /home/daniel/vm2_holistic_system_ws/install/tracking_pkg/lib/tracking_pkg/socket_mover.py
[47.862s] -- Symlinking: /home/daniel/vm2_holistic_system_ws/install/tracking_pkg/lib/tracking_pkg/gripper_mover.py
[47.881s] -- Symlinking: /home/daniel/vm2_holistic_system_ws/install/tracking_pkg/share/tracking_pkg/launch/moveit_launch.py
[47.903s] -- Symlinking: /home/daniel/vm2_holistic_system_ws/install/tracking_pkg/share/tracking_pkg/launch/web_socket_launch.py
[47.923s] -- Symlinking: /home/daniel/vm2_holistic_system_ws/install/tracking_pkg/lib/tracking_pkg/moveit_mover
[47.939s] -- Symlinking: /home/daniel/vm2_holistic_system_ws/install/tracking_pkg/share/ament_index/resource_index/package_run_dependencies/tracking_pkg
[47.958s] -- Symlinking: /home/daniel/vm2_holistic_system_ws/install/tracking_pkg/share/ament_index/resource_index/parent_prefix_path/tracking_pkg
[47.972s] -- Symlinking: /home/daniel/vm2_holistic_system_ws/install/tracking_pkg/share/tracking_pkg/environment/ament_prefix_path.sh
[47.990s] -- Symlinking: /home/daniel/vm2_holistic_system_ws/install/tracking_pkg/share/tracking_pkg/environment/ament_prefix_path.dsv
[48.004s] -- Symlinking: /home/daniel/vm2_holistic_system_ws/install/tracking_pkg/share/tracking_pkg/environment/path.sh
[48.028s] -- Symlinking: /home/daniel/vm2_holistic_system_ws/install/tracking_pkg/share/tracking_pkg/environment/path.dsv
[48.053s] -- Symlinking: /home/daniel/vm2_holistic_system_ws/install/tracking_pkg/share/tracking_pkg/local_setup.bash
[48.072s] -- Symlinking: /home/daniel/vm2_holistic_system_ws/install/tracking_pkg/share/tracking_pkg/local_setup.sh
[48.096s] -- Symlinking: /home/daniel/vm2_holistic_system_ws/install/tracking_pkg/share/tracking_pkg/local_setup.zsh
[48.119s] -- Symlinking: /home/daniel/vm2_holistic_system_ws/install/tracking_pkg/share/tracking_pkg/local_setup.dsv
[48.140s] -- Symlinking: /home/daniel/vm2_holistic_system_ws/install/tracking_pkg/share/tracking_pkg/package.dsv
[48.163s] -- Symlinking: /home/daniel/vm2_holistic_system_ws/install/tracking_pkg/share/ament_index/resource_index/packages/tracking_pkg
[48.191s] -- Symlinking: /home/daniel/vm2_holistic_system_ws/install/tracking_pkg/share/tracking_pkg/cmake/tracking_pkgConfig.cmake
[48.223s] -- Symlinking: /home/daniel/vm2_holistic_system_ws/install/tracking_pkg/share/tracking_pkg/cmake/tracking_pkgConfig-version.cmake
[48.257s] -- Symlinking: /home/daniel/vm2_holistic_system_ws/install/tracking_pkg/share/tracking_pkg/package.xml
[48.292s] Invoked command in '/home/daniel/vm2_holistic_system_ws/build/tracking_pkg' returned '0': CMAKE_PREFIX_PATH=${CMAKE_PREFIX_PATH}:/opt/ros/humble /usr/bin/cmake --install /home/daniel/vm2_holistic_system_ws/build/tracking_pkg
