[0.090s] Invoking command in '/home/daniel/vm2_holistic_system_ws/build/gripper_force_feedback': CMAKE_PREFIX_PATH=${CMAKE_PREFIX_PATH}:/opt/ros/humble /usr/bin/cmake --build /home/daniel/vm2_holistic_system_ws/build/gripper_force_feedback -- -j8 -l8
[0.340s] Invoked command in '/home/daniel/vm2_holistic_system_ws/build/gripper_force_feedback' returned '0': CMAKE_PREFIX_PATH=${CMAKE_PREFIX_PATH}:/opt/ros/humble /usr/bin/cmake --build /home/daniel/vm2_holistic_system_ws/build/gripper_force_feedback -- -j8 -l8
[0.381s] Invoking command in '/home/daniel/vm2_holistic_system_ws/build/gripper_force_feedback': CMAKE_PREFIX_PATH=${CMAKE_PREFIX_PATH}:/opt/ros/humble /usr/bin/cmake --install /home/daniel/vm2_holistic_system_ws/build/gripper_force_feedback
[0.407s] -- Install configuration: ""
[0.407s] -- Execute custom install script
[0.409s] -- Up-to-date symlink: /home/daniel/vm2_holistic_system_ws/install/gripper_force_feedback/lib/gripper_force_feedback/gripper_opener_with_zeroer.py
[0.409s] -- Up-to-date symlink: /home/daniel/vm2_holistic_system_ws/install/gripper_force_feedback/share/ament_index/resource_index/package_run_dependencies/gripper_force_feedback
[0.411s] -- Up-to-date symlink: /home/daniel/vm2_holistic_system_ws/install/gripper_force_feedback/share/ament_index/resource_index/parent_prefix_path/gripper_force_feedback
[0.414s] -- Up-to-date symlink: /home/daniel/vm2_holistic_system_ws/install/gripper_force_feedback/share/gripper_force_feedback/environment/ament_prefix_path.sh
[0.414s] -- Up-to-date symlink: /home/daniel/vm2_holistic_system_ws/install/gripper_force_feedback/share/gripper_force_feedback/environment/ament_prefix_path.dsv
[0.414s] -- Up-to-date symlink: /home/daniel/vm2_holistic_system_ws/install/gripper_force_feedback/share/gripper_force_feedback/environment/path.sh
[0.414s] -- Up-to-date symlink: /home/daniel/vm2_holistic_system_ws/install/gripper_force_feedback/share/gripper_force_feedback/environment/path.dsv
[0.418s] -- Up-to-date symlink: /home/daniel/vm2_holistic_system_ws/install/gripper_force_feedback/share/gripper_force_feedback/local_setup.bash
[0.423s] -- Up-to-date symlink: /home/daniel/vm2_holistic_system_ws/install/gripper_force_feedback/share/gripper_force_feedback/local_setup.sh
[0.426s] -- Up-to-date symlink: /home/daniel/vm2_holistic_system_ws/install/gripper_force_feedback/share/gripper_force_feedback/local_setup.zsh
[0.427s] -- Up-to-date symlink: /home/daniel/vm2_holistic_system_ws/install/gripper_force_feedback/share/gripper_force_feedback/local_setup.dsv
[0.427s] -- Symlinking: /home/daniel/vm2_holistic_system_ws/install/gripper_force_feedback/share/gripper_force_feedback/package.dsv
[0.458s] -- Up-to-date symlink: /home/daniel/vm2_holistic_system_ws/install/gripper_force_feedback/share/ament_index/resource_index/packages/gripper_force_feedback
[0.462s] -- Up-to-date symlink: /home/daniel/vm2_holistic_system_ws/install/gripper_force_feedback/share/gripper_force_feedback/cmake/gripper_force_feedbackConfig.cmake
[0.463s] -- Up-to-date symlink: /home/daniel/vm2_holistic_system_ws/install/gripper_force_feedback/share/gripper_force_feedback/cmake/gripper_force_feedbackConfig-version.cmake
[0.464s] -- Up-to-date symlink: /home/daniel/vm2_holistic_system_ws/install/gripper_force_feedback/share/gripper_force_feedback/package.xml
[0.476s] Invoked command in '/home/daniel/vm2_holistic_system_ws/build/gripper_force_feedback' returned '0': CMAKE_PREFIX_PATH=${CMAKE_PREFIX_PATH}:/opt/ros/humble /usr/bin/cmake --install /home/daniel/vm2_holistic_system_ws/build/gripper_force_feedback
