[0.038s] Invoking command in '/home/daniel/vm2_holistic_system_ws/build/tracking_pkg': CMAKE_PREFIX_PATH=${CMAKE_PREFIX_PATH}:/opt/ros/humble /usr/bin/cmake --build /home/daniel/vm2_holistic_system_ws/build/tracking_pkg -- -j8 -l8
[0.137s] [35m[1mConsolidate compiler generated dependencies of target moveit_mover[0m
[0.198s] [100%] Built target moveit_mover
[0.253s] Invoked command in '/home/daniel/vm2_holistic_system_ws/build/tracking_pkg' returned '0': CMAKE_PREFIX_PATH=${CMAKE_PREFIX_PATH}:/opt/ros/humble /usr/bin/cmake --build /home/daniel/vm2_holistic_system_ws/build/tracking_pkg -- -j8 -l8
[0.254s] Invoking command in '/home/daniel/vm2_holistic_system_ws/build/tracking_pkg': CMAKE_PREFIX_PATH=${CMAKE_PREFIX_PATH}:/opt/ros/humble /usr/bin/cmake --install /home/daniel/vm2_holistic_system_ws/build/tracking_pkg
[0.264s] -- Install configuration: ""
[0.265s] -- Execute custom install script
[0.265s] -- Up-to-date symlink: /home/daniel/vm2_holistic_system_ws/install/tracking_pkg/lib/tracking_pkg/hand_tracker.py
[0.266s] -- Up-to-date symlink: /home/daniel/vm2_holistic_system_ws/install/tracking_pkg/lib/tracking_pkg/camera_publisher.py
[0.266s] -- Up-to-date symlink: /home/daniel/vm2_holistic_system_ws/install/tracking_pkg/lib/tracking_pkg/frame_publisher.py
[0.266s] -- Up-to-date symlink: /home/daniel/vm2_holistic_system_ws/install/tracking_pkg/lib/tracking_pkg/gesture_pose_publisher.py
[0.266s] -- Up-to-date symlink: /home/daniel/vm2_holistic_system_ws/install/tracking_pkg/lib/tracking_pkg/box_publisher.py
[0.266s] -- Up-to-date symlink: /home/daniel/vm2_holistic_system_ws/install/tracking_pkg/lib/tracking_pkg/socket_mover.py
[0.266s] -- Up-to-date symlink: /home/daniel/vm2_holistic_system_ws/install/tracking_pkg/lib/tracking_pkg/gripper_mover.py
[0.268s] -- Up-to-date symlink: /home/daniel/vm2_holistic_system_ws/install/tracking_pkg/share/tracking_pkg/launch/moveit_launch.py
[0.268s] -- Up-to-date symlink: /home/daniel/vm2_holistic_system_ws/install/tracking_pkg/share/tracking_pkg/launch/web_socket_launch.py
[0.270s] -- Up-to-date symlink: /home/daniel/vm2_holistic_system_ws/install/tracking_pkg/lib/tracking_pkg/moveit_mover
[0.270s] -- Up-to-date symlink: /home/daniel/vm2_holistic_system_ws/install/tracking_pkg/share/ament_index/resource_index/package_run_dependencies/tracking_pkg
[0.271s] -- Up-to-date symlink: /home/daniel/vm2_holistic_system_ws/install/tracking_pkg/share/ament_index/resource_index/parent_prefix_path/tracking_pkg
[0.272s] -- Up-to-date symlink: /home/daniel/vm2_holistic_system_ws/install/tracking_pkg/share/tracking_pkg/environment/ament_prefix_path.sh
[0.272s] -- Up-to-date symlink: /home/daniel/vm2_holistic_system_ws/install/tracking_pkg/share/tracking_pkg/environment/ament_prefix_path.dsv
[0.273s] -- Up-to-date symlink: /home/daniel/vm2_holistic_system_ws/install/tracking_pkg/share/tracking_pkg/environment/path.sh
[0.273s] -- Up-to-date symlink: /home/daniel/vm2_holistic_system_ws/install/tracking_pkg/share/tracking_pkg/environment/path.dsv
[0.274s] -- Up-to-date symlink: /home/daniel/vm2_holistic_system_ws/install/tracking_pkg/share/tracking_pkg/local_setup.bash
[0.274s] -- Up-to-date symlink: /home/daniel/vm2_holistic_system_ws/install/tracking_pkg/share/tracking_pkg/local_setup.sh
[0.275s] -- Up-to-date symlink: /home/daniel/vm2_holistic_system_ws/install/tracking_pkg/share/tracking_pkg/local_setup.zsh
[0.276s] -- Up-to-date symlink: /home/daniel/vm2_holistic_system_ws/install/tracking_pkg/share/tracking_pkg/local_setup.dsv
[0.276s] -- Symlinking: /home/daniel/vm2_holistic_system_ws/install/tracking_pkg/share/tracking_pkg/package.dsv
[0.309s] -- Up-to-date symlink: /home/daniel/vm2_holistic_system_ws/install/tracking_pkg/share/ament_index/resource_index/packages/tracking_pkg
[0.310s] -- Up-to-date symlink: /home/daniel/vm2_holistic_system_ws/install/tracking_pkg/share/tracking_pkg/cmake/tracking_pkgConfig.cmake
[0.310s] -- Up-to-date symlink: /home/daniel/vm2_holistic_system_ws/install/tracking_pkg/share/tracking_pkg/cmake/tracking_pkgConfig-version.cmake
[0.310s] -- Up-to-date symlink: /home/daniel/vm2_holistic_system_ws/install/tracking_pkg/share/tracking_pkg/package.xml
[0.321s] Invoked command in '/home/daniel/vm2_holistic_system_ws/build/tracking_pkg' returned '0': CMAKE_PREFIX_PATH=${CMAKE_PREFIX_PATH}:/opt/ros/humble /usr/bin/cmake --install /home/daniel/vm2_holistic_system_ws/build/tracking_pkg
