[0.187s] DEBUG:colcon:Command line arguments: ['/usr/bin/colcon', 'build', '--symlink-install']
[0.187s] DEBUG:colcon:Parsed command line arguments: Namespace(log_base=None, log_level=None, verb_name='build', build_base='build', install_base='install', merge_install=False, symlink_install=True, test_result_base=None, continue_on_error=False, executor='parallel', parallel_workers=8, event_handlers=None, ignore_user_meta=False, metas=['./colcon.meta'], base_paths=['.'], packages_ignore=None, packages_ignore_regex=None, paths=None, packages_up_to=None, packages_up_to_regex=None, packages_above=None, packages_above_and_dependencies=None, packages_above_depth=None, packages_select_by_dep=None, packages_skip_by_dep=None, packages_skip_up_to=None, packages_select_build_failed=False, packages_skip_build_finished=False, packages_select_test_failures=False, packages_skip_test_passed=False, packages_select=None, packages_skip=None, packages_select_regex=None, packages_skip_regex=None, packages_start=None, packages_end=None, allow_overriding=[], cmake_args=None, cmake_target=None, cmake_target_skip_unavailable=False, cmake_clean_cache=False, cmake_clean_first=False, cmake_force_configure=False, ament_cmake_args=None, catkin_cmake_args=None, catkin_skip_building_tests=False, mixin_files=None, mixin=None, verb_parser=<colcon_mixin.mixin.mixin_argument.MixinArgumentDecorator object at 0x702843e1bd90>, verb_extension=<colcon_core.verb.build.BuildVerb object at 0x702843e1b8b0>, main=<bound method BuildVerb.main of <colcon_core.verb.build.BuildVerb object at 0x702843e1b8b0>>, mixin_verb=('build',))
[0.251s] Level 1:colcon.colcon_core.package_discovery:discover_packages(colcon_meta) check parameters
[0.251s] Level 1:colcon.colcon_core.package_discovery:discover_packages(recursive) check parameters
[0.251s] Level 1:colcon.colcon_core.package_discovery:discover_packages(ignore) check parameters
[0.251s] Level 1:colcon.colcon_core.package_discovery:discover_packages(path) check parameters
[0.251s] Level 1:colcon.colcon_core.package_discovery:discover_packages(colcon_meta) discover
[0.251s] Level 1:colcon.colcon_core.package_discovery:discover_packages(recursive) discover
[0.251s] INFO:colcon.colcon_core.package_discovery:Crawling recursively for packages in '/home/daniel/vm2_holistic_system_ws'
[0.252s] Level 1:colcon.colcon_core.package_identification:_identify(.) by extensions ['ignore', 'ignore_ament_install']
[0.252s] Level 1:colcon.colcon_core.package_identification:_identify(.) by extension 'ignore'
[0.252s] Level 1:colcon.colcon_core.package_identification:_identify(.) by extension 'ignore_ament_install'
[0.252s] Level 1:colcon.colcon_core.package_identification:_identify(.) by extensions ['colcon_pkg']
[0.252s] Level 1:colcon.colcon_core.package_identification:_identify(.) by extension 'colcon_pkg'
[0.252s] Level 1:colcon.colcon_core.package_identification:_identify(.) by extensions ['colcon_meta']
[0.252s] Level 1:colcon.colcon_core.package_identification:_identify(.) by extension 'colcon_meta'
[0.252s] Level 1:colcon.colcon_core.package_identification:_identify(.) by extensions ['ros']
[0.252s] Level 1:colcon.colcon_core.package_identification:_identify(.) by extension 'ros'
[0.279s] Level 1:colcon.colcon_core.package_identification:_identify(.) by extensions ['cmake', 'python']
[0.279s] Level 1:colcon.colcon_core.package_identification:_identify(.) by extension 'cmake'
[0.279s] Level 1:colcon.colcon_core.package_identification:_identify(.) by extension 'python'
[0.279s] Level 1:colcon.colcon_core.package_identification:_identify(.) by extensions ['python_setup_py']
[0.279s] Level 1:colcon.colcon_core.package_identification:_identify(.) by extension 'python_setup_py'
[0.279s] Level 1:colcon.colcon_core.package_identification:_identify(build) by extensions ['ignore', 'ignore_ament_install']
[0.279s] Level 1:colcon.colcon_core.package_identification:_identify(build) by extension 'ignore'
[0.279s] Level 1:colcon.colcon_core.package_identification:_identify(build) ignored
[0.279s] Level 1:colcon.colcon_core.package_identification:_identify(install) by extensions ['ignore', 'ignore_ament_install']
[0.279s] Level 1:colcon.colcon_core.package_identification:_identify(install) by extension 'ignore'
[0.279s] Level 1:colcon.colcon_core.package_identification:_identify(install) ignored
[0.280s] Level 1:colcon.colcon_core.package_identification:_identify(log) by extensions ['ignore', 'ignore_ament_install']
[0.280s] Level 1:colcon.colcon_core.package_identification:_identify(log) by extension 'ignore'
[0.280s] Level 1:colcon.colcon_core.package_identification:_identify(log) ignored
[0.280s] Level 1:colcon.colcon_core.package_identification:_identify(src) by extensions ['ignore', 'ignore_ament_install']
[0.280s] Level 1:colcon.colcon_core.package_identification:_identify(src) by extension 'ignore'
[0.280s] Level 1:colcon.colcon_core.package_identification:_identify(src) by extension 'ignore_ament_install'
[0.280s] Level 1:colcon.colcon_core.package_identification:_identify(src) by extensions ['colcon_pkg']
[0.280s] Level 1:colcon.colcon_core.package_identification:_identify(src) by extension 'colcon_pkg'
[0.280s] Level 1:colcon.colcon_core.package_identification:_identify(src) by extensions ['colcon_meta']
[0.280s] Level 1:colcon.colcon_core.package_identification:_identify(src) by extension 'colcon_meta'
[0.280s] Level 1:colcon.colcon_core.package_identification:_identify(src) by extensions ['ros']
[0.280s] Level 1:colcon.colcon_core.package_identification:_identify(src) by extension 'ros'
[0.280s] Level 1:colcon.colcon_core.package_identification:_identify(src) by extensions ['cmake', 'python']
[0.280s] Level 1:colcon.colcon_core.package_identification:_identify(src) by extension 'cmake'
[0.280s] Level 1:colcon.colcon_core.package_identification:_identify(src) by extension 'python'
[0.280s] Level 1:colcon.colcon_core.package_identification:_identify(src) by extensions ['python_setup_py']
[0.280s] Level 1:colcon.colcon_core.package_identification:_identify(src) by extension 'python_setup_py'
[0.280s] Level 1:colcon.colcon_core.package_identification:_identify(src/Universal_Robots_ROS2_Gazebo_Simulation) by extensions ['ignore', 'ignore_ament_install']
[0.281s] Level 1:colcon.colcon_core.package_identification:_identify(src/Universal_Robots_ROS2_Gazebo_Simulation) by extension 'ignore'
[0.281s] Level 1:colcon.colcon_core.package_identification:_identify(src/Universal_Robots_ROS2_Gazebo_Simulation) by extension 'ignore_ament_install'
[0.281s] Level 1:colcon.colcon_core.package_identification:_identify(src/Universal_Robots_ROS2_Gazebo_Simulation) by extensions ['colcon_pkg']
[0.281s] Level 1:colcon.colcon_core.package_identification:_identify(src/Universal_Robots_ROS2_Gazebo_Simulation) by extension 'colcon_pkg'
[0.281s] Level 1:colcon.colcon_core.package_identification:_identify(src/Universal_Robots_ROS2_Gazebo_Simulation) by extensions ['colcon_meta']
[0.281s] Level 1:colcon.colcon_core.package_identification:_identify(src/Universal_Robots_ROS2_Gazebo_Simulation) by extension 'colcon_meta'
[0.281s] Level 1:colcon.colcon_core.package_identification:_identify(src/Universal_Robots_ROS2_Gazebo_Simulation) by extensions ['ros']
[0.281s] Level 1:colcon.colcon_core.package_identification:_identify(src/Universal_Robots_ROS2_Gazebo_Simulation) by extension 'ros'
[0.281s] Level 1:colcon.colcon_core.package_identification:_identify(src/Universal_Robots_ROS2_Gazebo_Simulation) by extensions ['cmake', 'python']
[0.281s] Level 1:colcon.colcon_core.package_identification:_identify(src/Universal_Robots_ROS2_Gazebo_Simulation) by extension 'cmake'
[0.281s] Level 1:colcon.colcon_core.package_identification:_identify(src/Universal_Robots_ROS2_Gazebo_Simulation) by extension 'python'
[0.281s] Level 1:colcon.colcon_core.package_identification:_identify(src/Universal_Robots_ROS2_Gazebo_Simulation) by extensions ['python_setup_py']
[0.281s] Level 1:colcon.colcon_core.package_identification:_identify(src/Universal_Robots_ROS2_Gazebo_Simulation) by extension 'python_setup_py'
[0.281s] Level 1:colcon.colcon_core.package_identification:_identify(src/Universal_Robots_ROS2_Gazebo_Simulation/ur_simulation_gazebo) by extensions ['ignore', 'ignore_ament_install']
[0.281s] Level 1:colcon.colcon_core.package_identification:_identify(src/Universal_Robots_ROS2_Gazebo_Simulation/ur_simulation_gazebo) by extension 'ignore'
[0.281s] Level 1:colcon.colcon_core.package_identification:_identify(src/Universal_Robots_ROS2_Gazebo_Simulation/ur_simulation_gazebo) by extension 'ignore_ament_install'
[0.281s] Level 1:colcon.colcon_core.package_identification:_identify(src/Universal_Robots_ROS2_Gazebo_Simulation/ur_simulation_gazebo) by extensions ['colcon_pkg']
[0.281s] Level 1:colcon.colcon_core.package_identification:_identify(src/Universal_Robots_ROS2_Gazebo_Simulation/ur_simulation_gazebo) by extension 'colcon_pkg'
[0.281s] Level 1:colcon.colcon_core.package_identification:_identify(src/Universal_Robots_ROS2_Gazebo_Simulation/ur_simulation_gazebo) by extensions ['colcon_meta']
[0.281s] Level 1:colcon.colcon_core.package_identification:_identify(src/Universal_Robots_ROS2_Gazebo_Simulation/ur_simulation_gazebo) by extension 'colcon_meta'
[0.281s] Level 1:colcon.colcon_core.package_identification:_identify(src/Universal_Robots_ROS2_Gazebo_Simulation/ur_simulation_gazebo) by extensions ['ros']
[0.282s] Level 1:colcon.colcon_core.package_identification:_identify(src/Universal_Robots_ROS2_Gazebo_Simulation/ur_simulation_gazebo) by extension 'ros'
[0.284s] DEBUG:colcon.colcon_core.package_identification:Package 'src/Universal_Robots_ROS2_Gazebo_Simulation/ur_simulation_gazebo' with type 'ros.ament_cmake' and name 'ur_simulation_gazebo'
[0.285s] Level 1:colcon.colcon_core.package_identification:_identify(src/gripper_force_feedback) by extensions ['ignore', 'ignore_ament_install']
[0.285s] Level 1:colcon.colcon_core.package_identification:_identify(src/gripper_force_feedback) by extension 'ignore'
[0.285s] Level 1:colcon.colcon_core.package_identification:_identify(src/gripper_force_feedback) by extension 'ignore_ament_install'
[0.285s] Level 1:colcon.colcon_core.package_identification:_identify(src/gripper_force_feedback) by extensions ['colcon_pkg']
[0.285s] Level 1:colcon.colcon_core.package_identification:_identify(src/gripper_force_feedback) by extension 'colcon_pkg'
[0.285s] Level 1:colcon.colcon_core.package_identification:_identify(src/gripper_force_feedback) by extensions ['colcon_meta']
[0.285s] Level 1:colcon.colcon_core.package_identification:_identify(src/gripper_force_feedback) by extension 'colcon_meta'
[0.285s] Level 1:colcon.colcon_core.package_identification:_identify(src/gripper_force_feedback) by extensions ['ros']
[0.285s] Level 1:colcon.colcon_core.package_identification:_identify(src/gripper_force_feedback) by extension 'ros'
[0.285s] DEBUG:colcon.colcon_core.package_identification:Package 'src/gripper_force_feedback' with type 'ros.ament_cmake' and name 'gripper_force_feedback'
[0.286s] Level 1:colcon.colcon_core.package_identification:_identify(src/tracking_pkg) by extensions ['ignore', 'ignore_ament_install']
[0.286s] Level 1:colcon.colcon_core.package_identification:_identify(src/tracking_pkg) by extension 'ignore'
[0.286s] Level 1:colcon.colcon_core.package_identification:_identify(src/tracking_pkg) by extension 'ignore_ament_install'
[0.286s] Level 1:colcon.colcon_core.package_identification:_identify(src/tracking_pkg) by extensions ['colcon_pkg']
[0.286s] Level 1:colcon.colcon_core.package_identification:_identify(src/tracking_pkg) by extension 'colcon_pkg'
[0.286s] Level 1:colcon.colcon_core.package_identification:_identify(src/tracking_pkg) by extensions ['colcon_meta']
[0.286s] Level 1:colcon.colcon_core.package_identification:_identify(src/tracking_pkg) by extension 'colcon_meta'
[0.286s] Level 1:colcon.colcon_core.package_identification:_identify(src/tracking_pkg) by extensions ['ros']
[0.286s] Level 1:colcon.colcon_core.package_identification:_identify(src/tracking_pkg) by extension 'ros'
[0.287s] DEBUG:colcon.colcon_core.package_identification:Package 'src/tracking_pkg' with type 'ros.ament_cmake' and name 'tracking_pkg'
[0.287s] Level 1:colcon.colcon_core.package_discovery:discover_packages(recursive) using defaults
[0.287s] Level 1:colcon.colcon_core.package_discovery:discover_packages(ignore) discover
[0.287s] Level 1:colcon.colcon_core.package_discovery:discover_packages(ignore) using defaults
[0.287s] Level 1:colcon.colcon_core.package_discovery:discover_packages(path) discover
[0.287s] Level 1:colcon.colcon_core.package_discovery:discover_packages(path) using defaults
[0.309s] Level 1:colcon.colcon_core.package_discovery:discover_packages(prefix_path) check parameters
[0.309s] Level 1:colcon.colcon_core.package_discovery:discover_packages(prefix_path) discover
[0.310s] WARNING:colcon.colcon_ros.prefix_path.catkin:The path '/home/daniel/vm2_holistic_system_ws/install/ur_simulation_gazebo' in the environment variable CMAKE_PREFIX_PATH doesn't exist
[0.310s] WARNING:colcon.colcon_ros.prefix_path.catkin:The path '/home/daniel/vm2_holistic_system_ws/install/tracking_pkg' in the environment variable CMAKE_PREFIX_PATH doesn't exist
[0.310s] DEBUG:colcon.colcon_installed_package_information.package_discovery:Found 0 installed packages in /home/daniel/vm2_holistic_system_ws/install
[0.312s] DEBUG:colcon.colcon_installed_package_information.package_discovery:Found 338 installed packages in /opt/ros/humble
[0.313s] Level 1:colcon.colcon_core.package_discovery:discover_packages(prefix_path) using defaults
[0.364s] Level 5:colcon.colcon_core.verb:set package 'gripper_force_feedback' build argument 'cmake_args' from command line to 'None'
[0.364s] Level 5:colcon.colcon_core.verb:set package 'gripper_force_feedback' build argument 'cmake_target' from command line to 'None'
[0.364s] Level 5:colcon.colcon_core.verb:set package 'gripper_force_feedback' build argument 'cmake_target_skip_unavailable' from command line to 'False'
[0.364s] Level 5:colcon.colcon_core.verb:set package 'gripper_force_feedback' build argument 'cmake_clean_cache' from command line to 'False'
[0.364s] Level 5:colcon.colcon_core.verb:set package 'gripper_force_feedback' build argument 'cmake_clean_first' from command line to 'False'
[0.364s] Level 5:colcon.colcon_core.verb:set package 'gripper_force_feedback' build argument 'cmake_force_configure' from command line to 'False'
[0.364s] Level 5:colcon.colcon_core.verb:set package 'gripper_force_feedback' build argument 'ament_cmake_args' from command line to 'None'
[0.364s] Level 5:colcon.colcon_core.verb:set package 'gripper_force_feedback' build argument 'catkin_cmake_args' from command line to 'None'
[0.364s] Level 5:colcon.colcon_core.verb:set package 'gripper_force_feedback' build argument 'catkin_skip_building_tests' from command line to 'False'
[0.364s] DEBUG:colcon.colcon_core.verb:Building package 'gripper_force_feedback' with the following arguments: {'ament_cmake_args': None, 'build_base': '/home/daniel/vm2_holistic_system_ws/build/gripper_force_feedback', 'catkin_cmake_args': None, 'catkin_skip_building_tests': False, 'cmake_args': None, 'cmake_clean_cache': False, 'cmake_clean_first': False, 'cmake_force_configure': False, 'cmake_target': None, 'cmake_target_skip_unavailable': False, 'install_base': '/home/daniel/vm2_holistic_system_ws/install/gripper_force_feedback', 'merge_install': False, 'path': '/home/daniel/vm2_holistic_system_ws/src/gripper_force_feedback', 'symlink_install': True, 'test_result_base': None}
[0.364s] Level 5:colcon.colcon_core.verb:set package 'tracking_pkg' build argument 'cmake_args' from command line to 'None'
[0.364s] Level 5:colcon.colcon_core.verb:set package 'tracking_pkg' build argument 'cmake_target' from command line to 'None'
[0.364s] Level 5:colcon.colcon_core.verb:set package 'tracking_pkg' build argument 'cmake_target_skip_unavailable' from command line to 'False'
[0.364s] Level 5:colcon.colcon_core.verb:set package 'tracking_pkg' build argument 'cmake_clean_cache' from command line to 'False'
[0.365s] Level 5:colcon.colcon_core.verb:set package 'tracking_pkg' build argument 'cmake_clean_first' from command line to 'False'
[0.365s] Level 5:colcon.colcon_core.verb:set package 'tracking_pkg' build argument 'cmake_force_configure' from command line to 'False'
[0.365s] Level 5:colcon.colcon_core.verb:set package 'tracking_pkg' build argument 'ament_cmake_args' from command line to 'None'
[0.365s] Level 5:colcon.colcon_core.verb:set package 'tracking_pkg' build argument 'catkin_cmake_args' from command line to 'None'
[0.365s] Level 5:colcon.colcon_core.verb:set package 'tracking_pkg' build argument 'catkin_skip_building_tests' from command line to 'False'
[0.365s] DEBUG:colcon.colcon_core.verb:Building package 'tracking_pkg' with the following arguments: {'ament_cmake_args': None, 'build_base': '/home/daniel/vm2_holistic_system_ws/build/tracking_pkg', 'catkin_cmake_args': None, 'catkin_skip_building_tests': False, 'cmake_args': None, 'cmake_clean_cache': False, 'cmake_clean_first': False, 'cmake_force_configure': False, 'cmake_target': None, 'cmake_target_skip_unavailable': False, 'install_base': '/home/daniel/vm2_holistic_system_ws/install/tracking_pkg', 'merge_install': False, 'path': '/home/daniel/vm2_holistic_system_ws/src/tracking_pkg', 'symlink_install': True, 'test_result_base': None}
[0.365s] Level 5:colcon.colcon_core.verb:set package 'ur_simulation_gazebo' build argument 'cmake_args' from command line to 'None'
[0.365s] Level 5:colcon.colcon_core.verb:set package 'ur_simulation_gazebo' build argument 'cmake_target' from command line to 'None'
[0.365s] Level 5:colcon.colcon_core.verb:set package 'ur_simulation_gazebo' build argument 'cmake_target_skip_unavailable' from command line to 'False'
[0.365s] Level 5:colcon.colcon_core.verb:set package 'ur_simulation_gazebo' build argument 'cmake_clean_cache' from command line to 'False'
[0.365s] Level 5:colcon.colcon_core.verb:set package 'ur_simulation_gazebo' build argument 'cmake_clean_first' from command line to 'False'
[0.365s] Level 5:colcon.colcon_core.verb:set package 'ur_simulation_gazebo' build argument 'cmake_force_configure' from command line to 'False'
[0.365s] Level 5:colcon.colcon_core.verb:set package 'ur_simulation_gazebo' build argument 'ament_cmake_args' from command line to 'None'
[0.365s] Level 5:colcon.colcon_core.verb:set package 'ur_simulation_gazebo' build argument 'catkin_cmake_args' from command line to 'None'
[0.365s] Level 5:colcon.colcon_core.verb:set package 'ur_simulation_gazebo' build argument 'catkin_skip_building_tests' from command line to 'False'
[0.365s] DEBUG:colcon.colcon_core.verb:Building package 'ur_simulation_gazebo' with the following arguments: {'ament_cmake_args': None, 'build_base': '/home/daniel/vm2_holistic_system_ws/build/ur_simulation_gazebo', 'catkin_cmake_args': None, 'catkin_skip_building_tests': False, 'cmake_args': None, 'cmake_clean_cache': False, 'cmake_clean_first': False, 'cmake_force_configure': False, 'cmake_target': None, 'cmake_target_skip_unavailable': False, 'install_base': '/home/daniel/vm2_holistic_system_ws/install/ur_simulation_gazebo', 'merge_install': False, 'path': '/home/daniel/vm2_holistic_system_ws/src/Universal_Robots_ROS2_Gazebo_Simulation/ur_simulation_gazebo', 'symlink_install': True, 'test_result_base': None}
[0.365s] INFO:colcon.colcon_core.executor:Executing jobs using 'parallel' executor
[0.366s] DEBUG:colcon.colcon_parallel_executor.executor.parallel:run_until_complete
[0.367s] INFO:colcon.colcon_ros.task.ament_cmake.build:Building ROS package in '/home/daniel/vm2_holistic_system_ws/src/gripper_force_feedback' with build type 'ament_cmake'
[0.367s] INFO:colcon.colcon_cmake.task.cmake.build:Building CMake package in '/home/daniel/vm2_holistic_system_ws/src/gripper_force_feedback'
[0.370s] INFO:colcon.colcon_core.plugin_system:Skipping extension 'colcon_core.shell.bat': Not used on non-Windows systems
[0.370s] INFO:colcon.colcon_core.shell:Skip shell extension 'powershell' for command environment: Not usable outside of PowerShell
[0.370s] DEBUG:colcon.colcon_core.shell:Skip shell extension 'dsv' for command environment
[0.374s] INFO:colcon.colcon_ros.task.ament_cmake.build:Building ROS package in '/home/daniel/vm2_holistic_system_ws/src/tracking_pkg' with build type 'ament_cmake'
[0.374s] INFO:colcon.colcon_cmake.task.cmake.build:Building CMake package in '/home/daniel/vm2_holistic_system_ws/src/tracking_pkg'
[0.374s] INFO:colcon.colcon_core.shell:Skip shell extension 'powershell' for command environment: Not usable outside of PowerShell
[0.374s] DEBUG:colcon.colcon_core.shell:Skip shell extension 'dsv' for command environment
[0.378s] INFO:colcon.colcon_ros.task.ament_cmake.build:Building ROS package in '/home/daniel/vm2_holistic_system_ws/src/Universal_Robots_ROS2_Gazebo_Simulation/ur_simulation_gazebo' with build type 'ament_cmake'
[0.378s] INFO:colcon.colcon_cmake.task.cmake.build:Building CMake package in '/home/daniel/vm2_holistic_system_ws/src/Universal_Robots_ROS2_Gazebo_Simulation/ur_simulation_gazebo'
[0.378s] INFO:colcon.colcon_core.shell:Skip shell extension 'powershell' for command environment: Not usable outside of PowerShell
[0.378s] DEBUG:colcon.colcon_core.shell:Skip shell extension 'dsv' for command environment
[0.389s] DEBUG:colcon.colcon_core.event_handler.log_command:Invoking command in '/home/daniel/vm2_holistic_system_ws/build/gripper_force_feedback': CMAKE_PREFIX_PATH=${CMAKE_PREFIX_PATH}:/opt/ros/humble /usr/bin/cmake /home/daniel/vm2_holistic_system_ws/src/gripper_force_feedback -DAMENT_CMAKE_SYMLINK_INSTALL=1 -DCMAKE_INSTALL_PREFIX=/home/daniel/vm2_holistic_system_ws/install/gripper_force_feedback
[0.394s] DEBUG:colcon.colcon_core.event_handler.log_command:Invoking command in '/home/daniel/vm2_holistic_system_ws/build/tracking_pkg': CMAKE_PREFIX_PATH=${CMAKE_PREFIX_PATH}:/opt/ros/humble /usr/bin/cmake /home/daniel/vm2_holistic_system_ws/src/tracking_pkg -DAMENT_CMAKE_SYMLINK_INSTALL=1 -DCMAKE_INSTALL_PREFIX=/home/daniel/vm2_holistic_system_ws/install/tracking_pkg
[0.402s] DEBUG:colcon.colcon_core.event_handler.log_command:Invoking command in '/home/daniel/vm2_holistic_system_ws/build/ur_simulation_gazebo': CMAKE_PREFIX_PATH=${CMAKE_PREFIX_PATH}:/opt/ros/humble /usr/bin/cmake /home/daniel/vm2_holistic_system_ws/src/Universal_Robots_ROS2_Gazebo_Simulation/ur_simulation_gazebo -DAMENT_CMAKE_SYMLINK_INSTALL=1 -DCMAKE_INSTALL_PREFIX=/home/daniel/vm2_holistic_system_ws/install/ur_simulation_gazebo
[3.080s] DEBUG:colcon.colcon_core.event_handler.log_command:Invoked command in '/home/daniel/vm2_holistic_system_ws/build/gripper_force_feedback' returned '0': CMAKE_PREFIX_PATH=${CMAKE_PREFIX_PATH}:/opt/ros/humble /usr/bin/cmake /home/daniel/vm2_holistic_system_ws/src/gripper_force_feedback -DAMENT_CMAKE_SYMLINK_INSTALL=1 -DCMAKE_INSTALL_PREFIX=/home/daniel/vm2_holistic_system_ws/install/gripper_force_feedback
[3.087s] DEBUG:colcon.colcon_core.event_handler.log_command:Invoking command in '/home/daniel/vm2_holistic_system_ws/build/gripper_force_feedback': CMAKE_PREFIX_PATH=${CMAKE_PREFIX_PATH}:/opt/ros/humble /usr/bin/cmake --build /home/daniel/vm2_holistic_system_ws/build/gripper_force_feedback -- -j8 -l8
[3.158s] DEBUG:colcon.colcon_core.event_handler.log_command:Invoked command in '/home/daniel/vm2_holistic_system_ws/build/ur_simulation_gazebo' returned '0': CMAKE_PREFIX_PATH=${CMAKE_PREFIX_PATH}:/opt/ros/humble /usr/bin/cmake /home/daniel/vm2_holistic_system_ws/src/Universal_Robots_ROS2_Gazebo_Simulation/ur_simulation_gazebo -DAMENT_CMAKE_SYMLINK_INSTALL=1 -DCMAKE_INSTALL_PREFIX=/home/daniel/vm2_holistic_system_ws/install/ur_simulation_gazebo
[3.162s] DEBUG:colcon.colcon_core.event_handler.log_command:Invoking command in '/home/daniel/vm2_holistic_system_ws/build/ur_simulation_gazebo': CMAKE_PREFIX_PATH=${CMAKE_PREFIX_PATH}:/opt/ros/humble /usr/bin/cmake --build /home/daniel/vm2_holistic_system_ws/build/ur_simulation_gazebo -- -j8 -l8
[3.181s] DEBUG:colcon.colcon_core.event_handler.log_command:Invoked command in '/home/daniel/vm2_holistic_system_ws/build/gripper_force_feedback' returned '0': CMAKE_PREFIX_PATH=${CMAKE_PREFIX_PATH}:/opt/ros/humble /usr/bin/cmake --build /home/daniel/vm2_holistic_system_ws/build/gripper_force_feedback -- -j8 -l8
[3.212s] DEBUG:colcon.colcon_core.event_handler.log_command:Invoking command in '/home/daniel/vm2_holistic_system_ws/build/gripper_force_feedback': CMAKE_PREFIX_PATH=${CMAKE_PREFIX_PATH}:/opt/ros/humble /usr/bin/cmake --install /home/daniel/vm2_holistic_system_ws/build/gripper_force_feedback
[3.252s] DEBUG:colcon.colcon_core.event_handler.log_command:Invoked command in '/home/daniel/vm2_holistic_system_ws/build/ur_simulation_gazebo' returned '0': CMAKE_PREFIX_PATH=${CMAKE_PREFIX_PATH}:/opt/ros/humble /usr/bin/cmake --build /home/daniel/vm2_holistic_system_ws/build/ur_simulation_gazebo -- -j8 -l8
[3.256s] DEBUG:colcon.colcon_core.event_handler.log_command:Invoking command in '/home/daniel/vm2_holistic_system_ws/build/ur_simulation_gazebo': CMAKE_PREFIX_PATH=${CMAKE_PREFIX_PATH}:/opt/ros/humble /usr/bin/cmake --install /home/daniel/vm2_holistic_system_ws/build/ur_simulation_gazebo
[3.537s] Level 1:colcon.colcon_core.environment:create_environment_scripts_only(gripper_force_feedback)
[3.539s] DEBUG:colcon.colcon_core.event_handler.log_command:Invoked command in '/home/daniel/vm2_holistic_system_ws/build/gripper_force_feedback' returned '0': CMAKE_PREFIX_PATH=${CMAKE_PREFIX_PATH}:/opt/ros/humble /usr/bin/cmake --install /home/daniel/vm2_holistic_system_ws/build/gripper_force_feedback
[3.545s] Level 1:colcon.colcon_core.environment:checking '/home/daniel/vm2_holistic_system_ws/install/gripper_force_feedback' for CMake module files
[3.546s] Level 1:colcon.colcon_core.environment:checking '/home/daniel/vm2_holistic_system_ws/install/gripper_force_feedback' for CMake config files
[3.547s] Level 1:colcon.colcon_core.shell:create_environment_hook('gripper_force_feedback', 'cmake_prefix_path')
[3.548s] INFO:colcon.colcon_core.shell:Creating environment hook '/home/daniel/vm2_holistic_system_ws/install/gripper_force_feedback/share/gripper_force_feedback/hook/cmake_prefix_path.ps1'
[3.551s] INFO:colcon.colcon_core.shell:Creating environment descriptor '/home/daniel/vm2_holistic_system_ws/install/gripper_force_feedback/share/gripper_force_feedback/hook/cmake_prefix_path.dsv'
[3.553s] INFO:colcon.colcon_core.shell:Creating environment hook '/home/daniel/vm2_holistic_system_ws/install/gripper_force_feedback/share/gripper_force_feedback/hook/cmake_prefix_path.sh'
[3.556s] Level 1:colcon.colcon_core.environment:checking '/home/daniel/vm2_holistic_system_ws/install/gripper_force_feedback/bin'
[3.556s] Level 1:colcon.colcon_core.environment:checking '/home/daniel/vm2_holistic_system_ws/install/gripper_force_feedback/lib/pkgconfig/gripper_force_feedback.pc'
[3.557s] Level 1:colcon.colcon_core.environment:checking '/home/daniel/vm2_holistic_system_ws/install/gripper_force_feedback/lib/python3.10/site-packages'
[3.557s] Level 1:colcon.colcon_core.environment:checking '/home/daniel/vm2_holistic_system_ws/install/gripper_force_feedback/bin'
[3.559s] INFO:colcon.colcon_core.shell:Creating package script '/home/daniel/vm2_holistic_system_ws/install/gripper_force_feedback/share/gripper_force_feedback/package.ps1'
[3.562s] INFO:colcon.colcon_core.shell:Creating package descriptor '/home/daniel/vm2_holistic_system_ws/install/gripper_force_feedback/share/gripper_force_feedback/package.dsv'
[3.565s] INFO:colcon.colcon_core.shell:Creating package script '/home/daniel/vm2_holistic_system_ws/install/gripper_force_feedback/share/gripper_force_feedback/package.sh'
[3.570s] INFO:colcon.colcon_core.shell:Creating package script '/home/daniel/vm2_holistic_system_ws/install/gripper_force_feedback/share/gripper_force_feedback/package.bash'
[3.572s] INFO:colcon.colcon_core.shell:Creating package script '/home/daniel/vm2_holistic_system_ws/install/gripper_force_feedback/share/gripper_force_feedback/package.zsh'
[3.574s] Level 1:colcon.colcon_core.environment:create_file_with_runtime_dependencies(/home/daniel/vm2_holistic_system_ws/install/gripper_force_feedback/share/colcon-core/packages/gripper_force_feedback)
[3.575s] Level 1:colcon.colcon_core.environment:create_environment_scripts_only(gripper_force_feedback)
[3.575s] Level 1:colcon.colcon_core.environment:checking '/home/daniel/vm2_holistic_system_ws/install/gripper_force_feedback' for CMake module files
[3.576s] Level 1:colcon.colcon_core.environment:checking '/home/daniel/vm2_holistic_system_ws/install/gripper_force_feedback' for CMake config files
[3.577s] Level 1:colcon.colcon_core.shell:create_environment_hook('gripper_force_feedback', 'cmake_prefix_path')
[3.577s] INFO:colcon.colcon_core.shell:Creating environment hook '/home/daniel/vm2_holistic_system_ws/install/gripper_force_feedback/share/gripper_force_feedback/hook/cmake_prefix_path.ps1'
[3.578s] INFO:colcon.colcon_core.shell:Creating environment descriptor '/home/daniel/vm2_holistic_system_ws/install/gripper_force_feedback/share/gripper_force_feedback/hook/cmake_prefix_path.dsv'
[3.579s] INFO:colcon.colcon_core.shell:Creating environment hook '/home/daniel/vm2_holistic_system_ws/install/gripper_force_feedback/share/gripper_force_feedback/hook/cmake_prefix_path.sh'
[3.580s] Level 1:colcon.colcon_core.environment:checking '/home/daniel/vm2_holistic_system_ws/install/gripper_force_feedback/bin'
[3.581s] Level 1:colcon.colcon_core.environment:checking '/home/daniel/vm2_holistic_system_ws/install/gripper_force_feedback/lib/pkgconfig/gripper_force_feedback.pc'
[3.582s] Level 1:colcon.colcon_core.environment:checking '/home/daniel/vm2_holistic_system_ws/install/gripper_force_feedback/lib/python3.10/site-packages'
[3.582s] Level 1:colcon.colcon_core.environment:checking '/home/daniel/vm2_holistic_system_ws/install/gripper_force_feedback/bin'
[3.584s] INFO:colcon.colcon_core.shell:Creating package script '/home/daniel/vm2_holistic_system_ws/install/gripper_force_feedback/share/gripper_force_feedback/package.ps1'
[3.586s] INFO:colcon.colcon_core.shell:Creating package descriptor '/home/daniel/vm2_holistic_system_ws/install/gripper_force_feedback/share/gripper_force_feedback/package.dsv'
[3.587s] INFO:colcon.colcon_core.shell:Creating package script '/home/daniel/vm2_holistic_system_ws/install/gripper_force_feedback/share/gripper_force_feedback/package.sh'
[3.589s] INFO:colcon.colcon_core.shell:Creating package script '/home/daniel/vm2_holistic_system_ws/install/gripper_force_feedback/share/gripper_force_feedback/package.bash'
[3.591s] INFO:colcon.colcon_core.shell:Creating package script '/home/daniel/vm2_holistic_system_ws/install/gripper_force_feedback/share/gripper_force_feedback/package.zsh'
[3.592s] Level 1:colcon.colcon_core.environment:create_file_with_runtime_dependencies(/home/daniel/vm2_holistic_system_ws/install/gripper_force_feedback/share/colcon-core/packages/gripper_force_feedback)
[3.659s] Level 1:colcon.colcon_core.environment:create_environment_scripts_only(ur_simulation_gazebo)
[3.661s] Level 1:colcon.colcon_core.environment:checking '/home/daniel/vm2_holistic_system_ws/install/ur_simulation_gazebo' for CMake module files
[3.662s] DEBUG:colcon.colcon_core.event_handler.log_command:Invoked command in '/home/daniel/vm2_holistic_system_ws/build/ur_simulation_gazebo' returned '0': CMAKE_PREFIX_PATH=${CMAKE_PREFIX_PATH}:/opt/ros/humble /usr/bin/cmake --install /home/daniel/vm2_holistic_system_ws/build/ur_simulation_gazebo
[3.663s] Level 1:colcon.colcon_core.environment:checking '/home/daniel/vm2_holistic_system_ws/install/ur_simulation_gazebo' for CMake config files
[3.664s] Level 1:colcon.colcon_core.shell:create_environment_hook('ur_simulation_gazebo', 'cmake_prefix_path')
[3.664s] INFO:colcon.colcon_core.shell:Creating environment hook '/home/daniel/vm2_holistic_system_ws/install/ur_simulation_gazebo/share/ur_simulation_gazebo/hook/cmake_prefix_path.ps1'
[3.665s] INFO:colcon.colcon_core.shell:Creating environment descriptor '/home/daniel/vm2_holistic_system_ws/install/ur_simulation_gazebo/share/ur_simulation_gazebo/hook/cmake_prefix_path.dsv'
[3.666s] INFO:colcon.colcon_core.shell:Creating environment hook '/home/daniel/vm2_holistic_system_ws/install/ur_simulation_gazebo/share/ur_simulation_gazebo/hook/cmake_prefix_path.sh'
[3.667s] Level 1:colcon.colcon_core.environment:checking '/home/daniel/vm2_holistic_system_ws/install/ur_simulation_gazebo/bin'
[3.667s] Level 1:colcon.colcon_core.environment:checking '/home/daniel/vm2_holistic_system_ws/install/ur_simulation_gazebo/lib/pkgconfig/ur_simulation_gazebo.pc'
[3.668s] Level 1:colcon.colcon_core.environment:checking '/home/daniel/vm2_holistic_system_ws/install/ur_simulation_gazebo/lib/python3.10/site-packages'
[3.668s] Level 1:colcon.colcon_core.environment:checking '/home/daniel/vm2_holistic_system_ws/install/ur_simulation_gazebo/bin'
[3.669s] INFO:colcon.colcon_core.shell:Creating package script '/home/daniel/vm2_holistic_system_ws/install/ur_simulation_gazebo/share/ur_simulation_gazebo/package.ps1'
[3.670s] INFO:colcon.colcon_core.shell:Creating package descriptor '/home/daniel/vm2_holistic_system_ws/install/ur_simulation_gazebo/share/ur_simulation_gazebo/package.dsv'
[3.671s] INFO:colcon.colcon_core.shell:Creating package script '/home/daniel/vm2_holistic_system_ws/install/ur_simulation_gazebo/share/ur_simulation_gazebo/package.sh'
[3.672s] INFO:colcon.colcon_core.shell:Creating package script '/home/daniel/vm2_holistic_system_ws/install/ur_simulation_gazebo/share/ur_simulation_gazebo/package.bash'
[3.673s] INFO:colcon.colcon_core.shell:Creating package script '/home/daniel/vm2_holistic_system_ws/install/ur_simulation_gazebo/share/ur_simulation_gazebo/package.zsh'
[3.673s] Level 1:colcon.colcon_core.environment:create_file_with_runtime_dependencies(/home/daniel/vm2_holistic_system_ws/install/ur_simulation_gazebo/share/colcon-core/packages/ur_simulation_gazebo)
[3.675s] Level 1:colcon.colcon_core.environment:create_environment_scripts_only(ur_simulation_gazebo)
[3.675s] Level 1:colcon.colcon_core.environment:checking '/home/daniel/vm2_holistic_system_ws/install/ur_simulation_gazebo' for CMake module files
[3.676s] Level 1:colcon.colcon_core.environment:checking '/home/daniel/vm2_holistic_system_ws/install/ur_simulation_gazebo' for CMake config files
[3.676s] Level 1:colcon.colcon_core.shell:create_environment_hook('ur_simulation_gazebo', 'cmake_prefix_path')
[3.677s] INFO:colcon.colcon_core.shell:Creating environment hook '/home/daniel/vm2_holistic_system_ws/install/ur_simulation_gazebo/share/ur_simulation_gazebo/hook/cmake_prefix_path.ps1'
[3.678s] INFO:colcon.colcon_core.shell:Creating environment descriptor '/home/daniel/vm2_holistic_system_ws/install/ur_simulation_gazebo/share/ur_simulation_gazebo/hook/cmake_prefix_path.dsv'
[3.678s] INFO:colcon.colcon_core.shell:Creating environment hook '/home/daniel/vm2_holistic_system_ws/install/ur_simulation_gazebo/share/ur_simulation_gazebo/hook/cmake_prefix_path.sh'
[3.680s] Level 1:colcon.colcon_core.environment:checking '/home/daniel/vm2_holistic_system_ws/install/ur_simulation_gazebo/bin'
[3.680s] Level 1:colcon.colcon_core.environment:checking '/home/daniel/vm2_holistic_system_ws/install/ur_simulation_gazebo/lib/pkgconfig/ur_simulation_gazebo.pc'
[3.681s] Level 1:colcon.colcon_core.environment:checking '/home/daniel/vm2_holistic_system_ws/install/ur_simulation_gazebo/lib/python3.10/site-packages'
[3.681s] Level 1:colcon.colcon_core.environment:checking '/home/daniel/vm2_holistic_system_ws/install/ur_simulation_gazebo/bin'
[3.682s] INFO:colcon.colcon_core.shell:Creating package script '/home/daniel/vm2_holistic_system_ws/install/ur_simulation_gazebo/share/ur_simulation_gazebo/package.ps1'
[3.685s] INFO:colcon.colcon_core.shell:Creating package descriptor '/home/daniel/vm2_holistic_system_ws/install/ur_simulation_gazebo/share/ur_simulation_gazebo/package.dsv'
[3.686s] INFO:colcon.colcon_core.shell:Creating package script '/home/daniel/vm2_holistic_system_ws/install/ur_simulation_gazebo/share/ur_simulation_gazebo/package.sh'
[3.687s] INFO:colcon.colcon_core.shell:Creating package script '/home/daniel/vm2_holistic_system_ws/install/ur_simulation_gazebo/share/ur_simulation_gazebo/package.bash'
[3.687s] INFO:colcon.colcon_core.shell:Creating package script '/home/daniel/vm2_holistic_system_ws/install/ur_simulation_gazebo/share/ur_simulation_gazebo/package.zsh'
[3.688s] Level 1:colcon.colcon_core.environment:create_file_with_runtime_dependencies(/home/daniel/vm2_holistic_system_ws/install/ur_simulation_gazebo/share/colcon-core/packages/ur_simulation_gazebo)
[5.166s] DEBUG:colcon.colcon_core.event_handler.log_command:Invoked command in '/home/daniel/vm2_holistic_system_ws/build/tracking_pkg' returned '0': CMAKE_PREFIX_PATH=${CMAKE_PREFIX_PATH}:/opt/ros/humble /usr/bin/cmake /home/daniel/vm2_holistic_system_ws/src/tracking_pkg -DAMENT_CMAKE_SYMLINK_INSTALL=1 -DCMAKE_INSTALL_PREFIX=/home/daniel/vm2_holistic_system_ws/install/tracking_pkg
[5.168s] DEBUG:colcon.colcon_core.event_handler.log_command:Invoking command in '/home/daniel/vm2_holistic_system_ws/build/tracking_pkg': CMAKE_PREFIX_PATH=${CMAKE_PREFIX_PATH}:/opt/ros/humble /usr/bin/cmake --build /home/daniel/vm2_holistic_system_ws/build/tracking_pkg -- -j8 -l8
[26.794s] DEBUG:colcon.colcon_core.event_handler.log_command:Invoked command in '/home/daniel/vm2_holistic_system_ws/build/tracking_pkg' returned '0': CMAKE_PREFIX_PATH=${CMAKE_PREFIX_PATH}:/opt/ros/humble /usr/bin/cmake --build /home/daniel/vm2_holistic_system_ws/build/tracking_pkg -- -j8 -l8
[26.801s] DEBUG:colcon.colcon_core.event_handler.log_command:Invoking command in '/home/daniel/vm2_holistic_system_ws/build/tracking_pkg': CMAKE_PREFIX_PATH=${CMAKE_PREFIX_PATH}:/opt/ros/humble /usr/bin/cmake --install /home/daniel/vm2_holistic_system_ws/build/tracking_pkg
[27.133s] Level 1:colcon.colcon_core.environment:create_environment_scripts_only(tracking_pkg)
[27.133s] DEBUG:colcon.colcon_core.event_handler.log_command:Invoked command in '/home/daniel/vm2_holistic_system_ws/build/tracking_pkg' returned '0': CMAKE_PREFIX_PATH=${CMAKE_PREFIX_PATH}:/opt/ros/humble /usr/bin/cmake --install /home/daniel/vm2_holistic_system_ws/build/tracking_pkg
[27.134s] Level 1:colcon.colcon_core.environment:checking '/home/daniel/vm2_holistic_system_ws/install/tracking_pkg' for CMake module files
[27.134s] Level 1:colcon.colcon_core.environment:checking '/home/daniel/vm2_holistic_system_ws/install/tracking_pkg' for CMake config files
[27.135s] Level 1:colcon.colcon_core.shell:create_environment_hook('tracking_pkg', 'cmake_prefix_path')
[27.135s] INFO:colcon.colcon_core.shell:Creating environment hook '/home/daniel/vm2_holistic_system_ws/install/tracking_pkg/share/tracking_pkg/hook/cmake_prefix_path.ps1'
[27.136s] INFO:colcon.colcon_core.shell:Creating environment descriptor '/home/daniel/vm2_holistic_system_ws/install/tracking_pkg/share/tracking_pkg/hook/cmake_prefix_path.dsv'
[27.136s] INFO:colcon.colcon_core.shell:Creating environment hook '/home/daniel/vm2_holistic_system_ws/install/tracking_pkg/share/tracking_pkg/hook/cmake_prefix_path.sh'
[27.137s] Level 1:colcon.colcon_core.environment:checking '/home/daniel/vm2_holistic_system_ws/install/tracking_pkg/lib'
[27.137s] Level 1:colcon.colcon_core.environment:checking '/home/daniel/vm2_holistic_system_ws/install/tracking_pkg/bin'
[27.137s] Level 1:colcon.colcon_core.environment:checking '/home/daniel/vm2_holistic_system_ws/install/tracking_pkg/lib/pkgconfig/tracking_pkg.pc'
[27.138s] Level 1:colcon.colcon_core.environment:checking '/home/daniel/vm2_holistic_system_ws/install/tracking_pkg/lib/python3.10/site-packages'
[27.138s] Level 1:colcon.colcon_core.environment:checking '/home/daniel/vm2_holistic_system_ws/install/tracking_pkg/bin'
[27.139s] INFO:colcon.colcon_core.shell:Creating package script '/home/daniel/vm2_holistic_system_ws/install/tracking_pkg/share/tracking_pkg/package.ps1'
[27.139s] INFO:colcon.colcon_core.shell:Creating package descriptor '/home/daniel/vm2_holistic_system_ws/install/tracking_pkg/share/tracking_pkg/package.dsv'
[27.140s] INFO:colcon.colcon_core.shell:Creating package script '/home/daniel/vm2_holistic_system_ws/install/tracking_pkg/share/tracking_pkg/package.sh'
[27.140s] INFO:colcon.colcon_core.shell:Creating package script '/home/daniel/vm2_holistic_system_ws/install/tracking_pkg/share/tracking_pkg/package.bash'
[27.141s] INFO:colcon.colcon_core.shell:Creating package script '/home/daniel/vm2_holistic_system_ws/install/tracking_pkg/share/tracking_pkg/package.zsh'
[27.141s] Level 1:colcon.colcon_core.environment:create_file_with_runtime_dependencies(/home/daniel/vm2_holistic_system_ws/install/tracking_pkg/share/colcon-core/packages/tracking_pkg)
[27.142s] Level 1:colcon.colcon_core.environment:create_environment_scripts_only(tracking_pkg)
[27.142s] Level 1:colcon.colcon_core.environment:checking '/home/daniel/vm2_holistic_system_ws/install/tracking_pkg' for CMake module files
[27.143s] Level 1:colcon.colcon_core.environment:checking '/home/daniel/vm2_holistic_system_ws/install/tracking_pkg' for CMake config files
[27.143s] Level 1:colcon.colcon_core.shell:create_environment_hook('tracking_pkg', 'cmake_prefix_path')
[27.144s] INFO:colcon.colcon_core.shell:Creating environment hook '/home/daniel/vm2_holistic_system_ws/install/tracking_pkg/share/tracking_pkg/hook/cmake_prefix_path.ps1'
[27.144s] INFO:colcon.colcon_core.shell:Creating environment descriptor '/home/daniel/vm2_holistic_system_ws/install/tracking_pkg/share/tracking_pkg/hook/cmake_prefix_path.dsv'
[27.145s] INFO:colcon.colcon_core.shell:Creating environment hook '/home/daniel/vm2_holistic_system_ws/install/tracking_pkg/share/tracking_pkg/hook/cmake_prefix_path.sh'
[27.146s] Level 1:colcon.colcon_core.environment:checking '/home/daniel/vm2_holistic_system_ws/install/tracking_pkg/lib'
[27.146s] Level 1:colcon.colcon_core.environment:checking '/home/daniel/vm2_holistic_system_ws/install/tracking_pkg/bin'
[27.146s] Level 1:colcon.colcon_core.environment:checking '/home/daniel/vm2_holistic_system_ws/install/tracking_pkg/lib/pkgconfig/tracking_pkg.pc'
[27.146s] Level 1:colcon.colcon_core.environment:checking '/home/daniel/vm2_holistic_system_ws/install/tracking_pkg/lib/python3.10/site-packages'
[27.146s] Level 1:colcon.colcon_core.environment:checking '/home/daniel/vm2_holistic_system_ws/install/tracking_pkg/bin'
[27.147s] INFO:colcon.colcon_core.shell:Creating package script '/home/daniel/vm2_holistic_system_ws/install/tracking_pkg/share/tracking_pkg/package.ps1'
[27.148s] INFO:colcon.colcon_core.shell:Creating package descriptor '/home/daniel/vm2_holistic_system_ws/install/tracking_pkg/share/tracking_pkg/package.dsv'
[27.148s] INFO:colcon.colcon_core.shell:Creating package script '/home/daniel/vm2_holistic_system_ws/install/tracking_pkg/share/tracking_pkg/package.sh'
[27.149s] INFO:colcon.colcon_core.shell:Creating package script '/home/daniel/vm2_holistic_system_ws/install/tracking_pkg/share/tracking_pkg/package.bash'
[27.149s] INFO:colcon.colcon_core.shell:Creating package script '/home/daniel/vm2_holistic_system_ws/install/tracking_pkg/share/tracking_pkg/package.zsh'
[27.150s] Level 1:colcon.colcon_core.environment:create_file_with_runtime_dependencies(/home/daniel/vm2_holistic_system_ws/install/tracking_pkg/share/colcon-core/packages/tracking_pkg)
[27.150s] DEBUG:colcon.colcon_parallel_executor.executor.parallel:closing loop
[27.151s] DEBUG:colcon.colcon_parallel_executor.executor.parallel:loop closed
[27.151s] DEBUG:colcon.colcon_parallel_executor.executor.parallel:run_until_complete finished with '0'
[27.151s] DEBUG:colcon.colcon_core.event_reactor:joining thread
[27.161s] INFO:colcon.colcon_core.plugin_system:Skipping extension 'colcon_notification.desktop_notification.terminal_notifier': Not used on non-Darwin systems
[27.161s] INFO:colcon.colcon_core.plugin_system:Skipping extension 'colcon_notification.desktop_notification.win32': Not used on non-Windows systems
[27.162s] INFO:colcon.colcon_notification.desktop_notification:Sending desktop notification using 'notify2'
[27.186s] DEBUG:colcon.colcon_core.event_reactor:joined thread
[27.187s] INFO:colcon.colcon_core.shell:Creating prefix script '/home/daniel/vm2_holistic_system_ws/install/local_setup.ps1'
[27.192s] INFO:colcon.colcon_core.shell:Creating prefix util module '/home/daniel/vm2_holistic_system_ws/install/_local_setup_util_ps1.py'
[27.197s] INFO:colcon.colcon_core.shell:Creating prefix chain script '/home/daniel/vm2_holistic_system_ws/install/setup.ps1'
[27.201s] INFO:colcon.colcon_core.shell:Creating prefix script '/home/daniel/vm2_holistic_system_ws/install/local_setup.sh'
[27.203s] INFO:colcon.colcon_core.shell:Creating prefix util module '/home/daniel/vm2_holistic_system_ws/install/_local_setup_util_sh.py'
[27.205s] INFO:colcon.colcon_core.shell:Creating prefix chain script '/home/daniel/vm2_holistic_system_ws/install/setup.sh'
[27.207s] INFO:colcon.colcon_core.shell:Creating prefix script '/home/daniel/vm2_holistic_system_ws/install/local_setup.bash'
[27.209s] INFO:colcon.colcon_core.shell:Creating prefix chain script '/home/daniel/vm2_holistic_system_ws/install/setup.bash'
[27.213s] INFO:colcon.colcon_core.shell:Creating prefix script '/home/daniel/vm2_holistic_system_ws/install/local_setup.zsh'
[27.215s] INFO:colcon.colcon_core.shell:Creating prefix chain script '/home/daniel/vm2_holistic_system_ws/install/setup.zsh'
