[0.267s] Invoking command in '/home/daniel/vm2_holistic_system_ws/build/ur_simulation_gazebo': CMAKE_PREFIX_PATH=${CMAKE_PREFIX_PATH}:/opt/ros/humble /usr/bin/cmake --build /home/daniel/vm2_holistic_system_ws/build/ur_simulation_gazebo -- -j8 -l8
[0.549s] Invoked command in '/home/daniel/vm2_holistic_system_ws/build/ur_simulation_gazebo' returned '0': CMAKE_PREFIX_PATH=${CMAKE_PREFIX_PATH}:/opt/ros/humble /usr/bin/cmake --build /home/daniel/vm2_holistic_system_ws/build/ur_simulation_gazebo -- -j8 -l8
[0.552s] Invoking command in '/home/daniel/vm2_holistic_system_ws/build/ur_simulation_gazebo': CMAKE_PREFIX_PATH=${CMAKE_PREFIX_PATH}:/opt/ros/humble /usr/bin/cmake --install /home/daniel/vm2_holistic_system_ws/build/ur_simulation_gazebo
[0.617s] -- Install configuration: ""
[0.621s] -- Execute custom install script
[0.623s] -- Up-to-date symlink: /home/daniel/vm2_holistic_system_ws/install/ur_simulation_gazebo/share/ur_simulation_gazebo/config/ur_controllers.yaml
[0.623s] -- Up-to-date symlink: /home/daniel/vm2_holistic_system_ws/install/ur_simulation_gazebo/share/ur_simulation_gazebo/launch/ur_sim_control.launch.py
[0.627s] -- Up-to-date symlink: /home/daniel/vm2_holistic_system_ws/install/ur_simulation_gazebo/share/ur_simulation_gazebo/launch/ur_sim_moveit.launch.py
[0.629s] -- Up-to-date symlink: /home/daniel/vm2_holistic_system_ws/install/ur_simulation_gazebo/share/ament_index/resource_index/package_run_dependencies/ur_simulation_gazebo
[0.630s] -- Up-to-date symlink: /home/daniel/vm2_holistic_system_ws/install/ur_simulation_gazebo/share/ament_index/resource_index/parent_prefix_path/ur_simulation_gazebo
[0.630s] -- Up-to-date symlink: /home/daniel/vm2_holistic_system_ws/install/ur_simulation_gazebo/share/ur_simulation_gazebo/environment/ament_prefix_path.sh
[0.631s] -- Up-to-date symlink: /home/daniel/vm2_holistic_system_ws/install/ur_simulation_gazebo/share/ur_simulation_gazebo/environment/ament_prefix_path.dsv
[0.632s] -- Up-to-date symlink: /home/daniel/vm2_holistic_system_ws/install/ur_simulation_gazebo/share/ur_simulation_gazebo/environment/path.sh
[0.636s] -- Up-to-date symlink: /home/daniel/vm2_holistic_system_ws/install/ur_simulation_gazebo/share/ur_simulation_gazebo/environment/path.dsv
[0.636s] -- Up-to-date symlink: /home/daniel/vm2_holistic_system_ws/install/ur_simulation_gazebo/share/ur_simulation_gazebo/local_setup.bash
[0.637s] -- Up-to-date symlink: /home/daniel/vm2_holistic_system_ws/install/ur_simulation_gazebo/share/ur_simulation_gazebo/local_setup.sh
[0.637s] -- Up-to-date symlink: /home/daniel/vm2_holistic_system_ws/install/ur_simulation_gazebo/share/ur_simulation_gazebo/local_setup.zsh
[0.637s] -- Up-to-date symlink: /home/daniel/vm2_holistic_system_ws/install/ur_simulation_gazebo/share/ur_simulation_gazebo/local_setup.dsv
[0.638s] -- Symlinking: /home/daniel/vm2_holistic_system_ws/install/ur_simulation_gazebo/share/ur_simulation_gazebo/package.dsv
[0.676s] -- Up-to-date symlink: /home/daniel/vm2_holistic_system_ws/install/ur_simulation_gazebo/share/ament_index/resource_index/packages/ur_simulation_gazebo
[0.679s] -- Up-to-date symlink: /home/daniel/vm2_holistic_system_ws/install/ur_simulation_gazebo/share/ur_simulation_gazebo/cmake/ur_simulation_gazeboConfig.cmake
[0.685s] -- Up-to-date symlink: /home/daniel/vm2_holistic_system_ws/install/ur_simulation_gazebo/share/ur_simulation_gazebo/cmake/ur_simulation_gazeboConfig-version.cmake
[0.695s] -- Up-to-date symlink: /home/daniel/vm2_holistic_system_ws/install/ur_simulation_gazebo/share/ur_simulation_gazebo/package.xml
[0.851s] Invoked command in '/home/daniel/vm2_holistic_system_ws/build/ur_simulation_gazebo' returned '0': CMAKE_PREFIX_PATH=${CMAKE_PREFIX_PATH}:/opt/ros/humble /usr/bin/cmake --install /home/daniel/vm2_holistic_system_ws/build/ur_simulation_gazebo
