[0.254s] Invoking command in '/home/daniel/vm2_holistic_system_ws/build/ur_simulation_gazebo': CMAKE_PREFIX_PATH=${CMAKE_PREFIX_PATH}:/opt/ros/humble /usr/bin/cmake --build /home/daniel/vm2_holistic_system_ws/build/ur_simulation_gazebo -- -j8 -l8
[0.596s] Invoked command in '/home/daniel/vm2_holistic_system_ws/build/ur_simulation_gazebo' returned '0': CMAKE_PREFIX_PATH=${CMAKE_PREFIX_PATH}:/opt/ros/humble /usr/bin/cmake --build /home/daniel/vm2_holistic_system_ws/build/ur_simulation_gazebo -- -j8 -l8
[0.619s] Invoking command in '/home/daniel/vm2_holistic_system_ws/build/ur_simulation_gazebo': CMAKE_PREFIX_PATH=${CMAKE_PREFIX_PATH}:/opt/ros/humble /usr/bin/cmake --install /home/daniel/vm2_holistic_system_ws/build/ur_simulation_gazebo
[0.715s] -- Install configuration: ""
[0.719s] -- Execute custom install script
[0.724s] -- Up-to-date symlink: /home/daniel/vm2_holistic_system_ws/install/ur_simulation_gazebo/share/ur_simulation_gazebo/config/ur_controllers.yaml
[0.725s] -- Up-to-date symlink: /home/daniel/vm2_holistic_system_ws/install/ur_simulation_gazebo/share/ur_simulation_gazebo/launch/ur_sim_control.launch.py
[0.729s] -- Up-to-date symlink: /home/daniel/vm2_holistic_system_ws/install/ur_simulation_gazebo/share/ur_simulation_gazebo/launch/ur_sim_moveit.launch.py
[0.730s] -- Up-to-date symlink: /home/daniel/vm2_holistic_system_ws/install/ur_simulation_gazebo/share/ament_index/resource_index/package_run_dependencies/ur_simulation_gazebo
[0.731s] -- Up-to-date symlink: /home/daniel/vm2_holistic_system_ws/install/ur_simulation_gazebo/share/ament_index/resource_index/parent_prefix_path/ur_simulation_gazebo
[0.731s] -- Up-to-date symlink: /home/daniel/vm2_holistic_system_ws/install/ur_simulation_gazebo/share/ur_simulation_gazebo/environment/ament_prefix_path.sh
[0.731s] -- Up-to-date symlink: /home/daniel/vm2_holistic_system_ws/install/ur_simulation_gazebo/share/ur_simulation_gazebo/environment/ament_prefix_path.dsv
[0.732s] -- Up-to-date symlink: /home/daniel/vm2_holistic_system_ws/install/ur_simulation_gazebo/share/ur_simulation_gazebo/environment/path.sh
[0.734s] -- Up-to-date symlink: /home/daniel/vm2_holistic_system_ws/install/ur_simulation_gazebo/share/ur_simulation_gazebo/environment/path.dsv
[0.734s] -- Up-to-date symlink: /home/daniel/vm2_holistic_system_ws/install/ur_simulation_gazebo/share/ur_simulation_gazebo/local_setup.bash
[0.735s] -- Up-to-date symlink: /home/daniel/vm2_holistic_system_ws/install/ur_simulation_gazebo/share/ur_simulation_gazebo/local_setup.sh
[0.736s] -- Up-to-date symlink: /home/daniel/vm2_holistic_system_ws/install/ur_simulation_gazebo/share/ur_simulation_gazebo/local_setup.zsh
[0.736s] -- Up-to-date symlink: /home/daniel/vm2_holistic_system_ws/install/ur_simulation_gazebo/share/ur_simulation_gazebo/local_setup.dsv
[0.736s] -- Symlinking: /home/daniel/vm2_holistic_system_ws/install/ur_simulation_gazebo/share/ur_simulation_gazebo/package.dsv
[0.787s] -- Up-to-date symlink: /home/daniel/vm2_holistic_system_ws/install/ur_simulation_gazebo/share/ament_index/resource_index/packages/ur_simulation_gazebo
[0.788s] -- Up-to-date symlink: /home/daniel/vm2_holistic_system_ws/install/ur_simulation_gazebo/share/ur_simulation_gazebo/cmake/ur_simulation_gazeboConfig.cmake
[0.790s] -- Up-to-date symlink: /home/daniel/vm2_holistic_system_ws/install/ur_simulation_gazebo/share/ur_simulation_gazebo/cmake/ur_simulation_gazeboConfig-version.cmake
[0.795s] -- Up-to-date symlink: /home/daniel/vm2_holistic_system_ws/install/ur_simulation_gazebo/share/ur_simulation_gazebo/package.xml
[1.111s] Invoked command in '/home/daniel/vm2_holistic_system_ws/build/ur_simulation_gazebo' returned '0': CMAKE_PREFIX_PATH=${CMAKE_PREFIX_PATH}:/opt/ros/humble /usr/bin/cmake --install /home/daniel/vm2_holistic_system_ws/build/ur_simulation_gazebo
