[0.247s] DEBUG:colcon:Command line arguments: ['/usr/bin/colcon', 'build', '--symlink-install']
[0.248s] DEBUG:colcon:Parsed command line arguments: Namespace(log_base=None, log_level=None, verb_name='build', build_base='build', install_base='install', merge_install=False, symlink_install=True, test_result_base=None, continue_on_error=False, executor='parallel', parallel_workers=8, event_handlers=None, ignore_user_meta=False, metas=['./colcon.meta'], base_paths=['.'], packages_ignore=None, packages_ignore_regex=None, paths=None, packages_up_to=None, packages_up_to_regex=None, packages_above=None, packages_above_and_dependencies=None, packages_above_depth=None, packages_select_by_dep=None, packages_skip_by_dep=None, packages_skip_up_to=None, packages_select_build_failed=False, packages_skip_build_finished=False, packages_select_test_failures=False, packages_skip_test_passed=False, packages_select=None, packages_skip=None, packages_select_regex=None, packages_skip_regex=None, packages_start=None, packages_end=None, allow_overriding=[], cmake_args=None, cmake_target=None, cmake_target_skip_unavailable=False, cmake_clean_cache=False, cmake_clean_first=False, cmake_force_configure=False, ament_cmake_args=None, catkin_cmake_args=None, catkin_skip_building_tests=False, mixin_files=None, mixin=None, verb_parser=<colcon_mixin.mixin.mixin_argument.MixinArgumentDecorator object at 0x75511c56fd30>, verb_extension=<colcon_core.verb.build.BuildVerb object at 0x75511c56f850>, main=<bound method BuildVerb.main of <colcon_core.verb.build.BuildVerb object at 0x75511c56f850>>, mixin_verb=('build',))
[0.314s] Level 1:colcon.colcon_core.package_discovery:discover_packages(colcon_meta) check parameters
[0.314s] Level 1:colcon.colcon_core.package_discovery:discover_packages(recursive) check parameters
[0.314s] Level 1:colcon.colcon_core.package_discovery:discover_packages(ignore) check parameters
[0.314s] Level 1:colcon.colcon_core.package_discovery:discover_packages(path) check parameters
[0.314s] Level 1:colcon.colcon_core.package_discovery:discover_packages(colcon_meta) discover
[0.314s] Level 1:colcon.colcon_core.package_discovery:discover_packages(recursive) discover
[0.314s] INFO:colcon.colcon_core.package_discovery:Crawling recursively for packages in '/home/daniel/vm2_holistic_system_ws'
[0.315s] Level 1:colcon.colcon_core.package_identification:_identify(.) by extensions ['ignore', 'ignore_ament_install']
[0.315s] Level 1:colcon.colcon_core.package_identification:_identify(.) by extension 'ignore'
[0.315s] Level 1:colcon.colcon_core.package_identification:_identify(.) by extension 'ignore_ament_install'
[0.315s] Level 1:colcon.colcon_core.package_identification:_identify(.) by extensions ['colcon_pkg']
[0.315s] Level 1:colcon.colcon_core.package_identification:_identify(.) by extension 'colcon_pkg'
[0.315s] Level 1:colcon.colcon_core.package_identification:_identify(.) by extensions ['colcon_meta']
[0.315s] Level 1:colcon.colcon_core.package_identification:_identify(.) by extension 'colcon_meta'
[0.315s] Level 1:colcon.colcon_core.package_identification:_identify(.) by extensions ['ros']
[0.315s] Level 1:colcon.colcon_core.package_identification:_identify(.) by extension 'ros'
[0.347s] Level 1:colcon.colcon_core.package_identification:_identify(.) by extensions ['cmake', 'python']
[0.347s] Level 1:colcon.colcon_core.package_identification:_identify(.) by extension 'cmake'
[0.347s] Level 1:colcon.colcon_core.package_identification:_identify(.) by extension 'python'
[0.347s] Level 1:colcon.colcon_core.package_identification:_identify(.) by extensions ['python_setup_py']
[0.347s] Level 1:colcon.colcon_core.package_identification:_identify(.) by extension 'python_setup_py'
[0.347s] Level 1:colcon.colcon_core.package_identification:_identify(build) by extensions ['ignore', 'ignore_ament_install']
[0.347s] Level 1:colcon.colcon_core.package_identification:_identify(build) by extension 'ignore'
[0.347s] Level 1:colcon.colcon_core.package_identification:_identify(build) ignored
[0.348s] Level 1:colcon.colcon_core.package_identification:_identify(files) by extensions ['ignore', 'ignore_ament_install']
[0.348s] Level 1:colcon.colcon_core.package_identification:_identify(files) by extension 'ignore'
[0.348s] Level 1:colcon.colcon_core.package_identification:_identify(files) by extension 'ignore_ament_install'
[0.348s] Level 1:colcon.colcon_core.package_identification:_identify(files) by extensions ['colcon_pkg']
[0.348s] Level 1:colcon.colcon_core.package_identification:_identify(files) by extension 'colcon_pkg'
[0.348s] Level 1:colcon.colcon_core.package_identification:_identify(files) by extensions ['colcon_meta']
[0.348s] Level 1:colcon.colcon_core.package_identification:_identify(files) by extension 'colcon_meta'
[0.348s] Level 1:colcon.colcon_core.package_identification:_identify(files) by extensions ['ros']
[0.348s] Level 1:colcon.colcon_core.package_identification:_identify(files) by extension 'ros'
[0.348s] Level 1:colcon.colcon_core.package_identification:_identify(files) by extensions ['cmake', 'python']
[0.348s] Level 1:colcon.colcon_core.package_identification:_identify(files) by extension 'cmake'
[0.349s] Level 1:colcon.colcon_core.package_identification:_identify(files) by extension 'python'
[0.349s] Level 1:colcon.colcon_core.package_identification:_identify(files) by extensions ['python_setup_py']
[0.349s] Level 1:colcon.colcon_core.package_identification:_identify(files) by extension 'python_setup_py'
[0.349s] Level 1:colcon.colcon_core.package_identification:_identify(install) by extensions ['ignore', 'ignore_ament_install']
[0.349s] Level 1:colcon.colcon_core.package_identification:_identify(install) by extension 'ignore'
[0.349s] Level 1:colcon.colcon_core.package_identification:_identify(install) ignored
[0.349s] Level 1:colcon.colcon_core.package_identification:_identify(log) by extensions ['ignore', 'ignore_ament_install']
[0.349s] Level 1:colcon.colcon_core.package_identification:_identify(log) by extension 'ignore'
[0.349s] Level 1:colcon.colcon_core.package_identification:_identify(log) ignored
[0.350s] Level 1:colcon.colcon_core.package_identification:_identify(src) by extensions ['ignore', 'ignore_ament_install']
[0.350s] Level 1:colcon.colcon_core.package_identification:_identify(src) by extension 'ignore'
[0.350s] Level 1:colcon.colcon_core.package_identification:_identify(src) by extension 'ignore_ament_install'
[0.350s] Level 1:colcon.colcon_core.package_identification:_identify(src) by extensions ['colcon_pkg']
[0.350s] Level 1:colcon.colcon_core.package_identification:_identify(src) by extension 'colcon_pkg'
[0.350s] Level 1:colcon.colcon_core.package_identification:_identify(src) by extensions ['colcon_meta']
[0.350s] Level 1:colcon.colcon_core.package_identification:_identify(src) by extension 'colcon_meta'
[0.350s] Level 1:colcon.colcon_core.package_identification:_identify(src) by extensions ['ros']
[0.350s] Level 1:colcon.colcon_core.package_identification:_identify(src) by extension 'ros'
[0.350s] Level 1:colcon.colcon_core.package_identification:_identify(src) by extensions ['cmake', 'python']
[0.350s] Level 1:colcon.colcon_core.package_identification:_identify(src) by extension 'cmake'
[0.350s] Level 1:colcon.colcon_core.package_identification:_identify(src) by extension 'python'
[0.351s] Level 1:colcon.colcon_core.package_identification:_identify(src) by extensions ['python_setup_py']
[0.351s] Level 1:colcon.colcon_core.package_identification:_identify(src) by extension 'python_setup_py'
[0.351s] Level 1:colcon.colcon_core.package_identification:_identify(src/Universal_Robots_ROS2_Gazebo_Simulation) by extensions ['ignore', 'ignore_ament_install']
[0.351s] Level 1:colcon.colcon_core.package_identification:_identify(src/Universal_Robots_ROS2_Gazebo_Simulation) by extension 'ignore'
[0.351s] Level 1:colcon.colcon_core.package_identification:_identify(src/Universal_Robots_ROS2_Gazebo_Simulation) by extension 'ignore_ament_install'
[0.351s] Level 1:colcon.colcon_core.package_identification:_identify(src/Universal_Robots_ROS2_Gazebo_Simulation) by extensions ['colcon_pkg']
[0.351s] Level 1:colcon.colcon_core.package_identification:_identify(src/Universal_Robots_ROS2_Gazebo_Simulation) by extension 'colcon_pkg'
[0.351s] Level 1:colcon.colcon_core.package_identification:_identify(src/Universal_Robots_ROS2_Gazebo_Simulation) by extensions ['colcon_meta']
[0.352s] Level 1:colcon.colcon_core.package_identification:_identify(src/Universal_Robots_ROS2_Gazebo_Simulation) by extension 'colcon_meta'
[0.352s] Level 1:colcon.colcon_core.package_identification:_identify(src/Universal_Robots_ROS2_Gazebo_Simulation) by extensions ['ros']
[0.352s] Level 1:colcon.colcon_core.package_identification:_identify(src/Universal_Robots_ROS2_Gazebo_Simulation) by extension 'ros'
[0.352s] Level 1:colcon.colcon_core.package_identification:_identify(src/Universal_Robots_ROS2_Gazebo_Simulation) by extensions ['cmake', 'python']
[0.352s] Level 1:colcon.colcon_core.package_identification:_identify(src/Universal_Robots_ROS2_Gazebo_Simulation) by extension 'cmake'
[0.352s] Level 1:colcon.colcon_core.package_identification:_identify(src/Universal_Robots_ROS2_Gazebo_Simulation) by extension 'python'
[0.352s] Level 1:colcon.colcon_core.package_identification:_identify(src/Universal_Robots_ROS2_Gazebo_Simulation) by extensions ['python_setup_py']
[0.352s] Level 1:colcon.colcon_core.package_identification:_identify(src/Universal_Robots_ROS2_Gazebo_Simulation) by extension 'python_setup_py'
[0.353s] Level 1:colcon.colcon_core.package_identification:_identify(src/Universal_Robots_ROS2_Gazebo_Simulation/ur_simulation_gazebo) by extensions ['ignore', 'ignore_ament_install']
[0.353s] Level 1:colcon.colcon_core.package_identification:_identify(src/Universal_Robots_ROS2_Gazebo_Simulation/ur_simulation_gazebo) by extension 'ignore'
[0.353s] Level 1:colcon.colcon_core.package_identification:_identify(src/Universal_Robots_ROS2_Gazebo_Simulation/ur_simulation_gazebo) by extension 'ignore_ament_install'
[0.353s] Level 1:colcon.colcon_core.package_identification:_identify(src/Universal_Robots_ROS2_Gazebo_Simulation/ur_simulation_gazebo) by extensions ['colcon_pkg']
[0.353s] Level 1:colcon.colcon_core.package_identification:_identify(src/Universal_Robots_ROS2_Gazebo_Simulation/ur_simulation_gazebo) by extension 'colcon_pkg'
[0.353s] Level 1:colcon.colcon_core.package_identification:_identify(src/Universal_Robots_ROS2_Gazebo_Simulation/ur_simulation_gazebo) by extensions ['colcon_meta']
[0.353s] Level 1:colcon.colcon_core.package_identification:_identify(src/Universal_Robots_ROS2_Gazebo_Simulation/ur_simulation_gazebo) by extension 'colcon_meta'
[0.353s] Level 1:colcon.colcon_core.package_identification:_identify(src/Universal_Robots_ROS2_Gazebo_Simulation/ur_simulation_gazebo) by extensions ['ros']
[0.353s] Level 1:colcon.colcon_core.package_identification:_identify(src/Universal_Robots_ROS2_Gazebo_Simulation/ur_simulation_gazebo) by extension 'ros'
[0.359s] DEBUG:colcon.colcon_core.package_identification:Package 'src/Universal_Robots_ROS2_Gazebo_Simulation/ur_simulation_gazebo' with type 'ros.ament_cmake' and name 'ur_simulation_gazebo'
[0.359s] Level 1:colcon.colcon_core.package_identification:_identify(src/gripper_force_feedback) by extensions ['ignore', 'ignore_ament_install']
[0.360s] Level 1:colcon.colcon_core.package_identification:_identify(src/gripper_force_feedback) by extension 'ignore'
[0.360s] Level 1:colcon.colcon_core.package_identification:_identify(src/gripper_force_feedback) by extension 'ignore_ament_install'
[0.360s] Level 1:colcon.colcon_core.package_identification:_identify(src/gripper_force_feedback) by extensions ['colcon_pkg']
[0.360s] Level 1:colcon.colcon_core.package_identification:_identify(src/gripper_force_feedback) by extension 'colcon_pkg'
[0.360s] Level 1:colcon.colcon_core.package_identification:_identify(src/gripper_force_feedback) by extensions ['colcon_meta']
[0.360s] Level 1:colcon.colcon_core.package_identification:_identify(src/gripper_force_feedback) by extension 'colcon_meta'
[0.360s] Level 1:colcon.colcon_core.package_identification:_identify(src/gripper_force_feedback) by extensions ['ros']
[0.360s] Level 1:colcon.colcon_core.package_identification:_identify(src/gripper_force_feedback) by extension 'ros'
[0.361s] DEBUG:colcon.colcon_core.package_identification:Package 'src/gripper_force_feedback' with type 'ros.ament_cmake' and name 'gripper_force_feedback'
[0.361s] Level 1:colcon.colcon_core.package_identification:_identify(src/tracking_pkg) by extensions ['ignore', 'ignore_ament_install']
[0.361s] Level 1:colcon.colcon_core.package_identification:_identify(src/tracking_pkg) by extension 'ignore'
[0.361s] Level 1:colcon.colcon_core.package_identification:_identify(src/tracking_pkg) by extension 'ignore_ament_install'
[0.361s] Level 1:colcon.colcon_core.package_identification:_identify(src/tracking_pkg) by extensions ['colcon_pkg']
[0.361s] Level 1:colcon.colcon_core.package_identification:_identify(src/tracking_pkg) by extension 'colcon_pkg'
[0.362s] Level 1:colcon.colcon_core.package_identification:_identify(src/tracking_pkg) by extensions ['colcon_meta']
[0.362s] Level 1:colcon.colcon_core.package_identification:_identify(src/tracking_pkg) by extension 'colcon_meta'
[0.362s] Level 1:colcon.colcon_core.package_identification:_identify(src/tracking_pkg) by extensions ['ros']
[0.362s] Level 1:colcon.colcon_core.package_identification:_identify(src/tracking_pkg) by extension 'ros'
[0.363s] DEBUG:colcon.colcon_core.package_identification:Package 'src/tracking_pkg' with type 'ros.ament_cmake' and name 'tracking_pkg'
[0.363s] Level 1:colcon.colcon_core.package_discovery:discover_packages(recursive) using defaults
[0.364s] Level 1:colcon.colcon_core.package_discovery:discover_packages(ignore) discover
[0.364s] Level 1:colcon.colcon_core.package_discovery:discover_packages(ignore) using defaults
[0.364s] Level 1:colcon.colcon_core.package_discovery:discover_packages(path) discover
[0.364s] Level 1:colcon.colcon_core.package_discovery:discover_packages(path) using defaults
[0.400s] Level 1:colcon.colcon_core.package_discovery:discover_packages(prefix_path) check parameters
[0.400s] Level 1:colcon.colcon_core.package_discovery:discover_packages(prefix_path) discover
[0.403s] DEBUG:colcon.colcon_installed_package_information.package_discovery:Found 3 installed packages in /home/daniel/vm2_holistic_system_ws/install
[0.407s] DEBUG:colcon.colcon_installed_package_information.package_discovery:Found 338 installed packages in /opt/ros/humble
[0.410s] Level 1:colcon.colcon_core.package_discovery:discover_packages(prefix_path) using defaults
[0.490s] Level 5:colcon.colcon_core.verb:set package 'gripper_force_feedback' build argument 'cmake_args' from command line to 'None'
[0.491s] Level 5:colcon.colcon_core.verb:set package 'gripper_force_feedback' build argument 'cmake_target' from command line to 'None'
[0.491s] Level 5:colcon.colcon_core.verb:set package 'gripper_force_feedback' build argument 'cmake_target_skip_unavailable' from command line to 'False'
[0.491s] Level 5:colcon.colcon_core.verb:set package 'gripper_force_feedback' build argument 'cmake_clean_cache' from command line to 'False'
[0.491s] Level 5:colcon.colcon_core.verb:set package 'gripper_force_feedback' build argument 'cmake_clean_first' from command line to 'False'
[0.491s] Level 5:colcon.colcon_core.verb:set package 'gripper_force_feedback' build argument 'cmake_force_configure' from command line to 'False'
[0.491s] Level 5:colcon.colcon_core.verb:set package 'gripper_force_feedback' build argument 'ament_cmake_args' from command line to 'None'
[0.491s] Level 5:colcon.colcon_core.verb:set package 'gripper_force_feedback' build argument 'catkin_cmake_args' from command line to 'None'
[0.491s] Level 5:colcon.colcon_core.verb:set package 'gripper_force_feedback' build argument 'catkin_skip_building_tests' from command line to 'False'
[0.491s] DEBUG:colcon.colcon_core.verb:Building package 'gripper_force_feedback' with the following arguments: {'ament_cmake_args': None, 'build_base': '/home/daniel/vm2_holistic_system_ws/build/gripper_force_feedback', 'catkin_cmake_args': None, 'catkin_skip_building_tests': False, 'cmake_args': None, 'cmake_clean_cache': False, 'cmake_clean_first': False, 'cmake_force_configure': False, 'cmake_target': None, 'cmake_target_skip_unavailable': False, 'install_base': '/home/daniel/vm2_holistic_system_ws/install/gripper_force_feedback', 'merge_install': False, 'path': '/home/daniel/vm2_holistic_system_ws/src/gripper_force_feedback', 'symlink_install': True, 'test_result_base': None}
[0.492s] Level 5:colcon.colcon_core.verb:set package 'tracking_pkg' build argument 'cmake_args' from command line to 'None'
[0.492s] Level 5:colcon.colcon_core.verb:set package 'tracking_pkg' build argument 'cmake_target' from command line to 'None'
[0.492s] Level 5:colcon.colcon_core.verb:set package 'tracking_pkg' build argument 'cmake_target_skip_unavailable' from command line to 'False'
[0.492s] Level 5:colcon.colcon_core.verb:set package 'tracking_pkg' build argument 'cmake_clean_cache' from command line to 'False'
[0.492s] Level 5:colcon.colcon_core.verb:set package 'tracking_pkg' build argument 'cmake_clean_first' from command line to 'False'
[0.492s] Level 5:colcon.colcon_core.verb:set package 'tracking_pkg' build argument 'cmake_force_configure' from command line to 'False'
[0.492s] Level 5:colcon.colcon_core.verb:set package 'tracking_pkg' build argument 'ament_cmake_args' from command line to 'None'
[0.492s] Level 5:colcon.colcon_core.verb:set package 'tracking_pkg' build argument 'catkin_cmake_args' from command line to 'None'
[0.492s] Level 5:colcon.colcon_core.verb:set package 'tracking_pkg' build argument 'catkin_skip_building_tests' from command line to 'False'
[0.493s] DEBUG:colcon.colcon_core.verb:Building package 'tracking_pkg' with the following arguments: {'ament_cmake_args': None, 'build_base': '/home/daniel/vm2_holistic_system_ws/build/tracking_pkg', 'catkin_cmake_args': None, 'catkin_skip_building_tests': False, 'cmake_args': None, 'cmake_clean_cache': False, 'cmake_clean_first': False, 'cmake_force_configure': False, 'cmake_target': None, 'cmake_target_skip_unavailable': False, 'install_base': '/home/daniel/vm2_holistic_system_ws/install/tracking_pkg', 'merge_install': False, 'path': '/home/daniel/vm2_holistic_system_ws/src/tracking_pkg', 'symlink_install': True, 'test_result_base': None}
[0.493s] Level 5:colcon.colcon_core.verb:set package 'ur_simulation_gazebo' build argument 'cmake_args' from command line to 'None'
[0.493s] Level 5:colcon.colcon_core.verb:set package 'ur_simulation_gazebo' build argument 'cmake_target' from command line to 'None'
[0.493s] Level 5:colcon.colcon_core.verb:set package 'ur_simulation_gazebo' build argument 'cmake_target_skip_unavailable' from command line to 'False'
[0.493s] Level 5:colcon.colcon_core.verb:set package 'ur_simulation_gazebo' build argument 'cmake_clean_cache' from command line to 'False'
[0.494s] Level 5:colcon.colcon_core.verb:set package 'ur_simulation_gazebo' build argument 'cmake_clean_first' from command line to 'False'
[0.494s] Level 5:colcon.colcon_core.verb:set package 'ur_simulation_gazebo' build argument 'cmake_force_configure' from command line to 'False'
[0.494s] Level 5:colcon.colcon_core.verb:set package 'ur_simulation_gazebo' build argument 'ament_cmake_args' from command line to 'None'
[0.494s] Level 5:colcon.colcon_core.verb:set package 'ur_simulation_gazebo' build argument 'catkin_cmake_args' from command line to 'None'
[0.494s] Level 5:colcon.colcon_core.verb:set package 'ur_simulation_gazebo' build argument 'catkin_skip_building_tests' from command line to 'False'
[0.494s] DEBUG:colcon.colcon_core.verb:Building package 'ur_simulation_gazebo' with the following arguments: {'ament_cmake_args': None, 'build_base': '/home/daniel/vm2_holistic_system_ws/build/ur_simulation_gazebo', 'catkin_cmake_args': None, 'catkin_skip_building_tests': False, 'cmake_args': None, 'cmake_clean_cache': False, 'cmake_clean_first': False, 'cmake_force_configure': False, 'cmake_target': None, 'cmake_target_skip_unavailable': False, 'install_base': '/home/daniel/vm2_holistic_system_ws/install/ur_simulation_gazebo', 'merge_install': False, 'path': '/home/daniel/vm2_holistic_system_ws/src/Universal_Robots_ROS2_Gazebo_Simulation/ur_simulation_gazebo', 'symlink_install': True, 'test_result_base': None}
[0.494s] INFO:colcon.colcon_core.executor:Executing jobs using 'parallel' executor
[0.496s] DEBUG:colcon.colcon_parallel_executor.executor.parallel:run_until_complete
[0.497s] INFO:colcon.colcon_ros.task.ament_cmake.build:Building ROS package in '/home/daniel/vm2_holistic_system_ws/src/gripper_force_feedback' with build type 'ament_cmake'
[0.497s] INFO:colcon.colcon_cmake.task.cmake.build:Building CMake package in '/home/daniel/vm2_holistic_system_ws/src/gripper_force_feedback'
[0.501s] INFO:colcon.colcon_core.plugin_system:Skipping extension 'colcon_core.shell.bat': Not used on non-Windows systems
[0.502s] INFO:colcon.colcon_core.shell:Skip shell extension 'powershell' for command environment: Not usable outside of PowerShell
[0.502s] DEBUG:colcon.colcon_core.shell:Skip shell extension 'dsv' for command environment
[0.509s] INFO:colcon.colcon_ros.task.ament_cmake.build:Building ROS package in '/home/daniel/vm2_holistic_system_ws/src/tracking_pkg' with build type 'ament_cmake'
[0.510s] INFO:colcon.colcon_cmake.task.cmake.build:Building CMake package in '/home/daniel/vm2_holistic_system_ws/src/tracking_pkg'
[0.510s] INFO:colcon.colcon_core.shell:Skip shell extension 'powershell' for command environment: Not usable outside of PowerShell
[0.510s] DEBUG:colcon.colcon_core.shell:Skip shell extension 'dsv' for command environment
[0.516s] INFO:colcon.colcon_ros.task.ament_cmake.build:Building ROS package in '/home/daniel/vm2_holistic_system_ws/src/Universal_Robots_ROS2_Gazebo_Simulation/ur_simulation_gazebo' with build type 'ament_cmake'
[0.516s] INFO:colcon.colcon_cmake.task.cmake.build:Building CMake package in '/home/daniel/vm2_holistic_system_ws/src/Universal_Robots_ROS2_Gazebo_Simulation/ur_simulation_gazebo'
[0.517s] INFO:colcon.colcon_core.shell:Skip shell extension 'powershell' for command environment: Not usable outside of PowerShell
[0.517s] DEBUG:colcon.colcon_core.shell:Skip shell extension 'dsv' for command environment
[0.569s] DEBUG:colcon.colcon_core.event_handler.log_command:Invoking command in '/home/daniel/vm2_holistic_system_ws/build/gripper_force_feedback': CMAKE_PREFIX_PATH=${CMAKE_PREFIX_PATH}:/opt/ros/humble /usr/bin/cmake --build /home/daniel/vm2_holistic_system_ws/build/gripper_force_feedback -- -j8 -l8
[0.604s] DEBUG:colcon.colcon_core.event_handler.log_command:Invoking command in '/home/daniel/vm2_holistic_system_ws/build/tracking_pkg': CMAKE_PREFIX_PATH=${CMAKE_PREFIX_PATH}:/opt/ros/humble /usr/bin/cmake --build /home/daniel/vm2_holistic_system_ws/build/tracking_pkg -- -j8 -l8
[0.623s] DEBUG:colcon.colcon_core.event_handler.log_command:Invoking command in '/home/daniel/vm2_holistic_system_ws/build/ur_simulation_gazebo': CMAKE_PREFIX_PATH=${CMAKE_PREFIX_PATH}:/opt/ros/humble /usr/bin/cmake --build /home/daniel/vm2_holistic_system_ws/build/ur_simulation_gazebo -- -j8 -l8
[0.772s] DEBUG:colcon.colcon_core.event_handler.log_command:Invoked command in '/home/daniel/vm2_holistic_system_ws/build/gripper_force_feedback' returned '0': CMAKE_PREFIX_PATH=${CMAKE_PREFIX_PATH}:/opt/ros/humble /usr/bin/cmake --build /home/daniel/vm2_holistic_system_ws/build/gripper_force_feedback -- -j8 -l8
[0.833s] DEBUG:colcon.colcon_core.event_handler.log_command:Invoking command in '/home/daniel/vm2_holistic_system_ws/build/gripper_force_feedback': CMAKE_PREFIX_PATH=${CMAKE_PREFIX_PATH}:/opt/ros/humble /usr/bin/cmake --install /home/daniel/vm2_holistic_system_ws/build/gripper_force_feedback
[0.853s] DEBUG:colcon.colcon_core.event_handler.log_command:Invoked command in '/home/daniel/vm2_holistic_system_ws/build/ur_simulation_gazebo' returned '0': CMAKE_PREFIX_PATH=${CMAKE_PREFIX_PATH}:/opt/ros/humble /usr/bin/cmake --build /home/daniel/vm2_holistic_system_ws/build/ur_simulation_gazebo -- -j8 -l8
[0.855s] DEBUG:colcon.colcon_core.event_handler.log_command:Invoking command in '/home/daniel/vm2_holistic_system_ws/build/ur_simulation_gazebo': CMAKE_PREFIX_PATH=${CMAKE_PREFIX_PATH}:/opt/ros/humble /usr/bin/cmake --install /home/daniel/vm2_holistic_system_ws/build/ur_simulation_gazebo
[0.935s] Level 1:colcon.colcon_core.environment:create_environment_scripts_only(gripper_force_feedback)
[0.943s] DEBUG:colcon.colcon_core.event_handler.log_command:Invoked command in '/home/daniel/vm2_holistic_system_ws/build/gripper_force_feedback' returned '0': CMAKE_PREFIX_PATH=${CMAKE_PREFIX_PATH}:/opt/ros/humble /usr/bin/cmake --install /home/daniel/vm2_holistic_system_ws/build/gripper_force_feedback
[0.954s] Level 1:colcon.colcon_core.environment:checking '/home/daniel/vm2_holistic_system_ws/install/gripper_force_feedback' for CMake module files
[0.957s] Level 1:colcon.colcon_core.environment:checking '/home/daniel/vm2_holistic_system_ws/install/gripper_force_feedback' for CMake config files
[0.958s] Level 1:colcon.colcon_core.shell:create_environment_hook('gripper_force_feedback', 'cmake_prefix_path')
[0.959s] INFO:colcon.colcon_core.shell:Creating environment hook '/home/daniel/vm2_holistic_system_ws/install/gripper_force_feedback/share/gripper_force_feedback/hook/cmake_prefix_path.ps1'
[0.964s] INFO:colcon.colcon_core.shell:Creating environment descriptor '/home/daniel/vm2_holistic_system_ws/install/gripper_force_feedback/share/gripper_force_feedback/hook/cmake_prefix_path.dsv'
[0.966s] INFO:colcon.colcon_core.shell:Creating environment hook '/home/daniel/vm2_holistic_system_ws/install/gripper_force_feedback/share/gripper_force_feedback/hook/cmake_prefix_path.sh'
[0.970s] Level 1:colcon.colcon_core.environment:checking '/home/daniel/vm2_holistic_system_ws/install/gripper_force_feedback/lib'
[0.972s] Level 1:colcon.colcon_core.environment:checking '/home/daniel/vm2_holistic_system_ws/install/gripper_force_feedback/bin'
[0.972s] Level 1:colcon.colcon_core.environment:checking '/home/daniel/vm2_holistic_system_ws/install/gripper_force_feedback/lib/pkgconfig/gripper_force_feedback.pc'
[0.974s] Level 1:colcon.colcon_core.environment:checking '/home/daniel/vm2_holistic_system_ws/install/gripper_force_feedback/lib/python3.10/site-packages'
[0.975s] Level 1:colcon.colcon_core.environment:checking '/home/daniel/vm2_holistic_system_ws/install/gripper_force_feedback/bin'
[0.978s] INFO:colcon.colcon_core.shell:Creating package script '/home/daniel/vm2_holistic_system_ws/install/gripper_force_feedback/share/gripper_force_feedback/package.ps1'
[0.984s] INFO:colcon.colcon_core.shell:Creating package descriptor '/home/daniel/vm2_holistic_system_ws/install/gripper_force_feedback/share/gripper_force_feedback/package.dsv'
[0.992s] INFO:colcon.colcon_core.shell:Creating package script '/home/daniel/vm2_holistic_system_ws/install/gripper_force_feedback/share/gripper_force_feedback/package.sh'
[1.000s] INFO:colcon.colcon_core.shell:Creating package script '/home/daniel/vm2_holistic_system_ws/install/gripper_force_feedback/share/gripper_force_feedback/package.bash'
[1.006s] INFO:colcon.colcon_core.shell:Creating package script '/home/daniel/vm2_holistic_system_ws/install/gripper_force_feedback/share/gripper_force_feedback/package.zsh'
[1.015s] Level 1:colcon.colcon_core.environment:create_file_with_runtime_dependencies(/home/daniel/vm2_holistic_system_ws/install/gripper_force_feedback/share/colcon-core/packages/gripper_force_feedback)
[1.020s] Level 1:colcon.colcon_core.environment:create_environment_scripts_only(gripper_force_feedback)
[1.022s] Level 1:colcon.colcon_core.environment:checking '/home/daniel/vm2_holistic_system_ws/install/gripper_force_feedback' for CMake module files
[1.025s] Level 1:colcon.colcon_core.environment:checking '/home/daniel/vm2_holistic_system_ws/install/gripper_force_feedback' for CMake config files
[1.026s] Level 1:colcon.colcon_core.shell:create_environment_hook('gripper_force_feedback', 'cmake_prefix_path')
[1.029s] INFO:colcon.colcon_core.shell:Creating environment hook '/home/daniel/vm2_holistic_system_ws/install/gripper_force_feedback/share/gripper_force_feedback/hook/cmake_prefix_path.ps1'
[1.033s] INFO:colcon.colcon_core.shell:Creating environment descriptor '/home/daniel/vm2_holistic_system_ws/install/gripper_force_feedback/share/gripper_force_feedback/hook/cmake_prefix_path.dsv'
[1.035s] INFO:colcon.colcon_core.shell:Creating environment hook '/home/daniel/vm2_holistic_system_ws/install/gripper_force_feedback/share/gripper_force_feedback/hook/cmake_prefix_path.sh'
[1.040s] Level 1:colcon.colcon_core.environment:checking '/home/daniel/vm2_holistic_system_ws/install/gripper_force_feedback/lib'
[1.041s] Level 1:colcon.colcon_core.environment:checking '/home/daniel/vm2_holistic_system_ws/install/gripper_force_feedback/bin'
[1.042s] Level 1:colcon.colcon_core.environment:checking '/home/daniel/vm2_holistic_system_ws/install/gripper_force_feedback/lib/pkgconfig/gripper_force_feedback.pc'
[1.043s] Level 1:colcon.colcon_core.environment:checking '/home/daniel/vm2_holistic_system_ws/install/gripper_force_feedback/lib/python3.10/site-packages'
[1.045s] Level 1:colcon.colcon_core.environment:checking '/home/daniel/vm2_holistic_system_ws/install/gripper_force_feedback/bin'
[1.048s] INFO:colcon.colcon_core.shell:Creating package script '/home/daniel/vm2_holistic_system_ws/install/gripper_force_feedback/share/gripper_force_feedback/package.ps1'
[1.052s] INFO:colcon.colcon_core.shell:Creating package descriptor '/home/daniel/vm2_holistic_system_ws/install/gripper_force_feedback/share/gripper_force_feedback/package.dsv'
[1.057s] INFO:colcon.colcon_core.shell:Creating package script '/home/daniel/vm2_holistic_system_ws/install/gripper_force_feedback/share/gripper_force_feedback/package.sh'
[1.060s] INFO:colcon.colcon_core.shell:Creating package script '/home/daniel/vm2_holistic_system_ws/install/gripper_force_feedback/share/gripper_force_feedback/package.bash'
[1.066s] INFO:colcon.colcon_core.shell:Creating package script '/home/daniel/vm2_holistic_system_ws/install/gripper_force_feedback/share/gripper_force_feedback/package.zsh'
[1.069s] Level 1:colcon.colcon_core.environment:create_file_with_runtime_dependencies(/home/daniel/vm2_holistic_system_ws/install/gripper_force_feedback/share/colcon-core/packages/gripper_force_feedback)
[1.080s] Level 1:colcon.colcon_core.environment:create_environment_scripts_only(ur_simulation_gazebo)
[1.082s] Level 1:colcon.colcon_core.environment:checking '/home/daniel/vm2_holistic_system_ws/install/ur_simulation_gazebo' for CMake module files
[1.087s] DEBUG:colcon.colcon_core.event_handler.log_command:Invoked command in '/home/daniel/vm2_holistic_system_ws/build/ur_simulation_gazebo' returned '0': CMAKE_PREFIX_PATH=${CMAKE_PREFIX_PATH}:/opt/ros/humble /usr/bin/cmake --install /home/daniel/vm2_holistic_system_ws/build/ur_simulation_gazebo
[1.089s] Level 1:colcon.colcon_core.environment:checking '/home/daniel/vm2_holistic_system_ws/install/ur_simulation_gazebo' for CMake config files
[1.091s] Level 1:colcon.colcon_core.shell:create_environment_hook('ur_simulation_gazebo', 'cmake_prefix_path')
[1.092s] INFO:colcon.colcon_core.shell:Creating environment hook '/home/daniel/vm2_holistic_system_ws/install/ur_simulation_gazebo/share/ur_simulation_gazebo/hook/cmake_prefix_path.ps1'
[1.100s] INFO:colcon.colcon_core.shell:Creating environment descriptor '/home/daniel/vm2_holistic_system_ws/install/ur_simulation_gazebo/share/ur_simulation_gazebo/hook/cmake_prefix_path.dsv'
[1.103s] INFO:colcon.colcon_core.shell:Creating environment hook '/home/daniel/vm2_holistic_system_ws/install/ur_simulation_gazebo/share/ur_simulation_gazebo/hook/cmake_prefix_path.sh'
[1.107s] Level 1:colcon.colcon_core.environment:checking '/home/daniel/vm2_holistic_system_ws/install/ur_simulation_gazebo/bin'
[1.108s] Level 1:colcon.colcon_core.environment:checking '/home/daniel/vm2_holistic_system_ws/install/ur_simulation_gazebo/lib/pkgconfig/ur_simulation_gazebo.pc'
[1.111s] Level 1:colcon.colcon_core.environment:checking '/home/daniel/vm2_holistic_system_ws/install/ur_simulation_gazebo/lib/python3.10/site-packages'
[1.113s] Level 1:colcon.colcon_core.environment:checking '/home/daniel/vm2_holistic_system_ws/install/ur_simulation_gazebo/bin'
[1.116s] INFO:colcon.colcon_core.shell:Creating package script '/home/daniel/vm2_holistic_system_ws/install/ur_simulation_gazebo/share/ur_simulation_gazebo/package.ps1'
[1.122s] INFO:colcon.colcon_core.shell:Creating package descriptor '/home/daniel/vm2_holistic_system_ws/install/ur_simulation_gazebo/share/ur_simulation_gazebo/package.dsv'
[1.124s] INFO:colcon.colcon_core.shell:Creating package script '/home/daniel/vm2_holistic_system_ws/install/ur_simulation_gazebo/share/ur_simulation_gazebo/package.sh'
[1.126s] INFO:colcon.colcon_core.shell:Creating package script '/home/daniel/vm2_holistic_system_ws/install/ur_simulation_gazebo/share/ur_simulation_gazebo/package.bash'
[1.128s] INFO:colcon.colcon_core.shell:Creating package script '/home/daniel/vm2_holistic_system_ws/install/ur_simulation_gazebo/share/ur_simulation_gazebo/package.zsh'
[1.132s] Level 1:colcon.colcon_core.environment:create_file_with_runtime_dependencies(/home/daniel/vm2_holistic_system_ws/install/ur_simulation_gazebo/share/colcon-core/packages/ur_simulation_gazebo)
[1.136s] Level 1:colcon.colcon_core.environment:create_environment_scripts_only(ur_simulation_gazebo)
[1.138s] Level 1:colcon.colcon_core.environment:checking '/home/daniel/vm2_holistic_system_ws/install/ur_simulation_gazebo' for CMake module files
[1.142s] Level 1:colcon.colcon_core.environment:checking '/home/daniel/vm2_holistic_system_ws/install/ur_simulation_gazebo' for CMake config files
[1.145s] Level 1:colcon.colcon_core.shell:create_environment_hook('ur_simulation_gazebo', 'cmake_prefix_path')
[1.147s] INFO:colcon.colcon_core.shell:Creating environment hook '/home/daniel/vm2_holistic_system_ws/install/ur_simulation_gazebo/share/ur_simulation_gazebo/hook/cmake_prefix_path.ps1'
[1.150s] INFO:colcon.colcon_core.shell:Creating environment descriptor '/home/daniel/vm2_holistic_system_ws/install/ur_simulation_gazebo/share/ur_simulation_gazebo/hook/cmake_prefix_path.dsv'
[1.154s] INFO:colcon.colcon_core.shell:Creating environment hook '/home/daniel/vm2_holistic_system_ws/install/ur_simulation_gazebo/share/ur_simulation_gazebo/hook/cmake_prefix_path.sh'
[1.159s] Level 1:colcon.colcon_core.environment:checking '/home/daniel/vm2_holistic_system_ws/install/ur_simulation_gazebo/bin'
[1.159s] Level 1:colcon.colcon_core.environment:checking '/home/daniel/vm2_holistic_system_ws/install/ur_simulation_gazebo/lib/pkgconfig/ur_simulation_gazebo.pc'
[1.161s] Level 1:colcon.colcon_core.environment:checking '/home/daniel/vm2_holistic_system_ws/install/ur_simulation_gazebo/lib/python3.10/site-packages'
[1.163s] Level 1:colcon.colcon_core.environment:checking '/home/daniel/vm2_holistic_system_ws/install/ur_simulation_gazebo/bin'
[1.166s] INFO:colcon.colcon_core.shell:Creating package script '/home/daniel/vm2_holistic_system_ws/install/ur_simulation_gazebo/share/ur_simulation_gazebo/package.ps1'
[1.171s] INFO:colcon.colcon_core.shell:Creating package descriptor '/home/daniel/vm2_holistic_system_ws/install/ur_simulation_gazebo/share/ur_simulation_gazebo/package.dsv'
[1.175s] INFO:colcon.colcon_core.shell:Creating package script '/home/daniel/vm2_holistic_system_ws/install/ur_simulation_gazebo/share/ur_simulation_gazebo/package.sh'
[1.180s] INFO:colcon.colcon_core.shell:Creating package script '/home/daniel/vm2_holistic_system_ws/install/ur_simulation_gazebo/share/ur_simulation_gazebo/package.bash'
[1.184s] INFO:colcon.colcon_core.shell:Creating package script '/home/daniel/vm2_holistic_system_ws/install/ur_simulation_gazebo/share/ur_simulation_gazebo/package.zsh'
[1.188s] Level 1:colcon.colcon_core.environment:create_file_with_runtime_dependencies(/home/daniel/vm2_holistic_system_ws/install/ur_simulation_gazebo/share/colcon-core/packages/ur_simulation_gazebo)
[26.565s] DEBUG:colcon.colcon_core.event_handler.log_command:Invoked command in '/home/daniel/vm2_holistic_system_ws/build/tracking_pkg' returned '0': CMAKE_PREFIX_PATH=${CMAKE_PREFIX_PATH}:/opt/ros/humble /usr/bin/cmake --build /home/daniel/vm2_holistic_system_ws/build/tracking_pkg -- -j8 -l8
[26.569s] DEBUG:colcon.colcon_core.event_handler.log_command:Invoking command in '/home/daniel/vm2_holistic_system_ws/build/tracking_pkg': CMAKE_PREFIX_PATH=${CMAKE_PREFIX_PATH}:/opt/ros/humble /usr/bin/cmake --install /home/daniel/vm2_holistic_system_ws/build/tracking_pkg
[26.623s] Level 1:colcon.colcon_core.environment:create_environment_scripts_only(tracking_pkg)
[26.625s] Level 1:colcon.colcon_core.environment:checking '/home/daniel/vm2_holistic_system_ws/install/tracking_pkg' for CMake module files
[26.627s] DEBUG:colcon.colcon_core.event_handler.log_command:Invoked command in '/home/daniel/vm2_holistic_system_ws/build/tracking_pkg' returned '0': CMAKE_PREFIX_PATH=${CMAKE_PREFIX_PATH}:/opt/ros/humble /usr/bin/cmake --install /home/daniel/vm2_holistic_system_ws/build/tracking_pkg
[26.628s] Level 1:colcon.colcon_core.environment:checking '/home/daniel/vm2_holistic_system_ws/install/tracking_pkg' for CMake config files
[26.629s] Level 1:colcon.colcon_core.shell:create_environment_hook('tracking_pkg', 'cmake_prefix_path')
[26.630s] INFO:colcon.colcon_core.shell:Creating environment hook '/home/daniel/vm2_holistic_system_ws/install/tracking_pkg/share/tracking_pkg/hook/cmake_prefix_path.ps1'
[26.632s] INFO:colcon.colcon_core.shell:Creating environment descriptor '/home/daniel/vm2_holistic_system_ws/install/tracking_pkg/share/tracking_pkg/hook/cmake_prefix_path.dsv'
[26.633s] INFO:colcon.colcon_core.shell:Creating environment hook '/home/daniel/vm2_holistic_system_ws/install/tracking_pkg/share/tracking_pkg/hook/cmake_prefix_path.sh'
[26.634s] Level 1:colcon.colcon_core.environment:checking '/home/daniel/vm2_holistic_system_ws/install/tracking_pkg/lib'
[26.635s] Level 1:colcon.colcon_core.environment:checking '/home/daniel/vm2_holistic_system_ws/install/tracking_pkg/bin'
[26.635s] Level 1:colcon.colcon_core.environment:checking '/home/daniel/vm2_holistic_system_ws/install/tracking_pkg/lib/pkgconfig/tracking_pkg.pc'
[26.635s] Level 1:colcon.colcon_core.environment:checking '/home/daniel/vm2_holistic_system_ws/install/tracking_pkg/lib/python3.10/site-packages'
[26.635s] Level 1:colcon.colcon_core.environment:checking '/home/daniel/vm2_holistic_system_ws/install/tracking_pkg/bin'
[26.636s] INFO:colcon.colcon_core.shell:Creating package script '/home/daniel/vm2_holistic_system_ws/install/tracking_pkg/share/tracking_pkg/package.ps1'
[26.637s] INFO:colcon.colcon_core.shell:Creating package descriptor '/home/daniel/vm2_holistic_system_ws/install/tracking_pkg/share/tracking_pkg/package.dsv'
[26.637s] INFO:colcon.colcon_core.shell:Creating package script '/home/daniel/vm2_holistic_system_ws/install/tracking_pkg/share/tracking_pkg/package.sh'
[26.638s] INFO:colcon.colcon_core.shell:Creating package script '/home/daniel/vm2_holistic_system_ws/install/tracking_pkg/share/tracking_pkg/package.bash'
[26.638s] INFO:colcon.colcon_core.shell:Creating package script '/home/daniel/vm2_holistic_system_ws/install/tracking_pkg/share/tracking_pkg/package.zsh'
[26.639s] Level 1:colcon.colcon_core.environment:create_file_with_runtime_dependencies(/home/daniel/vm2_holistic_system_ws/install/tracking_pkg/share/colcon-core/packages/tracking_pkg)
[26.640s] Level 1:colcon.colcon_core.environment:create_environment_scripts_only(tracking_pkg)
[26.641s] Level 1:colcon.colcon_core.environment:checking '/home/daniel/vm2_holistic_system_ws/install/tracking_pkg' for CMake module files
[26.642s] Level 1:colcon.colcon_core.environment:checking '/home/daniel/vm2_holistic_system_ws/install/tracking_pkg' for CMake config files
[26.643s] Level 1:colcon.colcon_core.shell:create_environment_hook('tracking_pkg', 'cmake_prefix_path')
[26.643s] INFO:colcon.colcon_core.shell:Creating environment hook '/home/daniel/vm2_holistic_system_ws/install/tracking_pkg/share/tracking_pkg/hook/cmake_prefix_path.ps1'
[26.644s] INFO:colcon.colcon_core.shell:Creating environment descriptor '/home/daniel/vm2_holistic_system_ws/install/tracking_pkg/share/tracking_pkg/hook/cmake_prefix_path.dsv'
[26.645s] INFO:colcon.colcon_core.shell:Creating environment hook '/home/daniel/vm2_holistic_system_ws/install/tracking_pkg/share/tracking_pkg/hook/cmake_prefix_path.sh'
[26.647s] Level 1:colcon.colcon_core.environment:checking '/home/daniel/vm2_holistic_system_ws/install/tracking_pkg/lib'
[26.647s] Level 1:colcon.colcon_core.environment:checking '/home/daniel/vm2_holistic_system_ws/install/tracking_pkg/bin'
[26.647s] Level 1:colcon.colcon_core.environment:checking '/home/daniel/vm2_holistic_system_ws/install/tracking_pkg/lib/pkgconfig/tracking_pkg.pc'
[26.648s] Level 1:colcon.colcon_core.environment:checking '/home/daniel/vm2_holistic_system_ws/install/tracking_pkg/lib/python3.10/site-packages'
[26.648s] Level 1:colcon.colcon_core.environment:checking '/home/daniel/vm2_holistic_system_ws/install/tracking_pkg/bin'
[26.649s] INFO:colcon.colcon_core.shell:Creating package script '/home/daniel/vm2_holistic_system_ws/install/tracking_pkg/share/tracking_pkg/package.ps1'
[26.650s] INFO:colcon.colcon_core.shell:Creating package descriptor '/home/daniel/vm2_holistic_system_ws/install/tracking_pkg/share/tracking_pkg/package.dsv'
[26.651s] INFO:colcon.colcon_core.shell:Creating package script '/home/daniel/vm2_holistic_system_ws/install/tracking_pkg/share/tracking_pkg/package.sh'
[26.652s] INFO:colcon.colcon_core.shell:Creating package script '/home/daniel/vm2_holistic_system_ws/install/tracking_pkg/share/tracking_pkg/package.bash'
[26.652s] INFO:colcon.colcon_core.shell:Creating package script '/home/daniel/vm2_holistic_system_ws/install/tracking_pkg/share/tracking_pkg/package.zsh'
[26.653s] Level 1:colcon.colcon_core.environment:create_file_with_runtime_dependencies(/home/daniel/vm2_holistic_system_ws/install/tracking_pkg/share/colcon-core/packages/tracking_pkg)
[26.653s] DEBUG:colcon.colcon_parallel_executor.executor.parallel:closing loop
[26.654s] DEBUG:colcon.colcon_parallel_executor.executor.parallel:loop closed
[26.654s] DEBUG:colcon.colcon_parallel_executor.executor.parallel:run_until_complete finished with '0'
[26.654s] DEBUG:colcon.colcon_core.event_reactor:joining thread
[26.665s] INFO:colcon.colcon_core.plugin_system:Skipping extension 'colcon_notification.desktop_notification.terminal_notifier': Not used on non-Darwin systems
[26.666s] INFO:colcon.colcon_core.plugin_system:Skipping extension 'colcon_notification.desktop_notification.win32': Not used on non-Windows systems
[26.666s] INFO:colcon.colcon_notification.desktop_notification:Sending desktop notification using 'notify2'
[26.688s] DEBUG:colcon.colcon_core.event_reactor:joined thread
[26.689s] INFO:colcon.colcon_core.shell:Creating prefix script '/home/daniel/vm2_holistic_system_ws/install/local_setup.ps1'
[26.691s] INFO:colcon.colcon_core.shell:Creating prefix util module '/home/daniel/vm2_holistic_system_ws/install/_local_setup_util_ps1.py'
[26.695s] INFO:colcon.colcon_core.shell:Creating prefix chain script '/home/daniel/vm2_holistic_system_ws/install/setup.ps1'
[26.702s] INFO:colcon.colcon_core.shell:Creating prefix script '/home/daniel/vm2_holistic_system_ws/install/local_setup.sh'
[26.704s] INFO:colcon.colcon_core.shell:Creating prefix util module '/home/daniel/vm2_holistic_system_ws/install/_local_setup_util_sh.py'
[26.706s] INFO:colcon.colcon_core.shell:Creating prefix chain script '/home/daniel/vm2_holistic_system_ws/install/setup.sh'
[26.714s] INFO:colcon.colcon_core.shell:Creating prefix script '/home/daniel/vm2_holistic_system_ws/install/local_setup.bash'
[26.719s] INFO:colcon.colcon_core.shell:Creating prefix chain script '/home/daniel/vm2_holistic_system_ws/install/setup.bash'
[26.725s] INFO:colcon.colcon_core.shell:Creating prefix script '/home/daniel/vm2_holistic_system_ws/install/local_setup.zsh'
[26.728s] INFO:colcon.colcon_core.shell:Creating prefix chain script '/home/daniel/vm2_holistic_system_ws/install/setup.zsh'
