[0.019s] Invoking command in '/home/mir/VM2_holistic_system/build/ur_simulation_gazebo': CMAKE_PREFIX_PATH=${CMAKE_PREFIX_PATH}:/home/mir/ros2_ws/install/moveit_configs_utils:/home/mir/ros2_ws/install/launch_testing_examples:/home/mir/ros2_ws/install/launch_param_builder:/home/mir/ros2_ws/install/examples_rclpy_pointcloud_publisher:/home/mir/ros2_ws/install/examples_rclpy_minimal_subscriber:/home/mir/ros2_ws/install/examples_rclpy_minimal_service:/home/mir/ros2_ws/install/examples_rclpy_minimal_publisher:/home/mir/ros2_ws/install/examples_rclpy_minimal_client:/home/mir/ros2_ws/install/examples_rclpy_minimal_action_server:/home/mir/ros2_ws/install/examples_rclpy_minimal_action_client:/home/mir/ros2_ws/install/examples_rclpy_guard_conditions:/home/mir/ros2_ws/install/examples_rclpy_executors:/opt/ros/humble /usr/bin/cmake /home/mir/VM2_holistic_system/src/Universal_Robots_ROS2_Gazebo_Simulation/ur_simulation_gazebo -DAMENT_CMAKE_SYMLINK_INSTALL=1 -DCMAKE_INSTALL_PREFIX=/home/mir/VM2_holistic_system/install/ur_simulation_gazebo
[0.108s] -- The C compiler identification is GNU 11.4.0
[0.179s] -- The CXX compiler identification is GNU 11.4.0
[0.186s] -- Detecting C compiler ABI info
[0.273s] -- Detecting C compiler ABI info - done
[0.280s] -- Check for working C compiler: /usr/bin/cc - skipped
[0.280s] -- Detecting C compile features
[0.280s] -- Detecting C compile features - done
[0.283s] -- Detecting CXX compiler ABI info
[0.393s] -- Detecting CXX compiler ABI info - done
[0.403s] -- Check for working CXX compiler: /usr/bin/c++ - skipped
[0.403s] -- Detecting CXX compile features
[0.403s] -- Detecting CXX compile features - done
[0.411s] -- Found ament_cmake: 1.3.11 (/opt/ros/humble/share/ament_cmake/cmake)
[1.283s] -- Found Python3: /usr/bin/python3 (found version "3.10.12") found components: Interpreter 
[1.375s] -- Override CMake install command with custom implementation using symlinks instead of copying resources
[1.467s] -- Found launch_testing_ament_cmake: 1.0.8 (/opt/ros/humble/share/launch_testing_ament_cmake/cmake)
[1.472s] -- Found python_cmake_module: 0.10.0 (/opt/ros/humble/share/python_cmake_module/cmake)
[1.502s] -- Found PythonInterp: /usr/bin/python3 (found suitable version "3.10.12", minimum required is "3.6") 
[1.516s] -- Found PythonLibs: /usr/lib/x86_64-linux-gnu/libpython3.10.so (found suitable version "3.10.12", minimum required is "3.5") 
[1.516s] -- Using PYTHON_EXECUTABLE: /usr/bin/python3
[1.516s] -- Using PYTHON_INCLUDE_DIRS: /usr/include/python3.10
[1.517s] -- Using PYTHON_LIBRARIES: /usr/lib/x86_64-linux-gnu/libpython3.10.so
[1.544s] -- Found PythonExtra: .so  
[1.554s] -- Found ament_cmake_pytest: 1.3.11 (/opt/ros/humble/share/ament_cmake_pytest/cmake)
[1.647s] -- Configuring done
[1.650s] -- Generating done
[1.652s] -- Build files have been written to: /home/mir/VM2_holistic_system/build/ur_simulation_gazebo
[1.661s] Invoked command in '/home/mir/VM2_holistic_system/build/ur_simulation_gazebo' returned '0': CMAKE_PREFIX_PATH=${CMAKE_PREFIX_PATH}:/home/mir/ros2_ws/install/moveit_configs_utils:/home/mir/ros2_ws/install/launch_testing_examples:/home/mir/ros2_ws/install/launch_param_builder:/home/mir/ros2_ws/install/examples_rclpy_pointcloud_publisher:/home/mir/ros2_ws/install/examples_rclpy_minimal_subscriber:/home/mir/ros2_ws/install/examples_rclpy_minimal_service:/home/mir/ros2_ws/install/examples_rclpy_minimal_publisher:/home/mir/ros2_ws/install/examples_rclpy_minimal_client:/home/mir/ros2_ws/install/examples_rclpy_minimal_action_server:/home/mir/ros2_ws/install/examples_rclpy_minimal_action_client:/home/mir/ros2_ws/install/examples_rclpy_guard_conditions:/home/mir/ros2_ws/install/examples_rclpy_executors:/opt/ros/humble /usr/bin/cmake /home/mir/VM2_holistic_system/src/Universal_Robots_ROS2_Gazebo_Simulation/ur_simulation_gazebo -DAMENT_CMAKE_SYMLINK_INSTALL=1 -DCMAKE_INSTALL_PREFIX=/home/mir/VM2_holistic_system/install/ur_simulation_gazebo
[1.663s] Invoking command in '/home/mir/VM2_holistic_system/build/ur_simulation_gazebo': CMAKE_PREFIX_PATH=${CMAKE_PREFIX_PATH}:/home/mir/ros2_ws/install/moveit_configs_utils:/home/mir/ros2_ws/install/launch_testing_examples:/home/mir/ros2_ws/install/launch_param_builder:/home/mir/ros2_ws/install/examples_rclpy_pointcloud_publisher:/home/mir/ros2_ws/install/examples_rclpy_minimal_subscriber:/home/mir/ros2_ws/install/examples_rclpy_minimal_service:/home/mir/ros2_ws/install/examples_rclpy_minimal_publisher:/home/mir/ros2_ws/install/examples_rclpy_minimal_client:/home/mir/ros2_ws/install/examples_rclpy_minimal_action_server:/home/mir/ros2_ws/install/examples_rclpy_minimal_action_client:/home/mir/ros2_ws/install/examples_rclpy_guard_conditions:/home/mir/ros2_ws/install/examples_rclpy_executors:/opt/ros/humble /usr/bin/cmake --build /home/mir/VM2_holistic_system/build/ur_simulation_gazebo -- -j16 -l16
[1.731s] Invoked command in '/home/mir/VM2_holistic_system/build/ur_simulation_gazebo' returned '0': CMAKE_PREFIX_PATH=${CMAKE_PREFIX_PATH}:/home/mir/ros2_ws/install/moveit_configs_utils:/home/mir/ros2_ws/install/launch_testing_examples:/home/mir/ros2_ws/install/launch_param_builder:/home/mir/ros2_ws/install/examples_rclpy_pointcloud_publisher:/home/mir/ros2_ws/install/examples_rclpy_minimal_subscriber:/home/mir/ros2_ws/install/examples_rclpy_minimal_service:/home/mir/ros2_ws/install/examples_rclpy_minimal_publisher:/home/mir/ros2_ws/install/examples_rclpy_minimal_client:/home/mir/ros2_ws/install/examples_rclpy_minimal_action_server:/home/mir/ros2_ws/install/examples_rclpy_minimal_action_client:/home/mir/ros2_ws/install/examples_rclpy_guard_conditions:/home/mir/ros2_ws/install/examples_rclpy_executors:/opt/ros/humble /usr/bin/cmake --build /home/mir/VM2_holistic_system/build/ur_simulation_gazebo -- -j16 -l16
[1.746s] Invoking command in '/home/mir/VM2_holistic_system/build/ur_simulation_gazebo': CMAKE_PREFIX_PATH=${CMAKE_PREFIX_PATH}:/home/mir/ros2_ws/install/moveit_configs_utils:/home/mir/ros2_ws/install/launch_testing_examples:/home/mir/ros2_ws/install/launch_param_builder:/home/mir/ros2_ws/install/examples_rclpy_pointcloud_publisher:/home/mir/ros2_ws/install/examples_rclpy_minimal_subscriber:/home/mir/ros2_ws/install/examples_rclpy_minimal_service:/home/mir/ros2_ws/install/examples_rclpy_minimal_publisher:/home/mir/ros2_ws/install/examples_rclpy_minimal_client:/home/mir/ros2_ws/install/examples_rclpy_minimal_action_server:/home/mir/ros2_ws/install/examples_rclpy_minimal_action_client:/home/mir/ros2_ws/install/examples_rclpy_guard_conditions:/home/mir/ros2_ws/install/examples_rclpy_executors:/opt/ros/humble /usr/bin/cmake --install /home/mir/VM2_holistic_system/build/ur_simulation_gazebo
[1.755s] -- Install configuration: ""
[1.755s] -- Execute custom install script
[1.755s] -- Symlinking: /home/mir/VM2_holistic_system/install/ur_simulation_gazebo/share/ur_simulation_gazebo/config/ur_controllers.yaml
[1.770s] -- Symlinking: /home/mir/VM2_holistic_system/install/ur_simulation_gazebo/share/ur_simulation_gazebo/launch/ur_sim_control.launch.py
[1.784s] -- Symlinking: /home/mir/VM2_holistic_system/install/ur_simulation_gazebo/share/ur_simulation_gazebo/launch/ur_sim_moveit.launch.py
[1.801s] -- Symlinking: /home/mir/VM2_holistic_system/install/ur_simulation_gazebo/share/ament_index/resource_index/package_run_dependencies/ur_simulation_gazebo
[1.817s] -- Symlinking: /home/mir/VM2_holistic_system/install/ur_simulation_gazebo/share/ament_index/resource_index/parent_prefix_path/ur_simulation_gazebo
[1.833s] -- Symlinking: /home/mir/VM2_holistic_system/install/ur_simulation_gazebo/share/ur_simulation_gazebo/environment/ament_prefix_path.sh
[1.846s] -- Symlinking: /home/mir/VM2_holistic_system/install/ur_simulation_gazebo/share/ur_simulation_gazebo/environment/ament_prefix_path.dsv
[1.861s] -- Symlinking: /home/mir/VM2_holistic_system/install/ur_simulation_gazebo/share/ur_simulation_gazebo/environment/path.sh
[1.873s] -- Symlinking: /home/mir/VM2_holistic_system/install/ur_simulation_gazebo/share/ur_simulation_gazebo/environment/path.dsv
[1.887s] -- Symlinking: /home/mir/VM2_holistic_system/install/ur_simulation_gazebo/share/ur_simulation_gazebo/local_setup.bash
[1.904s] -- Symlinking: /home/mir/VM2_holistic_system/install/ur_simulation_gazebo/share/ur_simulation_gazebo/local_setup.sh
[1.920s] -- Symlinking: /home/mir/VM2_holistic_system/install/ur_simulation_gazebo/share/ur_simulation_gazebo/local_setup.zsh
[1.937s] -- Symlinking: /home/mir/VM2_holistic_system/install/ur_simulation_gazebo/share/ur_simulation_gazebo/local_setup.dsv
[1.953s] -- Symlinking: /home/mir/VM2_holistic_system/install/ur_simulation_gazebo/share/ur_simulation_gazebo/package.dsv
[1.969s] -- Symlinking: /home/mir/VM2_holistic_system/install/ur_simulation_gazebo/share/ament_index/resource_index/packages/ur_simulation_gazebo
[1.984s] -- Symlinking: /home/mir/VM2_holistic_system/install/ur_simulation_gazebo/share/ur_simulation_gazebo/cmake/ur_simulation_gazeboConfig.cmake
[1.998s] -- Symlinking: /home/mir/VM2_holistic_system/install/ur_simulation_gazebo/share/ur_simulation_gazebo/cmake/ur_simulation_gazeboConfig-version.cmake
[2.014s] -- Symlinking: /home/mir/VM2_holistic_system/install/ur_simulation_gazebo/share/ur_simulation_gazebo/package.xml
[2.027s] Invoked command in '/home/mir/VM2_holistic_system/build/ur_simulation_gazebo' returned '0': CMAKE_PREFIX_PATH=${CMAKE_PREFIX_PATH}:/home/mir/ros2_ws/install/moveit_configs_utils:/home/mir/ros2_ws/install/launch_testing_examples:/home/mir/ros2_ws/install/launch_param_builder:/home/mir/ros2_ws/install/examples_rclpy_pointcloud_publisher:/home/mir/ros2_ws/install/examples_rclpy_minimal_subscriber:/home/mir/ros2_ws/install/examples_rclpy_minimal_service:/home/mir/ros2_ws/install/examples_rclpy_minimal_publisher:/home/mir/ros2_ws/install/examples_rclpy_minimal_client:/home/mir/ros2_ws/install/examples_rclpy_minimal_action_server:/home/mir/ros2_ws/install/examples_rclpy_minimal_action_client:/home/mir/ros2_ws/install/examples_rclpy_guard_conditions:/home/mir/ros2_ws/install/examples_rclpy_executors:/opt/ros/humble /usr/bin/cmake --install /home/mir/VM2_holistic_system/build/ur_simulation_gazebo
