[0.154s] DEBUG:colcon:Command line arguments: ['/usr/bin/colcon', 'build', '--symlink-install']
[0.154s] DEBUG:colcon:Parsed command line arguments: Namespace(log_base=None, log_level=None, verb_name='build', build_base='build', install_base='install', merge_install=False, symlink_install=True, test_result_base=None, continue_on_error=False, executor='parallel', parallel_workers=8, event_handlers=None, ignore_user_meta=False, metas=['./colcon.meta'], base_paths=['.'], packages_ignore=None, packages_ignore_regex=None, paths=None, packages_up_to=None, packages_up_to_regex=None, packages_above=None, packages_above_and_dependencies=None, packages_above_depth=None, packages_select_by_dep=None, packages_skip_by_dep=None, packages_skip_up_to=None, packages_select_build_failed=False, packages_skip_build_finished=False, packages_select_test_failures=False, packages_skip_test_passed=False, packages_select=None, packages_skip=None, packages_select_regex=None, packages_skip_regex=None, packages_start=None, packages_end=None, allow_overriding=[], cmake_args=None, cmake_target=None, cmake_target_skip_unavailable=False, cmake_clean_cache=False, cmake_clean_first=False, cmake_force_configure=False, ament_cmake_args=None, catkin_cmake_args=None, catkin_skip_building_tests=False, mixin_files=None, mixin=None, verb_parser=<colcon_mixin.mixin.mixin_argument.MixinArgumentDecorator object at 0x7d3d0cd73d30>, verb_extension=<colcon_core.verb.build.BuildVerb object at 0x7d3d0cd73850>, main=<bound method BuildVerb.main of <colcon_core.verb.build.BuildVerb object at 0x7d3d0cd73850>>, mixin_verb=('build',))
[0.208s] Level 1:colcon.colcon_core.package_discovery:discover_packages(colcon_meta) check parameters
[0.208s] Level 1:colcon.colcon_core.package_discovery:discover_packages(recursive) check parameters
[0.208s] Level 1:colcon.colcon_core.package_discovery:discover_packages(ignore) check parameters
[0.208s] Level 1:colcon.colcon_core.package_discovery:discover_packages(path) check parameters
[0.208s] Level 1:colcon.colcon_core.package_discovery:discover_packages(colcon_meta) discover
[0.208s] Level 1:colcon.colcon_core.package_discovery:discover_packages(recursive) discover
[0.208s] INFO:colcon.colcon_core.package_discovery:Crawling recursively for packages in '/home/daniel/vm2_holistic_system_ws'
[0.208s] Level 1:colcon.colcon_core.package_identification:_identify(.) by extensions ['ignore', 'ignore_ament_install']
[0.208s] Level 1:colcon.colcon_core.package_identification:_identify(.) by extension 'ignore'
[0.208s] Level 1:colcon.colcon_core.package_identification:_identify(.) by extension 'ignore_ament_install'
[0.208s] Level 1:colcon.colcon_core.package_identification:_identify(.) by extensions ['colcon_pkg']
[0.208s] Level 1:colcon.colcon_core.package_identification:_identify(.) by extension 'colcon_pkg'
[0.208s] Level 1:colcon.colcon_core.package_identification:_identify(.) by extensions ['colcon_meta']
[0.208s] Level 1:colcon.colcon_core.package_identification:_identify(.) by extension 'colcon_meta'
[0.208s] Level 1:colcon.colcon_core.package_identification:_identify(.) by extensions ['ros']
[0.208s] Level 1:colcon.colcon_core.package_identification:_identify(.) by extension 'ros'
[0.227s] Level 1:colcon.colcon_core.package_identification:_identify(.) by extensions ['cmake', 'python']
[0.227s] Level 1:colcon.colcon_core.package_identification:_identify(.) by extension 'cmake'
[0.227s] Level 1:colcon.colcon_core.package_identification:_identify(.) by extension 'python'
[0.227s] Level 1:colcon.colcon_core.package_identification:_identify(.) by extensions ['python_setup_py']
[0.227s] Level 1:colcon.colcon_core.package_identification:_identify(.) by extension 'python_setup_py'
[0.227s] Level 1:colcon.colcon_core.package_identification:_identify(build) by extensions ['ignore', 'ignore_ament_install']
[0.227s] Level 1:colcon.colcon_core.package_identification:_identify(build) by extension 'ignore'
[0.227s] Level 1:colcon.colcon_core.package_identification:_identify(build) ignored
[0.264s] Level 1:colcon.colcon_core.package_identification:_identify(files) by extensions ['ignore', 'ignore_ament_install']
[0.265s] Level 1:colcon.colcon_core.package_identification:_identify(files) by extension 'ignore'
[0.265s] Level 1:colcon.colcon_core.package_identification:_identify(files) by extension 'ignore_ament_install'
[0.265s] Level 1:colcon.colcon_core.package_identification:_identify(files) by extensions ['colcon_pkg']
[0.265s] Level 1:colcon.colcon_core.package_identification:_identify(files) by extension 'colcon_pkg'
[0.265s] Level 1:colcon.colcon_core.package_identification:_identify(files) by extensions ['colcon_meta']
[0.265s] Level 1:colcon.colcon_core.package_identification:_identify(files) by extension 'colcon_meta'
[0.266s] Level 1:colcon.colcon_core.package_identification:_identify(files) by extensions ['ros']
[0.266s] Level 1:colcon.colcon_core.package_identification:_identify(files) by extension 'ros'
[0.266s] Level 1:colcon.colcon_core.package_identification:_identify(files) by extensions ['cmake', 'python']
[0.266s] Level 1:colcon.colcon_core.package_identification:_identify(files) by extension 'cmake'
[0.266s] Level 1:colcon.colcon_core.package_identification:_identify(files) by extension 'python'
[0.266s] Level 1:colcon.colcon_core.package_identification:_identify(files) by extensions ['python_setup_py']
[0.267s] Level 1:colcon.colcon_core.package_identification:_identify(files) by extension 'python_setup_py'
[0.267s] Level 1:colcon.colcon_core.package_identification:_identify(install) by extensions ['ignore', 'ignore_ament_install']
[0.267s] Level 1:colcon.colcon_core.package_identification:_identify(install) by extension 'ignore'
[0.267s] Level 1:colcon.colcon_core.package_identification:_identify(install) ignored
[0.268s] Level 1:colcon.colcon_core.package_identification:_identify(log) by extensions ['ignore', 'ignore_ament_install']
[0.268s] Level 1:colcon.colcon_core.package_identification:_identify(log) by extension 'ignore'
[0.268s] Level 1:colcon.colcon_core.package_identification:_identify(log) ignored
[0.268s] Level 1:colcon.colcon_core.package_identification:_identify(src) by extensions ['ignore', 'ignore_ament_install']
[0.269s] Level 1:colcon.colcon_core.package_identification:_identify(src) by extension 'ignore'
[0.269s] Level 1:colcon.colcon_core.package_identification:_identify(src) by extension 'ignore_ament_install'
[0.269s] Level 1:colcon.colcon_core.package_identification:_identify(src) by extensions ['colcon_pkg']
[0.269s] Level 1:colcon.colcon_core.package_identification:_identify(src) by extension 'colcon_pkg'
[0.269s] Level 1:colcon.colcon_core.package_identification:_identify(src) by extensions ['colcon_meta']
[0.269s] Level 1:colcon.colcon_core.package_identification:_identify(src) by extension 'colcon_meta'
[0.269s] Level 1:colcon.colcon_core.package_identification:_identify(src) by extensions ['ros']
[0.269s] Level 1:colcon.colcon_core.package_identification:_identify(src) by extension 'ros'
[0.270s] Level 1:colcon.colcon_core.package_identification:_identify(src) by extensions ['cmake', 'python']
[0.270s] Level 1:colcon.colcon_core.package_identification:_identify(src) by extension 'cmake'
[0.270s] Level 1:colcon.colcon_core.package_identification:_identify(src) by extension 'python'
[0.270s] Level 1:colcon.colcon_core.package_identification:_identify(src) by extensions ['python_setup_py']
[0.270s] Level 1:colcon.colcon_core.package_identification:_identify(src) by extension 'python_setup_py'
[0.271s] Level 1:colcon.colcon_core.package_identification:_identify(src/Universal_Robots_ROS2_Gazebo_Simulation) by extensions ['ignore', 'ignore_ament_install']
[0.271s] Level 1:colcon.colcon_core.package_identification:_identify(src/Universal_Robots_ROS2_Gazebo_Simulation) by extension 'ignore'
[0.271s] Level 1:colcon.colcon_core.package_identification:_identify(src/Universal_Robots_ROS2_Gazebo_Simulation) by extension 'ignore_ament_install'
[0.271s] Level 1:colcon.colcon_core.package_identification:_identify(src/Universal_Robots_ROS2_Gazebo_Simulation) by extensions ['colcon_pkg']
[0.271s] Level 1:colcon.colcon_core.package_identification:_identify(src/Universal_Robots_ROS2_Gazebo_Simulation) by extension 'colcon_pkg'
[0.271s] Level 1:colcon.colcon_core.package_identification:_identify(src/Universal_Robots_ROS2_Gazebo_Simulation) by extensions ['colcon_meta']
[0.271s] Level 1:colcon.colcon_core.package_identification:_identify(src/Universal_Robots_ROS2_Gazebo_Simulation) by extension 'colcon_meta'
[0.272s] Level 1:colcon.colcon_core.package_identification:_identify(src/Universal_Robots_ROS2_Gazebo_Simulation) by extensions ['ros']
[0.272s] Level 1:colcon.colcon_core.package_identification:_identify(src/Universal_Robots_ROS2_Gazebo_Simulation) by extension 'ros'
[0.272s] Level 1:colcon.colcon_core.package_identification:_identify(src/Universal_Robots_ROS2_Gazebo_Simulation) by extensions ['cmake', 'python']
[0.272s] Level 1:colcon.colcon_core.package_identification:_identify(src/Universal_Robots_ROS2_Gazebo_Simulation) by extension 'cmake'
[0.272s] Level 1:colcon.colcon_core.package_identification:_identify(src/Universal_Robots_ROS2_Gazebo_Simulation) by extension 'python'
[0.272s] Level 1:colcon.colcon_core.package_identification:_identify(src/Universal_Robots_ROS2_Gazebo_Simulation) by extensions ['python_setup_py']
[0.272s] Level 1:colcon.colcon_core.package_identification:_identify(src/Universal_Robots_ROS2_Gazebo_Simulation) by extension 'python_setup_py'
[0.272s] Level 1:colcon.colcon_core.package_identification:_identify(src/Universal_Robots_ROS2_Gazebo_Simulation/ur_simulation_gazebo) by extensions ['ignore', 'ignore_ament_install']
[0.272s] Level 1:colcon.colcon_core.package_identification:_identify(src/Universal_Robots_ROS2_Gazebo_Simulation/ur_simulation_gazebo) by extension 'ignore'
[0.272s] Level 1:colcon.colcon_core.package_identification:_identify(src/Universal_Robots_ROS2_Gazebo_Simulation/ur_simulation_gazebo) by extension 'ignore_ament_install'
[0.273s] Level 1:colcon.colcon_core.package_identification:_identify(src/Universal_Robots_ROS2_Gazebo_Simulation/ur_simulation_gazebo) by extensions ['colcon_pkg']
[0.273s] Level 1:colcon.colcon_core.package_identification:_identify(src/Universal_Robots_ROS2_Gazebo_Simulation/ur_simulation_gazebo) by extension 'colcon_pkg'
[0.273s] Level 1:colcon.colcon_core.package_identification:_identify(src/Universal_Robots_ROS2_Gazebo_Simulation/ur_simulation_gazebo) by extensions ['colcon_meta']
[0.273s] Level 1:colcon.colcon_core.package_identification:_identify(src/Universal_Robots_ROS2_Gazebo_Simulation/ur_simulation_gazebo) by extension 'colcon_meta'
[0.273s] Level 1:colcon.colcon_core.package_identification:_identify(src/Universal_Robots_ROS2_Gazebo_Simulation/ur_simulation_gazebo) by extensions ['ros']
[0.273s] Level 1:colcon.colcon_core.package_identification:_identify(src/Universal_Robots_ROS2_Gazebo_Simulation/ur_simulation_gazebo) by extension 'ros'
[0.278s] DEBUG:colcon.colcon_core.package_identification:Package 'src/Universal_Robots_ROS2_Gazebo_Simulation/ur_simulation_gazebo' with type 'ros.ament_cmake' and name 'ur_simulation_gazebo'
[0.279s] Level 1:colcon.colcon_core.package_identification:_identify(src/gripper_force_feedback) by extensions ['ignore', 'ignore_ament_install']
[0.279s] Level 1:colcon.colcon_core.package_identification:_identify(src/gripper_force_feedback) by extension 'ignore'
[0.279s] Level 1:colcon.colcon_core.package_identification:_identify(src/gripper_force_feedback) by extension 'ignore_ament_install'
[0.279s] Level 1:colcon.colcon_core.package_identification:_identify(src/gripper_force_feedback) by extensions ['colcon_pkg']
[0.279s] Level 1:colcon.colcon_core.package_identification:_identify(src/gripper_force_feedback) by extension 'colcon_pkg'
[0.279s] Level 1:colcon.colcon_core.package_identification:_identify(src/gripper_force_feedback) by extensions ['colcon_meta']
[0.279s] Level 1:colcon.colcon_core.package_identification:_identify(src/gripper_force_feedback) by extension 'colcon_meta'
[0.280s] Level 1:colcon.colcon_core.package_identification:_identify(src/gripper_force_feedback) by extensions ['ros']
[0.280s] Level 1:colcon.colcon_core.package_identification:_identify(src/gripper_force_feedback) by extension 'ros'
[0.281s] DEBUG:colcon.colcon_core.package_identification:Package 'src/gripper_force_feedback' with type 'ros.ament_cmake' and name 'gripper_force_feedback'
[0.281s] Level 1:colcon.colcon_core.package_identification:_identify(src/tracking_pkg) by extensions ['ignore', 'ignore_ament_install']
[0.282s] Level 1:colcon.colcon_core.package_identification:_identify(src/tracking_pkg) by extension 'ignore'
[0.282s] Level 1:colcon.colcon_core.package_identification:_identify(src/tracking_pkg) by extension 'ignore_ament_install'
[0.282s] Level 1:colcon.colcon_core.package_identification:_identify(src/tracking_pkg) by extensions ['colcon_pkg']
[0.282s] Level 1:colcon.colcon_core.package_identification:_identify(src/tracking_pkg) by extension 'colcon_pkg'
[0.282s] Level 1:colcon.colcon_core.package_identification:_identify(src/tracking_pkg) by extensions ['colcon_meta']
[0.282s] Level 1:colcon.colcon_core.package_identification:_identify(src/tracking_pkg) by extension 'colcon_meta'
[0.282s] Level 1:colcon.colcon_core.package_identification:_identify(src/tracking_pkg) by extensions ['ros']
[0.282s] Level 1:colcon.colcon_core.package_identification:_identify(src/tracking_pkg) by extension 'ros'
[0.285s] DEBUG:colcon.colcon_core.package_identification:Package 'src/tracking_pkg' with type 'ros.ament_cmake' and name 'tracking_pkg'
[0.285s] Level 1:colcon.colcon_core.package_discovery:discover_packages(recursive) using defaults
[0.285s] Level 1:colcon.colcon_core.package_discovery:discover_packages(ignore) discover
[0.285s] Level 1:colcon.colcon_core.package_discovery:discover_packages(ignore) using defaults
[0.286s] Level 1:colcon.colcon_core.package_discovery:discover_packages(path) discover
[0.286s] Level 1:colcon.colcon_core.package_discovery:discover_packages(path) using defaults
[0.342s] Level 1:colcon.colcon_core.package_discovery:discover_packages(prefix_path) check parameters
[0.343s] Level 1:colcon.colcon_core.package_discovery:discover_packages(prefix_path) discover
[0.346s] DEBUG:colcon.colcon_installed_package_information.package_discovery:Found 3 installed packages in /home/daniel/vm2_holistic_system_ws/install
[0.349s] DEBUG:colcon.colcon_installed_package_information.package_discovery:Found 338 installed packages in /opt/ros/humble
[0.352s] Level 1:colcon.colcon_core.package_discovery:discover_packages(prefix_path) using defaults
[0.436s] Level 5:colcon.colcon_core.verb:set package 'gripper_force_feedback' build argument 'cmake_args' from command line to 'None'
[0.436s] Level 5:colcon.colcon_core.verb:set package 'gripper_force_feedback' build argument 'cmake_target' from command line to 'None'
[0.436s] Level 5:colcon.colcon_core.verb:set package 'gripper_force_feedback' build argument 'cmake_target_skip_unavailable' from command line to 'False'
[0.436s] Level 5:colcon.colcon_core.verb:set package 'gripper_force_feedback' build argument 'cmake_clean_cache' from command line to 'False'
[0.436s] Level 5:colcon.colcon_core.verb:set package 'gripper_force_feedback' build argument 'cmake_clean_first' from command line to 'False'
[0.436s] Level 5:colcon.colcon_core.verb:set package 'gripper_force_feedback' build argument 'cmake_force_configure' from command line to 'False'
[0.437s] Level 5:colcon.colcon_core.verb:set package 'gripper_force_feedback' build argument 'ament_cmake_args' from command line to 'None'
[0.437s] Level 5:colcon.colcon_core.verb:set package 'gripper_force_feedback' build argument 'catkin_cmake_args' from command line to 'None'
[0.437s] Level 5:colcon.colcon_core.verb:set package 'gripper_force_feedback' build argument 'catkin_skip_building_tests' from command line to 'False'
[0.437s] DEBUG:colcon.colcon_core.verb:Building package 'gripper_force_feedback' with the following arguments: {'ament_cmake_args': None, 'build_base': '/home/daniel/vm2_holistic_system_ws/build/gripper_force_feedback', 'catkin_cmake_args': None, 'catkin_skip_building_tests': False, 'cmake_args': None, 'cmake_clean_cache': False, 'cmake_clean_first': False, 'cmake_force_configure': False, 'cmake_target': None, 'cmake_target_skip_unavailable': False, 'install_base': '/home/daniel/vm2_holistic_system_ws/install/gripper_force_feedback', 'merge_install': False, 'path': '/home/daniel/vm2_holistic_system_ws/src/gripper_force_feedback', 'symlink_install': True, 'test_result_base': None}
[0.438s] Level 5:colcon.colcon_core.verb:set package 'tracking_pkg' build argument 'cmake_args' from command line to 'None'
[0.438s] Level 5:colcon.colcon_core.verb:set package 'tracking_pkg' build argument 'cmake_target' from command line to 'None'
[0.438s] Level 5:colcon.colcon_core.verb:set package 'tracking_pkg' build argument 'cmake_target_skip_unavailable' from command line to 'False'
[0.438s] Level 5:colcon.colcon_core.verb:set package 'tracking_pkg' build argument 'cmake_clean_cache' from command line to 'False'
[0.438s] Level 5:colcon.colcon_core.verb:set package 'tracking_pkg' build argument 'cmake_clean_first' from command line to 'False'
[0.438s] Level 5:colcon.colcon_core.verb:set package 'tracking_pkg' build argument 'cmake_force_configure' from command line to 'False'
[0.438s] Level 5:colcon.colcon_core.verb:set package 'tracking_pkg' build argument 'ament_cmake_args' from command line to 'None'
[0.439s] Level 5:colcon.colcon_core.verb:set package 'tracking_pkg' build argument 'catkin_cmake_args' from command line to 'None'
[0.439s] Level 5:colcon.colcon_core.verb:set package 'tracking_pkg' build argument 'catkin_skip_building_tests' from command line to 'False'
[0.439s] DEBUG:colcon.colcon_core.verb:Building package 'tracking_pkg' with the following arguments: {'ament_cmake_args': None, 'build_base': '/home/daniel/vm2_holistic_system_ws/build/tracking_pkg', 'catkin_cmake_args': None, 'catkin_skip_building_tests': False, 'cmake_args': None, 'cmake_clean_cache': False, 'cmake_clean_first': False, 'cmake_force_configure': False, 'cmake_target': None, 'cmake_target_skip_unavailable': False, 'install_base': '/home/daniel/vm2_holistic_system_ws/install/tracking_pkg', 'merge_install': False, 'path': '/home/daniel/vm2_holistic_system_ws/src/tracking_pkg', 'symlink_install': True, 'test_result_base': None}
[0.440s] Level 5:colcon.colcon_core.verb:set package 'ur_simulation_gazebo' build argument 'cmake_args' from command line to 'None'
[0.440s] Level 5:colcon.colcon_core.verb:set package 'ur_simulation_gazebo' build argument 'cmake_target' from command line to 'None'
[0.440s] Level 5:colcon.colcon_core.verb:set package 'ur_simulation_gazebo' build argument 'cmake_target_skip_unavailable' from command line to 'False'
[0.440s] Level 5:colcon.colcon_core.verb:set package 'ur_simulation_gazebo' build argument 'cmake_clean_cache' from command line to 'False'
[0.440s] Level 5:colcon.colcon_core.verb:set package 'ur_simulation_gazebo' build argument 'cmake_clean_first' from command line to 'False'
[0.440s] Level 5:colcon.colcon_core.verb:set package 'ur_simulation_gazebo' build argument 'cmake_force_configure' from command line to 'False'
[0.440s] Level 5:colcon.colcon_core.verb:set package 'ur_simulation_gazebo' build argument 'ament_cmake_args' from command line to 'None'
[0.440s] Level 5:colcon.colcon_core.verb:set package 'ur_simulation_gazebo' build argument 'catkin_cmake_args' from command line to 'None'
[0.441s] Level 5:colcon.colcon_core.verb:set package 'ur_simulation_gazebo' build argument 'catkin_skip_building_tests' from command line to 'False'
[0.441s] DEBUG:colcon.colcon_core.verb:Building package 'ur_simulation_gazebo' with the following arguments: {'ament_cmake_args': None, 'build_base': '/home/daniel/vm2_holistic_system_ws/build/ur_simulation_gazebo', 'catkin_cmake_args': None, 'catkin_skip_building_tests': False, 'cmake_args': None, 'cmake_clean_cache': False, 'cmake_clean_first': False, 'cmake_force_configure': False, 'cmake_target': None, 'cmake_target_skip_unavailable': False, 'install_base': '/home/daniel/vm2_holistic_system_ws/install/ur_simulation_gazebo', 'merge_install': False, 'path': '/home/daniel/vm2_holistic_system_ws/src/Universal_Robots_ROS2_Gazebo_Simulation/ur_simulation_gazebo', 'symlink_install': True, 'test_result_base': None}
[0.441s] INFO:colcon.colcon_core.executor:Executing jobs using 'parallel' executor
[0.444s] DEBUG:colcon.colcon_parallel_executor.executor.parallel:run_until_complete
[0.444s] INFO:colcon.colcon_ros.task.ament_cmake.build:Building ROS package in '/home/daniel/vm2_holistic_system_ws/src/gripper_force_feedback' with build type 'ament_cmake'
[0.445s] INFO:colcon.colcon_cmake.task.cmake.build:Building CMake package in '/home/daniel/vm2_holistic_system_ws/src/gripper_force_feedback'
[0.449s] INFO:colcon.colcon_core.plugin_system:Skipping extension 'colcon_core.shell.bat': Not used on non-Windows systems
[0.450s] INFO:colcon.colcon_core.shell:Skip shell extension 'powershell' for command environment: Not usable outside of PowerShell
[0.450s] DEBUG:colcon.colcon_core.shell:Skip shell extension 'dsv' for command environment
[0.458s] INFO:colcon.colcon_ros.task.ament_cmake.build:Building ROS package in '/home/daniel/vm2_holistic_system_ws/src/tracking_pkg' with build type 'ament_cmake'
[0.458s] INFO:colcon.colcon_cmake.task.cmake.build:Building CMake package in '/home/daniel/vm2_holistic_system_ws/src/tracking_pkg'
[0.459s] INFO:colcon.colcon_core.shell:Skip shell extension 'powershell' for command environment: Not usable outside of PowerShell
[0.459s] DEBUG:colcon.colcon_core.shell:Skip shell extension 'dsv' for command environment
[0.467s] INFO:colcon.colcon_ros.task.ament_cmake.build:Building ROS package in '/home/daniel/vm2_holistic_system_ws/src/Universal_Robots_ROS2_Gazebo_Simulation/ur_simulation_gazebo' with build type 'ament_cmake'
[0.468s] INFO:colcon.colcon_cmake.task.cmake.build:Building CMake package in '/home/daniel/vm2_holistic_system_ws/src/Universal_Robots_ROS2_Gazebo_Simulation/ur_simulation_gazebo'
[0.469s] INFO:colcon.colcon_core.shell:Skip shell extension 'powershell' for command environment: Not usable outside of PowerShell
[0.469s] DEBUG:colcon.colcon_core.shell:Skip shell extension 'dsv' for command environment
[0.505s] DEBUG:colcon.colcon_core.event_handler.log_command:Invoking command in '/home/daniel/vm2_holistic_system_ws/build/gripper_force_feedback': CMAKE_PREFIX_PATH=${CMAKE_PREFIX_PATH}:/opt/ros/humble /usr/bin/cmake --build /home/daniel/vm2_holistic_system_ws/build/gripper_force_feedback -- -j8 -l8
[0.531s] DEBUG:colcon.colcon_core.event_handler.log_command:Invoking command in '/home/daniel/vm2_holistic_system_ws/build/tracking_pkg': CMAKE_PREFIX_PATH=${CMAKE_PREFIX_PATH}:/opt/ros/humble /usr/bin/cmake --build /home/daniel/vm2_holistic_system_ws/build/tracking_pkg -- -j8 -l8
[0.558s] DEBUG:colcon.colcon_core.event_handler.log_command:Invoking command in '/home/daniel/vm2_holistic_system_ws/build/ur_simulation_gazebo': CMAKE_PREFIX_PATH=${CMAKE_PREFIX_PATH}:/opt/ros/humble /usr/bin/cmake --build /home/daniel/vm2_holistic_system_ws/build/ur_simulation_gazebo -- -j8 -l8
[0.703s] DEBUG:colcon.colcon_core.event_handler.log_command:Invoked command in '/home/daniel/vm2_holistic_system_ws/build/gripper_force_feedback' returned '0': CMAKE_PREFIX_PATH=${CMAKE_PREFIX_PATH}:/opt/ros/humble /usr/bin/cmake --build /home/daniel/vm2_holistic_system_ws/build/gripper_force_feedback -- -j8 -l8
[0.745s] DEBUG:colcon.colcon_core.event_handler.log_command:Invoking command in '/home/daniel/vm2_holistic_system_ws/build/gripper_force_feedback': CMAKE_PREFIX_PATH=${CMAKE_PREFIX_PATH}:/opt/ros/humble /usr/bin/cmake --install /home/daniel/vm2_holistic_system_ws/build/gripper_force_feedback
[0.754s] DEBUG:colcon.colcon_core.event_handler.log_command:Invoked command in '/home/daniel/vm2_holistic_system_ws/build/ur_simulation_gazebo' returned '0': CMAKE_PREFIX_PATH=${CMAKE_PREFIX_PATH}:/opt/ros/humble /usr/bin/cmake --build /home/daniel/vm2_holistic_system_ws/build/ur_simulation_gazebo -- -j8 -l8
[0.761s] DEBUG:colcon.colcon_core.event_handler.log_command:Invoking command in '/home/daniel/vm2_holistic_system_ws/build/ur_simulation_gazebo': CMAKE_PREFIX_PATH=${CMAKE_PREFIX_PATH}:/opt/ros/humble /usr/bin/cmake --install /home/daniel/vm2_holistic_system_ws/build/ur_simulation_gazebo
[0.872s] Level 1:colcon.colcon_core.environment:create_environment_scripts_only(gripper_force_feedback)
[0.877s] DEBUG:colcon.colcon_core.event_handler.log_command:Invoked command in '/home/daniel/vm2_holistic_system_ws/build/gripper_force_feedback' returned '0': CMAKE_PREFIX_PATH=${CMAKE_PREFIX_PATH}:/opt/ros/humble /usr/bin/cmake --install /home/daniel/vm2_holistic_system_ws/build/gripper_force_feedback
[0.889s] Level 1:colcon.colcon_core.environment:checking '/home/daniel/vm2_holistic_system_ws/install/gripper_force_feedback' for CMake module files
[0.894s] Level 1:colcon.colcon_core.environment:checking '/home/daniel/vm2_holistic_system_ws/install/gripper_force_feedback' for CMake config files
[0.898s] Level 1:colcon.colcon_core.shell:create_environment_hook('gripper_force_feedback', 'cmake_prefix_path')
[0.901s] INFO:colcon.colcon_core.shell:Creating environment hook '/home/daniel/vm2_holistic_system_ws/install/gripper_force_feedback/share/gripper_force_feedback/hook/cmake_prefix_path.ps1'
[0.905s] INFO:colcon.colcon_core.shell:Creating environment descriptor '/home/daniel/vm2_holistic_system_ws/install/gripper_force_feedback/share/gripper_force_feedback/hook/cmake_prefix_path.dsv'
[0.907s] INFO:colcon.colcon_core.shell:Creating environment hook '/home/daniel/vm2_holistic_system_ws/install/gripper_force_feedback/share/gripper_force_feedback/hook/cmake_prefix_path.sh'
[0.911s] Level 1:colcon.colcon_core.environment:checking '/home/daniel/vm2_holistic_system_ws/install/gripper_force_feedback/lib'
[0.912s] Level 1:colcon.colcon_core.environment:checking '/home/daniel/vm2_holistic_system_ws/install/gripper_force_feedback/bin'
[0.912s] Level 1:colcon.colcon_core.environment:checking '/home/daniel/vm2_holistic_system_ws/install/gripper_force_feedback/lib/pkgconfig/gripper_force_feedback.pc'
[0.913s] Level 1:colcon.colcon_core.environment:checking '/home/daniel/vm2_holistic_system_ws/install/gripper_force_feedback/lib/python3.10/site-packages'
[0.914s] Level 1:colcon.colcon_core.environment:checking '/home/daniel/vm2_holistic_system_ws/install/gripper_force_feedback/bin'
[0.915s] INFO:colcon.colcon_core.shell:Creating package script '/home/daniel/vm2_holistic_system_ws/install/gripper_force_feedback/share/gripper_force_feedback/package.ps1'
[0.918s] INFO:colcon.colcon_core.shell:Creating package descriptor '/home/daniel/vm2_holistic_system_ws/install/gripper_force_feedback/share/gripper_force_feedback/package.dsv'
[0.924s] INFO:colcon.colcon_core.shell:Creating package script '/home/daniel/vm2_holistic_system_ws/install/gripper_force_feedback/share/gripper_force_feedback/package.sh'
[0.929s] INFO:colcon.colcon_core.shell:Creating package script '/home/daniel/vm2_holistic_system_ws/install/gripper_force_feedback/share/gripper_force_feedback/package.bash'
[0.935s] INFO:colcon.colcon_core.shell:Creating package script '/home/daniel/vm2_holistic_system_ws/install/gripper_force_feedback/share/gripper_force_feedback/package.zsh'
[0.939s] Level 1:colcon.colcon_core.environment:create_file_with_runtime_dependencies(/home/daniel/vm2_holistic_system_ws/install/gripper_force_feedback/share/colcon-core/packages/gripper_force_feedback)
[0.942s] Level 1:colcon.colcon_core.environment:create_environment_scripts_only(gripper_force_feedback)
[0.944s] Level 1:colcon.colcon_core.environment:checking '/home/daniel/vm2_holistic_system_ws/install/gripper_force_feedback' for CMake module files
[0.947s] Level 1:colcon.colcon_core.environment:checking '/home/daniel/vm2_holistic_system_ws/install/gripper_force_feedback' for CMake config files
[0.948s] Level 1:colcon.colcon_core.shell:create_environment_hook('gripper_force_feedback', 'cmake_prefix_path')
[0.949s] INFO:colcon.colcon_core.shell:Creating environment hook '/home/daniel/vm2_holistic_system_ws/install/gripper_force_feedback/share/gripper_force_feedback/hook/cmake_prefix_path.ps1'
[0.951s] INFO:colcon.colcon_core.shell:Creating environment descriptor '/home/daniel/vm2_holistic_system_ws/install/gripper_force_feedback/share/gripper_force_feedback/hook/cmake_prefix_path.dsv'
[0.957s] INFO:colcon.colcon_core.shell:Creating environment hook '/home/daniel/vm2_holistic_system_ws/install/gripper_force_feedback/share/gripper_force_feedback/hook/cmake_prefix_path.sh'
[0.962s] Level 1:colcon.colcon_core.environment:checking '/home/daniel/vm2_holistic_system_ws/install/gripper_force_feedback/lib'
[0.963s] Level 1:colcon.colcon_core.environment:checking '/home/daniel/vm2_holistic_system_ws/install/gripper_force_feedback/bin'
[0.964s] Level 1:colcon.colcon_core.environment:checking '/home/daniel/vm2_holistic_system_ws/install/gripper_force_feedback/lib/pkgconfig/gripper_force_feedback.pc'
[0.966s] Level 1:colcon.colcon_core.environment:checking '/home/daniel/vm2_holistic_system_ws/install/gripper_force_feedback/lib/python3.10/site-packages'
[0.968s] Level 1:colcon.colcon_core.environment:checking '/home/daniel/vm2_holistic_system_ws/install/gripper_force_feedback/bin'
[0.971s] INFO:colcon.colcon_core.shell:Creating package script '/home/daniel/vm2_holistic_system_ws/install/gripper_force_feedback/share/gripper_force_feedback/package.ps1'
[0.974s] INFO:colcon.colcon_core.shell:Creating package descriptor '/home/daniel/vm2_holistic_system_ws/install/gripper_force_feedback/share/gripper_force_feedback/package.dsv'
[0.980s] INFO:colcon.colcon_core.shell:Creating package script '/home/daniel/vm2_holistic_system_ws/install/gripper_force_feedback/share/gripper_force_feedback/package.sh'
[0.983s] INFO:colcon.colcon_core.shell:Creating package script '/home/daniel/vm2_holistic_system_ws/install/gripper_force_feedback/share/gripper_force_feedback/package.bash'
[0.986s] INFO:colcon.colcon_core.shell:Creating package script '/home/daniel/vm2_holistic_system_ws/install/gripper_force_feedback/share/gripper_force_feedback/package.zsh'
[0.990s] Level 1:colcon.colcon_core.environment:create_file_with_runtime_dependencies(/home/daniel/vm2_holistic_system_ws/install/gripper_force_feedback/share/colcon-core/packages/gripper_force_feedback)
[0.995s] Level 1:colcon.colcon_core.environment:create_environment_scripts_only(ur_simulation_gazebo)
[0.998s] Level 1:colcon.colcon_core.environment:checking '/home/daniel/vm2_holistic_system_ws/install/ur_simulation_gazebo' for CMake module files
[1.004s] DEBUG:colcon.colcon_core.event_handler.log_command:Invoked command in '/home/daniel/vm2_holistic_system_ws/build/ur_simulation_gazebo' returned '0': CMAKE_PREFIX_PATH=${CMAKE_PREFIX_PATH}:/opt/ros/humble /usr/bin/cmake --install /home/daniel/vm2_holistic_system_ws/build/ur_simulation_gazebo
[1.006s] Level 1:colcon.colcon_core.environment:checking '/home/daniel/vm2_holistic_system_ws/install/ur_simulation_gazebo' for CMake config files
[1.009s] Level 1:colcon.colcon_core.shell:create_environment_hook('ur_simulation_gazebo', 'cmake_prefix_path')
[1.011s] INFO:colcon.colcon_core.shell:Creating environment hook '/home/daniel/vm2_holistic_system_ws/install/ur_simulation_gazebo/share/ur_simulation_gazebo/hook/cmake_prefix_path.ps1'
[1.015s] INFO:colcon.colcon_core.shell:Creating environment descriptor '/home/daniel/vm2_holistic_system_ws/install/ur_simulation_gazebo/share/ur_simulation_gazebo/hook/cmake_prefix_path.dsv'
[1.017s] INFO:colcon.colcon_core.shell:Creating environment hook '/home/daniel/vm2_holistic_system_ws/install/ur_simulation_gazebo/share/ur_simulation_gazebo/hook/cmake_prefix_path.sh'
[1.023s] Level 1:colcon.colcon_core.environment:checking '/home/daniel/vm2_holistic_system_ws/install/ur_simulation_gazebo/bin'
[1.023s] Level 1:colcon.colcon_core.environment:checking '/home/daniel/vm2_holistic_system_ws/install/ur_simulation_gazebo/lib/pkgconfig/ur_simulation_gazebo.pc'
[1.025s] Level 1:colcon.colcon_core.environment:checking '/home/daniel/vm2_holistic_system_ws/install/ur_simulation_gazebo/lib/python3.10/site-packages'
[1.026s] Level 1:colcon.colcon_core.environment:checking '/home/daniel/vm2_holistic_system_ws/install/ur_simulation_gazebo/bin'
[1.028s] INFO:colcon.colcon_core.shell:Creating package script '/home/daniel/vm2_holistic_system_ws/install/ur_simulation_gazebo/share/ur_simulation_gazebo/package.ps1'
[1.033s] INFO:colcon.colcon_core.shell:Creating package descriptor '/home/daniel/vm2_holistic_system_ws/install/ur_simulation_gazebo/share/ur_simulation_gazebo/package.dsv'
[1.037s] INFO:colcon.colcon_core.shell:Creating package script '/home/daniel/vm2_holistic_system_ws/install/ur_simulation_gazebo/share/ur_simulation_gazebo/package.sh'
[1.041s] INFO:colcon.colcon_core.shell:Creating package script '/home/daniel/vm2_holistic_system_ws/install/ur_simulation_gazebo/share/ur_simulation_gazebo/package.bash'
[1.045s] INFO:colcon.colcon_core.shell:Creating package script '/home/daniel/vm2_holistic_system_ws/install/ur_simulation_gazebo/share/ur_simulation_gazebo/package.zsh'
[1.048s] Level 1:colcon.colcon_core.environment:create_file_with_runtime_dependencies(/home/daniel/vm2_holistic_system_ws/install/ur_simulation_gazebo/share/colcon-core/packages/ur_simulation_gazebo)
[1.051s] Level 1:colcon.colcon_core.environment:create_environment_scripts_only(ur_simulation_gazebo)
[1.054s] Level 1:colcon.colcon_core.environment:checking '/home/daniel/vm2_holistic_system_ws/install/ur_simulation_gazebo' for CMake module files
[1.061s] Level 1:colcon.colcon_core.environment:checking '/home/daniel/vm2_holistic_system_ws/install/ur_simulation_gazebo' for CMake config files
[1.064s] Level 1:colcon.colcon_core.shell:create_environment_hook('ur_simulation_gazebo', 'cmake_prefix_path')
[1.068s] INFO:colcon.colcon_core.shell:Creating environment hook '/home/daniel/vm2_holistic_system_ws/install/ur_simulation_gazebo/share/ur_simulation_gazebo/hook/cmake_prefix_path.ps1'
[1.072s] INFO:colcon.colcon_core.shell:Creating environment descriptor '/home/daniel/vm2_holistic_system_ws/install/ur_simulation_gazebo/share/ur_simulation_gazebo/hook/cmake_prefix_path.dsv'
[1.075s] INFO:colcon.colcon_core.shell:Creating environment hook '/home/daniel/vm2_holistic_system_ws/install/ur_simulation_gazebo/share/ur_simulation_gazebo/hook/cmake_prefix_path.sh'
[1.081s] Level 1:colcon.colcon_core.environment:checking '/home/daniel/vm2_holistic_system_ws/install/ur_simulation_gazebo/bin'
[1.082s] Level 1:colcon.colcon_core.environment:checking '/home/daniel/vm2_holistic_system_ws/install/ur_simulation_gazebo/lib/pkgconfig/ur_simulation_gazebo.pc'
[1.084s] Level 1:colcon.colcon_core.environment:checking '/home/daniel/vm2_holistic_system_ws/install/ur_simulation_gazebo/lib/python3.10/site-packages'
[1.086s] Level 1:colcon.colcon_core.environment:checking '/home/daniel/vm2_holistic_system_ws/install/ur_simulation_gazebo/bin'
[1.090s] INFO:colcon.colcon_core.shell:Creating package script '/home/daniel/vm2_holistic_system_ws/install/ur_simulation_gazebo/share/ur_simulation_gazebo/package.ps1'
[1.095s] INFO:colcon.colcon_core.shell:Creating package descriptor '/home/daniel/vm2_holistic_system_ws/install/ur_simulation_gazebo/share/ur_simulation_gazebo/package.dsv'
[1.099s] INFO:colcon.colcon_core.shell:Creating package script '/home/daniel/vm2_holistic_system_ws/install/ur_simulation_gazebo/share/ur_simulation_gazebo/package.sh'
[1.102s] INFO:colcon.colcon_core.shell:Creating package script '/home/daniel/vm2_holistic_system_ws/install/ur_simulation_gazebo/share/ur_simulation_gazebo/package.bash'
[1.107s] INFO:colcon.colcon_core.shell:Creating package script '/home/daniel/vm2_holistic_system_ws/install/ur_simulation_gazebo/share/ur_simulation_gazebo/package.zsh'
[1.112s] Level 1:colcon.colcon_core.environment:create_file_with_runtime_dependencies(/home/daniel/vm2_holistic_system_ws/install/ur_simulation_gazebo/share/colcon-core/packages/ur_simulation_gazebo)
[15.661s] DEBUG:colcon.colcon_core.event_handler.log_command:Invoked command in '/home/daniel/vm2_holistic_system_ws/build/tracking_pkg' returned '2': CMAKE_PREFIX_PATH=${CMAKE_PREFIX_PATH}:/opt/ros/humble /usr/bin/cmake --build /home/daniel/vm2_holistic_system_ws/build/tracking_pkg -- -j8 -l8
[15.662s] Level 1:colcon.colcon_core.environment:create_environment_scripts_only(tracking_pkg)
[15.662s] Level 1:colcon.colcon_core.environment:checking '/home/daniel/vm2_holistic_system_ws/install/tracking_pkg' for CMake module files
[15.664s] Level 1:colcon.colcon_core.environment:checking '/home/daniel/vm2_holistic_system_ws/install/tracking_pkg' for CMake config files
[15.665s] Level 1:colcon.colcon_core.shell:create_environment_hook('tracking_pkg', 'cmake_prefix_path')
[15.665s] INFO:colcon.colcon_core.shell:Creating environment hook '/home/daniel/vm2_holistic_system_ws/install/tracking_pkg/share/tracking_pkg/hook/cmake_prefix_path.ps1'
[15.667s] INFO:colcon.colcon_core.shell:Creating environment descriptor '/home/daniel/vm2_holistic_system_ws/install/tracking_pkg/share/tracking_pkg/hook/cmake_prefix_path.dsv'
[15.668s] INFO:colcon.colcon_core.shell:Creating environment hook '/home/daniel/vm2_holistic_system_ws/install/tracking_pkg/share/tracking_pkg/hook/cmake_prefix_path.sh'
[15.669s] Level 1:colcon.colcon_core.environment:checking '/home/daniel/vm2_holistic_system_ws/install/tracking_pkg/lib'
[15.670s] Level 1:colcon.colcon_core.environment:checking '/home/daniel/vm2_holistic_system_ws/install/tracking_pkg/bin'
[15.670s] Level 1:colcon.colcon_core.environment:checking '/home/daniel/vm2_holistic_system_ws/install/tracking_pkg/lib/pkgconfig/tracking_pkg.pc'
[15.670s] Level 1:colcon.colcon_core.environment:checking '/home/daniel/vm2_holistic_system_ws/install/tracking_pkg/lib/python3.10/site-packages'
[15.671s] Level 1:colcon.colcon_core.environment:checking '/home/daniel/vm2_holistic_system_ws/install/tracking_pkg/bin'
[15.671s] INFO:colcon.colcon_core.shell:Creating package script '/home/daniel/vm2_holistic_system_ws/install/tracking_pkg/share/tracking_pkg/package.ps1'
[15.672s] INFO:colcon.colcon_core.shell:Creating package descriptor '/home/daniel/vm2_holistic_system_ws/install/tracking_pkg/share/tracking_pkg/package.dsv'
[15.673s] INFO:colcon.colcon_core.shell:Creating package script '/home/daniel/vm2_holistic_system_ws/install/tracking_pkg/share/tracking_pkg/package.sh'
[15.673s] INFO:colcon.colcon_core.shell:Creating package script '/home/daniel/vm2_holistic_system_ws/install/tracking_pkg/share/tracking_pkg/package.bash'
[15.674s] INFO:colcon.colcon_core.shell:Creating package script '/home/daniel/vm2_holistic_system_ws/install/tracking_pkg/share/tracking_pkg/package.zsh'
[15.674s] Level 1:colcon.colcon_core.environment:create_file_with_runtime_dependencies(/home/daniel/vm2_holistic_system_ws/install/tracking_pkg/share/colcon-core/packages/tracking_pkg)
[15.685s] DEBUG:colcon.colcon_parallel_executor.executor.parallel:closing loop
[15.685s] DEBUG:colcon.colcon_parallel_executor.executor.parallel:loop closed
[15.685s] DEBUG:colcon.colcon_parallel_executor.executor.parallel:run_until_complete finished with '2'
[15.686s] DEBUG:colcon.colcon_core.event_reactor:joining thread
[15.695s] INFO:colcon.colcon_core.plugin_system:Skipping extension 'colcon_notification.desktop_notification.terminal_notifier': Not used on non-Darwin systems
[15.695s] INFO:colcon.colcon_core.plugin_system:Skipping extension 'colcon_notification.desktop_notification.win32': Not used on non-Windows systems
[15.695s] INFO:colcon.colcon_notification.desktop_notification:Sending desktop notification using 'notify2'
[15.713s] DEBUG:colcon.colcon_core.event_reactor:joined thread
[15.714s] INFO:colcon.colcon_core.shell:Creating prefix script '/home/daniel/vm2_holistic_system_ws/install/local_setup.ps1'
[15.716s] INFO:colcon.colcon_core.shell:Creating prefix util module '/home/daniel/vm2_holistic_system_ws/install/_local_setup_util_ps1.py'
[15.720s] INFO:colcon.colcon_core.shell:Creating prefix chain script '/home/daniel/vm2_holistic_system_ws/install/setup.ps1'
[15.725s] INFO:colcon.colcon_core.shell:Creating prefix script '/home/daniel/vm2_holistic_system_ws/install/local_setup.sh'
[15.727s] INFO:colcon.colcon_core.shell:Creating prefix util module '/home/daniel/vm2_holistic_system_ws/install/_local_setup_util_sh.py'
[15.728s] INFO:colcon.colcon_core.shell:Creating prefix chain script '/home/daniel/vm2_holistic_system_ws/install/setup.sh'
[15.735s] INFO:colcon.colcon_core.shell:Creating prefix script '/home/daniel/vm2_holistic_system_ws/install/local_setup.bash'
[15.738s] INFO:colcon.colcon_core.shell:Creating prefix chain script '/home/daniel/vm2_holistic_system_ws/install/setup.bash'
[15.742s] INFO:colcon.colcon_core.shell:Creating prefix script '/home/daniel/vm2_holistic_system_ws/install/local_setup.zsh'
[15.744s] INFO:colcon.colcon_core.shell:Creating prefix chain script '/home/daniel/vm2_holistic_system_ws/install/setup.zsh'
