[0.021s] Invoking command in '/home/mir/VM2_holistic_system/build/tracking_pkg': CMAKE_PREFIX_PATH=${CMAKE_PREFIX_PATH}:/home/mir/ros2_ws/install/moveit_configs_utils:/home/mir/ros2_ws/install/launch_testing_examples:/home/mir/ros2_ws/install/launch_param_builder:/home/mir/ros2_ws/install/examples_rclpy_pointcloud_publisher:/home/mir/ros2_ws/install/examples_rclpy_minimal_subscriber:/home/mir/ros2_ws/install/examples_rclpy_minimal_service:/home/mir/ros2_ws/install/examples_rclpy_minimal_publisher:/home/mir/ros2_ws/install/examples_rclpy_minimal_client:/home/mir/ros2_ws/install/examples_rclpy_minimal_action_server:/home/mir/ros2_ws/install/examples_rclpy_minimal_action_client:/home/mir/ros2_ws/install/examples_rclpy_guard_conditions:/home/mir/ros2_ws/install/examples_rclpy_executors:/opt/ros/humble /usr/bin/cmake /home/mir/VM2_holistic_system/src/tracking_pkg -DAMENT_CMAKE_SYMLINK_INSTALL=1 -DCMAKE_INSTALL_PREFIX=/home/mir/VM2_holistic_system/install/tracking_pkg
[0.101s] -- The C compiler identification is GNU 11.4.0
[0.175s] -- The CXX compiler identification is GNU 11.4.0
[0.185s] -- Detecting C compiler ABI info
[0.272s] -- Detecting C compiler ABI info - done
[0.282s] -- Check for working C compiler: /usr/bin/cc - skipped
[0.282s] -- Detecting C compile features
[0.282s] -- Detecting C compile features - done
[0.287s] -- Detecting CXX compiler ABI info
[0.396s] -- Detecting CXX compiler ABI info - done
[0.405s] -- Check for working CXX compiler: /usr/bin/c++ - skipped
[0.405s] -- Detecting CXX compile features
[0.405s] -- Detecting CXX compile features - done
[0.412s] -- Found ament_cmake: 1.3.11 (/opt/ros/humble/share/ament_cmake/cmake)
[1.329s] -- Found Python3: /usr/bin/python3 (found version "3.10.12") found components: Interpreter 
[1.414s] -- Override CMake install command with custom implementation using symlinks instead of copying resources
[1.509s] -- Found rclcpp: 16.0.12 (/opt/ros/humble/share/rclcpp/cmake)
[1.611s] -- Found rosidl_generator_c: 3.1.6 (/opt/ros/humble/share/rosidl_generator_c/cmake)
[1.639s] -- Found rosidl_adapter: 3.1.6 (/opt/ros/humble/share/rosidl_adapter/cmake)
[1.672s] -- Found rosidl_generator_cpp: 3.1.6 (/opt/ros/humble/share/rosidl_generator_cpp/cmake)
[1.716s] -- Using all available rosidl_typesupport_c: rosidl_typesupport_fastrtps_c;rosidl_typesupport_introspection_c
[1.772s] -- Using all available rosidl_typesupport_cpp: rosidl_typesupport_fastrtps_cpp;rosidl_typesupport_introspection_cpp
[1.946s] -- Found rmw_implementation_cmake: 6.1.2 (/opt/ros/humble/share/rmw_implementation_cmake/cmake)
[1.965s] -- Found rmw_cyclonedds_cpp: 1.3.4 (/opt/ros/humble/share/rmw_cyclonedds_cpp/cmake)
[2.047s] -- Using RMW implementation 'rmw_cyclonedds_cpp' as default
[2.069s] -- Looking for pthread.h
[2.152s] -- Looking for pthread.h - found
[2.153s] -- Performing Test CMAKE_HAVE_LIBC_PTHREAD
[2.251s] -- Performing Test CMAKE_HAVE_LIBC_PTHREAD - Success
[2.253s] -- Found Threads: TRUE  
[2.324s] -- Found geometry_msgs: 4.8.0 (/opt/ros/humble/share/geometry_msgs/cmake)
[2.336s] -- Found moveit_ros_planning_interface: 2.5.9 (/home/mir/ros2_ws/install/moveit_ros_planning_interface/share/moveit_ros_planning_interface/cmake)
[2.392s] -- Found Boost: /usr/lib/x86_64-linux-gnu/cmake/Boost-1.74.0/BoostConfig.cmake (found version "1.74.0") found components: date_time filesystem program_options system thread 
[2.592s] -- Found Boost: /usr/lib/x86_64-linux-gnu/cmake/Boost-1.74.0/BoostConfig.cmake (found version "1.74.0") found components: chrono date_time filesystem iostreams program_options regex serialization system thread 
[2.689s] -- Found parameter_traits: 0.4.0 (/opt/ros/humble/share/parameter_traits/cmake)
[2.712s] -- Found Eigen3: TRUE (found version "3.4.0") 
[2.719s] -- Found rclcpp_lifecycle: 16.0.12 (/opt/ros/humble/share/rclcpp_lifecycle/cmake)
[2.756s] -- Found Boost: /usr/lib/x86_64-linux-gnu/cmake/Boost-1.74.0/BoostConfig.cmake (found version "1.74.0") found components: filesystem 
[2.896s] -- library: /usr/lib/x86_64-linux-gnu/libcurl.so
[2.953s] -- Ensuring Eigen3 include directory is part of orocos-kdl CMake target
[3.151s] -- Found Boost: /usr/lib/x86_64-linux-gnu/cmake/Boost-1.74.0/BoostConfig.cmake (found version "1.74.0") found components: system filesystem date_time program_options thread chrono 
[3.178s] -- Found Boost: /usr/lib/x86_64-linux-gnu/cmake/Boost-1.74.0/BoostConfig.cmake (found version "1.74.0") found components: thread system filesystem regex date_time program_options 
[3.284s] -- Found Boost: /usr/lib/x86_64-linux-gnu/cmake/Boost-1.74.0/BoostConfig.cmake (found version "1.74.0") found components: system filesystem date_time program_options thread 
[3.326s] -- Found ament_lint_auto: 0.12.12 (/opt/ros/humble/share/ament_lint_auto/cmake)
[3.439s] -- Added test 'cppcheck' to perform static code analysis on C / C++ code
[3.439s] -- Configured cppcheck include dirs: 
[3.440s] -- Configured cppcheck exclude dirs and/or files: 
[3.441s] -- Added test 'flake8' to check Python code syntax and style conventions
[3.442s] -- Added test 'lint_cmake' to check CMake code style
[3.443s] -- Added test 'pep257' to check Python code against some of the docstring style conventions in PEP 257
[3.445s] -- Added test 'uncrustify' to check C / C++ code style
[3.445s] -- Configured uncrustify additional arguments: 
[3.447s] -- Added test 'xmllint' to check XML markup files
[3.450s] -- Configuring done
[3.491s] -- Generating done
[3.503s] -- Build files have been written to: /home/mir/VM2_holistic_system/build/tracking_pkg
[3.519s] Invoked command in '/home/mir/VM2_holistic_system/build/tracking_pkg' returned '0': CMAKE_PREFIX_PATH=${CMAKE_PREFIX_PATH}:/home/mir/ros2_ws/install/moveit_configs_utils:/home/mir/ros2_ws/install/launch_testing_examples:/home/mir/ros2_ws/install/launch_param_builder:/home/mir/ros2_ws/install/examples_rclpy_pointcloud_publisher:/home/mir/ros2_ws/install/examples_rclpy_minimal_subscriber:/home/mir/ros2_ws/install/examples_rclpy_minimal_service:/home/mir/ros2_ws/install/examples_rclpy_minimal_publisher:/home/mir/ros2_ws/install/examples_rclpy_minimal_client:/home/mir/ros2_ws/install/examples_rclpy_minimal_action_server:/home/mir/ros2_ws/install/examples_rclpy_minimal_action_client:/home/mir/ros2_ws/install/examples_rclpy_guard_conditions:/home/mir/ros2_ws/install/examples_rclpy_executors:/opt/ros/humble /usr/bin/cmake /home/mir/VM2_holistic_system/src/tracking_pkg -DAMENT_CMAKE_SYMLINK_INSTALL=1 -DCMAKE_INSTALL_PREFIX=/home/mir/VM2_holistic_system/install/tracking_pkg
[3.522s] Invoking command in '/home/mir/VM2_holistic_system/build/tracking_pkg': CMAKE_PREFIX_PATH=${CMAKE_PREFIX_PATH}:/home/mir/ros2_ws/install/moveit_configs_utils:/home/mir/ros2_ws/install/launch_testing_examples:/home/mir/ros2_ws/install/launch_param_builder:/home/mir/ros2_ws/install/examples_rclpy_pointcloud_publisher:/home/mir/ros2_ws/install/examples_rclpy_minimal_subscriber:/home/mir/ros2_ws/install/examples_rclpy_minimal_service:/home/mir/ros2_ws/install/examples_rclpy_minimal_publisher:/home/mir/ros2_ws/install/examples_rclpy_minimal_client:/home/mir/ros2_ws/install/examples_rclpy_minimal_action_server:/home/mir/ros2_ws/install/examples_rclpy_minimal_action_client:/home/mir/ros2_ws/install/examples_rclpy_guard_conditions:/home/mir/ros2_ws/install/examples_rclpy_executors:/opt/ros/humble /usr/bin/cmake --build /home/mir/VM2_holistic_system/build/tracking_pkg -- -j16 -l16
[3.603s] [ 25%] [32mBuilding CXX object CMakeFiles/moveit_mover.dir/src/moveit_mover/moveit_mover.cpp.o[0m
[3.604s] [ 50%] [32mBuilding CXX object CMakeFiles/loop_mover.dir/src/moveit_mover/loop_mover.cpp.o[0m
[17.109s] [ 75%] [32m[1mLinking CXX executable moveit_mover[0m
[18.100s] [ 75%] Built target moveit_mover
[20.062s] [100%] [32m[1mLinking CXX executable loop_mover[0m
[21.110s] [100%] Built target loop_mover
[21.125s] Invoked command in '/home/mir/VM2_holistic_system/build/tracking_pkg' returned '0': CMAKE_PREFIX_PATH=${CMAKE_PREFIX_PATH}:/home/mir/ros2_ws/install/moveit_configs_utils:/home/mir/ros2_ws/install/launch_testing_examples:/home/mir/ros2_ws/install/launch_param_builder:/home/mir/ros2_ws/install/examples_rclpy_pointcloud_publisher:/home/mir/ros2_ws/install/examples_rclpy_minimal_subscriber:/home/mir/ros2_ws/install/examples_rclpy_minimal_service:/home/mir/ros2_ws/install/examples_rclpy_minimal_publisher:/home/mir/ros2_ws/install/examples_rclpy_minimal_client:/home/mir/ros2_ws/install/examples_rclpy_minimal_action_server:/home/mir/ros2_ws/install/examples_rclpy_minimal_action_client:/home/mir/ros2_ws/install/examples_rclpy_guard_conditions:/home/mir/ros2_ws/install/examples_rclpy_executors:/opt/ros/humble /usr/bin/cmake --build /home/mir/VM2_holistic_system/build/tracking_pkg -- -j16 -l16
[21.126s] Invoking command in '/home/mir/VM2_holistic_system/build/tracking_pkg': CMAKE_PREFIX_PATH=${CMAKE_PREFIX_PATH}:/home/mir/ros2_ws/install/moveit_configs_utils:/home/mir/ros2_ws/install/launch_testing_examples:/home/mir/ros2_ws/install/launch_param_builder:/home/mir/ros2_ws/install/examples_rclpy_pointcloud_publisher:/home/mir/ros2_ws/install/examples_rclpy_minimal_subscriber:/home/mir/ros2_ws/install/examples_rclpy_minimal_service:/home/mir/ros2_ws/install/examples_rclpy_minimal_publisher:/home/mir/ros2_ws/install/examples_rclpy_minimal_client:/home/mir/ros2_ws/install/examples_rclpy_minimal_action_server:/home/mir/ros2_ws/install/examples_rclpy_minimal_action_client:/home/mir/ros2_ws/install/examples_rclpy_guard_conditions:/home/mir/ros2_ws/install/examples_rclpy_executors:/opt/ros/humble /usr/bin/cmake --install /home/mir/VM2_holistic_system/build/tracking_pkg
[21.136s] -- Install configuration: ""
[21.137s] -- Execute custom install script
[21.137s] -- Symlinking: /home/mir/VM2_holistic_system/install/tracking_pkg/lib/tracking_pkg/hand_tracker.py
[21.147s] -- Symlinking: /home/mir/VM2_holistic_system/install/tracking_pkg/lib/tracking_pkg/camera_publisher.py
[21.158s] -- Symlinking: /home/mir/VM2_holistic_system/install/tracking_pkg/lib/tracking_pkg/frame_publisher.py
[21.170s] -- Symlinking: /home/mir/VM2_holistic_system/install/tracking_pkg/lib/tracking_pkg/gesture_pose_publisher.py
[21.178s] -- Symlinking: /home/mir/VM2_holistic_system/install/tracking_pkg/lib/tracking_pkg/box_publisher.py
[21.187s] -- Symlinking: /home/mir/VM2_holistic_system/install/tracking_pkg/lib/tracking_pkg/socket_mover.py
[21.199s] -- Symlinking: /home/mir/VM2_holistic_system/install/tracking_pkg/lib/tracking_pkg/gripper_mover.py
[21.209s] -- Symlinking: /home/mir/VM2_holistic_system/install/tracking_pkg/lib/tracking_pkg/gripper_opener_with_zeroer.py
[21.220s] -- Symlinking: /home/mir/VM2_holistic_system/install/tracking_pkg/share/tracking_pkg/launch/loop_launch.py
[21.229s] -- Symlinking: /home/mir/VM2_holistic_system/install/tracking_pkg/share/tracking_pkg/launch/moveit_launch.py
[21.240s] -- Symlinking: /home/mir/VM2_holistic_system/install/tracking_pkg/share/tracking_pkg/launch/web_socket_launch.py
[21.250s] -- Symlinking: /home/mir/VM2_holistic_system/install/tracking_pkg/lib/tracking_pkg/moveit_mover
[21.258s] -- Symlinking: /home/mir/VM2_holistic_system/install/tracking_pkg/lib/tracking_pkg/loop_mover
[21.269s] -- Symlinking: /home/mir/VM2_holistic_system/install/tracking_pkg/share/ament_index/resource_index/package_run_dependencies/tracking_pkg
[21.277s] -- Symlinking: /home/mir/VM2_holistic_system/install/tracking_pkg/share/ament_index/resource_index/parent_prefix_path/tracking_pkg
[21.289s] -- Symlinking: /home/mir/VM2_holistic_system/install/tracking_pkg/share/tracking_pkg/environment/ament_prefix_path.sh
[21.302s] -- Symlinking: /home/mir/VM2_holistic_system/install/tracking_pkg/share/tracking_pkg/environment/ament_prefix_path.dsv
[21.314s] -- Symlinking: /home/mir/VM2_holistic_system/install/tracking_pkg/share/tracking_pkg/environment/path.sh
[21.322s] -- Symlinking: /home/mir/VM2_holistic_system/install/tracking_pkg/share/tracking_pkg/environment/path.dsv
[21.333s] -- Symlinking: /home/mir/VM2_holistic_system/install/tracking_pkg/share/tracking_pkg/local_setup.bash
[21.342s] -- Symlinking: /home/mir/VM2_holistic_system/install/tracking_pkg/share/tracking_pkg/local_setup.sh
[21.351s] -- Symlinking: /home/mir/VM2_holistic_system/install/tracking_pkg/share/tracking_pkg/local_setup.zsh
[21.362s] -- Symlinking: /home/mir/VM2_holistic_system/install/tracking_pkg/share/tracking_pkg/local_setup.dsv
[21.372s] -- Symlinking: /home/mir/VM2_holistic_system/install/tracking_pkg/share/tracking_pkg/package.dsv
[21.382s] -- Symlinking: /home/mir/VM2_holistic_system/install/tracking_pkg/share/ament_index/resource_index/packages/tracking_pkg
[21.392s] -- Symlinking: /home/mir/VM2_holistic_system/install/tracking_pkg/share/tracking_pkg/cmake/tracking_pkgConfig.cmake
[21.404s] -- Symlinking: /home/mir/VM2_holistic_system/install/tracking_pkg/share/tracking_pkg/cmake/tracking_pkgConfig-version.cmake
[21.412s] -- Symlinking: /home/mir/VM2_holistic_system/install/tracking_pkg/share/tracking_pkg/package.xml
[21.426s] Invoked command in '/home/mir/VM2_holistic_system/build/tracking_pkg' returned '0': CMAKE_PREFIX_PATH=${CMAKE_PREFIX_PATH}:/home/mir/ros2_ws/install/moveit_configs_utils:/home/mir/ros2_ws/install/launch_testing_examples:/home/mir/ros2_ws/install/launch_param_builder:/home/mir/ros2_ws/install/examples_rclpy_pointcloud_publisher:/home/mir/ros2_ws/install/examples_rclpy_minimal_subscriber:/home/mir/ros2_ws/install/examples_rclpy_minimal_service:/home/mir/ros2_ws/install/examples_rclpy_minimal_publisher:/home/mir/ros2_ws/install/examples_rclpy_minimal_client:/home/mir/ros2_ws/install/examples_rclpy_minimal_action_server:/home/mir/ros2_ws/install/examples_rclpy_minimal_action_client:/home/mir/ros2_ws/install/examples_rclpy_guard_conditions:/home/mir/ros2_ws/install/examples_rclpy_executors:/opt/ros/humble /usr/bin/cmake --install /home/mir/VM2_holistic_system/build/tracking_pkg
