[0.026s] Invoking command in '/home/mir/VM2_holistic_system/build/gripper_force_feedback': CMAKE_PREFIX_PATH=${CMAKE_PREFIX_PATH}:/home/mir/ros2_ws/install/moveit_configs_utils:/home/mir/ros2_ws/install/launch_testing_examples:/home/mir/ros2_ws/install/launch_param_builder:/home/mir/ros2_ws/install/examples_rclpy_pointcloud_publisher:/home/mir/ros2_ws/install/examples_rclpy_minimal_subscriber:/home/mir/ros2_ws/install/examples_rclpy_minimal_service:/home/mir/ros2_ws/install/examples_rclpy_minimal_publisher:/home/mir/ros2_ws/install/examples_rclpy_minimal_client:/home/mir/ros2_ws/install/examples_rclpy_minimal_action_server:/home/mir/ros2_ws/install/examples_rclpy_minimal_action_client:/home/mir/ros2_ws/install/examples_rclpy_guard_conditions:/home/mir/ros2_ws/install/examples_rclpy_executors:/opt/ros/humble /usr/bin/cmake /home/mir/VM2_holistic_system/src/gripper_force_feedback -DAMENT_CMAKE_SYMLINK_INSTALL=1 -DCMAKE_INSTALL_PREFIX=/home/mir/VM2_holistic_system/install/gripper_force_feedback
[0.100s] -- The C compiler identification is GNU 11.4.0
[0.170s] -- The CXX compiler identification is GNU 11.4.0
[0.179s] -- Detecting C compiler ABI info
[0.271s] -- Detecting C compiler ABI info - done
[0.282s] -- Check for working C compiler: /usr/bin/cc - skipped
[0.282s] -- Detecting C compile features
[0.282s] -- Detecting C compile features - done
[0.284s] -- Detecting CXX compiler ABI info
[0.409s] -- Detecting CXX compiler ABI info - done
[0.418s] -- Check for working CXX compiler: /usr/bin/c++ - skipped
[0.418s] -- Detecting CXX compile features
[0.418s] -- Detecting CXX compile features - done
[0.429s] -- Found ament_cmake: 1.3.11 (/opt/ros/humble/share/ament_cmake/cmake)
[1.326s] -- Found Python3: /usr/bin/python3 (found version "3.10.12") found components: Interpreter 
[1.395s] -- Override CMake install command with custom implementation using symlinks instead of copying resources
[1.478s] -- Found rclcpp: 16.0.12 (/opt/ros/humble/share/rclcpp/cmake)
[1.578s] -- Found rosidl_generator_c: 3.1.6 (/opt/ros/humble/share/rosidl_generator_c/cmake)
[1.597s] -- Found rosidl_adapter: 3.1.6 (/opt/ros/humble/share/rosidl_adapter/cmake)
[1.615s] -- Found rosidl_generator_cpp: 3.1.6 (/opt/ros/humble/share/rosidl_generator_cpp/cmake)
[1.641s] -- Using all available rosidl_typesupport_c: rosidl_typesupport_fastrtps_c;rosidl_typesupport_introspection_c
[1.675s] -- Using all available rosidl_typesupport_cpp: rosidl_typesupport_fastrtps_cpp;rosidl_typesupport_introspection_cpp
[1.771s] -- Found rmw_implementation_cmake: 6.1.2 (/opt/ros/humble/share/rmw_implementation_cmake/cmake)
[1.782s] -- Found rmw_cyclonedds_cpp: 1.3.4 (/opt/ros/humble/share/rmw_cyclonedds_cpp/cmake)
[1.839s] -- Using RMW implementation 'rmw_cyclonedds_cpp' as default
[1.871s] -- Looking for pthread.h
[1.980s] -- Looking for pthread.h - found
[1.980s] -- Performing Test CMAKE_HAVE_LIBC_PTHREAD
[2.073s] -- Performing Test CMAKE_HAVE_LIBC_PTHREAD - Success
[2.074s] -- Found Threads: TRUE  
[2.149s] -- Found geometry_msgs: 4.8.0 (/opt/ros/humble/share/geometry_msgs/cmake)
[2.161s] -- Found moveit_ros_planning_interface: 2.5.9 (/home/mir/ros2_ws/install/moveit_ros_planning_interface/share/moveit_ros_planning_interface/cmake)
[2.220s] -- Found Boost: /usr/lib/x86_64-linux-gnu/cmake/Boost-1.74.0/BoostConfig.cmake (found version "1.74.0") found components: date_time filesystem program_options system thread 
[2.433s] -- Found Boost: /usr/lib/x86_64-linux-gnu/cmake/Boost-1.74.0/BoostConfig.cmake (found version "1.74.0") found components: chrono date_time filesystem iostreams program_options regex serialization system thread 
[2.530s] -- Found parameter_traits: 0.4.0 (/opt/ros/humble/share/parameter_traits/cmake)
[2.553s] -- Found Eigen3: TRUE (found version "3.4.0") 
[2.561s] -- Found rclcpp_lifecycle: 16.0.12 (/opt/ros/humble/share/rclcpp_lifecycle/cmake)
[2.597s] -- Found Boost: /usr/lib/x86_64-linux-gnu/cmake/Boost-1.74.0/BoostConfig.cmake (found version "1.74.0") found components: filesystem 
[2.751s] -- library: /usr/lib/x86_64-linux-gnu/libcurl.so
[2.815s] -- Ensuring Eigen3 include directory is part of orocos-kdl CMake target
[3.032s] -- Found Boost: /usr/lib/x86_64-linux-gnu/cmake/Boost-1.74.0/BoostConfig.cmake (found version "1.74.0") found components: system filesystem date_time program_options thread chrono 
[3.060s] -- Found Boost: /usr/lib/x86_64-linux-gnu/cmake/Boost-1.74.0/BoostConfig.cmake (found version "1.74.0") found components: thread system filesystem regex date_time program_options 
[3.170s] -- Found Boost: /usr/lib/x86_64-linux-gnu/cmake/Boost-1.74.0/BoostConfig.cmake (found version "1.74.0") found components: system filesystem date_time program_options thread 
[3.207s] -- Found ament_lint_auto: 0.12.12 (/opt/ros/humble/share/ament_lint_auto/cmake)
[3.316s] -- Added test 'flake8' to check Python code syntax and style conventions
[3.318s] -- Added test 'lint_cmake' to check CMake code style
[3.319s] -- Added test 'pep257' to check Python code against some of the docstring style conventions in PEP 257
[3.320s] -- Added test 'xmllint' to check XML markup files
[3.323s] -- Configuring done
[3.328s] -- Generating done
[3.330s] -- Build files have been written to: /home/mir/VM2_holistic_system/build/gripper_force_feedback
[3.345s] Invoked command in '/home/mir/VM2_holistic_system/build/gripper_force_feedback' returned '0': CMAKE_PREFIX_PATH=${CMAKE_PREFIX_PATH}:/home/mir/ros2_ws/install/moveit_configs_utils:/home/mir/ros2_ws/install/launch_testing_examples:/home/mir/ros2_ws/install/launch_param_builder:/home/mir/ros2_ws/install/examples_rclpy_pointcloud_publisher:/home/mir/ros2_ws/install/examples_rclpy_minimal_subscriber:/home/mir/ros2_ws/install/examples_rclpy_minimal_service:/home/mir/ros2_ws/install/examples_rclpy_minimal_publisher:/home/mir/ros2_ws/install/examples_rclpy_minimal_client:/home/mir/ros2_ws/install/examples_rclpy_minimal_action_server:/home/mir/ros2_ws/install/examples_rclpy_minimal_action_client:/home/mir/ros2_ws/install/examples_rclpy_guard_conditions:/home/mir/ros2_ws/install/examples_rclpy_executors:/opt/ros/humble /usr/bin/cmake /home/mir/VM2_holistic_system/src/gripper_force_feedback -DAMENT_CMAKE_SYMLINK_INSTALL=1 -DCMAKE_INSTALL_PREFIX=/home/mir/VM2_holistic_system/install/gripper_force_feedback
[3.346s] Invoking command in '/home/mir/VM2_holistic_system/build/gripper_force_feedback': CMAKE_PREFIX_PATH=${CMAKE_PREFIX_PATH}:/home/mir/ros2_ws/install/moveit_configs_utils:/home/mir/ros2_ws/install/launch_testing_examples:/home/mir/ros2_ws/install/launch_param_builder:/home/mir/ros2_ws/install/examples_rclpy_pointcloud_publisher:/home/mir/ros2_ws/install/examples_rclpy_minimal_subscriber:/home/mir/ros2_ws/install/examples_rclpy_minimal_service:/home/mir/ros2_ws/install/examples_rclpy_minimal_publisher:/home/mir/ros2_ws/install/examples_rclpy_minimal_client:/home/mir/ros2_ws/install/examples_rclpy_minimal_action_server:/home/mir/ros2_ws/install/examples_rclpy_minimal_action_client:/home/mir/ros2_ws/install/examples_rclpy_guard_conditions:/home/mir/ros2_ws/install/examples_rclpy_executors:/opt/ros/humble /usr/bin/cmake --build /home/mir/VM2_holistic_system/build/gripper_force_feedback -- -j16 -l16
[3.402s] Invoked command in '/home/mir/VM2_holistic_system/build/gripper_force_feedback' returned '0': CMAKE_PREFIX_PATH=${CMAKE_PREFIX_PATH}:/home/mir/ros2_ws/install/moveit_configs_utils:/home/mir/ros2_ws/install/launch_testing_examples:/home/mir/ros2_ws/install/launch_param_builder:/home/mir/ros2_ws/install/examples_rclpy_pointcloud_publisher:/home/mir/ros2_ws/install/examples_rclpy_minimal_subscriber:/home/mir/ros2_ws/install/examples_rclpy_minimal_service:/home/mir/ros2_ws/install/examples_rclpy_minimal_publisher:/home/mir/ros2_ws/install/examples_rclpy_minimal_client:/home/mir/ros2_ws/install/examples_rclpy_minimal_action_server:/home/mir/ros2_ws/install/examples_rclpy_minimal_action_client:/home/mir/ros2_ws/install/examples_rclpy_guard_conditions:/home/mir/ros2_ws/install/examples_rclpy_executors:/opt/ros/humble /usr/bin/cmake --build /home/mir/VM2_holistic_system/build/gripper_force_feedback -- -j16 -l16
[3.403s] Invoking command in '/home/mir/VM2_holistic_system/build/gripper_force_feedback': CMAKE_PREFIX_PATH=${CMAKE_PREFIX_PATH}:/home/mir/ros2_ws/install/moveit_configs_utils:/home/mir/ros2_ws/install/launch_testing_examples:/home/mir/ros2_ws/install/launch_param_builder:/home/mir/ros2_ws/install/examples_rclpy_pointcloud_publisher:/home/mir/ros2_ws/install/examples_rclpy_minimal_subscriber:/home/mir/ros2_ws/install/examples_rclpy_minimal_service:/home/mir/ros2_ws/install/examples_rclpy_minimal_publisher:/home/mir/ros2_ws/install/examples_rclpy_minimal_client:/home/mir/ros2_ws/install/examples_rclpy_minimal_action_server:/home/mir/ros2_ws/install/examples_rclpy_minimal_action_client:/home/mir/ros2_ws/install/examples_rclpy_guard_conditions:/home/mir/ros2_ws/install/examples_rclpy_executors:/opt/ros/humble /usr/bin/cmake --install /home/mir/VM2_holistic_system/build/gripper_force_feedback
[3.413s] -- Install configuration: ""
[3.413s] -- Execute custom install script
[3.413s] -- Symlinking: /home/mir/VM2_holistic_system/install/gripper_force_feedback/lib/gripper_force_feedback/gripper_opener_with_zeroer.py
[3.427s] -- Symlinking: /home/mir/VM2_holistic_system/install/gripper_force_feedback/share/ament_index/resource_index/package_run_dependencies/gripper_force_feedback
[3.438s] -- Symlinking: /home/mir/VM2_holistic_system/install/gripper_force_feedback/share/ament_index/resource_index/parent_prefix_path/gripper_force_feedback
[3.450s] -- Symlinking: /home/mir/VM2_holistic_system/install/gripper_force_feedback/share/gripper_force_feedback/environment/ament_prefix_path.sh
[3.463s] -- Symlinking: /home/mir/VM2_holistic_system/install/gripper_force_feedback/share/gripper_force_feedback/environment/ament_prefix_path.dsv
[3.481s] -- Symlinking: /home/mir/VM2_holistic_system/install/gripper_force_feedback/share/gripper_force_feedback/environment/path.sh
[3.494s] -- Symlinking: /home/mir/VM2_holistic_system/install/gripper_force_feedback/share/gripper_force_feedback/environment/path.dsv
[3.505s] -- Symlinking: /home/mir/VM2_holistic_system/install/gripper_force_feedback/share/gripper_force_feedback/local_setup.bash
[3.521s] -- Symlinking: /home/mir/VM2_holistic_system/install/gripper_force_feedback/share/gripper_force_feedback/local_setup.sh
[3.536s] -- Symlinking: /home/mir/VM2_holistic_system/install/gripper_force_feedback/share/gripper_force_feedback/local_setup.zsh
[3.549s] -- Symlinking: /home/mir/VM2_holistic_system/install/gripper_force_feedback/share/gripper_force_feedback/local_setup.dsv
[3.562s] -- Symlinking: /home/mir/VM2_holistic_system/install/gripper_force_feedback/share/gripper_force_feedback/package.dsv
[3.577s] -- Symlinking: /home/mir/VM2_holistic_system/install/gripper_force_feedback/share/ament_index/resource_index/packages/gripper_force_feedback
[3.593s] -- Symlinking: /home/mir/VM2_holistic_system/install/gripper_force_feedback/share/gripper_force_feedback/cmake/gripper_force_feedbackConfig.cmake
[3.604s] -- Symlinking: /home/mir/VM2_holistic_system/install/gripper_force_feedback/share/gripper_force_feedback/cmake/gripper_force_feedbackConfig-version.cmake
[3.620s] -- Symlinking: /home/mir/VM2_holistic_system/install/gripper_force_feedback/share/gripper_force_feedback/package.xml
[3.637s] Invoked command in '/home/mir/VM2_holistic_system/build/gripper_force_feedback' returned '0': CMAKE_PREFIX_PATH=${CMAKE_PREFIX_PATH}:/home/mir/ros2_ws/install/moveit_configs_utils:/home/mir/ros2_ws/install/launch_testing_examples:/home/mir/ros2_ws/install/launch_param_builder:/home/mir/ros2_ws/install/examples_rclpy_pointcloud_publisher:/home/mir/ros2_ws/install/examples_rclpy_minimal_subscriber:/home/mir/ros2_ws/install/examples_rclpy_minimal_service:/home/mir/ros2_ws/install/examples_rclpy_minimal_publisher:/home/mir/ros2_ws/install/examples_rclpy_minimal_client:/home/mir/ros2_ws/install/examples_rclpy_minimal_action_server:/home/mir/ros2_ws/install/examples_rclpy_minimal_action_client:/home/mir/ros2_ws/install/examples_rclpy_guard_conditions:/home/mir/ros2_ws/install/examples_rclpy_executors:/opt/ros/humble /usr/bin/cmake --install /home/mir/VM2_holistic_system/build/gripper_force_feedback
