[0.091s] Invoking command in '/home/daniel/vm2_holistic_system_ws/build/ur_simulation_gazebo': CMAKE_PREFIX_PATH=${CMAKE_PREFIX_PATH}:/opt/ros/humble /usr/bin/cmake /home/daniel/vm2_holistic_system_ws/src/Universal_Robots_ROS2_Gazebo_Simulation/ur_simulation_gazebo -DAMENT_CMAKE_SYMLINK_INSTALL=1 -DCMAKE_INSTALL_PREFIX=/home/daniel/vm2_holistic_system_ws/install/ur_simulation_gazebo
[0.572s] -- The C compiler identification is GNU 11.4.0
[1.199s] -- The CXX compiler identification is GNU 11.4.0
[1.301s] -- Detecting C compiler ABI info
[1.901s] -- Detecting C compiler ABI info - done
[1.966s] -- Check for working C compiler: /usr/bin/cc - skipped
[1.968s] -- Detecting C compile features
[1.975s] -- Detecting C compile features - done
[2.000s] -- Detecting CXX compiler ABI info
[2.540s] -- Detecting CXX compiler ABI info - done
[2.594s] -- Check for working CXX compiler: /usr/bin/c++ - skipped
[2.595s] -- Detecting CXX compile features
[2.598s] -- Detecting CXX compile features - done
[2.607s] -- Found ament_cmake: 1.3.11 (/opt/ros/humble/share/ament_cmake/cmake)
[4.325s] -- Found Python3: /usr/bin/python3 (found version "3.10.12") found components: Interpreter 
[4.602s] -- Override CMake install command with custom implementation using symlinks instead of copying resources
[4.694s] -- Found launch_testing_ament_cmake: 1.0.7 (/opt/ros/humble/share/launch_testing_ament_cmake/cmake)
[4.704s] -- Found python_cmake_module: 0.10.0 (/opt/ros/humble/share/python_cmake_module/cmake)
[4.780s] -- Found PythonInterp: /usr/bin/python3 (found suitable version "3.10.12", minimum required is "3.6") 
[4.832s] -- Found PythonLibs: /usr/lib/x86_64-linux-gnu/libpython3.10.so (found suitable version "3.10.12", minimum required is "3.5") 
[4.833s] -- Using PYTHON_EXECUTABLE: /usr/bin/python3
[4.834s] -- Using PYTHON_INCLUDE_DIRS: /usr/include/python3.10
[4.834s] -- Using PYTHON_LIBRARIES: /usr/lib/x86_64-linux-gnu/libpython3.10.so
[4.931s] -- Found PythonExtra: .so  
[4.937s] -- Found ament_cmake_pytest: 1.3.11 (/opt/ros/humble/share/ament_cmake_pytest/cmake)
[5.234s] -- Configuring done
[5.250s] -- Generating done
[5.253s] -- Build files have been written to: /home/daniel/vm2_holistic_system_ws/build/ur_simulation_gazebo
[5.295s] Invoked command in '/home/daniel/vm2_holistic_system_ws/build/ur_simulation_gazebo' returned '0': CMAKE_PREFIX_PATH=${CMAKE_PREFIX_PATH}:/opt/ros/humble /usr/bin/cmake /home/daniel/vm2_holistic_system_ws/src/Universal_Robots_ROS2_Gazebo_Simulation/ur_simulation_gazebo -DAMENT_CMAKE_SYMLINK_INSTALL=1 -DCMAKE_INSTALL_PREFIX=/home/daniel/vm2_holistic_system_ws/install/ur_simulation_gazebo
[5.300s] Invoking command in '/home/daniel/vm2_holistic_system_ws/build/ur_simulation_gazebo': CMAKE_PREFIX_PATH=${CMAKE_PREFIX_PATH}:/opt/ros/humble /usr/bin/cmake --build /home/daniel/vm2_holistic_system_ws/build/ur_simulation_gazebo -- -j8 -l8
[5.519s] Invoked command in '/home/daniel/vm2_holistic_system_ws/build/ur_simulation_gazebo' returned '0': CMAKE_PREFIX_PATH=${CMAKE_PREFIX_PATH}:/opt/ros/humble /usr/bin/cmake --build /home/daniel/vm2_holistic_system_ws/build/ur_simulation_gazebo -- -j8 -l8
[5.585s] Invoking command in '/home/daniel/vm2_holistic_system_ws/build/ur_simulation_gazebo': CMAKE_PREFIX_PATH=${CMAKE_PREFIX_PATH}:/opt/ros/humble /usr/bin/cmake --install /home/daniel/vm2_holistic_system_ws/build/ur_simulation_gazebo
[5.636s] -- Install configuration: ""
[5.643s] -- Execute custom install script
[5.643s] -- Symlinking: /home/daniel/vm2_holistic_system_ws/install/ur_simulation_gazebo/share/ur_simulation_gazebo/config/ur_controllers.yaml
[5.699s] -- Symlinking: /home/daniel/vm2_holistic_system_ws/install/ur_simulation_gazebo/share/ur_simulation_gazebo/launch/ur_sim_control.launch.py
[5.740s] -- Symlinking: /home/daniel/vm2_holistic_system_ws/install/ur_simulation_gazebo/share/ur_simulation_gazebo/launch/ur_sim_moveit.launch.py
[5.773s] -- Symlinking: /home/daniel/vm2_holistic_system_ws/install/ur_simulation_gazebo/share/ament_index/resource_index/package_run_dependencies/ur_simulation_gazebo
[5.850s] -- Symlinking: /home/daniel/vm2_holistic_system_ws/install/ur_simulation_gazebo/share/ament_index/resource_index/parent_prefix_path/ur_simulation_gazebo
[5.906s] -- Symlinking: /home/daniel/vm2_holistic_system_ws/install/ur_simulation_gazebo/share/ur_simulation_gazebo/environment/ament_prefix_path.sh
[5.982s] -- Symlinking: /home/daniel/vm2_holistic_system_ws/install/ur_simulation_gazebo/share/ur_simulation_gazebo/environment/ament_prefix_path.dsv
[6.040s] -- Symlinking: /home/daniel/vm2_holistic_system_ws/install/ur_simulation_gazebo/share/ur_simulation_gazebo/environment/path.sh
[6.078s] -- Symlinking: /home/daniel/vm2_holistic_system_ws/install/ur_simulation_gazebo/share/ur_simulation_gazebo/environment/path.dsv
[6.139s] -- Symlinking: /home/daniel/vm2_holistic_system_ws/install/ur_simulation_gazebo/share/ur_simulation_gazebo/local_setup.bash
[6.269s] -- Symlinking: /home/daniel/vm2_holistic_system_ws/install/ur_simulation_gazebo/share/ur_simulation_gazebo/local_setup.sh
[6.327s] -- Symlinking: /home/daniel/vm2_holistic_system_ws/install/ur_simulation_gazebo/share/ur_simulation_gazebo/local_setup.zsh
[6.388s] -- Symlinking: /home/daniel/vm2_holistic_system_ws/install/ur_simulation_gazebo/share/ur_simulation_gazebo/local_setup.dsv
[6.429s] -- Symlinking: /home/daniel/vm2_holistic_system_ws/install/ur_simulation_gazebo/share/ur_simulation_gazebo/package.dsv
[6.466s] -- Symlinking: /home/daniel/vm2_holistic_system_ws/install/ur_simulation_gazebo/share/ament_index/resource_index/packages/ur_simulation_gazebo
[6.510s] -- Symlinking: /home/daniel/vm2_holistic_system_ws/install/ur_simulation_gazebo/share/ur_simulation_gazebo/cmake/ur_simulation_gazeboConfig.cmake
[6.549s] -- Symlinking: /home/daniel/vm2_holistic_system_ws/install/ur_simulation_gazebo/share/ur_simulation_gazebo/cmake/ur_simulation_gazeboConfig-version.cmake
[6.588s] -- Symlinking: /home/daniel/vm2_holistic_system_ws/install/ur_simulation_gazebo/share/ur_simulation_gazebo/package.xml
[6.670s] Invoked command in '/home/daniel/vm2_holistic_system_ws/build/ur_simulation_gazebo' returned '0': CMAKE_PREFIX_PATH=${CMAKE_PREFIX_PATH}:/opt/ros/humble /usr/bin/cmake --install /home/daniel/vm2_holistic_system_ws/build/ur_simulation_gazebo
